TpTrace Verbose: 0 : 17312, 1, 2022/10/26, 22:11:59.223, 101970308997, datacollector.dll, Version: 17.3.1
TpTrace Information: 0 : 17312, 1, 2022/10/26, 22:11:59.226, 101970338791, datacollector.dll, DataCollectorMain.Run: Starting data collector run with args: --port,56736,--parentprocessid,19040,--diag,C:\Users\icaro\Documents\Projetos\Indg\Trader\bin\Debug\net6.0\fine-code-coverage\coverage-tool-output\diagnostics.datacollector.22-10-26_22-11-59_14585_1.log,--tracelevel,4
TpTrace Information: 0 : 17312, 1, 2022/10/26, 22:11:59.226, 101970339639, datacollector.dll, DataCollector: Monitoring parent process with id: '19040'
TpTrace Information: 0 : 17312, 1, 2022/10/26, 22:11:59.229, 101970365959, datacollector.dll, Trying to connect to server on socket : 127.0.0.1:56736 
TpTrace Verbose: 0 : 17312, 1, 2022/10/26, 22:11:59.233, 101970410507, datacollector.dll, SocketCommunicationManager : SetupClientAsync : Attempting to connect to the server.
TpTrace Information: 0 : 17312, 8, 2022/10/26, 22:11:59.238, 101970456720, datacollector.dll, Connected to the server successfully 
TpTrace Information: 0 : 17312, 8, 2022/10/26, 22:11:59.238, 101970457073, datacollector.dll, Using the buffer size of 16384 bytes
TpTrace Information: 0 : 17312, 1, 2022/10/26, 22:11:59.274, 101970822589, datacollector.dll, DataCollector: Start Request Processing.
TpTrace Verbose: 0 : 17312, 1, 2022/10/26, 22:11:59.274, 101970823862, datacollector.dll, SocketCommunicationManager.WaitForServerConnection took: 0 ms, with 90000 ms timeout, and finished with True.
TpTrace Information: 0 : 17312, 1, 2022/10/26, 22:11:59.275, 101970825274, datacollector.dll, DataCollectionRequestHandler.ProcessRequests: Datacollector received message: (DataCollection.BeforeTestRunStart) -> {"MessageType":"DataCollection.BeforeTestRunStart","Payload":{"SettingsXml":"<RunSettings><RunConfiguration><ResultsDirectory>C:\\Users\\icaro\\Documents\\Projetos\\Indg\\Trader\\bin\\Debug\\net6.0\\fine-code-coverage\\coverage-tool-output</ResultsDirectory><TargetPlatform>X64</TargetPlatform><TargetFrameworkVersion>.NETCoreApp,Version=v6.0</TargetFrameworkVersion><DesignMode>False</DesignMode><CollectSourceInformation>False</CollectSourceInformation><TestAdaptersPaths>C:\\Program Files\\dotnet\\sdk\\6.0.402\\Extensions</TestAdaptersPaths></RunConfiguration><LoggerRunSettings><Loggers><Logger friendlyName=\"blame\" enabled=\"True\" /><Logger friendlyName=\"Console\" uri=\"logger://microsoft/TestPlatform/ConsoleLogger/v1\" assemblyQualifiedName=\"Microsoft.VisualStudio.TestPlatform.CommandLine.Internal.ConsoleLogger, vstest.console, Version=15.0.0.0, Culture=neutral, PublicKeyToken=b03f5f7f11d50a3a\" codeBase=\"C:\\Program Files\\dotnet\\sdk\\6.0.402\\vstest.console.dll\" enabled=\"True\" /></Loggers></LoggerRunSettings><DataCollectionRunSettings><DataCollectors><DataCollector friendlyName=\"blame\" enabled=\"True\"><Configuration><ResultsDirectory>C:\\Users\\icaro\\Documents\\Projetos\\Indg\\Trader\\bin\\Debug\\net6.0\\fine-code-coverage\\coverage-tool-output</ResultsDirectory></Configuration></DataCollector></DataCollectors></DataCollectionRunSettings></RunSettings>","Sources":["C:\\Users\\icaro\\Documents\\Projetos\\Indg\\Trader\\bin\\Debug\\net6.0\\fine-code-coverage\\build-output\\Trader.Api.dll"],"IsTelemetryOptedIn":false}}
TpTrace Verbose: 0 : 17312, 1, 2022/10/26, 22:11:59.297, 101971046265, datacollector.dll, TestPluginCache: Update extensions started. Skip filter = False
TpTrace Verbose: 0 : 17312, 1, 2022/10/26, 22:11:59.297, 101971050615, datacollector.dll, TestPluginCache: Using directories for assembly resolution 'C:\Program Files\dotnet\sdk\6.0.402\Extensions'.
TpTrace Verbose: 0 : 17312, 1, 2022/10/26, 22:11:59.297, 101971051022, datacollector.dll, TestPluginCache: Updated the available extensions to 'C:\Program Files\dotnet\sdk\6.0.402\Extensions\Microsoft.TestPlatform.Extensions.BlameDataCollector.dll,C:\Program Files\dotnet\sdk\6.0.402\Extensions\Microsoft.TestPlatform.Extensions.EventLogCollector.dll'.
TpTrace Verbose: 0 : 17312, 1, 2022/10/26, 22:11:59.301, 101971087821, datacollector.dll, TestPluginCache.DiscoverTestExtensions: finding test extensions in assemblies ends with: Collector.dll TPluginInfo: Microsoft.VisualStudio.TestPlatform.Common.DataCollector.DataCollectorConfig TExtension: Microsoft.VisualStudio.TestPlatform.ObjectModel.DataCollection.DataCollector
TpTrace Verbose: 0 : 17312, 1, 2022/10/26, 22:11:59.301, 101971089100, datacollector.dll, TestPluginCache.GetExtensionPaths: Filtered extension paths: C:\Program Files\dotnet\sdk\6.0.402\Extensions\Microsoft.TestPlatform.Extensions.BlameDataCollector.dll
C:\Program Files\dotnet\sdk\6.0.402\Extensions\Microsoft.TestPlatform.Extensions.EventLogCollector.dll
TpTrace Verbose: 0 : 17312, 1, 2022/10/26, 22:11:59.301, 101971089429, datacollector.dll, TestPluginCache.GetExtensionPaths: Added default extension paths: 
TpTrace Verbose: 0 : 17312, 1, 2022/10/26, 22:11:59.301, 101971089572, datacollector.dll, TestPluginCache.GetExtensionPaths: Added unfilterableExtensionPaths: 
TpTrace Information: 0 : 17312, 1, 2022/10/26, 22:11:59.301, 101971092795, datacollector.dll, AssemblyResolver.ctor: Creating AssemblyResolver with searchDirectories C:\Program Files\dotnet\sdk\6.0.402\Extensions,C:\Program Files\dotnet\sdk\6.0.402
TpTrace Verbose: 0 : 17312, 1, 2022/10/26, 22:11:59.302, 101971098842, datacollector.dll, TestPluginCache.DiscoverTestExtensions: Discovering the extensions using extension path.
TpTrace Verbose: 0 : 17312, 1, 2022/10/26, 22:11:59.302, 101971099597, datacollector.dll, TestPluginCache.GetExtensionPaths: Filtered extension paths: C:\Program Files\dotnet\sdk\6.0.402\Extensions\Microsoft.TestPlatform.Extensions.BlameDataCollector.dll
C:\Program Files\dotnet\sdk\6.0.402\Extensions\Microsoft.TestPlatform.Extensions.EventLogCollector.dll
TpTrace Verbose: 0 : 17312, 1, 2022/10/26, 22:11:59.302, 101971099815, datacollector.dll, TestPluginCache.GetExtensionPaths: Added default extension paths: 
TpTrace Verbose: 0 : 17312, 1, 2022/10/26, 22:11:59.302, 101971099965, datacollector.dll, TestPluginCache.GetExtensionPaths: Added unfilterableExtensionPaths: 
TpTrace Verbose: 0 : 17312, 1, 2022/10/26, 22:11:59.302, 101971100243, datacollector.dll, TestPluginCache.DiscoverTestExtensions: Discovering the extensions using allExtensionPaths: C:\Program Files\dotnet\sdk\6.0.402\Extensions\Microsoft.TestPlatform.Extensions.BlameDataCollector.dll
C:\Program Files\dotnet\sdk\6.0.402\Extensions\Microsoft.TestPlatform.Extensions.EventLogCollector.dll
TpTrace Information: 0 : 17312, 1, 2022/10/26, 22:11:59.302, 101971100863, datacollector.dll, AssemblyResolver.AddSearchDirectories: Adding more searchDirectories C:\Program Files\dotnet\sdk\6.0.402\Extensions,C:\Program Files\dotnet\sdk\6.0.402
TpTrace Information: 0 : 17312, 1, 2022/10/26, 22:11:59.302, 101971101147, datacollector.dll, AssemblyResolver.AddSearchDirectories: Adding more searchDirectories C:\Program Files\dotnet\sdk\6.0.402\Extensions,C:\Program Files\dotnet\sdk\6.0.402
TpTrace Information: 0 : 17312, 1, 2022/10/26, 22:11:59.302, 101971103111, datacollector.dll, AssemblyResolver.OnResolve: Microsoft.TestPlatform.Extensions.BlameDataCollector: Resolving assembly.
TpTrace Information: 0 : 17312, 1, 2022/10/26, 22:11:59.302, 101971103514, datacollector.dll, AssemblyResolver.OnResolve: Microsoft.TestPlatform.Extensions.BlameDataCollector: Searching in: 'C:\Program Files\dotnet\sdk\6.0.402\Extensions'.
TpTrace Information: 0 : 17312, 1, 2022/10/26, 22:11:59.303, 101971107308, datacollector.dll, AssemblyResolver.OnResolve: Microsoft.TestPlatform.Extensions.BlameDataCollector: Loading assembly 'C:\Program Files\dotnet\sdk\6.0.402\Extensions\Microsoft.TestPlatform.Extensions.BlameDataCollector.dll'.
TpTrace Information: 0 : 17312, 1, 2022/10/26, 22:11:59.303, 101971110926, datacollector.dll, AssemblyResolver.OnResolve: Resolved assembly: Microsoft.TestPlatform.Extensions.BlameDataCollector, from path: C:\Program Files\dotnet\sdk\6.0.402\Extensions\Microsoft.TestPlatform.Extensions.BlameDataCollector.dll
TpTrace Verbose: 0 : 17312, 1, 2022/10/26, 22:11:59.306, 101971135988, datacollector.dll, MetadataReaderExtensionsHelper: Discovering extensions inside assembly 'Microsoft.TestPlatform.Extensions.BlameDataCollector, Version=15.0.0.0, Culture=neutral, PublicKeyToken=b03f5f7f11d50a3a' file path 'C:\Program Files\dotnet\sdk\6.0.402\Extensions\Microsoft.TestPlatform.Extensions.BlameDataCollector.dll'
TpTrace Error: 0 : 17312, 1, 2022/10/26, 22:11:59.311, 101971190599, datacollector.dll, The type "Microsoft.TestPlatform.Extensions.BlameDataCollector.BlameCollector" defined in "Microsoft.TestPlatform.Extensions.BlameDataCollector.dll" does not have ExtensionUri attribute.
TpTrace Information: 0 : 17312, 1, 2022/10/26, 22:11:59.312, 101971196331, datacollector.dll, GetTestExtensionFromType: Register extension with identifier data 'datacollector://microsoft/TestPlatform/Extensions/Blame/v1' and type 'Microsoft.TestPlatform.Extensions.BlameDataCollector.BlameCollector, Microsoft.TestPlatform.Extensions.BlameDataCollector, Version=15.0.0.0, Culture=neutral, PublicKeyToken=b03f5f7f11d50a3a' inside file 'C:\Program Files\dotnet\sdk\6.0.402\Extensions\Microsoft.TestPlatform.Extensions.BlameDataCollector.dll'
TpTrace Information: 0 : 17312, 1, 2022/10/26, 22:11:59.312, 101971196945, datacollector.dll, AssemblyResolver.OnResolve: Microsoft.TestPlatform.Extensions.EventLogCollector: Resolving assembly.
TpTrace Information: 0 : 17312, 1, 2022/10/26, 22:11:59.312, 101971197164, datacollector.dll, AssemblyResolver.OnResolve: Microsoft.TestPlatform.Extensions.EventLogCollector: Searching in: 'C:\Program Files\dotnet\sdk\6.0.402\Extensions'.
TpTrace Information: 0 : 17312, 1, 2022/10/26, 22:11:59.312, 101971200181, datacollector.dll, AssemblyResolver.OnResolve: Microsoft.TestPlatform.Extensions.EventLogCollector: Loading assembly 'C:\Program Files\dotnet\sdk\6.0.402\Extensions\Microsoft.TestPlatform.Extensions.EventLogCollector.dll'.
TpTrace Information: 0 : 17312, 1, 2022/10/26, 22:11:59.313, 101971204531, datacollector.dll, AssemblyResolver.OnResolve: Resolved assembly: Microsoft.TestPlatform.Extensions.EventLogCollector, from path: C:\Program Files\dotnet\sdk\6.0.402\Extensions\Microsoft.TestPlatform.Extensions.EventLogCollector.dll
TpTrace Verbose: 0 : 17312, 1, 2022/10/26, 22:11:59.313, 101971205097, datacollector.dll, MetadataReaderExtensionsHelper: Discovering extensions inside assembly 'Microsoft.TestPlatform.Extensions.EventLogCollector, Version=15.0.0.0, Culture=neutral, PublicKeyToken=b03f5f7f11d50a3a' file path 'C:\Program Files\dotnet\sdk\6.0.402\Extensions\Microsoft.TestPlatform.Extensions.EventLogCollector.dll'
TpTrace Error: 0 : 17312, 1, 2022/10/26, 22:11:59.314, 101971216735, datacollector.dll, The type "Microsoft.TestPlatform.Extensions.EventLogCollector.EventLogDataCollector" defined in "Microsoft.TestPlatform.Extensions.EventLogCollector.dll" does not have ExtensionUri attribute.
TpTrace Information: 0 : 17312, 1, 2022/10/26, 22:11:59.314, 101971217517, datacollector.dll, GetTestExtensionFromType: Register extension with identifier data 'datacollector://microsoft/EventLog/2.0' and type 'Microsoft.TestPlatform.Extensions.EventLogCollector.EventLogDataCollector, Microsoft.TestPlatform.Extensions.EventLogCollector, Version=15.0.0.0, Culture=neutral, PublicKeyToken=b03f5f7f11d50a3a' inside file 'C:\Program Files\dotnet\sdk\6.0.402\Extensions\Microsoft.TestPlatform.Extensions.EventLogCollector.dll'
TpTrace Verbose: 0 : 17312, 1, 2022/10/26, 22:11:59.314, 101971218724, datacollector.dll, TestPluginCache: Discovered the extensions using extension path 'C:\Program Files\dotnet\sdk\6.0.402\Extensions\Microsoft.TestPlatform.Extensions.BlameDataCollector.dll,C:\Program Files\dotnet\sdk\6.0.402\Extensions\Microsoft.TestPlatform.Extensions.EventLogCollector.dll'.
TpTrace Verbose: 0 : 17312, 1, 2022/10/26, 22:11:59.314, 101971219026, datacollector.dll, TestPluginCache: Discoverers are ''.
TpTrace Verbose: 0 : 17312, 1, 2022/10/26, 22:11:59.314, 101971219220, datacollector.dll, TestPluginCache: Executors are ''.
TpTrace Verbose: 0 : 17312, 1, 2022/10/26, 22:11:59.314, 101971219345, datacollector.dll, TestPluginCache: Executors2 are ''.
TpTrace Verbose: 0 : 17312, 1, 2022/10/26, 22:11:59.314, 101971219482, datacollector.dll, TestPluginCache: Setting providers are ''.
TpTrace Verbose: 0 : 17312, 1, 2022/10/26, 22:11:59.314, 101971219616, datacollector.dll, TestPluginCache: Loggers are ''.
TpTrace Verbose: 0 : 17312, 1, 2022/10/26, 22:11:59.314, 101971219736, datacollector.dll, TestPluginCache: TestHosts are ''.
TpTrace Verbose: 0 : 17312, 1, 2022/10/26, 22:11:59.314, 101971220845, datacollector.dll, TestPluginCache: DataCollectors are 'datacollector://microsoft/TestPlatform/Extensions/Blame/v1,datacollector://microsoft/EventLog/2.0'.
TpTrace Information: 0 : 17312, 1, 2022/10/26, 22:11:59.315, 101971227995, datacollector.dll, TestPluginManager.CreateTestExtension: Attempting to load test extension: Microsoft.TestPlatform.Extensions.BlameDataCollector.BlameCollector
TpTrace Verbose: 0 : 17312, 1, 2022/10/26, 22:11:59.317, 101971250571, datacollector.dll, MulticastDelegateUtilities.SafeInvoke: DataCollectionEvents.SessionStart: Invoking callbacks was skipped because there are no subscribers.
TpTrace Information: 0 : 17312, 1, 2022/10/26, 22:11:59.318, 101971256873, datacollector.dll, Listening on Endpoint : 127.0.0.1:56738
TpTrace Information: 0 : 17312, 1, 2022/10/26, 22:11:59.323, 101971309682, datacollector.dll, DataCollectionRequestHandler.ProcessRequests : DataCollection started.
TpTrace Information: 0 : 17312, 1, 2022/10/26, 22:11:59.332, 101971398568, datacollector.dll, DataCollectionRequestHandler.ProcessRequests: Datacollector received message: (DataCollection.TestHostLaunched) -> {"MessageType":"DataCollection.TestHostLaunched","Payload":{"ProcessId":3412}}
TpTrace Verbose: 0 : 17312, 1, 2022/10/26, 22:11:59.333, 101971405756, datacollector.dll, MulticastDelegateUtilities.SafeInvoke: DataCollectionEvents.TestHostLaunched: Invoking callback 1/1 for Microsoft.TestPlatform.Extensions.BlameDataCollector.BlameCollector.TestHostLaunchedHandler, took 0 ms.
TpTrace Information: 0 : 17312, 5, 2022/10/26, 22:11:59.460, 101972675788, datacollector.dll, Using the buffer size of 16384 bytes
TpTrace Verbose: 0 : 17312, 8, 2022/10/26, 22:11:59.460, 101972675838, datacollector.dll, SocketCommunicationManager.WaitForClientConnection took: 139 ms, with 90000 ms timeout, and finished with True.
TpTrace Information: 0 : 17312, 5, 2022/10/26, 22:11:59.460, 101972676306, datacollector.dll, Accepted Client request and set the flag
TpTrace Information: 0 : 17312, 8, 2022/10/26, 22:12:00.809, 101986169939, datacollector.dll, DataCollectionTestCaseEventHandler: Test case starting.
TpTrace Information: 0 : 17312, 8, 2022/10/26, 22:12:00.814, 101986224055, datacollector.dll, BlameCollector.EventsTestCaseStart: Test Case Start
TpTrace Verbose: 0 : 17312, 8, 2022/10/26, 22:12:00.815, 101986225234, datacollector.dll, MulticastDelegateUtilities.SafeInvoke: DataCollectionEvents.TestCaseStart: Invoking callback 1/1 for Microsoft.TestPlatform.Extensions.BlameDataCollector.BlameCollector.EventsTestCaseStart, took 0 ms.
TpTrace Information: 0 : 17312, 8, 2022/10/26, 22:12:00.815, 101986226289, datacollector.dll, DataCollectionTestCaseEventHandler: Test case 'Trader.Api.UnitTests.PersonTests.ShouldGetPersonById - d531989f-2d18-3438-7512-83256678e189' started.
TpTrace Information: 0 : 17312, 8, 2022/10/26, 22:12:00.815, 101986229629, datacollector.dll, DataCollectionTestCaseEventHandler: Test case starting.
TpTrace Information: 0 : 17312, 8, 2022/10/26, 22:12:00.815, 101986232138, datacollector.dll, BlameCollector.EventsTestCaseStart: Test Case Start
TpTrace Verbose: 0 : 17312, 8, 2022/10/26, 22:12:00.815, 101986232512, datacollector.dll, MulticastDelegateUtilities.SafeInvoke: DataCollectionEvents.TestCaseStart: Invoking callback 1/1 for Microsoft.TestPlatform.Extensions.BlameDataCollector.BlameCollector.EventsTestCaseStart, took 0 ms.
TpTrace Information: 0 : 17312, 8, 2022/10/26, 22:12:00.815, 101986233032, datacollector.dll, DataCollectionTestCaseEventHandler: Test case 'Trader.Api.UnitTests.ItemTests.ShouldGetAll - 4b39d05c-9341-9317-f8b6-5fdf46579d49' started.
TpTrace Information: 0 : 17312, 8, 2022/10/26, 22:12:00.863, 101986706612, datacollector.dll, DataCollectionTestCaseEventHandler: Test case completing.
TpTrace Information: 0 : 17312, 8, 2022/10/26, 22:12:00.865, 101986727468, datacollector.dll, BlameCollector.EventsTestCaseEnd: Test Case End
TpTrace Verbose: 0 : 17312, 8, 2022/10/26, 22:12:00.865, 101986728942, datacollector.dll, MulticastDelegateUtilities.SafeInvoke: DataCollectionEvents.TestCaseEnd: Invoking callback 1/1 for Microsoft.TestPlatform.Extensions.BlameDataCollector.BlameCollector.EventsTestCaseEnd, took 0 ms.
TpTrace Information: 0 : 17312, 8, 2022/10/26, 22:12:00.866, 101986743391, datacollector.dll, DataCollectionTestCaseEventHandler: Test case 'Trader.Api.UnitTests.ItemTests.ShouldGetAll - 4b39d05c-9341-9317-f8b6-5fdf46579d49' completed
TpTrace Information: 0 : 17312, 8, 2022/10/26, 22:12:00.871, 101986792298, datacollector.dll, DataCollectionTestCaseEventHandler: Test case completing.
TpTrace Information: 0 : 17312, 8, 2022/10/26, 22:12:00.872, 101986794555, datacollector.dll, BlameCollector.EventsTestCaseEnd: Test Case End
TpTrace Verbose: 0 : 17312, 8, 2022/10/26, 22:12:00.872, 101986794878, datacollector.dll, MulticastDelegateUtilities.SafeInvoke: DataCollectionEvents.TestCaseEnd: Invoking callback 1/1 for Microsoft.TestPlatform.Extensions.BlameDataCollector.BlameCollector.EventsTestCaseEnd, took 0 ms.
TpTrace Information: 0 : 17312, 8, 2022/10/26, 22:12:00.872, 101986795608, datacollector.dll, DataCollectionTestCaseEventHandler: Test case 'Trader.Api.UnitTests.PersonTests.ShouldGetPersonById - d531989f-2d18-3438-7512-83256678e189' completed
TpTrace Information: 0 : 17312, 8, 2022/10/26, 22:12:00.872, 101986803125, datacollector.dll, DataCollectionTestCaseEventHandler: Test case starting.
TpTrace Information: 0 : 17312, 8, 2022/10/26, 22:12:00.873, 101986805010, datacollector.dll, BlameCollector.EventsTestCaseStart: Test Case Start
TpTrace Verbose: 0 : 17312, 8, 2022/10/26, 22:12:00.873, 101986805340, datacollector.dll, MulticastDelegateUtilities.SafeInvoke: DataCollectionEvents.TestCaseStart: Invoking callback 1/1 for Microsoft.TestPlatform.Extensions.BlameDataCollector.BlameCollector.EventsTestCaseStart, took 0 ms.
TpTrace Information: 0 : 17312, 8, 2022/10/26, 22:12:00.873, 101986805739, datacollector.dll, DataCollectionTestCaseEventHandler: Test case 'Trader.Api.UnitTests.PersonTests.ShouldDeletePerson - d20e8e6f-130c-0c46-8d32-6d55fe3ba93a' started.
TpTrace Information: 0 : 17312, 8, 2022/10/26, 22:12:00.873, 101986807613, datacollector.dll, DataCollectionTestCaseEventHandler: Test case starting.
TpTrace Information: 0 : 17312, 8, 2022/10/26, 22:12:00.873, 101986809582, datacollector.dll, BlameCollector.EventsTestCaseStart: Test Case Start
TpTrace Verbose: 0 : 17312, 8, 2022/10/26, 22:12:00.873, 101986809957, datacollector.dll, MulticastDelegateUtilities.SafeInvoke: DataCollectionEvents.TestCaseStart: Invoking callback 1/1 for Microsoft.TestPlatform.Extensions.BlameDataCollector.BlameCollector.EventsTestCaseStart, took 0 ms.
TpTrace Information: 0 : 17312, 8, 2022/10/26, 22:12:00.873, 101986810431, datacollector.dll, DataCollectionTestCaseEventHandler: Test case 'Trader.Api.UnitTests.ItemTests.ShouldUpdateItem - 58cd12ad-117f-ffef-2ad8-20d28a0e00db' started.
TpTrace Information: 0 : 17312, 8, 2022/10/26, 22:12:00.873, 101986813090, datacollector.dll, DataCollectionTestCaseEventHandler: Test case completing.
TpTrace Information: 0 : 17312, 8, 2022/10/26, 22:12:00.874, 101986815081, datacollector.dll, BlameCollector.EventsTestCaseEnd: Test Case End
TpTrace Verbose: 0 : 17312, 8, 2022/10/26, 22:12:00.874, 101986815380, datacollector.dll, MulticastDelegateUtilities.SafeInvoke: DataCollectionEvents.TestCaseEnd: Invoking callback 1/1 for Microsoft.TestPlatform.Extensions.BlameDataCollector.BlameCollector.EventsTestCaseEnd, took 0 ms.
TpTrace Information: 0 : 17312, 8, 2022/10/26, 22:12:00.874, 101986815855, datacollector.dll, DataCollectionTestCaseEventHandler: Test case 'Trader.Api.UnitTests.ItemTests.ShouldUpdateItem - 58cd12ad-117f-ffef-2ad8-20d28a0e00db' completed
TpTrace Information: 0 : 17312, 8, 2022/10/26, 22:12:00.874, 101986818909, datacollector.dll, DataCollectionTestCaseEventHandler: Test case completing.
TpTrace Information: 0 : 17312, 8, 2022/10/26, 22:12:00.874, 101986820772, datacollector.dll, BlameCollector.EventsTestCaseEnd: Test Case End
TpTrace Verbose: 0 : 17312, 8, 2022/10/26, 22:12:00.874, 101986821189, datacollector.dll, MulticastDelegateUtilities.SafeInvoke: DataCollectionEvents.TestCaseEnd: Invoking callback 1/1 for Microsoft.TestPlatform.Extensions.BlameDataCollector.BlameCollector.EventsTestCaseEnd, took 0 ms.
TpTrace Information: 0 : 17312, 8, 2022/10/26, 22:12:00.874, 101986821753, datacollector.dll, DataCollectionTestCaseEventHandler: Test case 'Trader.Api.UnitTests.PersonTests.ShouldDeletePerson - d20e8e6f-130c-0c46-8d32-6d55fe3ba93a' completed
TpTrace Information: 0 : 17312, 8, 2022/10/26, 22:12:00.875, 101986824800, datacollector.dll, DataCollectionTestCaseEventHandler: Test case starting.
TpTrace Information: 0 : 17312, 8, 2022/10/26, 22:12:00.875, 101986826711, datacollector.dll, BlameCollector.EventsTestCaseStart: Test Case Start
TpTrace Verbose: 0 : 17312, 8, 2022/10/26, 22:12:00.875, 101986827048, datacollector.dll, MulticastDelegateUtilities.SafeInvoke: DataCollectionEvents.TestCaseStart: Invoking callback 1/1 for Microsoft.TestPlatform.Extensions.BlameDataCollector.BlameCollector.EventsTestCaseStart, took 0 ms.
TpTrace Information: 0 : 17312, 8, 2022/10/26, 22:12:00.875, 101986827462, datacollector.dll, DataCollectionTestCaseEventHandler: Test case 'Trader.Api.UnitTests.PersonTests.ShouldGetAll - b4e8b10a-b18f-8ef4-2d2d-5f3cbe0c5aba' started.
TpTrace Information: 0 : 17312, 8, 2022/10/26, 22:12:00.875, 101986829461, datacollector.dll, DataCollectionTestCaseEventHandler: Test case starting.
TpTrace Information: 0 : 17312, 8, 2022/10/26, 22:12:00.875, 101986831306, datacollector.dll, BlameCollector.EventsTestCaseStart: Test Case Start
TpTrace Verbose: 0 : 17312, 8, 2022/10/26, 22:12:00.875, 101986831610, datacollector.dll, MulticastDelegateUtilities.SafeInvoke: DataCollectionEvents.TestCaseStart: Invoking callback 1/1 for Microsoft.TestPlatform.Extensions.BlameDataCollector.BlameCollector.EventsTestCaseStart, took 0 ms.
TpTrace Information: 0 : 17312, 8, 2022/10/26, 22:12:00.875, 101986832139, datacollector.dll, DataCollectionTestCaseEventHandler: Test case 'Trader.Api.UnitTests.ItemTests.ShouldInativateItens - 29873739-1656-a110-6513-04c1e2ba7f56' started.
TpTrace Information: 0 : 17312, 8, 2022/10/26, 22:12:00.876, 101986834870, datacollector.dll, DataCollectionTestCaseEventHandler: Test case completing.
TpTrace Information: 0 : 17312, 8, 2022/10/26, 22:12:00.876, 101986836667, datacollector.dll, BlameCollector.EventsTestCaseEnd: Test Case End
TpTrace Verbose: 0 : 17312, 8, 2022/10/26, 22:12:00.876, 101986836941, datacollector.dll, MulticastDelegateUtilities.SafeInvoke: DataCollectionEvents.TestCaseEnd: Invoking callback 1/1 for Microsoft.TestPlatform.Extensions.BlameDataCollector.BlameCollector.EventsTestCaseEnd, took 0 ms.
TpTrace Information: 0 : 17312, 8, 2022/10/26, 22:12:00.876, 101986837357, datacollector.dll, DataCollectionTestCaseEventHandler: Test case 'Trader.Api.UnitTests.PersonTests.ShouldGetAll - b4e8b10a-b18f-8ef4-2d2d-5f3cbe0c5aba' completed
TpTrace Information: 0 : 17312, 8, 2022/10/26, 22:12:00.876, 101986841082, datacollector.dll, DataCollectionTestCaseEventHandler: Test case starting.
TpTrace Information: 0 : 17312, 8, 2022/10/26, 22:12:00.876, 101986842802, datacollector.dll, BlameCollector.EventsTestCaseStart: Test Case Start
TpTrace Verbose: 0 : 17312, 8, 2022/10/26, 22:12:00.876, 101986843103, datacollector.dll, MulticastDelegateUtilities.SafeInvoke: DataCollectionEvents.TestCaseStart: Invoking callback 1/1 for Microsoft.TestPlatform.Extensions.BlameDataCollector.BlameCollector.EventsTestCaseStart, took 0 ms.
TpTrace Information: 0 : 17312, 8, 2022/10/26, 22:12:00.876, 101986843476, datacollector.dll, DataCollectionTestCaseEventHandler: Test case 'Trader.Api.UnitTests.PersonTests.ShouldNotUpdatePersonNameAlreadyExists(PersonId: 1, Name: "Marcos") - cee9b1ba-9867-55d6-a2e9-fdf330699f5b' started.
TpTrace Information: 0 : 17312, 8, 2022/10/26, 22:12:00.877, 101986845497, datacollector.dll, DataCollectionTestCaseEventHandler: Test case completing.
TpTrace Information: 0 : 17312, 8, 2022/10/26, 22:12:00.877, 101986847320, datacollector.dll, BlameCollector.EventsTestCaseEnd: Test Case End
TpTrace Verbose: 0 : 17312, 8, 2022/10/26, 22:12:00.877, 101986847608, datacollector.dll, MulticastDelegateUtilities.SafeInvoke: DataCollectionEvents.TestCaseEnd: Invoking callback 1/1 for Microsoft.TestPlatform.Extensions.BlameDataCollector.BlameCollector.EventsTestCaseEnd, took 0 ms.
TpTrace Information: 0 : 17312, 8, 2022/10/26, 22:12:00.877, 101986848178, datacollector.dll, DataCollectionTestCaseEventHandler: Test case 'Trader.Api.UnitTests.ItemTests.ShouldInativateItens - 29873739-1656-a110-6513-04c1e2ba7f56' completed
TpTrace Information: 0 : 17312, 8, 2022/10/26, 22:12:00.877, 101986850846, datacollector.dll, DataCollectionTestCaseEventHandler: Test case starting.
TpTrace Information: 0 : 17312, 8, 2022/10/26, 22:12:00.877, 101986852834, datacollector.dll, BlameCollector.EventsTestCaseStart: Test Case Start
TpTrace Verbose: 0 : 17312, 8, 2022/10/26, 22:12:00.877, 101986853167, datacollector.dll, MulticastDelegateUtilities.SafeInvoke: DataCollectionEvents.TestCaseStart: Invoking callback 1/1 for Microsoft.TestPlatform.Extensions.BlameDataCollector.BlameCollector.EventsTestCaseStart, took 0 ms.
TpTrace Information: 0 : 17312, 8, 2022/10/26, 22:12:00.877, 101986853584, datacollector.dll, DataCollectionTestCaseEventHandler: Test case 'Trader.Api.UnitTests.ItemTests.ShouldNotUpdateItemAlreadyExists - 42e06b69-9770-9c1e-eaf2-bd45dfac8b86' started.
TpTrace Information: 0 : 17312, 8, 2022/10/26, 22:12:00.878, 101986859855, datacollector.dll, DataCollectionTestCaseEventHandler: Test case completing.
TpTrace Information: 0 : 17312, 8, 2022/10/26, 22:12:00.878, 101986861901, datacollector.dll, BlameCollector.EventsTestCaseEnd: Test Case End
TpTrace Verbose: 0 : 17312, 8, 2022/10/26, 22:12:00.878, 101986862247, datacollector.dll, MulticastDelegateUtilities.SafeInvoke: DataCollectionEvents.TestCaseEnd: Invoking callback 1/1 for Microsoft.TestPlatform.Extensions.BlameDataCollector.BlameCollector.EventsTestCaseEnd, took 0 ms.
TpTrace Information: 0 : 17312, 8, 2022/10/26, 22:12:00.878, 101986862751, datacollector.dll, DataCollectionTestCaseEventHandler: Test case 'Trader.Api.UnitTests.ItemTests.ShouldNotUpdateItemAlreadyExists - 42e06b69-9770-9c1e-eaf2-bd45dfac8b86' completed
TpTrace Information: 0 : 17312, 8, 2022/10/26, 22:12:00.879, 101986865129, datacollector.dll, DataCollectionTestCaseEventHandler: Test case completing.
TpTrace Information: 0 : 17312, 8, 2022/10/26, 22:12:00.879, 101986866905, datacollector.dll, BlameCollector.EventsTestCaseEnd: Test Case End
TpTrace Verbose: 0 : 17312, 8, 2022/10/26, 22:12:00.879, 101986867186, datacollector.dll, MulticastDelegateUtilities.SafeInvoke: DataCollectionEvents.TestCaseEnd: Invoking callback 1/1 for Microsoft.TestPlatform.Extensions.BlameDataCollector.BlameCollector.EventsTestCaseEnd, took 0 ms.
TpTrace Information: 0 : 17312, 8, 2022/10/26, 22:12:00.879, 101986867676, datacollector.dll, DataCollectionTestCaseEventHandler: Test case 'Trader.Api.UnitTests.PersonTests.ShouldNotUpdatePersonNameAlreadyExists(PersonId: 1, Name: "Marcos") - cee9b1ba-9867-55d6-a2e9-fdf330699f5b' completed
TpTrace Information: 0 : 17312, 8, 2022/10/26, 22:12:00.879, 101986870725, datacollector.dll, DataCollectionTestCaseEventHandler: Test case starting.
TpTrace Information: 0 : 17312, 8, 2022/10/26, 22:12:00.879, 101986872873, datacollector.dll, BlameCollector.EventsTestCaseStart: Test Case Start
TpTrace Verbose: 0 : 17312, 8, 2022/10/26, 22:12:00.879, 101986873260, datacollector.dll, MulticastDelegateUtilities.SafeInvoke: DataCollectionEvents.TestCaseStart: Invoking callback 1/1 for Microsoft.TestPlatform.Extensions.BlameDataCollector.BlameCollector.EventsTestCaseStart, took 0 ms.
TpTrace Information: 0 : 17312, 8, 2022/10/26, 22:12:00.879, 101986873715, datacollector.dll, DataCollectionTestCaseEventHandler: Test case 'Trader.Api.UnitTests.ItemTests.ShouldDeleteItem - 485a2e86-1106-f427-5a4f-46fb5a3293a5' started.
TpTrace Information: 0 : 17312, 8, 2022/10/26, 22:12:00.897, 101987047802, datacollector.dll, DataCollectionTestCaseEventHandler: Test case starting.
TpTrace Information: 0 : 17312, 8, 2022/10/26, 22:12:00.897, 101987051052, datacollector.dll, BlameCollector.EventsTestCaseStart: Test Case Start
TpTrace Verbose: 0 : 17312, 8, 2022/10/26, 22:12:00.897, 101987051404, datacollector.dll, MulticastDelegateUtilities.SafeInvoke: DataCollectionEvents.TestCaseStart: Invoking callback 1/1 for Microsoft.TestPlatform.Extensions.BlameDataCollector.BlameCollector.EventsTestCaseStart, took 0 ms.
TpTrace Information: 0 : 17312, 8, 2022/10/26, 22:12:00.897, 101987052063, datacollector.dll, DataCollectionTestCaseEventHandler: Test case 'Trader.Api.UnitTests.PersonTests.ShouldInsertPerson - bf4adaef-80ef-1107-b15d-8d260dae19cb' started.
TpTrace Information: 0 : 17312, 8, 2022/10/26, 22:12:00.897, 101987054261, datacollector.dll, DataCollectionTestCaseEventHandler: Test case completing.
TpTrace Information: 0 : 17312, 8, 2022/10/26, 22:12:00.898, 101987056368, datacollector.dll, BlameCollector.EventsTestCaseEnd: Test Case End
TpTrace Verbose: 0 : 17312, 8, 2022/10/26, 22:12:00.898, 101987056797, datacollector.dll, MulticastDelegateUtilities.SafeInvoke: DataCollectionEvents.TestCaseEnd: Invoking callback 1/1 for Microsoft.TestPlatform.Extensions.BlameDataCollector.BlameCollector.EventsTestCaseEnd, took 0 ms.
TpTrace Information: 0 : 17312, 8, 2022/10/26, 22:12:00.898, 101987057477, datacollector.dll, DataCollectionTestCaseEventHandler: Test case 'Trader.Api.UnitTests.ItemTests.ShouldDeleteItem - 485a2e86-1106-f427-5a4f-46fb5a3293a5' completed
TpTrace Information: 0 : 17312, 8, 2022/10/26, 22:12:00.898, 101987061489, datacollector.dll, DataCollectionTestCaseEventHandler: Test case starting.
TpTrace Information: 0 : 17312, 8, 2022/10/26, 22:12:00.898, 101987063349, datacollector.dll, BlameCollector.EventsTestCaseStart: Test Case Start
TpTrace Verbose: 0 : 17312, 8, 2022/10/26, 22:12:00.898, 101987063638, datacollector.dll, MulticastDelegateUtilities.SafeInvoke: DataCollectionEvents.TestCaseStart: Invoking callback 1/1 for Microsoft.TestPlatform.Extensions.BlameDataCollector.BlameCollector.EventsTestCaseStart, took 0 ms.
TpTrace Information: 0 : 17312, 8, 2022/10/26, 22:12:00.898, 101987064085, datacollector.dll, DataCollectionTestCaseEventHandler: Test case 'Trader.Api.UnitTests.ItemTests.ShouldNotFound - 6ae10191-6a44-c5eb-25bc-509a3325e101' started.
TpTrace Information: 0 : 17312, 8, 2022/10/26, 22:12:00.899, 101987066056, datacollector.dll, DataCollectionTestCaseEventHandler: Test case completing.
TpTrace Information: 0 : 17312, 8, 2022/10/26, 22:12:00.899, 101987067818, datacollector.dll, BlameCollector.EventsTestCaseEnd: Test Case End
TpTrace Verbose: 0 : 17312, 8, 2022/10/26, 22:12:00.899, 101987068092, datacollector.dll, MulticastDelegateUtilities.SafeInvoke: DataCollectionEvents.TestCaseEnd: Invoking callback 1/1 for Microsoft.TestPlatform.Extensions.BlameDataCollector.BlameCollector.EventsTestCaseEnd, took 0 ms.
TpTrace Information: 0 : 17312, 8, 2022/10/26, 22:12:00.899, 101987068538, datacollector.dll, DataCollectionTestCaseEventHandler: Test case 'Trader.Api.UnitTests.ItemTests.ShouldNotFound - 6ae10191-6a44-c5eb-25bc-509a3325e101' completed
TpTrace Information: 0 : 17312, 8, 2022/10/26, 22:12:00.899, 101987071213, datacollector.dll, DataCollectionTestCaseEventHandler: Test case starting.
TpTrace Information: 0 : 17312, 8, 2022/10/26, 22:12:00.899, 101987072928, datacollector.dll, BlameCollector.EventsTestCaseStart: Test Case Start
TpTrace Verbose: 0 : 17312, 8, 2022/10/26, 22:12:00.899, 101987073235, datacollector.dll, MulticastDelegateUtilities.SafeInvoke: DataCollectionEvents.TestCaseStart: Invoking callback 1/1 for Microsoft.TestPlatform.Extensions.BlameDataCollector.BlameCollector.EventsTestCaseStart, took 0 ms.
TpTrace Information: 0 : 17312, 8, 2022/10/26, 22:12:00.899, 101987074091, datacollector.dll, DataCollectionTestCaseEventHandler: Test case 'Trader.Api.UnitTests.ItemTests.ShouldChangeOwnerItem - 994965c7-89c0-ed41-ae22-8bb8bb87de59' started.
TpTrace Information: 0 : 17312, 8, 2022/10/26, 22:12:00.900, 101987076010, datacollector.dll, DataCollectionTestCaseEventHandler: Test case completing.
TpTrace Information: 0 : 17312, 8, 2022/10/26, 22:12:00.900, 101987077811, datacollector.dll, BlameCollector.EventsTestCaseEnd: Test Case End
TpTrace Verbose: 0 : 17312, 8, 2022/10/26, 22:12:00.900, 101987078087, datacollector.dll, MulticastDelegateUtilities.SafeInvoke: DataCollectionEvents.TestCaseEnd: Invoking callback 1/1 for Microsoft.TestPlatform.Extensions.BlameDataCollector.BlameCollector.EventsTestCaseEnd, took 0 ms.
TpTrace Information: 0 : 17312, 8, 2022/10/26, 22:12:00.900, 101987078538, datacollector.dll, DataCollectionTestCaseEventHandler: Test case 'Trader.Api.UnitTests.PersonTests.ShouldInsertPerson - bf4adaef-80ef-1107-b15d-8d260dae19cb' completed
TpTrace Information: 0 : 17312, 8, 2022/10/26, 22:12:00.900, 101987081149, datacollector.dll, DataCollectionTestCaseEventHandler: Test case starting.
TpTrace Information: 0 : 17312, 8, 2022/10/26, 22:12:00.900, 101987082921, datacollector.dll, BlameCollector.EventsTestCaseStart: Test Case Start
TpTrace Verbose: 0 : 17312, 8, 2022/10/26, 22:12:00.900, 101987083196, datacollector.dll, MulticastDelegateUtilities.SafeInvoke: DataCollectionEvents.TestCaseStart: Invoking callback 1/1 for Microsoft.TestPlatform.Extensions.BlameDataCollector.BlameCollector.EventsTestCaseStart, took 0 ms.
TpTrace Information: 0 : 17312, 8, 2022/10/26, 22:12:00.900, 101987083564, datacollector.dll, DataCollectionTestCaseEventHandler: Test case 'Trader.Api.UnitTests.PersonTests.ShouldNotInsertPersonWithSameName - c3b5d27a-9a01-fed3-5aaa-98a6fb9e222b' started.
TpTrace Information: 0 : 17312, 8, 2022/10/26, 22:12:00.901, 101987085420, datacollector.dll, DataCollectionTestCaseEventHandler: Test case completing.
TpTrace Information: 0 : 17312, 8, 2022/10/26, 22:12:00.901, 101987087151, datacollector.dll, BlameCollector.EventsTestCaseEnd: Test Case End
TpTrace Verbose: 0 : 17312, 8, 2022/10/26, 22:12:00.901, 101987087426, datacollector.dll, MulticastDelegateUtilities.SafeInvoke: DataCollectionEvents.TestCaseEnd: Invoking callback 1/1 for Microsoft.TestPlatform.Extensions.BlameDataCollector.BlameCollector.EventsTestCaseEnd, took 0 ms.
TpTrace Information: 0 : 17312, 8, 2022/10/26, 22:12:00.901, 101987087890, datacollector.dll, DataCollectionTestCaseEventHandler: Test case 'Trader.Api.UnitTests.ItemTests.ShouldChangeOwnerItem - 994965c7-89c0-ed41-ae22-8bb8bb87de59' completed
TpTrace Information: 0 : 17312, 8, 2022/10/26, 22:12:00.901, 101987090477, datacollector.dll, DataCollectionTestCaseEventHandler: Test case completing.
TpTrace Information: 0 : 17312, 8, 2022/10/26, 22:12:00.901, 101987092264, datacollector.dll, BlameCollector.EventsTestCaseEnd: Test Case End
TpTrace Verbose: 0 : 17312, 8, 2022/10/26, 22:12:00.901, 101987092536, datacollector.dll, MulticastDelegateUtilities.SafeInvoke: DataCollectionEvents.TestCaseEnd: Invoking callback 1/1 for Microsoft.TestPlatform.Extensions.BlameDataCollector.BlameCollector.EventsTestCaseEnd, took 0 ms.
TpTrace Information: 0 : 17312, 8, 2022/10/26, 22:12:00.901, 101987092946, datacollector.dll, DataCollectionTestCaseEventHandler: Test case 'Trader.Api.UnitTests.PersonTests.ShouldNotInsertPersonWithSameName - c3b5d27a-9a01-fed3-5aaa-98a6fb9e222b' completed
TpTrace Information: 0 : 17312, 8, 2022/10/26, 22:12:00.902, 101987095992, datacollector.dll, DataCollectionTestCaseEventHandler: Test case starting.
TpTrace Information: 0 : 17312, 8, 2022/10/26, 22:12:00.902, 101987097738, datacollector.dll, BlameCollector.EventsTestCaseStart: Test Case Start
TpTrace Verbose: 0 : 17312, 8, 2022/10/26, 22:12:00.902, 101987098052, datacollector.dll, MulticastDelegateUtilities.SafeInvoke: DataCollectionEvents.TestCaseStart: Invoking callback 1/1 for Microsoft.TestPlatform.Extensions.BlameDataCollector.BlameCollector.EventsTestCaseStart, took 0 ms.
TpTrace Information: 0 : 17312, 8, 2022/10/26, 22:12:00.902, 101987098762, datacollector.dll, DataCollectionTestCaseEventHandler: Test case 'Trader.Api.UnitTests.ItemTests.ShouldNotInserItemInactivePerson - 35d5ce86-70ab-063d-e226-1e0ba3b2533d' started.
TpTrace Information: 0 : 17312, 8, 2022/10/26, 22:12:00.902, 101987100516, datacollector.dll, DataCollectionTestCaseEventHandler: Test case starting.
TpTrace Information: 0 : 17312, 8, 2022/10/26, 22:12:00.902, 101987102274, datacollector.dll, BlameCollector.EventsTestCaseStart: Test Case Start
TpTrace Verbose: 0 : 17312, 8, 2022/10/26, 22:12:00.902, 101987102548, datacollector.dll, MulticastDelegateUtilities.SafeInvoke: DataCollectionEvents.TestCaseStart: Invoking callback 1/1 for Microsoft.TestPlatform.Extensions.BlameDataCollector.BlameCollector.EventsTestCaseStart, took 0 ms.
TpTrace Information: 0 : 17312, 8, 2022/10/26, 22:12:00.902, 101987102926, datacollector.dll, DataCollectionTestCaseEventHandler: Test case 'Trader.Api.UnitTests.PersonTests.ShouldNotFindUser - e2c40763-36d8-75e6-99f3-fe390a6e5eac' started.
TpTrace Information: 0 : 17312, 8, 2022/10/26, 22:12:00.903, 101987104788, datacollector.dll, DataCollectionTestCaseEventHandler: Test case completing.
TpTrace Information: 0 : 17312, 8, 2022/10/26, 22:12:00.903, 101987106464, datacollector.dll, BlameCollector.EventsTestCaseEnd: Test Case End
TpTrace Verbose: 0 : 17312, 8, 2022/10/26, 22:12:00.903, 101987106779, datacollector.dll, MulticastDelegateUtilities.SafeInvoke: DataCollectionEvents.TestCaseEnd: Invoking callback 1/1 for Microsoft.TestPlatform.Extensions.BlameDataCollector.BlameCollector.EventsTestCaseEnd, took 0 ms.
TpTrace Information: 0 : 17312, 8, 2022/10/26, 22:12:00.903, 101987107190, datacollector.dll, DataCollectionTestCaseEventHandler: Test case 'Trader.Api.UnitTests.PersonTests.ShouldNotFindUser - e2c40763-36d8-75e6-99f3-fe390a6e5eac' completed
TpTrace Information: 0 : 17312, 8, 2022/10/26, 22:12:00.903, 101987109624, datacollector.dll, DataCollectionTestCaseEventHandler: Test case starting.
TpTrace Information: 0 : 17312, 8, 2022/10/26, 22:12:00.903, 101987111558, datacollector.dll, BlameCollector.EventsTestCaseStart: Test Case Start
TpTrace Verbose: 0 : 17312, 8, 2022/10/26, 22:12:00.903, 101987111872, datacollector.dll, MulticastDelegateUtilities.SafeInvoke: DataCollectionEvents.TestCaseStart: Invoking callback 1/1 for Microsoft.TestPlatform.Extensions.BlameDataCollector.BlameCollector.EventsTestCaseStart, took 0 ms.
TpTrace Information: 0 : 17312, 8, 2022/10/26, 22:12:00.903, 101987112383, datacollector.dll, DataCollectionTestCaseEventHandler: Test case 'Trader.Api.UnitTests.PersonTests.ShouldUpdatePerson(PersonId: 1, Name: "Marcos") - 9266db0b-c73c-95bf-6f43-ac9510416a02' started.
TpTrace Information: 0 : 17312, 8, 2022/10/26, 22:12:00.904, 101987114980, datacollector.dll, DataCollectionTestCaseEventHandler: Test case completing.
TpTrace Information: 0 : 17312, 8, 2022/10/26, 22:12:00.904, 101987116709, datacollector.dll, BlameCollector.EventsTestCaseEnd: Test Case End
TpTrace Verbose: 0 : 17312, 8, 2022/10/26, 22:12:00.904, 101987116977, datacollector.dll, MulticastDelegateUtilities.SafeInvoke: DataCollectionEvents.TestCaseEnd: Invoking callback 1/1 for Microsoft.TestPlatform.Extensions.BlameDataCollector.BlameCollector.EventsTestCaseEnd, took 0 ms.
TpTrace Information: 0 : 17312, 8, 2022/10/26, 22:12:00.904, 101987117396, datacollector.dll, DataCollectionTestCaseEventHandler: Test case 'Trader.Api.UnitTests.PersonTests.ShouldUpdatePerson(PersonId: 1, Name: "Marcos") - 9266db0b-c73c-95bf-6f43-ac9510416a02' completed
TpTrace Information: 0 : 17312, 8, 2022/10/26, 22:12:00.904, 101987120437, datacollector.dll, DataCollectionTestCaseEventHandler: Test case completing.
TpTrace Information: 0 : 17312, 8, 2022/10/26, 22:12:00.904, 101987122646, datacollector.dll, BlameCollector.EventsTestCaseEnd: Test Case End
TpTrace Verbose: 0 : 17312, 8, 2022/10/26, 22:12:00.904, 101987123047, datacollector.dll, MulticastDelegateUtilities.SafeInvoke: DataCollectionEvents.TestCaseEnd: Invoking callback 1/1 for Microsoft.TestPlatform.Extensions.BlameDataCollector.BlameCollector.EventsTestCaseEnd, took 0 ms.
TpTrace Information: 0 : 17312, 8, 2022/10/26, 22:12:00.904, 101987123524, datacollector.dll, DataCollectionTestCaseEventHandler: Test case 'Trader.Api.UnitTests.ItemTests.ShouldNotInserItemInactivePerson - 35d5ce86-70ab-063d-e226-1e0ba3b2533d' completed
TpTrace Information: 0 : 17312, 8, 2022/10/26, 22:12:00.905, 101987126699, datacollector.dll, DataCollectionTestCaseEventHandler: Test case starting.
TpTrace Information: 0 : 17312, 8, 2022/10/26, 22:12:00.905, 101987128622, datacollector.dll, BlameCollector.EventsTestCaseStart: Test Case Start
TpTrace Verbose: 0 : 17312, 8, 2022/10/26, 22:12:00.905, 101987128922, datacollector.dll, MulticastDelegateUtilities.SafeInvoke: DataCollectionEvents.TestCaseStart: Invoking callback 1/1 for Microsoft.TestPlatform.Extensions.BlameDataCollector.BlameCollector.EventsTestCaseStart, took 0 ms.
TpTrace Information: 0 : 17312, 8, 2022/10/26, 22:12:00.905, 101987129383, datacollector.dll, DataCollectionTestCaseEventHandler: Test case 'Trader.Api.UnitTests.ItemTests.ShouldInserItem - 49286f2a-6ece-3052-f29b-75966931b147' started.
TpTrace Information: 0 : 17312, 8, 2022/10/26, 22:12:00.905, 101987131464, datacollector.dll, DataCollectionTestCaseEventHandler: Test case completing.
TpTrace Information: 0 : 17312, 8, 2022/10/26, 22:12:00.905, 101987133710, datacollector.dll, BlameCollector.EventsTestCaseEnd: Test Case End
TpTrace Verbose: 0 : 17312, 8, 2022/10/26, 22:12:00.905, 101987134057, datacollector.dll, MulticastDelegateUtilities.SafeInvoke: DataCollectionEvents.TestCaseEnd: Invoking callback 1/1 for Microsoft.TestPlatform.Extensions.BlameDataCollector.BlameCollector.EventsTestCaseEnd, took 0 ms.
TpTrace Information: 0 : 17312, 8, 2022/10/26, 22:12:00.906, 101987134502, datacollector.dll, DataCollectionTestCaseEventHandler: Test case 'Trader.Api.UnitTests.ItemTests.ShouldInserItem - 49286f2a-6ece-3052-f29b-75966931b147' completed
TpTrace Information: 0 : 17312, 8, 2022/10/26, 22:12:00.907, 101987147962, datacollector.dll, DataCollectionTestCaseEventHandler: Test case starting.
TpTrace Information: 0 : 17312, 8, 2022/10/26, 22:12:00.907, 101987149974, datacollector.dll, BlameCollector.EventsTestCaseStart: Test Case Start
TpTrace Verbose: 0 : 17312, 8, 2022/10/26, 22:12:00.907, 101987150312, datacollector.dll, MulticastDelegateUtilities.SafeInvoke: DataCollectionEvents.TestCaseStart: Invoking callback 1/1 for Microsoft.TestPlatform.Extensions.BlameDataCollector.BlameCollector.EventsTestCaseStart, took 0 ms.
TpTrace Information: 0 : 17312, 8, 2022/10/26, 22:12:00.907, 101987150814, datacollector.dll, DataCollectionTestCaseEventHandler: Test case 'Trader.Api.UnitTests.ItemTests.ShouldNotChangeOwnerItemChanceItemName - 4929d299-9459-c2c0-6cca-9a39f1c70a00' started.
TpTrace Information: 0 : 17312, 8, 2022/10/26, 22:12:00.907, 101987152995, datacollector.dll, DataCollectionTestCaseEventHandler: Test case completing.
TpTrace Information: 0 : 17312, 8, 2022/10/26, 22:12:00.908, 101987155155, datacollector.dll, BlameCollector.EventsTestCaseEnd: Test Case End
TpTrace Verbose: 0 : 17312, 8, 2022/10/26, 22:12:00.908, 101987155479, datacollector.dll, MulticastDelegateUtilities.SafeInvoke: DataCollectionEvents.TestCaseEnd: Invoking callback 1/1 for Microsoft.TestPlatform.Extensions.BlameDataCollector.BlameCollector.EventsTestCaseEnd, took 0 ms.
TpTrace Information: 0 : 17312, 8, 2022/10/26, 22:12:00.908, 101987156016, datacollector.dll, DataCollectionTestCaseEventHandler: Test case 'Trader.Api.UnitTests.ItemTests.ShouldNotChangeOwnerItemChanceItemName - 4929d299-9459-c2c0-6cca-9a39f1c70a00' completed
TpTrace Information: 0 : 17312, 8, 2022/10/26, 22:12:00.908, 101987158897, datacollector.dll, DataCollectionTestCaseEventHandler: Test case starting.
TpTrace Information: 0 : 17312, 8, 2022/10/26, 22:12:00.908, 101987160579, datacollector.dll, BlameCollector.EventsTestCaseStart: Test Case Start
TpTrace Verbose: 0 : 17312, 8, 2022/10/26, 22:12:00.908, 101987160895, datacollector.dll, MulticastDelegateUtilities.SafeInvoke: DataCollectionEvents.TestCaseStart: Invoking callback 1/1 for Microsoft.TestPlatform.Extensions.BlameDataCollector.BlameCollector.EventsTestCaseStart, took 0 ms.
TpTrace Information: 0 : 17312, 8, 2022/10/26, 22:12:00.908, 101987161284, datacollector.dll, DataCollectionTestCaseEventHandler: Test case 'Trader.Api.UnitTests.ItemTests.ShouldGetItemById - 88981672-7399-1c7c-d6e1-0ef556bd90aa' started.
TpTrace Information: 0 : 17312, 8, 2022/10/26, 22:12:00.908, 101987163133, datacollector.dll, DataCollectionTestCaseEventHandler: Test case completing.
TpTrace Information: 0 : 17312, 8, 2022/10/26, 22:12:00.909, 101987164923, datacollector.dll, BlameCollector.EventsTestCaseEnd: Test Case End
TpTrace Verbose: 0 : 17312, 8, 2022/10/26, 22:12:00.909, 101987165192, datacollector.dll, MulticastDelegateUtilities.SafeInvoke: DataCollectionEvents.TestCaseEnd: Invoking callback 1/1 for Microsoft.TestPlatform.Extensions.BlameDataCollector.BlameCollector.EventsTestCaseEnd, took 0 ms.
TpTrace Information: 0 : 17312, 8, 2022/10/26, 22:12:00.909, 101987165633, datacollector.dll, DataCollectionTestCaseEventHandler: Test case 'Trader.Api.UnitTests.ItemTests.ShouldGetItemById - 88981672-7399-1c7c-d6e1-0ef556bd90aa' completed
TpTrace Information: 0 : 17312, 8, 2022/10/26, 22:12:00.912, 101987202442, datacollector.dll, DataCollectionTestCaseEventHandler: Test session ended
TpTrace Information: 0 : 17312, 1, 2022/10/26, 22:12:00.949, 101987569521, datacollector.dll, DataCollectionRequestHandler.ProcessRequests: Datacollector received message: (DataCollection.AfterTestRunEnd) -> {"MessageType":"DataCollection.AfterTestRunEnd","Payload":false}
TpTrace Information: 0 : 17312, 1, 2022/10/26, 22:12:00.950, 101987575273, datacollector.dll, Blame Collector: Session End
TpTrace Information: 0 : 17312, 1, 2022/10/26, 22:12:00.950, 101987575603, datacollector.dll, BlameCollector.CollectDumpAndAbortTesthost: Custom path to dump directory was provided via VSTEST_DUMP_PATH. Skipping attachment upload, the caller is responsible for collecting and uploading the dumps themselves.
TpTrace Verbose: 0 : 17312, 1, 2022/10/26, 22:12:00.950, 101987576107, datacollector.dll, MulticastDelegateUtilities.SafeInvoke: DataCollectionEvents.SessionEnd: Invoking callback 1/1 for Microsoft.TestPlatform.Extensions.BlameDataCollector.BlameCollector.SessionEndedHandler, took 0 ms.
TpTrace Information: 0 : 17312, 1, 2022/10/26, 22:12:00.950, 101987580270, datacollector.dll, DataCollectionManager.CleanupPlugins: CleanupPlugins called
TpTrace Verbose: 0 : 17312, 1, 2022/10/26, 22:12:00.950, 101987580601, datacollector.dll, DataCollectionManager.CleanupPlugins: Cleaning up 1 plugins
TpTrace Verbose: 0 : 17312, 1, 2022/10/26, 22:12:00.950, 101987581143, datacollector.dll, dataCollectorInfo.DisposeDataCollector: calling Dispose() on Microsoft.TestPlatform.Extensions.BlameDataCollector.BlameCollector
TpTrace Information: 0 : 17312, 1, 2022/10/26, 22:12:00.950, 101987581708, datacollector.dll, DataCollectionManager.CleanupPlugins: CleanupPlugins finished
TpTrace Information: 0 : 17312, 1, 2022/10/26, 22:12:00.954, 101987624147, datacollector.dll, DataCollectionRequestHandler.ProcessRequests : Session End message received from server. Closing the connection.
TpTrace Information: 0 : 17312, 1, 2022/10/26, 22:12:00.955, 101987626088, datacollector.dll, Closing the connection !
TpTrace Information: 0 : 17312, 1, 2022/10/26, 22:12:00.955, 101987626387, datacollector.dll, DataCollectionRequestHandler.ProcessRequests : DataCollection completed
TpTrace Information: 0 : 17312, 1, 2022/10/26, 22:12:00.955, 101987626888, datacollector.dll, Program.Main: exiting datacollector process.
