TpTrace Verbose: 0 : 58380, 1, 2022/10/26, 15:40:54.931, 11477168547982, testhost.dll, Version: 17.3.2 Current process architecture: X64
TpTrace Verbose: 0 : 58380, 1, 2022/10/26, 15:40:54.933, 11477168567542, testhost.dll, Runtime location: C:\Program Files\dotnet\shared\Microsoft.NETCore.App\6.0.8
TpTrace Information: 0 : 58380, 1, 2022/10/26, 15:40:54.935, 11477168585270, testhost.dll, DefaultEngineInvoker.Invoke: Testhost process started with args :[--port, 57430],[--endpoint, 127.0.0.1:057430],[--role, client],[--parentprocessid, 97544],[--diag, C:\Users\icaro.carvalho\source\repos\IndgTestCase\WebApplication1\bin\Debug\net6.0\fine-code-coverage\coverage-tool-output\diagnostics.host.22-10-26_15-40-54_81966_7.log],[--tracelevel, 4],[--datacollectionport, 57429],[--telemetryoptedin, false]
TpTrace Information: 0 : 58380, 1, 2022/10/26, 15:40:54.936, 11477168595428, testhost.dll, Setting up debug trace listener.
TpTrace Verbose: 0 : 58380, 1, 2022/10/26, 15:40:54.936, 11477168596346, testhost.dll, TestPlatformTraceListener.Setup: Replacing listener System.Diagnostics.DefaultTraceListener with TestHostTraceListener.
TpTrace Verbose: 0 : 58380, 1, 2022/10/26, 15:40:54.936, 11477168596578, testhost.dll, TestPlatformTraceListener.Setup: Added test platform trace listener.
TpTrace Information: 0 : 58380, 1, 2022/10/26, 15:40:54.936, 11477168599763, testhost.dll, DefaultEngineInvoker.SetParentProcessExitCallback: Monitoring parent process with id: '97544'
TpTrace Information: 0 : 58380, 1, 2022/10/26, 15:40:54.939, 11477168625029, testhost.dll, DefaultEngineInvoker.GetConnectionInfo: Initialize communication on endpoint address: '127.0.0.1:057430'
TpTrace Information: 0 : 58380, 1, 2022/10/26, 15:40:54.945, 11477168687919, testhost.dll, SocketClient.Start: connecting to server endpoint: 127.0.0.1:057430
TpTrace Information: 0 : 58380, 1, 2022/10/26, 15:40:54.950, 11477168737805, testhost.dll, DefaultEngineInvoker.ConnectToDatacollector: Connecting to datacollector, port: 57429
TpTrace Information: 0 : 58380, 10, 2022/10/26, 15:40:54.951, 11477168746113, testhost.dll, SocketClient.OnServerConnected: connected to server endpoint: 127.0.0.1:057430
TpTrace Information: 0 : 58380, 1, 2022/10/26, 15:40:54.952, 11477168761628, testhost.dll, Trying to connect to server on socket : 127.0.0.1:57429 
TpTrace Verbose: 0 : 58380, 1, 2022/10/26, 15:40:54.953, 11477168763577, testhost.dll, SocketCommunicationManager : SetupClientAsync : Attempting to connect to the server.
TpTrace Verbose: 0 : 58380, 10, 2022/10/26, 15:40:54.953, 11477168766792, testhost.dll, MulticastDelegateUtilities.SafeInvoke: SocketClient: ServerConnected: Invoking callback 1/1 for Microsoft.VisualStudio.TestPlatform.CommunicationUtilities.TestRequestHandler.<InitializeCommunication>b__31_0, took 0 ms.
TpTrace Verbose: 0 : 58380, 10, 2022/10/26, 15:40:54.953, 11477168767234, testhost.dll, Connected to server, and starting MessageLoopAsync
TpTrace Information: 0 : 58380, 11, 2022/10/26, 15:40:54.953, 11477168772463, testhost.dll, Connected to the server successfully 
TpTrace Information: 0 : 58380, 11, 2022/10/26, 15:40:54.954, 11477168772955, testhost.dll, Using the buffer size of 16384 bytes
TpTrace Verbose: 0 : 58380, 1, 2022/10/26, 15:40:54.954, 11477168774156, testhost.dll, SocketCommunicationManager.WaitForServerConnection took: 0 ms, with 90000 ms timeout, and finished with True.
TpTrace Information: 0 : 58380, 1, 2022/10/26, 15:40:54.954, 11477168774874, testhost.dll, DefaultEngineInvoker.Invoke: Start Request Processing.
TpTrace Information: 0 : 58380, 12, 2022/10/26, 15:40:54.954, 11477168778994, testhost.dll, DefaultEngineInvoker.StartProcessingAsync: Connected to vstest.console, Starting process requests.
TpTrace Verbose: 0 : 58380, 10, 2022/10/26, 15:40:54.955, 11477168789028, testhost.dll, TcpClientExtensions.MessageLoopAsync: Polling on remoteEndPoint: [::ffff:127.0.0.1]:57430 localEndPoint: [::ffff:127.0.0.1]:57431
TpTrace Verbose: 0 : 58380, 10, 2022/10/26, 15:40:54.955, 11477168791030, testhost.dll, TcpClientExtensions.MessageLoopAsync: NotifyDataAvailable remoteEndPoint: [::ffff:127.0.0.1]:57430 localEndPoint: [::ffff:127.0.0.1]:57431
TpTrace Information: 0 : 58380, 10, 2022/10/26, 15:40:54.958, 11477168820631, testhost.dll, TestRequestHandler.OnMessageReceived: received message: (ProtocolVersion) -> {"MessageType":"ProtocolVersion","Payload":7}
TpTrace Verbose: 0 : 58380, 10, 2022/10/26, 15:40:55.080, 11477170034242, testhost.dll, TestRequestHandler.SendData: sending data from testhost: {"Version":7,"MessageType":"TestSession.Message","Payload":{"MessageLevel":0,"Message":"Logging TestHost Diagnostics in file: C:\\Users\\icaro.carvalho\\source\\repos\\IndgTestCase\\WebApplication1\\bin\\Debug\\net6.0\\fine-code-coverage\\coverage-tool-output\\diagnostics.host.22-10-26_15-40-54_81966_7.log"}}
TpTrace Verbose: 0 : 58380, 10, 2022/10/26, 15:40:55.080, 11477170036167, testhost.dll, MulticastDelegateUtilities.SafeInvoke: LengthPrefixCommunicationChannel: MessageReceived: Invoking callback 1/1 for Microsoft.VisualStudio.TestPlatform.CommunicationUtilities.TestRequestHandler.OnMessageReceived, took 123 ms.
TpTrace Verbose: 0 : 58380, 10, 2022/10/26, 15:40:55.080, 11477170036696, testhost.dll, TcpClientExtensions.MessageLoopAsync: Polling on remoteEndPoint: [::ffff:127.0.0.1]:57430 localEndPoint: [::ffff:127.0.0.1]:57431
TpTrace Verbose: 0 : 58380, 10, 2022/10/26, 15:40:55.080, 11477170037053, testhost.dll, TcpClientExtensions.MessageLoopAsync: NotifyDataAvailable remoteEndPoint: [::ffff:127.0.0.1]:57430 localEndPoint: [::ffff:127.0.0.1]:57431
TpTrace Information: 0 : 58380, 10, 2022/10/26, 15:40:55.080, 11477170037600, testhost.dll, TestRequestHandler.OnMessageReceived: received message: (TestExecution.Initialize) -> {"Version":7,"MessageType":"TestExecution.Initialize","Payload":["C:\\Users\\icaro.carvalho\\source\\repos\\IndgTestCase\\WebApplication1\\bin\\Debug\\net6.0\\fine-code-coverage\\build-output\\xunit.runner.visualstudio.dotnetcore.testadapter.dll"]}
TpTrace Verbose: 0 : 58380, 10, 2022/10/26, 15:40:55.090, 11477170134304, testhost.dll, MulticastDelegateUtilities.SafeInvoke: LengthPrefixCommunicationChannel: MessageReceived: Invoking callback 1/1 for Microsoft.VisualStudio.TestPlatform.CommunicationUtilities.TestRequestHandler.OnMessageReceived, took 9 ms.
TpTrace Verbose: 0 : 58380, 10, 2022/10/26, 15:40:55.090, 11477170135352, testhost.dll, TcpClientExtensions.MessageLoopAsync: Polling on remoteEndPoint: [::ffff:127.0.0.1]:57430 localEndPoint: [::ffff:127.0.0.1]:57431
TpTrace Verbose: 0 : 58380, 10, 2022/10/26, 15:40:55.090, 11477170135804, testhost.dll, TcpClientExtensions.MessageLoopAsync: NotifyDataAvailable remoteEndPoint: [::ffff:127.0.0.1]:57430 localEndPoint: [::ffff:127.0.0.1]:57431
TpTrace Information: 0 : 58380, 10, 2022/10/26, 15:40:55.090, 11477170136747, testhost.dll, TestRequestHandler.OnMessageReceived: received message: (TestExecution.StartWithSources) -> {"Version":7,"MessageType":"TestExecution.StartWithSources","Payload":{"AdapterSourceMap":{"_none_":["C:\\Users\\icaro.carvalho\\source\\repos\\IndgTestCase\\WebApplication1\\bin\\Debug\\net6.0\\fine-code-coverage\\build-output\\Trader.Api.dll"]},"RunSettings":"<RunSettings>\r\n  <RunConfiguration>\r\n    <ResultsDirectory>C:\\Users\\icaro.carvalho\\source\\repos\\IndgTestCase\\WebApplication1\\bin\\Debug\\net6.0\\fine-code-coverage\\coverage-tool-output</ResultsDirectory>\r\n    <TargetFrameworkVersion>.NETCoreApp,Version=v6.0</TargetFrameworkVersion>\r\n    <DesignMode>False</DesignMode>\r\n    <CollectSourceInformation>False</CollectSourceInformation>\r\n  </RunConfiguration>\r\n  <LoggerRunSettings>\r\n    <Loggers>\r\n      <Logger friendlyName=\"blame\" enabled=\"True\" />\r\n      <Logger friendlyName=\"Console\" uri=\"logger://microsoft/TestPlatform/ConsoleLogger/v1\" assemblyQualifiedName=\"Microsoft.VisualStudio.TestPlatform.CommandLine.Internal.ConsoleLogger, vstest.console, Version=15.0.0.0, Culture=neutral, PublicKeyToken=b03f5f7f11d50a3a\" codeBase=\"C:\\Program Files\\dotnet\\sdk\\6.0.400\\vstest.console.dll\" enabled=\"True\" />\r\n    </Loggers>\r\n  </LoggerRunSettings>\r\n  <DataCollectionRunSettings>\r\n    <DataCollectors>\r\n      <DataCollector friendlyName=\"blame\" enabled=\"True\">\r\n        <Configuration>\r\n          <ResultsDirectory>C:\\Users\\icaro.carvalho\\source\\repos\\IndgTestCase\\WebApplication1\\bin\\Debug\\net6.0\\fine-code-coverage\\coverage-tool-output</ResultsDirectory>\r\n        </Configuration>\r\n      </DataCollector>\r\n    </DataCollectors>\r\n  </DataCollectionRunSettings>\r\n</RunSettings>","TestExecutionContext":{"FrequencyOfRunStatsChangeEvent":10,"RunStatsChangeEventTimeout":"00:00:01.5000000","InIsolation":false,"KeepAlive":false,"AreTestCaseLevelEventsRequired":false,"IsDebug":false,"TestCaseFilter":null,"FilterOptions":null},"Package":null}}
TpTrace Information: 0 : 58380, 4, 2022/10/26, 15:40:55.090, 11477170139451, testhost.dll, TestRequestHandler.OnMessageReceived: Running job 'TestExecution.Initialize'.
TpTrace Verbose: 0 : 58380, 4, 2022/10/26, 15:40:55.092, 11477170162551, testhost.dll, TestExecutorService: Loading the extensions
TpTrace Verbose: 0 : 58380, 4, 2022/10/26, 15:40:55.095, 11477170183313, testhost.dll, TestPluginCache.DiscoverTestExtensions: finding test extensions in assemblies ends with: TestAdapter.dll TPluginInfo: Microsoft.VisualStudio.TestPlatform.Common.ExtensionFramework.Utilities.TestExecutorPluginInformation TExtension: Microsoft.VisualStudio.TestPlatform.ObjectModel.Adapter.ITestExecutor
TpTrace Verbose: 0 : 58380, 4, 2022/10/26, 15:40:55.096, 11477170195823, testhost.dll, TestPluginCache.GetExtensionPaths: Filtered extension paths: 
TpTrace Verbose: 0 : 58380, 4, 2022/10/26, 15:40:55.096, 11477170200592, testhost.dll, TestPluginCache.GetExtensionPaths: Added default extension paths: C:\Users\icaro.carvalho\source\repos\IndgTestCase\WebApplication1\bin\Debug\net6.0\fine-code-coverage\build-output\xunit.runner.visualstudio.dotnetcore.testadapter.dll
TpTrace Verbose: 0 : 58380, 4, 2022/10/26, 15:40:55.096, 11477170201256, testhost.dll, TestPluginCache.GetExtensionPaths: Added unfilterableExtensionPaths: 
TpTrace Information: 0 : 58380, 4, 2022/10/26, 15:40:55.098, 11477170220865, testhost.dll, AssemblyResolver.ctor: Creating AssemblyResolver with searchDirectories C:\Users\icaro.carvalho\source\repos\IndgTestCase\WebApplication1\bin\Debug\net6.0\fine-code-coverage\build-output
TpTrace Verbose: 0 : 58380, 4, 2022/10/26, 15:40:55.100, 11477170239472, testhost.dll, TestPluginCache.DiscoverTestExtensions: Discovering the extensions using extension path.
TpTrace Verbose: 0 : 58380, 4, 2022/10/26, 15:40:55.100, 11477170240725, testhost.dll, TestPluginCache.GetExtensionPaths: Filtered extension paths: 
TpTrace Verbose: 0 : 58380, 4, 2022/10/26, 15:40:55.100, 11477170241151, testhost.dll, TestPluginCache.GetExtensionPaths: Added default extension paths: C:\Users\icaro.carvalho\source\repos\IndgTestCase\WebApplication1\bin\Debug\net6.0\fine-code-coverage\build-output\xunit.runner.visualstudio.dotnetcore.testadapter.dll
TpTrace Verbose: 0 : 58380, 4, 2022/10/26, 15:40:55.100, 11477170241484, testhost.dll, TestPluginCache.GetExtensionPaths: Added unfilterableExtensionPaths: 
TpTrace Verbose: 0 : 58380, 4, 2022/10/26, 15:40:55.100, 11477170242062, testhost.dll, TestPluginCache.DiscoverTestExtensions: Discovering the extensions using allExtensionPaths: C:\Users\icaro.carvalho\source\repos\IndgTestCase\WebApplication1\bin\Debug\net6.0\fine-code-coverage\build-output\xunit.runner.visualstudio.dotnetcore.testadapter.dll
TpTrace Information: 0 : 58380, 4, 2022/10/26, 15:40:55.102, 11477170252734, testhost.dll, AssemblyResolver.AddSearchDirectories: Adding more searchDirectories C:\Users\icaro.carvalho\source\repos\IndgTestCase\WebApplication1\bin\Debug\net6.0\fine-code-coverage\build-output
TpTrace Information: 0 : 58380, 4, 2022/10/26, 15:40:55.106, 11477170302389, testhost.dll, AssemblyResolver.OnResolve: xunit.runner.visualstudio.dotnetcore.testadapter: Resolving assembly.
TpTrace Information: 0 : 58380, 4, 2022/10/26, 15:40:55.107, 11477170303666, testhost.dll, AssemblyResolver.OnResolve: xunit.runner.visualstudio.dotnetcore.testadapter: Searching in: 'C:\Users\icaro.carvalho\source\repos\IndgTestCase\WebApplication1\bin\Debug\net6.0\fine-code-coverage\build-output'.
TpTrace Information: 0 : 58380, 4, 2022/10/26, 15:40:55.108, 11477170318964, testhost.dll, AssemblyResolver.OnResolve: xunit.runner.visualstudio.dotnetcore.testadapter: Loading assembly 'C:\Users\icaro.carvalho\source\repos\IndgTestCase\WebApplication1\bin\Debug\net6.0\fine-code-coverage\build-output\xunit.runner.visualstudio.dotnetcore.testadapter.dll'.
TpTrace Information: 0 : 58380, 4, 2022/10/26, 15:40:55.109, 11477170327695, testhost.dll, AssemblyResolver.OnResolve: Resolved assembly: xunit.runner.visualstudio.dotnetcore.testadapter, from path: C:\Users\icaro.carvalho\source\repos\IndgTestCase\WebApplication1\bin\Debug\net6.0\fine-code-coverage\build-output\xunit.runner.visualstudio.dotnetcore.testadapter.dll
TpTrace Verbose: 0 : 58380, 10, 2022/10/26, 15:40:55.121, 11477170446284, testhost.dll, MulticastDelegateUtilities.SafeInvoke: LengthPrefixCommunicationChannel: MessageReceived: Invoking callback 1/1 for Microsoft.VisualStudio.TestPlatform.CommunicationUtilities.TestRequestHandler.OnMessageReceived, took 30 ms.
TpTrace Verbose: 0 : 58380, 10, 2022/10/26, 15:40:55.121, 11477170447184, testhost.dll, TcpClientExtensions.MessageLoopAsync: Polling on remoteEndPoint: [::ffff:127.0.0.1]:57430 localEndPoint: [::ffff:127.0.0.1]:57431
TpTrace Verbose: 0 : 58380, 4, 2022/10/26, 15:40:55.147, 11477170711732, testhost.dll, MetadataReaderExtensionsHelper: Discovering extensions inside assembly 'xunit.runner.visualstudio.dotnetcore.testadapter, Version=2.4.0.0, Culture=neutral, PublicKeyToken=8d05b1bb7a6fdb6c' file path 'C:\Users\icaro.carvalho\source\repos\IndgTestCase\WebApplication1\bin\Debug\net6.0\fine-code-coverage\build-output\xunit.runner.visualstudio.dotnetcore.testadapter.dll'
TpTrace Information: 0 : 58380, 4, 2022/10/26, 15:40:55.159, 11477170826193, testhost.dll, AssemblyResolver.OnResolve: xunit.runner.utility.netcoreapp10: Resolving assembly.
TpTrace Information: 0 : 58380, 4, 2022/10/26, 15:40:55.159, 11477170827553, testhost.dll, AssemblyResolver.OnResolve: xunit.runner.utility.netcoreapp10: Searching in: 'C:\Users\icaro.carvalho\source\repos\IndgTestCase\WebApplication1\bin\Debug\net6.0\fine-code-coverage\build-output'.
TpTrace Information: 0 : 58380, 4, 2022/10/26, 15:40:55.159, 11477170832008, testhost.dll, AssemblyResolver.OnResolve: xunit.runner.utility.netcoreapp10: Loading assembly 'C:\Users\icaro.carvalho\source\repos\IndgTestCase\WebApplication1\bin\Debug\net6.0\fine-code-coverage\build-output\xunit.runner.utility.netcoreapp10.dll'.
TpTrace Information: 0 : 58380, 4, 2022/10/26, 15:40:55.160, 11477170838365, testhost.dll, AssemblyResolver.OnResolve: Resolved assembly: xunit.runner.utility.netcoreapp10, from path: C:\Users\icaro.carvalho\source\repos\IndgTestCase\WebApplication1\bin\Debug\net6.0\fine-code-coverage\build-output\xunit.runner.utility.netcoreapp10.dll
TpTrace Information: 0 : 58380, 4, 2022/10/26, 15:40:55.164, 11477170874662, testhost.dll, GetTestExtensionFromType: Register extension with identifier data 'executor://xunit/VsTestRunner2/netcoreapp' and type 'Xunit.Runner.VisualStudio.VsTestRunner, xunit.runner.visualstudio.dotnetcore.testadapter, Version=2.4.0.0, Culture=neutral, PublicKeyToken=8d05b1bb7a6fdb6c' inside file 'C:\Users\icaro.carvalho\source\repos\IndgTestCase\WebApplication1\bin\Debug\net6.0\fine-code-coverage\build-output\xunit.runner.visualstudio.dotnetcore.testadapter.dll'
TpTrace Verbose: 0 : 58380, 4, 2022/10/26, 15:40:55.167, 11477170905207, testhost.dll, TestPluginCache: Discovered the extensions using extension path ''.
TpTrace Verbose: 0 : 58380, 4, 2022/10/26, 15:40:55.167, 11477170909691, testhost.dll, TestPluginCache: Discoverers are ''.
TpTrace Verbose: 0 : 58380, 4, 2022/10/26, 15:40:55.167, 11477170910336, testhost.dll, TestPluginCache: Executors are 'executor://xunit/VsTestRunner2/netcoreapp'.
TpTrace Verbose: 0 : 58380, 4, 2022/10/26, 15:40:55.167, 11477170910740, testhost.dll, TestPluginCache: Executors2 are ''.
TpTrace Verbose: 0 : 58380, 4, 2022/10/26, 15:40:55.167, 11477170911732, testhost.dll, TestPluginCache: Setting providers are ''.
TpTrace Verbose: 0 : 58380, 4, 2022/10/26, 15:40:55.167, 11477170912141, testhost.dll, TestPluginCache: Loggers are ''.
TpTrace Verbose: 0 : 58380, 4, 2022/10/26, 15:40:55.167, 11477170912588, testhost.dll, TestPluginCache: TestHosts are ''.
TpTrace Verbose: 0 : 58380, 4, 2022/10/26, 15:40:55.168, 11477170912993, testhost.dll, TestPluginCache: DataCollectors are ''.
TpTrace Verbose: 0 : 58380, 4, 2022/10/26, 15:40:55.170, 11477170942622, testhost.dll, TestPluginCache.DiscoverTestExtensions: finding test extensions in assemblies ends with: TestAdapter.dll TPluginInfo: Microsoft.VisualStudio.TestPlatform.Common.ExtensionFramework.Utilities.TestExecutorPluginInformation2 TExtension: Microsoft.VisualStudio.TestPlatform.ObjectModel.Adapter.ITestExecutor2
TpTrace Verbose: 0 : 58380, 4, 2022/10/26, 15:40:55.171, 11477170945215, testhost.dll, TestPluginCache.GetExtensionPaths: Filtered extension paths: 
TpTrace Verbose: 0 : 58380, 4, 2022/10/26, 15:40:55.171, 11477170945601, testhost.dll, TestPluginCache.GetExtensionPaths: Added default extension paths: C:\Users\icaro.carvalho\source\repos\IndgTestCase\WebApplication1\bin\Debug\net6.0\fine-code-coverage\build-output\xunit.runner.visualstudio.dotnetcore.testadapter.dll
TpTrace Verbose: 0 : 58380, 4, 2022/10/26, 15:40:55.171, 11477170945865, testhost.dll, TestPluginCache.GetExtensionPaths: Added unfilterableExtensionPaths: 
TpTrace Information: 0 : 58380, 4, 2022/10/26, 15:40:55.171, 11477170948780, testhost.dll, AssemblyResolver.AddSearchDirectories: Adding more searchDirectories C:\Users\icaro.carvalho\source\repos\IndgTestCase\WebApplication1\bin\Debug\net6.0\fine-code-coverage\build-output
TpTrace Verbose: 0 : 58380, 4, 2022/10/26, 15:40:55.171, 11477170949343, testhost.dll, TestPluginCache.DiscoverTestExtensions: Discovering the extensions using extension path.
TpTrace Verbose: 0 : 58380, 4, 2022/10/26, 15:40:55.171, 11477170949574, testhost.dll, TestPluginCache.GetExtensionPaths: Filtered extension paths: 
TpTrace Verbose: 0 : 58380, 4, 2022/10/26, 15:40:55.171, 11477170949762, testhost.dll, TestPluginCache.GetExtensionPaths: Added default extension paths: C:\Users\icaro.carvalho\source\repos\IndgTestCase\WebApplication1\bin\Debug\net6.0\fine-code-coverage\build-output\xunit.runner.visualstudio.dotnetcore.testadapter.dll
TpTrace Verbose: 0 : 58380, 4, 2022/10/26, 15:40:55.171, 11477170949955, testhost.dll, TestPluginCache.GetExtensionPaths: Added unfilterableExtensionPaths: 
TpTrace Verbose: 0 : 58380, 4, 2022/10/26, 15:40:55.171, 11477170950169, testhost.dll, TestPluginCache.DiscoverTestExtensions: Discovering the extensions using allExtensionPaths: C:\Users\icaro.carvalho\source\repos\IndgTestCase\WebApplication1\bin\Debug\net6.0\fine-code-coverage\build-output\xunit.runner.visualstudio.dotnetcore.testadapter.dll
TpTrace Information: 0 : 58380, 4, 2022/10/26, 15:40:55.171, 11477170950572, testhost.dll, AssemblyResolver.AddSearchDirectories: Adding more searchDirectories C:\Users\icaro.carvalho\source\repos\IndgTestCase\WebApplication1\bin\Debug\net6.0\fine-code-coverage\build-output
TpTrace Verbose: 0 : 58380, 4, 2022/10/26, 15:40:55.171, 11477170951173, testhost.dll, MetadataReaderExtensionsHelper: Discovering extensions inside assembly 'xunit.runner.visualstudio.dotnetcore.testadapter, Version=2.4.0.0, Culture=neutral, PublicKeyToken=8d05b1bb7a6fdb6c' file path 'C:\Users\icaro.carvalho\source\repos\IndgTestCase\WebApplication1\bin\Debug\net6.0\fine-code-coverage\build-output\xunit.runner.visualstudio.dotnetcore.testadapter.dll'
TpTrace Verbose: 0 : 58380, 4, 2022/10/26, 15:40:55.172, 11477170957740, testhost.dll, TestPluginCache: Discovered the extensions using extension path ''.
TpTrace Verbose: 0 : 58380, 4, 2022/10/26, 15:40:55.172, 11477170958471, testhost.dll, TestPluginCache: Discoverers are ''.
TpTrace Verbose: 0 : 58380, 4, 2022/10/26, 15:40:55.172, 11477170958798, testhost.dll, TestPluginCache: Executors are 'executor://xunit/VsTestRunner2/netcoreapp'.
TpTrace Verbose: 0 : 58380, 4, 2022/10/26, 15:40:55.172, 11477170961706, testhost.dll, TestPluginCache: Executors2 are ''.
TpTrace Verbose: 0 : 58380, 4, 2022/10/26, 15:40:55.172, 11477170962310, testhost.dll, TestPluginCache: Setting providers are ''.
TpTrace Verbose: 0 : 58380, 4, 2022/10/26, 15:40:55.172, 11477170962508, testhost.dll, TestPluginCache: Loggers are ''.
TpTrace Verbose: 0 : 58380, 4, 2022/10/26, 15:40:55.172, 11477170962681, testhost.dll, TestPluginCache: TestHosts are ''.
TpTrace Verbose: 0 : 58380, 4, 2022/10/26, 15:40:55.173, 11477170962846, testhost.dll, TestPluginCache: DataCollectors are ''.
TpTrace Information: 0 : 58380, 4, 2022/10/26, 15:40:55.178, 11477171021215, testhost.dll, TestPluginManager.CreateTestExtension: Attempting to load test extension: Xunit.Runner.VisualStudio.VsTestRunner
TpTrace Verbose: 0 : 58380, 4, 2022/10/26, 15:40:55.179, 11477171022860, testhost.dll, TestExecutorExtensionManager: Loading executor Xunit.Runner.VisualStudio.VsTestRunner
TpTrace Verbose: 0 : 58380, 4, 2022/10/26, 15:40:55.179, 11477171023162, testhost.dll, TestExecutorService: Loaded the executors
TpTrace Verbose: 0 : 58380, 4, 2022/10/26, 15:40:55.180, 11477171033842, testhost.dll, TestPluginCache.DiscoverTestExtensions: finding test extensions in assemblies ends with: TestAdapter.dll TPluginInfo: Microsoft.VisualStudio.TestPlatform.Common.ExtensionFramework.Utilities.TestSettingsProviderPluginInformation TExtension: Microsoft.VisualStudio.TestPlatform.ObjectModel.Adapter.ISettingsProvider
TpTrace Verbose: 0 : 58380, 4, 2022/10/26, 15:40:55.180, 11477171034923, testhost.dll, TestPluginCache.GetExtensionPaths: Filtered extension paths: 
TpTrace Verbose: 0 : 58380, 4, 2022/10/26, 15:40:55.180, 11477171035196, testhost.dll, TestPluginCache.GetExtensionPaths: Added default extension paths: C:\Users\icaro.carvalho\source\repos\IndgTestCase\WebApplication1\bin\Debug\net6.0\fine-code-coverage\build-output\xunit.runner.visualstudio.dotnetcore.testadapter.dll
TpTrace Verbose: 0 : 58380, 4, 2022/10/26, 15:40:55.180, 11477171035390, testhost.dll, TestPluginCache.GetExtensionPaths: Added unfilterableExtensionPaths: 
TpTrace Information: 0 : 58380, 4, 2022/10/26, 15:40:55.180, 11477171039044, testhost.dll, AssemblyResolver.AddSearchDirectories: Adding more searchDirectories C:\Users\icaro.carvalho\source\repos\IndgTestCase\WebApplication1\bin\Debug\net6.0\fine-code-coverage\build-output
TpTrace Verbose: 0 : 58380, 4, 2022/10/26, 15:40:55.180, 11477171039788, testhost.dll, TestPluginCache.DiscoverTestExtensions: Discovering the extensions using extension path.
TpTrace Verbose: 0 : 58380, 4, 2022/10/26, 15:40:55.180, 11477171040028, testhost.dll, TestPluginCache.GetExtensionPaths: Filtered extension paths: 
TpTrace Verbose: 0 : 58380, 4, 2022/10/26, 15:40:55.180, 11477171040278, testhost.dll, TestPluginCache.GetExtensionPaths: Added default extension paths: C:\Users\icaro.carvalho\source\repos\IndgTestCase\WebApplication1\bin\Debug\net6.0\fine-code-coverage\build-output\xunit.runner.visualstudio.dotnetcore.testadapter.dll
TpTrace Verbose: 0 : 58380, 4, 2022/10/26, 15:40:55.180, 11477171040586, testhost.dll, TestPluginCache.GetExtensionPaths: Added unfilterableExtensionPaths: 
TpTrace Verbose: 0 : 58380, 4, 2022/10/26, 15:40:55.180, 11477171040952, testhost.dll, TestPluginCache.DiscoverTestExtensions: Discovering the extensions using allExtensionPaths: C:\Users\icaro.carvalho\source\repos\IndgTestCase\WebApplication1\bin\Debug\net6.0\fine-code-coverage\build-output\xunit.runner.visualstudio.dotnetcore.testadapter.dll
TpTrace Information: 0 : 58380, 4, 2022/10/26, 15:40:55.180, 11477171041808, testhost.dll, AssemblyResolver.AddSearchDirectories: Adding more searchDirectories C:\Users\icaro.carvalho\source\repos\IndgTestCase\WebApplication1\bin\Debug\net6.0\fine-code-coverage\build-output
TpTrace Verbose: 0 : 58380, 4, 2022/10/26, 15:40:55.181, 11477171043195, testhost.dll, MetadataReaderExtensionsHelper: Discovering extensions inside assembly 'xunit.runner.visualstudio.dotnetcore.testadapter, Version=2.4.0.0, Culture=neutral, PublicKeyToken=8d05b1bb7a6fdb6c' file path 'C:\Users\icaro.carvalho\source\repos\IndgTestCase\WebApplication1\bin\Debug\net6.0\fine-code-coverage\build-output\xunit.runner.visualstudio.dotnetcore.testadapter.dll'
TpTrace Verbose: 0 : 58380, 4, 2022/10/26, 15:40:55.181, 11477171048931, testhost.dll, TestPluginCache: Discovered the extensions using extension path ''.
TpTrace Verbose: 0 : 58380, 4, 2022/10/26, 15:40:55.181, 11477171049856, testhost.dll, TestPluginCache: Discoverers are ''.
TpTrace Verbose: 0 : 58380, 4, 2022/10/26, 15:40:55.181, 11477171050227, testhost.dll, TestPluginCache: Executors are 'executor://xunit/VsTestRunner2/netcoreapp'.
TpTrace Verbose: 0 : 58380, 4, 2022/10/26, 15:40:55.181, 11477171050503, testhost.dll, TestPluginCache: Executors2 are ''.
TpTrace Verbose: 0 : 58380, 4, 2022/10/26, 15:40:55.181, 11477171050933, testhost.dll, TestPluginCache: Setting providers are ''.
TpTrace Verbose: 0 : 58380, 4, 2022/10/26, 15:40:55.181, 11477171051233, testhost.dll, TestPluginCache: Loggers are ''.
TpTrace Verbose: 0 : 58380, 4, 2022/10/26, 15:40:55.181, 11477171051500, testhost.dll, TestPluginCache: TestHosts are ''.
TpTrace Verbose: 0 : 58380, 4, 2022/10/26, 15:40:55.181, 11477171051668, testhost.dll, TestPluginCache: DataCollectors are ''.
TpTrace Verbose: 0 : 58380, 4, 2022/10/26, 15:40:55.182, 11477171060954, testhost.dll, TestExecutorService: Loaded the settings providers
TpTrace Information: 0 : 58380, 4, 2022/10/26, 15:40:55.182, 11477171061584, testhost.dll, TestExecutorService: Loaded the extensions
TpTrace Information: 0 : 58380, 4, 2022/10/26, 15:40:55.183, 11477171067157, testhost.dll, TestRequestHandler.OnMessageReceived: Running job 'TestExecution.StartWithSources'.
TpTrace Verbose: 0 : 58380, 4, 2022/10/26, 15:40:55.250, 11477171739557, testhost.dll, MulticastDelegateUtilities.SafeInvoke: TestCaseEventsHandler.RaiseSessionStart: Invoking callbacks was skipped because there are no subscribers.
TpTrace Information: 0 : 58380, 4, 2022/10/26, 15:40:55.254, 11477171775735, testhost.dll, TestDiscoveryManager: Discovering tests from sources C:\Users\icaro.carvalho\source\repos\IndgTestCase\WebApplication1\bin\Debug\net6.0\fine-code-coverage\build-output\Trader.Api.dll
TpTrace Verbose: 0 : 58380, 4, 2022/10/26, 15:40:55.256, 11477171801828, testhost.dll, TestPluginCache.DiscoverTestExtensions: finding test extensions in assemblies ends with: TestAdapter.dll TPluginInfo: Microsoft.VisualStudio.TestPlatform.Common.ExtensionFramework.Utilities.TestDiscovererPluginInformation TExtension: Microsoft.VisualStudio.TestPlatform.ObjectModel.Adapter.ITestDiscoverer
TpTrace Verbose: 0 : 58380, 4, 2022/10/26, 15:40:55.257, 11477171802884, testhost.dll, TestPluginCache.GetExtensionPaths: Filtered extension paths: 
TpTrace Verbose: 0 : 58380, 4, 2022/10/26, 15:40:55.257, 11477171803126, testhost.dll, TestPluginCache.GetExtensionPaths: Added default extension paths: C:\Users\icaro.carvalho\source\repos\IndgTestCase\WebApplication1\bin\Debug\net6.0\fine-code-coverage\build-output\xunit.runner.visualstudio.dotnetcore.testadapter.dll
TpTrace Verbose: 0 : 58380, 4, 2022/10/26, 15:40:55.257, 11477171803296, testhost.dll, TestPluginCache.GetExtensionPaths: Added unfilterableExtensionPaths: 
TpTrace Information: 0 : 58380, 4, 2022/10/26, 15:40:55.257, 11477171805093, testhost.dll, AssemblyResolver.AddSearchDirectories: Adding more searchDirectories C:\Users\icaro.carvalho\source\repos\IndgTestCase\WebApplication1\bin\Debug\net6.0\fine-code-coverage\build-output
TpTrace Verbose: 0 : 58380, 4, 2022/10/26, 15:40:55.257, 11477171805442, testhost.dll, TestPluginCache.DiscoverTestExtensions: Discovering the extensions using extension path.
TpTrace Verbose: 0 : 58380, 4, 2022/10/26, 15:40:55.257, 11477171805627, testhost.dll, TestPluginCache.GetExtensionPaths: Filtered extension paths: 
TpTrace Verbose: 0 : 58380, 4, 2022/10/26, 15:40:55.257, 11477171805781, testhost.dll, TestPluginCache.GetExtensionPaths: Added default extension paths: C:\Users\icaro.carvalho\source\repos\IndgTestCase\WebApplication1\bin\Debug\net6.0\fine-code-coverage\build-output\xunit.runner.visualstudio.dotnetcore.testadapter.dll
TpTrace Verbose: 0 : 58380, 4, 2022/10/26, 15:40:55.257, 11477171806020, testhost.dll, TestPluginCache.GetExtensionPaths: Added unfilterableExtensionPaths: 
TpTrace Verbose: 0 : 58380, 4, 2022/10/26, 15:40:55.257, 11477171806226, testhost.dll, TestPluginCache.DiscoverTestExtensions: Discovering the extensions using allExtensionPaths: C:\Users\icaro.carvalho\source\repos\IndgTestCase\WebApplication1\bin\Debug\net6.0\fine-code-coverage\build-output\xunit.runner.visualstudio.dotnetcore.testadapter.dll
TpTrace Information: 0 : 58380, 4, 2022/10/26, 15:40:55.257, 11477171806505, testhost.dll, AssemblyResolver.AddSearchDirectories: Adding more searchDirectories C:\Users\icaro.carvalho\source\repos\IndgTestCase\WebApplication1\bin\Debug\net6.0\fine-code-coverage\build-output
TpTrace Verbose: 0 : 58380, 4, 2022/10/26, 15:40:55.257, 11477171807109, testhost.dll, MetadataReaderExtensionsHelper: Discovering extensions inside assembly 'xunit.runner.visualstudio.dotnetcore.testadapter, Version=2.4.0.0, Culture=neutral, PublicKeyToken=8d05b1bb7a6fdb6c' file path 'C:\Users\icaro.carvalho\source\repos\IndgTestCase\WebApplication1\bin\Debug\net6.0\fine-code-coverage\build-output\xunit.runner.visualstudio.dotnetcore.testadapter.dll'
TpTrace Information: 0 : 58380, 4, 2022/10/26, 15:40:55.259, 11477171828101, testhost.dll, GetTestExtensionFromType: Register extension with identifier data 'Xunit.Runner.VisualStudio.VsTestRunner, xunit.runner.visualstudio.dotnetcore.testadapter, Version=2.4.0.0, Culture=neutral, PublicKeyToken=8d05b1bb7a6fdb6c' and type 'Xunit.Runner.VisualStudio.VsTestRunner, xunit.runner.visualstudio.dotnetcore.testadapter, Version=2.4.0.0, Culture=neutral, PublicKeyToken=8d05b1bb7a6fdb6c' inside file 'C:\Users\icaro.carvalho\source\repos\IndgTestCase\WebApplication1\bin\Debug\net6.0\fine-code-coverage\build-output\xunit.runner.visualstudio.dotnetcore.testadapter.dll'
TpTrace Verbose: 0 : 58380, 4, 2022/10/26, 15:40:55.259, 11477171829696, testhost.dll, TestPluginCache: Discovered the extensions using extension path ''.
TpTrace Verbose: 0 : 58380, 4, 2022/10/26, 15:40:55.259, 11477171830078, testhost.dll, TestPluginCache: Discoverers are 'Xunit.Runner.VisualStudio.VsTestRunner, xunit.runner.visualstudio.dotnetcore.testadapter, Version=2.4.0.0, Culture=neutral, PublicKeyToken=8d05b1bb7a6fdb6c'.
TpTrace Verbose: 0 : 58380, 4, 2022/10/26, 15:40:55.259, 11477171830319, testhost.dll, TestPluginCache: Executors are 'executor://xunit/VsTestRunner2/netcoreapp'.
TpTrace Verbose: 0 : 58380, 4, 2022/10/26, 15:40:55.259, 11477171830495, testhost.dll, TestPluginCache: Executors2 are ''.
TpTrace Verbose: 0 : 58380, 4, 2022/10/26, 15:40:55.259, 11477171830652, testhost.dll, TestPluginCache: Setting providers are ''.
TpTrace Verbose: 0 : 58380, 4, 2022/10/26, 15:40:55.259, 11477171830802, testhost.dll, TestPluginCache: Loggers are ''.
TpTrace Verbose: 0 : 58380, 4, 2022/10/26, 15:40:55.259, 11477171830950, testhost.dll, TestPluginCache: TestHosts are ''.
TpTrace Verbose: 0 : 58380, 4, 2022/10/26, 15:40:55.259, 11477171831101, testhost.dll, TestPluginCache: DataCollectors are ''.
TpTrace Information: 0 : 58380, 4, 2022/10/26, 15:40:55.262, 11477171861111, testhost.dll, PEReaderHelper.GetAssemblyType: Determined assemblyType:'Managed' for source: 'C:\Users\icaro.carvalho\source\repos\IndgTestCase\WebApplication1\bin\Debug\net6.0\fine-code-coverage\build-output\Trader.Api.dll'
TpTrace Verbose: 0 : 58380, 4, 2022/10/26, 15:40:55.267, 11477171909032, testhost.dll, BaseRunTests.RunTestInternalWithExecutors: Running tests for executor://xunit/VsTestRunner2/netcoreapp
TpTrace Information: 0 : 58380, 4, 2022/10/26, 15:40:55.272, 11477171959230, testhost.dll, [xUnit.net 00:00:00.00] xUnit.net VSTest Adapter v2.4.5+1caef2f33e (64-bit .NET 6.0.8)
TpTrace Verbose: 0 : 58380, 4, 2022/10/26, 15:40:55.272, 11477171960839, testhost.dll, TestRequestHandler.SendData: sending data from testhost: {"Version":7,"MessageType":"TestSession.Message","Payload":{"MessageLevel":0,"Message":"[xUnit.net 00:00:00.00] xUnit.net VSTest Adapter v2.4.5+1caef2f33e (64-bit .NET 6.0.8)"}}
TpTrace Verbose: 0 : 58380, 4, 2022/10/26, 15:40:55.273, 11477171963159, testhost.dll, MulticastDelegateUtilities.SafeInvoke: TestRunMessageLoggerProxy.SendMessage: Invoking callback 1/1 for Microsoft.VisualStudio.TestPlatform.CrossPlatEngine.Execution.RunTestsWithSources.OnTestRunMessage, took 0 ms.
TpTrace Information: 0 : 58380, 4, 2022/10/26, 15:40:55.869, 11477177930444, testhost.dll, AssemblyResolver.OnResolve: Core: Resolving assembly.
TpTrace Information: 0 : 58380, 4, 2022/10/26, 15:40:55.869, 11477177931400, testhost.dll, AssemblyResolver.OnResolve: Core: Searching in: 'C:\Users\icaro.carvalho\source\repos\IndgTestCase\WebApplication1\bin\Debug\net6.0\fine-code-coverage\build-output'.
TpTrace Information: 0 : 58380, 4, 2022/10/26, 15:40:55.870, 11477177933502, testhost.dll, AssemblyResolver.OnResolve: Core: Loading assembly 'C:\Users\icaro.carvalho\source\repos\IndgTestCase\WebApplication1\bin\Debug\net6.0\fine-code-coverage\build-output\Core.dll'.
TpTrace Information: 0 : 58380, 4, 2022/10/26, 15:40:55.870, 11477177937758, testhost.dll, AssemblyResolver.OnResolve: Resolved assembly: Core, from path: C:\Users\icaro.carvalho\source\repos\IndgTestCase\WebApplication1\bin\Debug\net6.0\fine-code-coverage\build-output\Core.dll
TpTrace Information: 0 : 58380, 4, 2022/10/26, 15:40:55.872, 11477177953144, testhost.dll, AssemblyResolver.OnResolve: xunit.runner.reporters.netcoreapp10: Resolving assembly.
TpTrace Information: 0 : 58380, 4, 2022/10/26, 15:40:55.872, 11477177953707, testhost.dll, AssemblyResolver.OnResolve: xunit.runner.reporters.netcoreapp10: Searching in: 'C:\Users\icaro.carvalho\source\repos\IndgTestCase\WebApplication1\bin\Debug\net6.0\fine-code-coverage\build-output'.
TpTrace Information: 0 : 58380, 4, 2022/10/26, 15:40:55.872, 11477177955944, testhost.dll, AssemblyResolver.OnResolve: xunit.runner.reporters.netcoreapp10: Loading assembly 'C:\Users\icaro.carvalho\source\repos\IndgTestCase\WebApplication1\bin\Debug\net6.0\fine-code-coverage\build-output\xunit.runner.reporters.netcoreapp10.dll'.
TpTrace Information: 0 : 58380, 4, 2022/10/26, 15:40:55.872, 11477177958797, testhost.dll, AssemblyResolver.OnResolve: Resolved assembly: xunit.runner.reporters.netcoreapp10, from path: C:\Users\icaro.carvalho\source\repos\IndgTestCase\WebApplication1\bin\Debug\net6.0\fine-code-coverage\build-output\xunit.runner.reporters.netcoreapp10.dll
TpTrace Information: 0 : 58380, 4, 2022/10/26, 15:40:55.921, 11477178445514, testhost.dll, [xUnit.net 00:00:00.65]   Discovering: Trader.Api
TpTrace Verbose: 0 : 58380, 4, 2022/10/26, 15:40:55.921, 11477178446781, testhost.dll, TestRequestHandler.SendData: sending data from testhost: {"Version":7,"MessageType":"TestSession.Message","Payload":{"MessageLevel":0,"Message":"[xUnit.net 00:00:00.65]   Discovering: Trader.Api"}}
TpTrace Verbose: 0 : 58380, 4, 2022/10/26, 15:40:55.921, 11477178447615, testhost.dll, MulticastDelegateUtilities.SafeInvoke: TestRunMessageLoggerProxy.SendMessage: Invoking callback 1/1 for Microsoft.VisualStudio.TestPlatform.CrossPlatEngine.Execution.RunTestsWithSources.OnTestRunMessage, took 0 ms.
TpTrace Information: 0 : 58380, 4, 2022/10/26, 15:40:55.952, 11477178759676, testhost.dll, [xUnit.net 00:00:00.68]   Discovered:  Trader.Api
TpTrace Verbose: 0 : 58380, 4, 2022/10/26, 15:40:55.952, 11477178761001, testhost.dll, TestRequestHandler.SendData: sending data from testhost: {"Version":7,"MessageType":"TestSession.Message","Payload":{"MessageLevel":0,"Message":"[xUnit.net 00:00:00.68]   Discovered:  Trader.Api"}}
TpTrace Verbose: 0 : 58380, 4, 2022/10/26, 15:40:55.952, 11477178761776, testhost.dll, MulticastDelegateUtilities.SafeInvoke: TestRunMessageLoggerProxy.SendMessage: Invoking callback 1/1 for Microsoft.VisualStudio.TestPlatform.CrossPlatEngine.Execution.RunTestsWithSources.OnTestRunMessage, took 0 ms.
TpTrace Information: 0 : 58380, 4, 2022/10/26, 15:40:55.954, 11477178776530, testhost.dll, [xUnit.net 00:00:00.68]   Starting:    Trader.Api
TpTrace Verbose: 0 : 58380, 4, 2022/10/26, 15:40:55.954, 11477178777362, testhost.dll, TestRequestHandler.SendData: sending data from testhost: {"Version":7,"MessageType":"TestSession.Message","Payload":{"MessageLevel":0,"Message":"[xUnit.net 00:00:00.68]   Starting:    Trader.Api"}}
TpTrace Verbose: 0 : 58380, 4, 2022/10/26, 15:40:55.954, 11477178777973, testhost.dll, MulticastDelegateUtilities.SafeInvoke: TestRunMessageLoggerProxy.SendMessage: Invoking callback 1/1 for Microsoft.VisualStudio.TestPlatform.CrossPlatEngine.Execution.RunTestsWithSources.OnTestRunMessage, took 0 ms.
TpTrace Verbose: 0 : 58380, 16, 2022/10/26, 15:40:55.989, 11477179127708, testhost.dll, TestExecutionRecorder.RecordStart: Starting test: Trader.Api.UnitTests.PersonUseCasesTests.ShouldNotInsertPersonWithSameName.
TpTrace Verbose: 0 : 58380, 16, 2022/10/26, 15:40:56.015, 11477179390896, testhost.dll, MulticastDelegateUtilities.SafeInvoke: TestCaseEventsHandler.RaiseTestCaseStart: Invoking callback 1/1 for Microsoft.VisualStudio.TestPlatform.CrossPlatEngine.DataCollection.ProxyOutOfProcDataCollectionManager.TriggerTestCaseStart, took 24 ms.
TpTrace Verbose: 0 : 58380, 16, 2022/10/26, 15:40:56.085, 11477180092617, testhost.dll, TestExecutionRecorder.RecordResult: Received result for test: Trader.Api.UnitTests.PersonUseCasesTests.ShouldNotInsertPersonWithSameName.
TpTrace Verbose: 0 : 58380, 16, 2022/10/26, 15:40:56.098, 11477180217889, testhost.dll, MulticastDelegateUtilities.SafeInvoke: TestCaseEventsHandler.RaiseTestCaseEnd: Invoking callback 1/1 for Microsoft.VisualStudio.TestPlatform.CrossPlatEngine.DataCollection.ProxyOutOfProcDataCollectionManager.TriggerTestCaseEnd, took 12 ms.
TpTrace Verbose: 0 : 58380, 16, 2022/10/26, 15:40:56.100, 11477180242724, testhost.dll, MulticastDelegateUtilities.SafeInvoke: TestCaseEventsHandler.RaiseTestCaseEnd: Invoking callback 1/1 for Microsoft.VisualStudio.TestPlatform.CrossPlatEngine.DataCollection.ProxyOutOfProcDataCollectionManager.TriggerSendTestResult, took 1 ms.
TpTrace Verbose: 0 : 58380, 16, 2022/10/26, 15:40:56.104, 11477180275624, testhost.dll, TestExecutionRecorder.RecordEnd: test: Trader.Api.UnitTests.PersonUseCasesTests.ShouldNotInsertPersonWithSameName execution completed.
TpTrace Warning: 0 : 58380, 16, 2022/10/26, 15:40:56.104, 11477180276843, testhost.dll, TestRunCache: InProgressTests is null
TpTrace Verbose: 0 : 58380, 16, 2022/10/26, 15:40:56.104, 11477180277574, testhost.dll, TestExecutionRecorder.RecordStart: Starting test: Trader.Api.UnitTests.PersonUseCasesTests.ShouldGetPersonById.
TpTrace Verbose: 0 : 58380, 16, 2022/10/26, 15:40:56.105, 11477180286601, testhost.dll, MulticastDelegateUtilities.SafeInvoke: TestCaseEventsHandler.RaiseTestCaseStart: Invoking callback 1/1 for Microsoft.VisualStudio.TestPlatform.CrossPlatEngine.DataCollection.ProxyOutOfProcDataCollectionManager.TriggerTestCaseStart, took 0 ms.
TpTrace Verbose: 0 : 58380, 16, 2022/10/26, 15:40:56.105, 11477180287862, testhost.dll, TestExecutionRecorder.RecordResult: Received result for test: Trader.Api.UnitTests.PersonUseCasesTests.ShouldGetPersonById.
TpTrace Verbose: 0 : 58380, 16, 2022/10/26, 15:40:56.106, 11477180299552, testhost.dll, MulticastDelegateUtilities.SafeInvoke: TestCaseEventsHandler.RaiseTestCaseEnd: Invoking callback 1/1 for Microsoft.VisualStudio.TestPlatform.CrossPlatEngine.DataCollection.ProxyOutOfProcDataCollectionManager.TriggerTestCaseEnd, took 1 ms.
TpTrace Verbose: 0 : 58380, 16, 2022/10/26, 15:40:56.106, 11477180300399, testhost.dll, MulticastDelegateUtilities.SafeInvoke: TestCaseEventsHandler.RaiseTestCaseEnd: Invoking callback 1/1 for Microsoft.VisualStudio.TestPlatform.CrossPlatEngine.DataCollection.ProxyOutOfProcDataCollectionManager.TriggerSendTestResult, took 0 ms.
TpTrace Verbose: 0 : 58380, 16, 2022/10/26, 15:40:56.106, 11477180301107, testhost.dll, TestExecutionRecorder.RecordEnd: test: Trader.Api.UnitTests.PersonUseCasesTests.ShouldGetPersonById execution completed.
TpTrace Warning: 0 : 58380, 16, 2022/10/26, 15:40:56.106, 11477180301632, testhost.dll, TestRunCache: InProgressTests is null
TpTrace Verbose: 0 : 58380, 16, 2022/10/26, 15:40:56.106, 11477180301994, testhost.dll, TestExecutionRecorder.RecordStart: Starting test: Trader.Api.UnitTests.PersonUseCasesTests.ShouldInsertPerson.
TpTrace Verbose: 0 : 58380, 16, 2022/10/26, 15:40:56.107, 11477180309105, testhost.dll, MulticastDelegateUtilities.SafeInvoke: TestCaseEventsHandler.RaiseTestCaseStart: Invoking callback 1/1 for Microsoft.VisualStudio.TestPlatform.CrossPlatEngine.DataCollection.ProxyOutOfProcDataCollectionManager.TriggerTestCaseStart, took 0 ms.
TpTrace Verbose: 0 : 58380, 16, 2022/10/26, 15:40:56.107, 11477180310153, testhost.dll, TestExecutionRecorder.RecordResult: Received result for test: Trader.Api.UnitTests.PersonUseCasesTests.ShouldInsertPerson.
TpTrace Verbose: 0 : 58380, 16, 2022/10/26, 15:40:56.108, 11477180317216, testhost.dll, MulticastDelegateUtilities.SafeInvoke: TestCaseEventsHandler.RaiseTestCaseEnd: Invoking callback 1/1 for Microsoft.VisualStudio.TestPlatform.CrossPlatEngine.DataCollection.ProxyOutOfProcDataCollectionManager.TriggerTestCaseEnd, took 0 ms.
TpTrace Verbose: 0 : 58380, 16, 2022/10/26, 15:40:56.108, 11477180317852, testhost.dll, MulticastDelegateUtilities.SafeInvoke: TestCaseEventsHandler.RaiseTestCaseEnd: Invoking callback 1/1 for Microsoft.VisualStudio.TestPlatform.CrossPlatEngine.DataCollection.ProxyOutOfProcDataCollectionManager.TriggerSendTestResult, took 0 ms.
TpTrace Verbose: 0 : 58380, 16, 2022/10/26, 15:40:56.108, 11477180318409, testhost.dll, TestExecutionRecorder.RecordEnd: test: Trader.Api.UnitTests.PersonUseCasesTests.ShouldInsertPerson execution completed.
TpTrace Warning: 0 : 58380, 16, 2022/10/26, 15:40:56.108, 11477180318646, testhost.dll, TestRunCache: InProgressTests is null
TpTrace Information: 0 : 58380, 4, 2022/10/26, 15:40:56.109, 11477180327501, testhost.dll, [xUnit.net 00:00:00.84]   Finished:    Trader.Api
TpTrace Verbose: 0 : 58380, 4, 2022/10/26, 15:40:56.109, 11477180328243, testhost.dll, TestRequestHandler.SendData: sending data from testhost: {"Version":7,"MessageType":"TestSession.Message","Payload":{"MessageLevel":0,"Message":"[xUnit.net 00:00:00.84]   Finished:    Trader.Api"}}
TpTrace Verbose: 0 : 58380, 4, 2022/10/26, 15:40:56.109, 11477180328876, testhost.dll, MulticastDelegateUtilities.SafeInvoke: TestRunMessageLoggerProxy.SendMessage: Invoking callback 1/1 for Microsoft.VisualStudio.TestPlatform.CrossPlatEngine.Execution.RunTestsWithSources.OnTestRunMessage, took 0 ms.
TpTrace Verbose: 0 : 58380, 4, 2022/10/26, 15:40:56.113, 11477180365045, testhost.dll, BaseRunTests.RunTestInternalWithExecutors: Completed running tests for executor://xunit/VsTestRunner2/netcoreapp
TpTrace Verbose: 0 : 58380, 4, 2022/10/26, 15:40:56.114, 11477180374848, testhost.dll, MulticastDelegateUtilities.SafeInvoke: TestCaseEventsHandler.RaiseSessionEnd: Invoking callback 1/1 for Microsoft.VisualStudio.TestPlatform.CrossPlatEngine.DataCollection.ProxyOutOfProcDataCollectionManager.TriggerTestSessionEnd, took 0 ms.
TpTrace Information: 0 : 58380, 4, 2022/10/26, 15:40:56.117, 11477180410102, testhost.dll, Sending test run complete
TpTrace Verbose: 0 : 58380, 10, 2022/10/26, 15:40:56.128, 11477180513842, testhost.dll, TcpClientExtensions.MessageLoopAsync: Polling on remoteEndPoint: [::ffff:127.0.0.1]:57430 localEndPoint: [::ffff:127.0.0.1]:57431
TpTrace Verbose: 0 : 58380, 4, 2022/10/26, 15:40:56.150, 11477180736573, testhost.dll, TestRequestHandler.SendData: sending data from testhost: {"Version":7,"MessageType":"TestExecution.Completed","Payload":{"TestRunCompleteArgs":{"TestRunStatistics":{"ExecutedTests":3,"Stats":{"Passed":3}},"IsCanceled":false,"IsAborted":false,"Error":null,"AttachmentSets":[],"InvokedDataCollectors":[],"ElapsedTimeInRunningTests":"00:00:00.8493105","Metrics":{},"DiscoveredExtensions":{"TestDiscoverers":["Xunit.Runner.VisualStudio.VsTestRunner, xunit.runner.visualstudio.dotnetcore.testadapter, Version=2.4.0.0, Culture=neutral, PublicKeyToken=8d05b1bb7a6fdb6c"],"TestExecutors":["executor://xunit/VsTestRunner2/netcoreapp"],"TestExecutors2":[],"TestSettingsProviders":[]}},"LastRunTests":{"NewTestResults":[{"TestCase":{"Id":"64723396-52c3-11bf-72ad-8186ae6d806a","FullyQualifiedName":"Trader.Api.UnitTests.PersonUseCasesTests.ShouldNotInsertPersonWithSameName","DisplayName":"Trader.Api.UnitTests.PersonUseCasesTests.ShouldNotInsertPersonWithSameName","ExecutorUri":"executor://xunit/VsTestRunner2/netcoreapp","Source":"C:\\Users\\icaro.carvalho\\source\\repos\\IndgTestCase\\WebApplication1\\bin\\Debug\\net6.0\\fine-code-coverage\\build-output\\Trader.Api.dll","CodeFilePath":null,"LineNumber":0,"Properties":[]},"Attachments":[],"Outcome":1,"ErrorMessage":null,"ErrorStackTrace":null,"DisplayName":"Trader.Api.UnitTests.PersonUseCasesTests.ShouldNotInsertPersonWithSameName","Messages":[],"ComputerName":"FITCARD-A00734","Duration":"00:00:00.0830278","StartTime":"2022-10-26T18:40:56.0856814+00:00","EndTime":"2022-10-26T18:40:56.0857096+00:00","Properties":[]},{"TestCase":{"Id":"305e8fed-6ced-886f-855f-a52d7c3bdb1c","FullyQualifiedName":"Trader.Api.UnitTests.PersonUseCasesTests.ShouldGetPersonById","DisplayName":"Trader.Api.UnitTests.PersonUseCasesTests.ShouldGetPersonById","ExecutorUri":"executor://xunit/VsTestRunner2/netcoreapp","Source":"C:\\Users\\icaro.carvalho\\source\\repos\\IndgTestCase\\WebApplication1\\bin\\Debug\\net6.0\\fine-code-coverage\\build-output\\Trader.Api.dll","CodeFilePath":null,"LineNumber":0,"Properties":[]},"Attachments":[],"Outcome":1,"ErrorMessage":null,"ErrorStackTrace":null,"DisplayName":"Trader.Api.UnitTests.PersonUseCasesTests.ShouldGetPersonById","Messages":[],"ComputerName":"FITCARD-A00734","Duration":"00:00:00.0042938","StartTime":"2022-10-26T18:40:56.1054858+00:00","EndTime":"2022-10-26T18:40:56.1054858+00:00","Properties":[]},{"TestCase":{"Id":"08c374ec-ebb6-af7e-f7ad-f69e9c3b9bb5","FullyQualifiedName":"Trader.Api.UnitTests.PersonUseCasesTests.ShouldInsertPerson","DisplayName":"Trader.Api.UnitTests.PersonUseCasesTests.ShouldInsertPerson","ExecutorUri":"executor://xunit/VsTestRunner2/netcoreapp","Source":"C:\\Users\\icaro.carvalho\\source\\repos\\IndgTestCase\\WebApplication1\\bin\\Debug\\net6.0\\fine-code-coverage\\build-output\\Trader.Api.dll","CodeFilePath":null,"LineNumber":0,"Properties":[]},"Attachments":[],"Outcome":1,"ErrorMessage":null,"ErrorStackTrace":null,"DisplayName":"Trader.Api.UnitTests.PersonUseCasesTests.ShouldInsertPerson","Messages":[],"ComputerName":"FITCARD-A00734","Duration":"00:00:00.0096086","StartTime":"2022-10-26T18:40:56.107729+00:00","EndTime":"2022-10-26T18:40:56.107729+00:00","Properties":[]}],"TestRunStatistics":{"ExecutedTests":3,"Stats":{"Passed":3}},"ActiveTests":[]},"RunAttachments":[],"ExecutorUris":["executor://xunit/VsTestRunner2/netcoreapp"]}}
TpTrace Verbose: 0 : 58380, 4, 2022/10/26, 15:40:56.150, 11477180739705, testhost.dll, BaseRunTests.RunTests: Run is complete.
TpTrace Verbose: 0 : 58380, 10, 2022/10/26, 15:40:56.151, 11477180743110, testhost.dll, TcpClientExtensions.MessageLoopAsync: NotifyDataAvailable remoteEndPoint: [::ffff:127.0.0.1]:57430 localEndPoint: [::ffff:127.0.0.1]:57431
TpTrace Information: 0 : 58380, 10, 2022/10/26, 15:40:56.151, 11477180744132, testhost.dll, TestRequestHandler.OnMessageReceived: received message: (TestSession.Terminate) -> {"MessageType":"TestSession.Terminate","Payload":null}
TpTrace Information: 0 : 58380, 10, 2022/10/26, 15:40:56.151, 11477180744509, testhost.dll, Session End message received from server. Closing the connection.
TpTrace Information: 0 : 58380, 10, 2022/10/26, 15:40:56.151, 11477180747013, testhost.dll, SocketClient.Stop: Stop communication from server endpoint: 127.0.0.1:057430
TpTrace Information: 0 : 58380, 10, 2022/10/26, 15:40:56.151, 11477180747476, testhost.dll, SocketClient: Stop: Cancellation requested. Stopping message loop.
TpTrace Verbose: 0 : 58380, 10, 2022/10/26, 15:40:56.151, 11477180748479, testhost.dll, LengthPrefixCommunicationChannel.Dispose: Dispose reader and writer.
TpTrace Information: 0 : 58380, 10, 2022/10/26, 15:40:56.151, 11477180748973, testhost.dll, Closing the connection !
TpTrace Verbose: 0 : 58380, 10, 2022/10/26, 15:40:56.151, 11477180749376, testhost.dll, MulticastDelegateUtilities.SafeInvoke: LengthPrefixCommunicationChannel: MessageReceived: Invoking callback 1/1 for Microsoft.VisualStudio.TestPlatform.CommunicationUtilities.TestRequestHandler.OnMessageReceived, took 0 ms.
TpTrace Information: 0 : 58380, 10, 2022/10/26, 15:40:56.151, 11477180751416, testhost.dll, SocketClient.PrivateStop: Stop communication from server endpoint: 127.0.0.1:057430, error:
TpTrace Information: 0 : 58380, 1, 2022/10/26, 15:40:56.152, 11477180753289, testhost.dll, Closing the connection!
TpTrace Verbose: 0 : 58380, 10, 2022/10/26, 15:40:56.152, 11477180753499, testhost.dll, LengthPrefixCommunicationChannel.Dispose: Dispose reader and writer.
TpTrace Verbose: 0 : 58380, 10, 2022/10/26, 15:40:56.152, 11477180754285, testhost.dll, TcpClientExtensions.MessageLoopAsync: exiting MessageLoopAsync remoteEndPoint: [::ffff:127.0.0.1]:57430 localEndPoint: [::ffff:127.0.0.1]:57431
TpTrace Information: 0 : 58380, 1, 2022/10/26, 15:40:56.152, 11477180754469, testhost.dll, SocketClient.Stop: Stop communication from server endpoint: 127.0.0.1:057430
TpTrace Verbose: 0 : 58380, 1, 2022/10/26, 15:40:56.152, 11477180755181, testhost.dll, LengthPrefixCommunicationChannel.Dispose: Dispose reader and writer.
TpTrace Information: 0 : 58380, 1, 2022/10/26, 15:40:56.152, 11477180756068, testhost.dll, Testhost process exiting.
