TpTrace Verbose: 0 : 95504, 1, 2022/10/26, 15:40:54.683, 11477166069284, datacollector.dll, Version: 17.3.0-release-20220708-01
TpTrace Information: 0 : 95504, 1, 2022/10/26, 15:40:54.687, 11477166105727, datacollector.dll, DataCollectorMain.Run: Starting data collector run with args: --port,57427,--parentprocessid,97544,--diag,C:\Users\icaro.carvalho\source\repos\IndgTestCase\WebApplication1\bin\Debug\net6.0\fine-code-coverage\coverage-tool-output\diagnostics.datacollector.22-10-26_15-40-54_59505_1.log,--tracelevel,4
TpTrace Information: 0 : 95504, 1, 2022/10/26, 15:40:54.687, 11477166108857, datacollector.dll, DataCollector: Monitoring parent process with id: '97544'
TpTrace Information: 0 : 95504, 1, 2022/10/26, 15:40:54.690, 11477166142450, datacollector.dll, Trying to connect to server on socket : 127.0.0.1:57427 
TpTrace Verbose: 0 : 95504, 1, 2022/10/26, 15:40:54.696, 11477166195120, datacollector.dll, SocketCommunicationManager : SetupClientAsync : Attempting to connect to the server.
TpTrace Information: 0 : 95504, 8, 2022/10/26, 15:40:54.701, 11477166251743, datacollector.dll, Connected to the server successfully 
TpTrace Information: 0 : 95504, 8, 2022/10/26, 15:40:54.701, 11477166252291, datacollector.dll, Using the buffer size of 16384 bytes
TpTrace Information: 0 : 95504, 1, 2022/10/26, 15:40:54.750, 11477166737254, datacollector.dll, DataCollector: Start Request Processing.
TpTrace Verbose: 0 : 95504, 1, 2022/10/26, 15:40:54.750, 11477166738980, datacollector.dll, SocketCommunicationManager.WaitForServerConnection took: 0 ms, with 90000 ms timeout, and finished with True.
TpTrace Information: 0 : 95504, 1, 2022/10/26, 15:40:54.750, 11477166740749, datacollector.dll, DataCollectionRequestHandler.ProcessRequests: Datacollector received message: (DataCollection.BeforeTestRunStart) -> {"MessageType":"DataCollection.BeforeTestRunStart","Payload":{"SettingsXml":"<RunSettings><RunConfiguration><ResultsDirectory>C:\\Users\\icaro.carvalho\\source\\repos\\IndgTestCase\\WebApplication1\\bin\\Debug\\net6.0\\fine-code-coverage\\coverage-tool-output</ResultsDirectory><TargetPlatform>X64</TargetPlatform><TargetFrameworkVersion>.NETCoreApp,Version=v6.0</TargetFrameworkVersion><DesignMode>False</DesignMode><CollectSourceInformation>False</CollectSourceInformation><TestAdaptersPaths>C:\\Program Files\\dotnet\\sdk\\6.0.400\\Extensions</TestAdaptersPaths></RunConfiguration><LoggerRunSettings><Loggers><Logger friendlyName=\"blame\" enabled=\"True\" /><Logger friendlyName=\"Console\" uri=\"logger://microsoft/TestPlatform/ConsoleLogger/v1\" assemblyQualifiedName=\"Microsoft.VisualStudio.TestPlatform.CommandLine.Internal.ConsoleLogger, vstest.console, Version=15.0.0.0, Culture=neutral, PublicKeyToken=b03f5f7f11d50a3a\" codeBase=\"C:\\Program Files\\dotnet\\sdk\\6.0.400\\vstest.console.dll\" enabled=\"True\" /></Loggers></LoggerRunSettings><DataCollectionRunSettings><DataCollectors><DataCollector friendlyName=\"blame\" enabled=\"True\"><Configuration><ResultsDirectory>C:\\Users\\icaro.carvalho\\source\\repos\\IndgTestCase\\WebApplication1\\bin\\Debug\\net6.0\\fine-code-coverage\\coverage-tool-output</ResultsDirectory></Configuration></DataCollector></DataCollectors></DataCollectionRunSettings></RunSettings>","Sources":["C:\\Users\\icaro.carvalho\\source\\repos\\IndgTestCase\\WebApplication1\\bin\\Debug\\net6.0\\fine-code-coverage\\build-output\\Trader.Api.dll"],"IsTelemetryOptedIn":false}}
TpTrace Verbose: 0 : 95504, 1, 2022/10/26, 15:40:54.781, 11477167047421, datacollector.dll, TestPluginCache: Update extensions started. Skip filter = False
TpTrace Verbose: 0 : 95504, 1, 2022/10/26, 15:40:54.782, 11477167052883, datacollector.dll, TestPluginCache: Using directories for assembly resolution 'C:\Program Files\dotnet\sdk\6.0.400\Extensions'.
TpTrace Verbose: 0 : 95504, 1, 2022/10/26, 15:40:54.782, 11477167053354, datacollector.dll, TestPluginCache: Updated the available extensions to 'C:\Program Files\dotnet\sdk\6.0.400\Extensions\Microsoft.TestPlatform.Extensions.BlameDataCollector.dll,C:\Program Files\dotnet\sdk\6.0.400\Extensions\Microsoft.TestPlatform.Extensions.EventLogCollector.dll'.
TpTrace Verbose: 0 : 95504, 1, 2022/10/26, 15:40:54.786, 11477167100218, datacollector.dll, TestPluginCache.DiscoverTestExtensions: finding test extensions in assemblies ends with: Collector.dll TPluginInfo: Microsoft.VisualStudio.TestPlatform.Common.DataCollector.DataCollectorConfig TExtension: Microsoft.VisualStudio.TestPlatform.ObjectModel.DataCollection.DataCollector
TpTrace Verbose: 0 : 95504, 1, 2022/10/26, 15:40:54.786, 11477167101550, datacollector.dll, TestPluginCache.GetExtensionPaths: Filtered extension paths: C:\Program Files\dotnet\sdk\6.0.400\Extensions\Microsoft.TestPlatform.Extensions.BlameDataCollector.dll
C:\Program Files\dotnet\sdk\6.0.400\Extensions\Microsoft.TestPlatform.Extensions.EventLogCollector.dll
TpTrace Verbose: 0 : 95504, 1, 2022/10/26, 15:40:54.786, 11477167101814, datacollector.dll, TestPluginCache.GetExtensionPaths: Added default extension paths: 
TpTrace Verbose: 0 : 95504, 1, 2022/10/26, 15:40:54.786, 11477167101972, datacollector.dll, TestPluginCache.GetExtensionPaths: Added unfilterableExtensionPaths: 
TpTrace Information: 0 : 95504, 1, 2022/10/26, 15:40:54.787, 11477167106661, datacollector.dll, AssemblyResolver.ctor: Creating AssemblyResolver with searchDirectories C:\Program Files\dotnet\sdk\6.0.400\Extensions,C:\Program Files\dotnet\sdk\6.0.400
TpTrace Verbose: 0 : 95504, 1, 2022/10/26, 15:40:54.788, 11477167115591, datacollector.dll, TestPluginCache.DiscoverTestExtensions: Discovering the extensions using extension path.
TpTrace Verbose: 0 : 95504, 1, 2022/10/26, 15:40:54.788, 11477167116679, datacollector.dll, TestPluginCache.GetExtensionPaths: Filtered extension paths: C:\Program Files\dotnet\sdk\6.0.400\Extensions\Microsoft.TestPlatform.Extensions.BlameDataCollector.dll
C:\Program Files\dotnet\sdk\6.0.400\Extensions\Microsoft.TestPlatform.Extensions.EventLogCollector.dll
TpTrace Verbose: 0 : 95504, 1, 2022/10/26, 15:40:54.788, 11477167116971, datacollector.dll, TestPluginCache.GetExtensionPaths: Added default extension paths: 
TpTrace Verbose: 0 : 95504, 1, 2022/10/26, 15:40:54.788, 11477167117148, datacollector.dll, TestPluginCache.GetExtensionPaths: Added unfilterableExtensionPaths: 
TpTrace Verbose: 0 : 95504, 1, 2022/10/26, 15:40:54.788, 11477167117447, datacollector.dll, TestPluginCache.DiscoverTestExtensions: Discovering the extensions using allExtensionPaths: C:\Program Files\dotnet\sdk\6.0.400\Extensions\Microsoft.TestPlatform.Extensions.BlameDataCollector.dll
C:\Program Files\dotnet\sdk\6.0.400\Extensions\Microsoft.TestPlatform.Extensions.EventLogCollector.dll
TpTrace Information: 0 : 95504, 1, 2022/10/26, 15:40:54.788, 11477167118247, datacollector.dll, AssemblyResolver.AddSearchDirectories: Adding more searchDirectories C:\Program Files\dotnet\sdk\6.0.400\Extensions,C:\Program Files\dotnet\sdk\6.0.400
TpTrace Information: 0 : 95504, 1, 2022/10/26, 15:40:54.788, 11477167118572, datacollector.dll, AssemblyResolver.AddSearchDirectories: Adding more searchDirectories C:\Program Files\dotnet\sdk\6.0.400\Extensions,C:\Program Files\dotnet\sdk\6.0.400
TpTrace Information: 0 : 95504, 1, 2022/10/26, 15:40:54.788, 11477167121227, datacollector.dll, AssemblyResolver.OnResolve: Microsoft.TestPlatform.Extensions.BlameDataCollector: Resolving assembly.
TpTrace Information: 0 : 95504, 1, 2022/10/26, 15:40:54.788, 11477167121831, datacollector.dll, AssemblyResolver.OnResolve: Microsoft.TestPlatform.Extensions.BlameDataCollector: Searching in: 'C:\Program Files\dotnet\sdk\6.0.400\Extensions'.
TpTrace Information: 0 : 95504, 1, 2022/10/26, 15:40:54.789, 11477167129204, datacollector.dll, AssemblyResolver.OnResolve: Microsoft.TestPlatform.Extensions.BlameDataCollector: Loading assembly 'C:\Program Files\dotnet\sdk\6.0.400\Extensions\Microsoft.TestPlatform.Extensions.BlameDataCollector.dll'.
TpTrace Information: 0 : 95504, 1, 2022/10/26, 15:40:54.790, 11477167135695, datacollector.dll, AssemblyResolver.OnResolve: Resolved assembly: Microsoft.TestPlatform.Extensions.BlameDataCollector, from path: C:\Program Files\dotnet\sdk\6.0.400\Extensions\Microsoft.TestPlatform.Extensions.BlameDataCollector.dll
TpTrace Verbose: 0 : 95504, 1, 2022/10/26, 15:40:54.793, 11477167171174, datacollector.dll, MetadataReaderExtensionsHelper: Discovering extensions inside assembly 'Microsoft.TestPlatform.Extensions.BlameDataCollector, Version=15.0.0.0, Culture=neutral, PublicKeyToken=b03f5f7f11d50a3a' file path 'C:\Program Files\dotnet\sdk\6.0.400\Extensions\Microsoft.TestPlatform.Extensions.BlameDataCollector.dll'
TpTrace Error: 0 : 95504, 1, 2022/10/26, 15:40:54.800, 11477167241373, datacollector.dll, The type "Microsoft.TestPlatform.Extensions.BlameDataCollector.BlameCollector" defined in "Microsoft.TestPlatform.Extensions.BlameDataCollector.dll" does not have ExtensionUri attribute.
TpTrace Information: 0 : 95504, 1, 2022/10/26, 15:40:54.801, 11477167248936, datacollector.dll, GetTestExtensionFromType: Register extension with identifier data 'datacollector://microsoft/TestPlatform/Extensions/Blame/v1' and type 'Microsoft.TestPlatform.Extensions.BlameDataCollector.BlameCollector, Microsoft.TestPlatform.Extensions.BlameDataCollector, Version=15.0.0.0, Culture=neutral, PublicKeyToken=b03f5f7f11d50a3a' inside file 'C:\Program Files\dotnet\sdk\6.0.400\Extensions\Microsoft.TestPlatform.Extensions.BlameDataCollector.dll'
TpTrace Information: 0 : 95504, 1, 2022/10/26, 15:40:54.801, 11477167249897, datacollector.dll, AssemblyResolver.OnResolve: Microsoft.TestPlatform.Extensions.EventLogCollector: Resolving assembly.
TpTrace Information: 0 : 95504, 1, 2022/10/26, 15:40:54.801, 11477167250133, datacollector.dll, AssemblyResolver.OnResolve: Microsoft.TestPlatform.Extensions.EventLogCollector: Searching in: 'C:\Program Files\dotnet\sdk\6.0.400\Extensions'.
TpTrace Information: 0 : 95504, 1, 2022/10/26, 15:40:54.802, 11477167255473, datacollector.dll, AssemblyResolver.OnResolve: Microsoft.TestPlatform.Extensions.EventLogCollector: Loading assembly 'C:\Program Files\dotnet\sdk\6.0.400\Extensions\Microsoft.TestPlatform.Extensions.EventLogCollector.dll'.
TpTrace Information: 0 : 95504, 1, 2022/10/26, 15:40:54.802, 11477167260444, datacollector.dll, AssemblyResolver.OnResolve: Resolved assembly: Microsoft.TestPlatform.Extensions.EventLogCollector, from path: C:\Program Files\dotnet\sdk\6.0.400\Extensions\Microsoft.TestPlatform.Extensions.EventLogCollector.dll
TpTrace Verbose: 0 : 95504, 1, 2022/10/26, 15:40:54.802, 11477167261002, datacollector.dll, MetadataReaderExtensionsHelper: Discovering extensions inside assembly 'Microsoft.TestPlatform.Extensions.EventLogCollector, Version=15.0.0.0, Culture=neutral, PublicKeyToken=b03f5f7f11d50a3a' file path 'C:\Program Files\dotnet\sdk\6.0.400\Extensions\Microsoft.TestPlatform.Extensions.EventLogCollector.dll'
TpTrace Error: 0 : 95504, 1, 2022/10/26, 15:40:54.804, 11477167274580, datacollector.dll, The type "Microsoft.TestPlatform.Extensions.EventLogCollector.EventLogDataCollector" defined in "Microsoft.TestPlatform.Extensions.EventLogCollector.dll" does not have ExtensionUri attribute.
TpTrace Information: 0 : 95504, 1, 2022/10/26, 15:40:54.804, 11477167275469, datacollector.dll, GetTestExtensionFromType: Register extension with identifier data 'datacollector://microsoft/EventLog/2.0' and type 'Microsoft.TestPlatform.Extensions.EventLogCollector.EventLogDataCollector, Microsoft.TestPlatform.Extensions.EventLogCollector, Version=15.0.0.0, Culture=neutral, PublicKeyToken=b03f5f7f11d50a3a' inside file 'C:\Program Files\dotnet\sdk\6.0.400\Extensions\Microsoft.TestPlatform.Extensions.EventLogCollector.dll'
TpTrace Verbose: 0 : 95504, 1, 2022/10/26, 15:40:54.804, 11477167276798, datacollector.dll, TestPluginCache: Discovered the extensions using extension path 'C:\Program Files\dotnet\sdk\6.0.400\Extensions\Microsoft.TestPlatform.Extensions.BlameDataCollector.dll,C:\Program Files\dotnet\sdk\6.0.400\Extensions\Microsoft.TestPlatform.Extensions.EventLogCollector.dll'.
TpTrace Verbose: 0 : 95504, 1, 2022/10/26, 15:40:54.804, 11477167277103, datacollector.dll, TestPluginCache: Discoverers are ''.
TpTrace Verbose: 0 : 95504, 1, 2022/10/26, 15:40:54.804, 11477167277250, datacollector.dll, TestPluginCache: Executors are ''.
TpTrace Verbose: 0 : 95504, 1, 2022/10/26, 15:40:54.804, 11477167277411, datacollector.dll, TestPluginCache: Executors2 are ''.
TpTrace Verbose: 0 : 95504, 1, 2022/10/26, 15:40:54.804, 11477167277559, datacollector.dll, TestPluginCache: Setting providers are ''.
TpTrace Verbose: 0 : 95504, 1, 2022/10/26, 15:40:54.804, 11477167277694, datacollector.dll, TestPluginCache: Loggers are ''.
TpTrace Verbose: 0 : 95504, 1, 2022/10/26, 15:40:54.804, 11477167277829, datacollector.dll, TestPluginCache: TestHosts are ''.
TpTrace Verbose: 0 : 95504, 1, 2022/10/26, 15:40:54.804, 11477167279048, datacollector.dll, TestPluginCache: DataCollectors are 'datacollector://microsoft/TestPlatform/Extensions/Blame/v1,datacollector://microsoft/EventLog/2.0'.
TpTrace Information: 0 : 95504, 1, 2022/10/26, 15:40:54.805, 11477167286254, datacollector.dll, TestPluginManager.CreateTestExtension: Attempting to load test extension: Microsoft.TestPlatform.Extensions.BlameDataCollector.BlameCollector
TpTrace Verbose: 0 : 95504, 1, 2022/10/26, 15:40:54.808, 11477167316827, datacollector.dll, MulticastDelegateUtilities.SafeInvoke: DataCollectionEvents.SessionStart: Invoking callbacks was skipped because there are no subscribers.
TpTrace Information: 0 : 95504, 1, 2022/10/26, 15:40:54.809, 11477167325618, datacollector.dll, Listening on Endpoint : 127.0.0.1:57429
TpTrace Information: 0 : 95504, 1, 2022/10/26, 15:40:54.814, 11477167377858, datacollector.dll, DataCollectionRequestHandler.ProcessRequests : DataCollection started.
TpTrace Information: 0 : 95504, 1, 2022/10/26, 15:40:54.829, 11477167528776, datacollector.dll, DataCollectionRequestHandler.ProcessRequests: Datacollector received message: (DataCollection.TestHostLaunched) -> {"MessageType":"DataCollection.TestHostLaunched","Payload":{"ProcessId":58380}}
TpTrace Verbose: 0 : 95504, 1, 2022/10/26, 15:40:54.830, 11477167538471, datacollector.dll, MulticastDelegateUtilities.SafeInvoke: DataCollectionEvents.TestHostLaunched: Invoking callback 1/1 for Microsoft.TestPlatform.Extensions.BlameDataCollector.BlameCollector.TestHostLaunchedHandler, took 0 ms.
TpTrace Information: 0 : 95504, 5, 2022/10/26, 15:40:54.954, 11477168780408, datacollector.dll, Using the buffer size of 16384 bytes
TpTrace Verbose: 0 : 95504, 8, 2022/10/26, 15:40:54.954, 11477168780480, datacollector.dll, SocketCommunicationManager.WaitForClientConnection took: 142 ms, with 90000 ms timeout, and finished with True.
TpTrace Information: 0 : 95504, 5, 2022/10/26, 15:40:54.954, 11477168780965, datacollector.dll, Accepted Client request and set the flag
TpTrace Information: 0 : 95504, 8, 2022/10/26, 15:40:56.008, 11477179319165, datacollector.dll, DataCollectionTestCaseEventHandler: Test case starting.
TpTrace Information: 0 : 95504, 8, 2022/10/26, 15:40:56.015, 11477179386552, datacollector.dll, BlameCollector.EventsTestCaseStart: Test Case Start
TpTrace Verbose: 0 : 95504, 8, 2022/10/26, 15:40:56.015, 11477179388307, datacollector.dll, MulticastDelegateUtilities.SafeInvoke: DataCollectionEvents.TestCaseStart: Invoking callback 1/1 for Microsoft.TestPlatform.Extensions.BlameDataCollector.BlameCollector.EventsTestCaseStart, took 0 ms.
TpTrace Information: 0 : 95504, 8, 2022/10/26, 15:40:56.015, 11477179389738, datacollector.dll, DataCollectionTestCaseEventHandler: Test case 'Trader.Api.UnitTests.PersonUseCasesTests.ShouldNotInsertPersonWithSameName - 64723396-52c3-11bf-72ad-8186ae6d806a' started.
TpTrace Information: 0 : 95504, 8, 2022/10/26, 15:40:56.090, 11477180134323, datacollector.dll, DataCollectionTestCaseEventHandler: Test case completing.
TpTrace Information: 0 : 95504, 8, 2022/10/26, 15:40:56.093, 11477180166168, datacollector.dll, BlameCollector.EventsTestCaseEnd: Test Case End
TpTrace Verbose: 0 : 95504, 8, 2022/10/26, 15:40:56.093, 11477180168839, datacollector.dll, MulticastDelegateUtilities.SafeInvoke: DataCollectionEvents.TestCaseEnd: Invoking callback 1/1 for Microsoft.TestPlatform.Extensions.BlameDataCollector.BlameCollector.EventsTestCaseEnd, took 0 ms.
TpTrace Information: 0 : 95504, 8, 2022/10/26, 15:40:56.096, 11477180193552, datacollector.dll, DataCollectionTestCaseEventHandler: Test case 'Trader.Api.UnitTests.PersonUseCasesTests.ShouldNotInsertPersonWithSameName - 64723396-52c3-11bf-72ad-8186ae6d806a' completed
TpTrace Information: 0 : 95504, 8, 2022/10/26, 15:40:56.104, 11477180280960, datacollector.dll, DataCollectionTestCaseEventHandler: Test case starting.
TpTrace Information: 0 : 95504, 8, 2022/10/26, 15:40:56.105, 11477180284840, datacollector.dll, BlameCollector.EventsTestCaseStart: Test Case Start
TpTrace Verbose: 0 : 95504, 8, 2022/10/26, 15:40:56.105, 11477180285424, datacollector.dll, MulticastDelegateUtilities.SafeInvoke: DataCollectionEvents.TestCaseStart: Invoking callback 1/1 for Microsoft.TestPlatform.Extensions.BlameDataCollector.BlameCollector.EventsTestCaseStart, took 0 ms.
TpTrace Information: 0 : 95504, 8, 2022/10/26, 15:40:56.105, 11477180286520, datacollector.dll, DataCollectionTestCaseEventHandler: Test case 'Trader.Api.UnitTests.PersonUseCasesTests.ShouldGetPersonById - 305e8fed-6ced-886f-855f-a52d7c3bdb1c' started.
TpTrace Information: 0 : 95504, 8, 2022/10/26, 15:40:56.105, 11477180291197, datacollector.dll, DataCollectionTestCaseEventHandler: Test case completing.
TpTrace Information: 0 : 95504, 8, 2022/10/26, 15:40:56.106, 11477180296443, datacollector.dll, BlameCollector.EventsTestCaseEnd: Test Case End
TpTrace Verbose: 0 : 95504, 8, 2022/10/26, 15:40:56.106, 11477180297100, datacollector.dll, MulticastDelegateUtilities.SafeInvoke: DataCollectionEvents.TestCaseEnd: Invoking callback 1/1 for Microsoft.TestPlatform.Extensions.BlameDataCollector.BlameCollector.EventsTestCaseEnd, took 0 ms.
TpTrace Information: 0 : 95504, 8, 2022/10/26, 15:40:56.106, 11477180298848, datacollector.dll, DataCollectionTestCaseEventHandler: Test case 'Trader.Api.UnitTests.PersonUseCasesTests.ShouldGetPersonById - 305e8fed-6ced-886f-855f-a52d7c3bdb1c' completed
TpTrace Information: 0 : 95504, 8, 2022/10/26, 15:40:56.107, 11477180304299, datacollector.dll, DataCollectionTestCaseEventHandler: Test case starting.
TpTrace Information: 0 : 95504, 8, 2022/10/26, 15:40:56.107, 11477180307948, datacollector.dll, BlameCollector.EventsTestCaseStart: Test Case Start
TpTrace Verbose: 0 : 95504, 8, 2022/10/26, 15:40:56.107, 11477180308398, datacollector.dll, MulticastDelegateUtilities.SafeInvoke: DataCollectionEvents.TestCaseStart: Invoking callback 1/1 for Microsoft.TestPlatform.Extensions.BlameDataCollector.BlameCollector.EventsTestCaseStart, took 0 ms.
TpTrace Information: 0 : 95504, 8, 2022/10/26, 15:40:56.107, 11477180309042, datacollector.dll, DataCollectionTestCaseEventHandler: Test case 'Trader.Api.UnitTests.PersonUseCasesTests.ShouldInsertPerson - 08c374ec-ebb6-af7e-f7ad-f69e9c3b9bb5' started.
TpTrace Information: 0 : 95504, 8, 2022/10/26, 15:40:56.107, 11477180312471, datacollector.dll, DataCollectionTestCaseEventHandler: Test case completing.
TpTrace Information: 0 : 95504, 8, 2022/10/26, 15:40:56.108, 11477180315547, datacollector.dll, BlameCollector.EventsTestCaseEnd: Test Case End
TpTrace Verbose: 0 : 95504, 8, 2022/10/26, 15:40:56.108, 11477180315952, datacollector.dll, MulticastDelegateUtilities.SafeInvoke: DataCollectionEvents.TestCaseEnd: Invoking callback 1/1 for Microsoft.TestPlatform.Extensions.BlameDataCollector.BlameCollector.EventsTestCaseEnd, took 0 ms.
TpTrace Information: 0 : 95504, 8, 2022/10/26, 15:40:56.108, 11477180316692, datacollector.dll, DataCollectionTestCaseEventHandler: Test case 'Trader.Api.UnitTests.PersonUseCasesTests.ShouldInsertPerson - 08c374ec-ebb6-af7e-f7ad-f69e9c3b9bb5' completed
TpTrace Information: 0 : 95504, 8, 2022/10/26, 15:40:56.114, 11477180374984, datacollector.dll, DataCollectionTestCaseEventHandler: Test session ended
TpTrace Information: 0 : 95504, 1, 2022/10/26, 15:40:56.205, 11477181289225, datacollector.dll, DataCollectionRequestHandler.ProcessRequests: Datacollector received message: (DataCollection.AfterTestRunEnd) -> {"MessageType":"DataCollection.AfterTestRunEnd","Payload":false}
TpTrace Information: 0 : 95504, 1, 2022/10/26, 15:40:56.206, 11477181302505, datacollector.dll, Blame Collector: Session End
TpTrace Information: 0 : 95504, 1, 2022/10/26, 15:40:56.207, 11477181303694, datacollector.dll, BlameCollector.CollectDumpAndAbortTesthost: Custom path to dump directory was provided via VSTEST_DUMP_PATH. Skipping attachment upload, the caller is responsible for collecting and uploading the dumps themselves.
TpTrace Verbose: 0 : 95504, 1, 2022/10/26, 15:40:56.207, 11477181304659, datacollector.dll, MulticastDelegateUtilities.SafeInvoke: DataCollectionEvents.SessionEnd: Invoking callback 1/1 for Microsoft.TestPlatform.Extensions.BlameDataCollector.BlameCollector.SessionEndedHandler, took 0 ms.
TpTrace Information: 0 : 95504, 1, 2022/10/26, 15:40:56.207, 11477181311698, datacollector.dll, DataCollectionManager.CleanupPlugins: CleanupPlugins called
TpTrace Verbose: 0 : 95504, 1, 2022/10/26, 15:40:56.208, 11477181312818, datacollector.dll, DataCollectionManager.CleanupPlugins: Cleaning up 1 plugins
TpTrace Verbose: 0 : 95504, 1, 2022/10/26, 15:40:56.208, 11477181313938, datacollector.dll, dataCollectorInfo.DisposeDataCollector: calling Dispose() on Microsoft.TestPlatform.Extensions.BlameDataCollector.BlameCollector
TpTrace Information: 0 : 95504, 1, 2022/10/26, 15:40:56.208, 11477181314663, datacollector.dll, DataCollectionManager.CleanupPlugins: CleanupPlugins finished
TpTrace Information: 0 : 95504, 1, 2022/10/26, 15:40:56.212, 11477181361818, datacollector.dll, DataCollectionRequestHandler.ProcessRequests : Session End message received from server. Closing the connection.
TpTrace Information: 0 : 95504, 1, 2022/10/26, 15:40:56.213, 11477181363708, datacollector.dll, Closing the connection !
TpTrace Information: 0 : 95504, 1, 2022/10/26, 15:40:56.213, 11477181364036, datacollector.dll, DataCollectionRequestHandler.ProcessRequests : DataCollection completed
TpTrace Information: 0 : 95504, 1, 2022/10/26, 15:40:56.213, 11477181364268, datacollector.dll, Program.Main: exiting datacollector process.
