TpTrace Verbose: 0 : 110024, 1, 2022/10/27, 14:24:55.726, 12295655764594, datacollector.dll, Version: 17.3.0-release-20220708-01
TpTrace Information: 0 : 110024, 1, 2022/10/27, 14:24:55.730, 12295655805421, datacollector.dll, DataCollectorMain.Run: Starting data collector run with args: --port,64341,--parentprocessid,79228,--diag,C:\Projetos\Indg\Trader\bin\Debug\net6.0\fine-code-coverage\coverage-tool-output\diagnostics.datacollector.22-10-27_14-24-55_61838_1.log,--tracelevel,4
TpTrace Information: 0 : 110024, 1, 2022/10/27, 14:24:55.730, 12295655806468, datacollector.dll, DataCollector: Monitoring parent process with id: '79228'
TpTrace Information: 0 : 110024, 1, 2022/10/27, 14:24:55.734, 12295655844651, datacollector.dll, Trying to connect to server on socket : 127.0.0.1:64341 
TpTrace Verbose: 0 : 110024, 1, 2022/10/27, 14:24:55.741, 12295655911875, datacollector.dll, SocketCommunicationManager : SetupClientAsync : Attempting to connect to the server.
TpTrace Information: 0 : 110024, 8, 2022/10/27, 14:24:55.748, 12295655980826, datacollector.dll, Connected to the server successfully 
TpTrace Information: 0 : 110024, 8, 2022/10/27, 14:24:55.748, 12295655981523, datacollector.dll, Using the buffer size of 16384 bytes
TpTrace Information: 0 : 110024, 1, 2022/10/27, 14:24:55.812, 12295656621304, datacollector.dll, DataCollector: Start Request Processing.
TpTrace Verbose: 0 : 110024, 1, 2022/10/27, 14:24:55.812, 12295656623597, datacollector.dll, SocketCommunicationManager.WaitForServerConnection took: 0 ms, with 90000 ms timeout, and finished with True.
TpTrace Information: 0 : 110024, 1, 2022/10/27, 14:24:55.812, 12295656626608, datacollector.dll, DataCollectionRequestHandler.ProcessRequests: Datacollector received message: (DataCollection.BeforeTestRunStart) -> {"MessageType":"DataCollection.BeforeTestRunStart","Payload":{"SettingsXml":"<RunSettings><RunConfiguration><ResultsDirectory>C:\\Projetos\\Indg\\Trader\\bin\\Debug\\net6.0\\fine-code-coverage\\coverage-tool-output</ResultsDirectory><TargetPlatform>X64</TargetPlatform><TargetFrameworkVersion>.NETCoreApp,Version=v6.0</TargetFrameworkVersion><DesignMode>False</DesignMode><CollectSourceInformation>False</CollectSourceInformation><TestAdaptersPaths>C:\\Program Files\\dotnet\\sdk\\6.0.400\\Extensions</TestAdaptersPaths></RunConfiguration><LoggerRunSettings><Loggers><Logger friendlyName=\"blame\" enabled=\"True\" /><Logger friendlyName=\"Console\" uri=\"logger://microsoft/TestPlatform/ConsoleLogger/v1\" assemblyQualifiedName=\"Microsoft.VisualStudio.TestPlatform.CommandLine.Internal.ConsoleLogger, vstest.console, Version=15.0.0.0, Culture=neutral, PublicKeyToken=b03f5f7f11d50a3a\" codeBase=\"C:\\Program Files\\dotnet\\sdk\\6.0.400\\vstest.console.dll\" enabled=\"True\" /></Loggers></LoggerRunSettings><DataCollectionRunSettings><DataCollectors><DataCollector friendlyName=\"blame\" enabled=\"True\"><Configuration><ResultsDirectory>C:\\Projetos\\Indg\\Trader\\bin\\Debug\\net6.0\\fine-code-coverage\\coverage-tool-output</ResultsDirectory></Configuration></DataCollector></DataCollectors></DataCollectionRunSettings></RunSettings>","Sources":["C:\\Projetos\\Indg\\Trader\\bin\\Debug\\net6.0\\fine-code-coverage\\build-output\\Trader.Api.dll"],"IsTelemetryOptedIn":false}}
TpTrace Verbose: 0 : 110024, 1, 2022/10/27, 14:24:55.845, 12295656957928, datacollector.dll, TestPluginCache: Update extensions started. Skip filter = False
TpTrace Verbose: 0 : 110024, 1, 2022/10/27, 14:24:55.846, 12295656963340, datacollector.dll, TestPluginCache: Using directories for assembly resolution 'C:\Program Files\dotnet\sdk\6.0.400\Extensions'.
TpTrace Verbose: 0 : 110024, 1, 2022/10/27, 14:24:55.846, 12295656963866, datacollector.dll, TestPluginCache: Updated the available extensions to 'C:\Program Files\dotnet\sdk\6.0.400\Extensions\Microsoft.TestPlatform.Extensions.BlameDataCollector.dll,C:\Program Files\dotnet\sdk\6.0.400\Extensions\Microsoft.TestPlatform.Extensions.EventLogCollector.dll'.
TpTrace Verbose: 0 : 110024, 1, 2022/10/27, 14:24:55.851, 12295657015111, datacollector.dll, TestPluginCache.DiscoverTestExtensions: finding test extensions in assemblies ends with: Collector.dll TPluginInfo: Microsoft.VisualStudio.TestPlatform.Common.DataCollector.DataCollectorConfig TExtension: Microsoft.VisualStudio.TestPlatform.ObjectModel.DataCollection.DataCollector
TpTrace Verbose: 0 : 110024, 1, 2022/10/27, 14:24:55.851, 12295657017352, datacollector.dll, TestPluginCache.GetExtensionPaths: Filtered extension paths: C:\Program Files\dotnet\sdk\6.0.400\Extensions\Microsoft.TestPlatform.Extensions.BlameDataCollector.dll
C:\Program Files\dotnet\sdk\6.0.400\Extensions\Microsoft.TestPlatform.Extensions.EventLogCollector.dll
TpTrace Verbose: 0 : 110024, 1, 2022/10/27, 14:24:55.851, 12295657017776, datacollector.dll, TestPluginCache.GetExtensionPaths: Added default extension paths: 
TpTrace Verbose: 0 : 110024, 1, 2022/10/27, 14:24:55.851, 12295657018016, datacollector.dll, TestPluginCache.GetExtensionPaths: Added unfilterableExtensionPaths: 
TpTrace Information: 0 : 110024, 1, 2022/10/27, 14:24:55.852, 12295657024037, datacollector.dll, AssemblyResolver.ctor: Creating AssemblyResolver with searchDirectories C:\Program Files\dotnet\sdk\6.0.400\Extensions,C:\Program Files\dotnet\sdk\6.0.400
TpTrace Verbose: 0 : 110024, 1, 2022/10/27, 14:24:55.853, 12295657037934, datacollector.dll, TestPluginCache.DiscoverTestExtensions: Discovering the extensions using extension path.
TpTrace Verbose: 0 : 110024, 1, 2022/10/27, 14:24:55.854, 12295657039242, datacollector.dll, TestPluginCache.GetExtensionPaths: Filtered extension paths: C:\Program Files\dotnet\sdk\6.0.400\Extensions\Microsoft.TestPlatform.Extensions.BlameDataCollector.dll
C:\Program Files\dotnet\sdk\6.0.400\Extensions\Microsoft.TestPlatform.Extensions.EventLogCollector.dll
TpTrace Verbose: 0 : 110024, 1, 2022/10/27, 14:24:55.854, 12295657039571, datacollector.dll, TestPluginCache.GetExtensionPaths: Added default extension paths: 
TpTrace Verbose: 0 : 110024, 1, 2022/10/27, 14:24:55.854, 12295657039730, datacollector.dll, TestPluginCache.GetExtensionPaths: Added unfilterableExtensionPaths: 
TpTrace Verbose: 0 : 110024, 1, 2022/10/27, 14:24:55.854, 12295657040063, datacollector.dll, TestPluginCache.DiscoverTestExtensions: Discovering the extensions using allExtensionPaths: C:\Program Files\dotnet\sdk\6.0.400\Extensions\Microsoft.TestPlatform.Extensions.BlameDataCollector.dll
C:\Program Files\dotnet\sdk\6.0.400\Extensions\Microsoft.TestPlatform.Extensions.EventLogCollector.dll
TpTrace Information: 0 : 110024, 1, 2022/10/27, 14:24:55.854, 12295657040964, datacollector.dll, AssemblyResolver.AddSearchDirectories: Adding more searchDirectories C:\Program Files\dotnet\sdk\6.0.400\Extensions,C:\Program Files\dotnet\sdk\6.0.400
TpTrace Information: 0 : 110024, 1, 2022/10/27, 14:24:55.854, 12295657041303, datacollector.dll, AssemblyResolver.AddSearchDirectories: Adding more searchDirectories C:\Program Files\dotnet\sdk\6.0.400\Extensions,C:\Program Files\dotnet\sdk\6.0.400
TpTrace Information: 0 : 110024, 1, 2022/10/27, 14:24:55.854, 12295657044261, datacollector.dll, AssemblyResolver.OnResolve: Microsoft.TestPlatform.Extensions.BlameDataCollector: Resolving assembly.
TpTrace Information: 0 : 110024, 1, 2022/10/27, 14:24:55.854, 12295657044824, datacollector.dll, AssemblyResolver.OnResolve: Microsoft.TestPlatform.Extensions.BlameDataCollector: Searching in: 'C:\Program Files\dotnet\sdk\6.0.400\Extensions'.
TpTrace Information: 0 : 110024, 1, 2022/10/27, 14:24:55.855, 12295657053270, datacollector.dll, AssemblyResolver.OnResolve: Microsoft.TestPlatform.Extensions.BlameDataCollector: Loading assembly 'C:\Program Files\dotnet\sdk\6.0.400\Extensions\Microsoft.TestPlatform.Extensions.BlameDataCollector.dll'.
TpTrace Information: 0 : 110024, 1, 2022/10/27, 14:24:55.856, 12295657060457, datacollector.dll, AssemblyResolver.OnResolve: Resolved assembly: Microsoft.TestPlatform.Extensions.BlameDataCollector, from path: C:\Program Files\dotnet\sdk\6.0.400\Extensions\Microsoft.TestPlatform.Extensions.BlameDataCollector.dll
TpTrace Verbose: 0 : 110024, 1, 2022/10/27, 14:24:55.859, 12295657095146, datacollector.dll, MetadataReaderExtensionsHelper: Discovering extensions inside assembly 'Microsoft.TestPlatform.Extensions.BlameDataCollector, Version=15.0.0.0, Culture=neutral, PublicKeyToken=b03f5f7f11d50a3a' file path 'C:\Program Files\dotnet\sdk\6.0.400\Extensions\Microsoft.TestPlatform.Extensions.BlameDataCollector.dll'
TpTrace Error: 0 : 110024, 1, 2022/10/27, 14:24:55.866, 12295657163927, datacollector.dll, The type "Microsoft.TestPlatform.Extensions.BlameDataCollector.BlameCollector" defined in "Microsoft.TestPlatform.Extensions.BlameDataCollector.dll" does not have ExtensionUri attribute.
TpTrace Information: 0 : 110024, 1, 2022/10/27, 14:24:55.867, 12295657171540, datacollector.dll, GetTestExtensionFromType: Register extension with identifier data 'datacollector://microsoft/TestPlatform/Extensions/Blame/v1' and type 'Microsoft.TestPlatform.Extensions.BlameDataCollector.BlameCollector, Microsoft.TestPlatform.Extensions.BlameDataCollector, Version=15.0.0.0, Culture=neutral, PublicKeyToken=b03f5f7f11d50a3a' inside file 'C:\Program Files\dotnet\sdk\6.0.400\Extensions\Microsoft.TestPlatform.Extensions.BlameDataCollector.dll'
TpTrace Information: 0 : 110024, 1, 2022/10/27, 14:24:55.867, 12295657172493, datacollector.dll, AssemblyResolver.OnResolve: Microsoft.TestPlatform.Extensions.EventLogCollector: Resolving assembly.
TpTrace Information: 0 : 110024, 1, 2022/10/27, 14:24:55.867, 12295657172732, datacollector.dll, AssemblyResolver.OnResolve: Microsoft.TestPlatform.Extensions.EventLogCollector: Searching in: 'C:\Program Files\dotnet\sdk\6.0.400\Extensions'.
TpTrace Information: 0 : 110024, 1, 2022/10/27, 14:24:55.867, 12295657178429, datacollector.dll, AssemblyResolver.OnResolve: Microsoft.TestPlatform.Extensions.EventLogCollector: Loading assembly 'C:\Program Files\dotnet\sdk\6.0.400\Extensions\Microsoft.TestPlatform.Extensions.EventLogCollector.dll'.
TpTrace Information: 0 : 110024, 1, 2022/10/27, 14:24:55.868, 12295657185464, datacollector.dll, AssemblyResolver.OnResolve: Resolved assembly: Microsoft.TestPlatform.Extensions.EventLogCollector, from path: C:\Program Files\dotnet\sdk\6.0.400\Extensions\Microsoft.TestPlatform.Extensions.EventLogCollector.dll
TpTrace Verbose: 0 : 110024, 1, 2022/10/27, 14:24:55.868, 12295657186098, datacollector.dll, MetadataReaderExtensionsHelper: Discovering extensions inside assembly 'Microsoft.TestPlatform.Extensions.EventLogCollector, Version=15.0.0.0, Culture=neutral, PublicKeyToken=b03f5f7f11d50a3a' file path 'C:\Program Files\dotnet\sdk\6.0.400\Extensions\Microsoft.TestPlatform.Extensions.EventLogCollector.dll'
TpTrace Error: 0 : 110024, 1, 2022/10/27, 14:24:55.870, 12295657201339, datacollector.dll, The type "Microsoft.TestPlatform.Extensions.EventLogCollector.EventLogDataCollector" defined in "Microsoft.TestPlatform.Extensions.EventLogCollector.dll" does not have ExtensionUri attribute.
TpTrace Information: 0 : 110024, 1, 2022/10/27, 14:24:55.870, 12295657202391, datacollector.dll, GetTestExtensionFromType: Register extension with identifier data 'datacollector://microsoft/EventLog/2.0' and type 'Microsoft.TestPlatform.Extensions.EventLogCollector.EventLogDataCollector, Microsoft.TestPlatform.Extensions.EventLogCollector, Version=15.0.0.0, Culture=neutral, PublicKeyToken=b03f5f7f11d50a3a' inside file 'C:\Program Files\dotnet\sdk\6.0.400\Extensions\Microsoft.TestPlatform.Extensions.EventLogCollector.dll'
TpTrace Verbose: 0 : 110024, 1, 2022/10/27, 14:24:55.870, 12295657203865, datacollector.dll, TestPluginCache: Discovered the extensions using extension path 'C:\Program Files\dotnet\sdk\6.0.400\Extensions\Microsoft.TestPlatform.Extensions.BlameDataCollector.dll,C:\Program Files\dotnet\sdk\6.0.400\Extensions\Microsoft.TestPlatform.Extensions.EventLogCollector.dll'.
TpTrace Verbose: 0 : 110024, 1, 2022/10/27, 14:24:55.870, 12295657204184, datacollector.dll, TestPluginCache: Discoverers are ''.
TpTrace Verbose: 0 : 110024, 1, 2022/10/27, 14:24:55.870, 12295657204331, datacollector.dll, TestPluginCache: Executors are ''.
TpTrace Verbose: 0 : 110024, 1, 2022/10/27, 14:24:55.870, 12295657204466, datacollector.dll, TestPluginCache: Executors2 are ''.
TpTrace Verbose: 0 : 110024, 1, 2022/10/27, 14:24:55.870, 12295657204627, datacollector.dll, TestPluginCache: Setting providers are ''.
TpTrace Verbose: 0 : 110024, 1, 2022/10/27, 14:24:55.870, 12295657204775, datacollector.dll, TestPluginCache: Loggers are ''.
TpTrace Verbose: 0 : 110024, 1, 2022/10/27, 14:24:55.870, 12295657204909, datacollector.dll, TestPluginCache: TestHosts are ''.
TpTrace Verbose: 0 : 110024, 1, 2022/10/27, 14:24:55.870, 12295657206840, datacollector.dll, TestPluginCache: DataCollectors are 'datacollector://microsoft/TestPlatform/Extensions/Blame/v1,datacollector://microsoft/EventLog/2.0'.
TpTrace Information: 0 : 110024, 1, 2022/10/27, 14:24:55.871, 12295657215641, datacollector.dll, TestPluginManager.CreateTestExtension: Attempting to load test extension: Microsoft.TestPlatform.Extensions.BlameDataCollector.BlameCollector
TpTrace Verbose: 0 : 110024, 1, 2022/10/27, 14:24:55.874, 12295657244953, datacollector.dll, MulticastDelegateUtilities.SafeInvoke: DataCollectionEvents.SessionStart: Invoking callbacks was skipped because there are no subscribers.
TpTrace Information: 0 : 110024, 1, 2022/10/27, 14:24:55.875, 12295657252472, datacollector.dll, Listening on Endpoint : 127.0.0.1:64343
TpTrace Information: 0 : 110024, 1, 2022/10/27, 14:24:55.880, 12295657306823, datacollector.dll, DataCollectionRequestHandler.ProcessRequests : DataCollection started.
TpTrace Information: 0 : 110024, 1, 2022/10/27, 14:24:55.896, 12295657463703, datacollector.dll, DataCollectionRequestHandler.ProcessRequests: Datacollector received message: (DataCollection.TestHostLaunched) -> {"MessageType":"DataCollection.TestHostLaunched","Payload":{"ProcessId":84136}}
TpTrace Verbose: 0 : 110024, 1, 2022/10/27, 14:24:55.897, 12295657473094, datacollector.dll, MulticastDelegateUtilities.SafeInvoke: DataCollectionEvents.TestHostLaunched: Invoking callback 1/1 for Microsoft.TestPlatform.Extensions.BlameDataCollector.BlameCollector.TestHostLaunchedHandler, took 0 ms.
TpTrace Information: 0 : 110024, 5, 2022/10/27, 14:24:56.028, 12295658787202, datacollector.dll, Using the buffer size of 16384 bytes
TpTrace Information: 0 : 110024, 5, 2022/10/27, 14:24:56.028, 12295658787820, datacollector.dll, Accepted Client request and set the flag
TpTrace Verbose: 0 : 110024, 8, 2022/10/27, 14:24:56.028, 12295658787289, datacollector.dll, SocketCommunicationManager.WaitForClientConnection took: 151 ms, with 90000 ms timeout, and finished with True.
TpTrace Information: 0 : 110024, 8, 2022/10/27, 14:24:57.786, 12295676365717, datacollector.dll, DataCollectionTestCaseEventHandler: Test case starting.
TpTrace Information: 0 : 110024, 8, 2022/10/27, 14:24:57.795, 12295676452945, datacollector.dll, BlameCollector.EventsTestCaseStart: Test Case Start
TpTrace Verbose: 0 : 110024, 8, 2022/10/27, 14:24:57.795, 12295676454693, datacollector.dll, MulticastDelegateUtilities.SafeInvoke: DataCollectionEvents.TestCaseStart: Invoking callback 1/1 for Microsoft.TestPlatform.Extensions.BlameDataCollector.BlameCollector.EventsTestCaseStart, took 0 ms.
TpTrace Information: 0 : 110024, 8, 2022/10/27, 14:24:57.795, 12295676456099, datacollector.dll, DataCollectionTestCaseEventHandler: Test case 'Trader.Api.UnitTests.ItemTransferTests.ShouldNotTransferItemPersonInactive - 36810320-b9d5-3b60-0dd2-e39b7a45025e' started.
TpTrace Information: 0 : 110024, 8, 2022/10/27, 14:24:57.796, 12295676462015, datacollector.dll, DataCollectionTestCaseEventHandler: Test case starting.
TpTrace Information: 0 : 110024, 8, 2022/10/27, 14:24:57.796, 12295676465562, datacollector.dll, BlameCollector.EventsTestCaseStart: Test Case Start
TpTrace Verbose: 0 : 110024, 8, 2022/10/27, 14:24:57.796, 12295676466041, datacollector.dll, MulticastDelegateUtilities.SafeInvoke: DataCollectionEvents.TestCaseStart: Invoking callback 1/1 for Microsoft.TestPlatform.Extensions.BlameDataCollector.BlameCollector.EventsTestCaseStart, took 0 ms.
TpTrace Information: 0 : 110024, 8, 2022/10/27, 14:24:57.796, 12295676466848, datacollector.dll, DataCollectionTestCaseEventHandler: Test case 'Trader.Api.UnitTests.ItemTests.ShouldGetAll - 4b39d05c-9341-9317-f8b6-5fdf46579d49' started.
TpTrace Information: 0 : 110024, 8, 2022/10/27, 14:24:57.797, 12295676470603, datacollector.dll, DataCollectionTestCaseEventHandler: Test case starting.
TpTrace Information: 0 : 110024, 8, 2022/10/27, 14:24:57.797, 12295676474103, datacollector.dll, BlameCollector.EventsTestCaseStart: Test Case Start
TpTrace Verbose: 0 : 110024, 8, 2022/10/27, 14:24:57.797, 12295676474538, datacollector.dll, MulticastDelegateUtilities.SafeInvoke: DataCollectionEvents.TestCaseStart: Invoking callback 1/1 for Microsoft.TestPlatform.Extensions.BlameDataCollector.BlameCollector.EventsTestCaseStart, took 0 ms.
TpTrace Information: 0 : 110024, 8, 2022/10/27, 14:24:57.797, 12295676475164, datacollector.dll, DataCollectionTestCaseEventHandler: Test case 'Trader.Api.UnitTests.PersonTests.ShouldGetPersonById - d531989f-2d18-3438-7512-83256678e189' started.
TpTrace Information: 0 : 110024, 8, 2022/10/27, 14:24:57.841, 12295676913151, datacollector.dll, DataCollectionTestCaseEventHandler: Test case completing.
TpTrace Information: 0 : 110024, 8, 2022/10/27, 14:24:57.844, 12295676943600, datacollector.dll, BlameCollector.EventsTestCaseEnd: Test Case End
TpTrace Verbose: 0 : 110024, 8, 2022/10/27, 14:24:57.844, 12295676945407, datacollector.dll, MulticastDelegateUtilities.SafeInvoke: DataCollectionEvents.TestCaseEnd: Invoking callback 1/1 for Microsoft.TestPlatform.Extensions.BlameDataCollector.BlameCollector.EventsTestCaseEnd, took 0 ms.
TpTrace Information: 0 : 110024, 8, 2022/10/27, 14:24:57.846, 12295676962755, datacollector.dll, DataCollectionTestCaseEventHandler: Test case 'Trader.Api.UnitTests.ItemTests.ShouldGetAll - 4b39d05c-9341-9317-f8b6-5fdf46579d49' completed
TpTrace Information: 0 : 110024, 8, 2022/10/27, 14:24:57.855, 12295677054167, datacollector.dll, DataCollectionTestCaseEventHandler: Test case completing.
TpTrace Information: 0 : 110024, 8, 2022/10/27, 14:24:57.856, 12295677060016, datacollector.dll, BlameCollector.EventsTestCaseEnd: Test Case End
TpTrace Verbose: 0 : 110024, 8, 2022/10/27, 14:24:57.856, 12295677060814, datacollector.dll, MulticastDelegateUtilities.SafeInvoke: DataCollectionEvents.TestCaseEnd: Invoking callback 1/1 for Microsoft.TestPlatform.Extensions.BlameDataCollector.BlameCollector.EventsTestCaseEnd, took 0 ms.
TpTrace Information: 0 : 110024, 8, 2022/10/27, 14:24:57.856, 12295677062326, datacollector.dll, DataCollectionTestCaseEventHandler: Test case 'Trader.Api.UnitTests.PersonTests.ShouldGetPersonById - d531989f-2d18-3438-7512-83256678e189' completed
TpTrace Information: 0 : 110024, 8, 2022/10/27, 14:24:57.857, 12295677074443, datacollector.dll, DataCollectionTestCaseEventHandler: Test case starting.
TpTrace Information: 0 : 110024, 8, 2022/10/27, 14:24:57.857, 12295677077637, datacollector.dll, BlameCollector.EventsTestCaseStart: Test Case Start
TpTrace Verbose: 0 : 110024, 8, 2022/10/27, 14:24:57.857, 12295677078149, datacollector.dll, MulticastDelegateUtilities.SafeInvoke: DataCollectionEvents.TestCaseStart: Invoking callback 1/1 for Microsoft.TestPlatform.Extensions.BlameDataCollector.BlameCollector.EventsTestCaseStart, took 0 ms.
TpTrace Information: 0 : 110024, 8, 2022/10/27, 14:24:57.858, 12295677078826, datacollector.dll, DataCollectionTestCaseEventHandler: Test case 'Trader.Api.UnitTests.ItemTests.ShouldUpdateItem - 58cd12ad-117f-ffef-2ad8-20d28a0e00db' started.
TpTrace Information: 0 : 110024, 8, 2022/10/27, 14:24:57.858, 12295677082683, datacollector.dll, DataCollectionTestCaseEventHandler: Test case starting.
TpTrace Information: 0 : 110024, 8, 2022/10/27, 14:24:57.858, 12295677087181, datacollector.dll, BlameCollector.EventsTestCaseStart: Test Case Start
TpTrace Verbose: 0 : 110024, 8, 2022/10/27, 14:24:57.858, 12295677087837, datacollector.dll, MulticastDelegateUtilities.SafeInvoke: DataCollectionEvents.TestCaseStart: Invoking callback 1/1 for Microsoft.TestPlatform.Extensions.BlameDataCollector.BlameCollector.EventsTestCaseStart, took 0 ms.
TpTrace Information: 0 : 110024, 8, 2022/10/27, 14:24:57.859, 12295677088749, datacollector.dll, DataCollectionTestCaseEventHandler: Test case 'Trader.Api.UnitTests.PersonTests.ShouldDeletePerson - d20e8e6f-130c-0c46-8d32-6d55fe3ba93a' started.
TpTrace Information: 0 : 110024, 8, 2022/10/27, 14:24:57.859, 12295677092987, datacollector.dll, DataCollectionTestCaseEventHandler: Test case completing.
TpTrace Information: 0 : 110024, 8, 2022/10/27, 14:24:57.859, 12295677095779, datacollector.dll, BlameCollector.EventsTestCaseEnd: Test Case End
TpTrace Verbose: 0 : 110024, 8, 2022/10/27, 14:24:57.859, 12295677096340, datacollector.dll, MulticastDelegateUtilities.SafeInvoke: DataCollectionEvents.TestCaseEnd: Invoking callback 1/1 for Microsoft.TestPlatform.Extensions.BlameDataCollector.BlameCollector.EventsTestCaseEnd, took 0 ms.
TpTrace Information: 0 : 110024, 8, 2022/10/27, 14:24:57.859, 12295677097022, datacollector.dll, DataCollectionTestCaseEventHandler: Test case 'Trader.Api.UnitTests.PersonTests.ShouldDeletePerson - d20e8e6f-130c-0c46-8d32-6d55fe3ba93a' completed
TpTrace Information: 0 : 110024, 8, 2022/10/27, 14:24:57.860, 12295677101604, datacollector.dll, DataCollectionTestCaseEventHandler: Test case completing.
TpTrace Information: 0 : 110024, 8, 2022/10/27, 14:24:57.860, 12295677104784, datacollector.dll, BlameCollector.EventsTestCaseEnd: Test Case End
TpTrace Verbose: 0 : 110024, 8, 2022/10/27, 14:24:57.860, 12295677105149, datacollector.dll, MulticastDelegateUtilities.SafeInvoke: DataCollectionEvents.TestCaseEnd: Invoking callback 1/1 for Microsoft.TestPlatform.Extensions.BlameDataCollector.BlameCollector.EventsTestCaseEnd, took 0 ms.
TpTrace Information: 0 : 110024, 8, 2022/10/27, 14:24:57.860, 12295677105730, datacollector.dll, DataCollectionTestCaseEventHandler: Test case 'Trader.Api.UnitTests.ItemTests.ShouldUpdateItem - 58cd12ad-117f-ffef-2ad8-20d28a0e00db' completed
TpTrace Information: 0 : 110024, 8, 2022/10/27, 14:24:57.861, 12295677110862, datacollector.dll, DataCollectionTestCaseEventHandler: Test case starting.
TpTrace Information: 0 : 110024, 8, 2022/10/27, 14:24:57.861, 12295677113241, datacollector.dll, BlameCollector.EventsTestCaseStart: Test Case Start
TpTrace Verbose: 0 : 110024, 8, 2022/10/27, 14:24:57.861, 12295677113564, datacollector.dll, MulticastDelegateUtilities.SafeInvoke: DataCollectionEvents.TestCaseStart: Invoking callback 1/1 for Microsoft.TestPlatform.Extensions.BlameDataCollector.BlameCollector.EventsTestCaseStart, took 0 ms.
TpTrace Information: 0 : 110024, 8, 2022/10/27, 14:24:57.861, 12295677114099, datacollector.dll, DataCollectionTestCaseEventHandler: Test case 'Trader.Api.UnitTests.PersonTests.ShouldGetAll - b4e8b10a-b18f-8ef4-2d2d-5f3cbe0c5aba' started.
TpTrace Information: 0 : 110024, 8, 2022/10/27, 14:24:57.861, 12295677117757, datacollector.dll, DataCollectionTestCaseEventHandler: Test case starting.
TpTrace Information: 0 : 110024, 8, 2022/10/27, 14:24:57.862, 12295677120185, datacollector.dll, BlameCollector.EventsTestCaseStart: Test Case Start
TpTrace Verbose: 0 : 110024, 8, 2022/10/27, 14:24:57.862, 12295677120511, datacollector.dll, MulticastDelegateUtilities.SafeInvoke: DataCollectionEvents.TestCaseStart: Invoking callback 1/1 for Microsoft.TestPlatform.Extensions.BlameDataCollector.BlameCollector.EventsTestCaseStart, took 0 ms.
TpTrace Information: 0 : 110024, 8, 2022/10/27, 14:24:57.862, 12295677121030, datacollector.dll, DataCollectionTestCaseEventHandler: Test case 'Trader.Api.UnitTests.ItemTests.ShouldInativateItens - 29873739-1656-a110-6513-04c1e2ba7f56' started.
TpTrace Information: 0 : 110024, 8, 2022/10/27, 14:24:57.862, 12295677126280, datacollector.dll, DataCollectionTestCaseEventHandler: Test case completing.
TpTrace Information: 0 : 110024, 8, 2022/10/27, 14:24:57.863, 12295677129408, datacollector.dll, BlameCollector.EventsTestCaseEnd: Test Case End
TpTrace Verbose: 0 : 110024, 8, 2022/10/27, 14:24:57.863, 12295677129834, datacollector.dll, MulticastDelegateUtilities.SafeInvoke: DataCollectionEvents.TestCaseEnd: Invoking callback 1/1 for Microsoft.TestPlatform.Extensions.BlameDataCollector.BlameCollector.EventsTestCaseEnd, took 0 ms.
TpTrace Information: 0 : 110024, 8, 2022/10/27, 14:24:57.863, 12295677130619, datacollector.dll, DataCollectionTestCaseEventHandler: Test case 'Trader.Api.UnitTests.ItemTransferTests.ShouldNotTransferItemPersonInactive - 36810320-b9d5-3b60-0dd2-e39b7a45025e' completed
TpTrace Information: 0 : 110024, 8, 2022/10/27, 14:24:57.863, 12295677137628, datacollector.dll, DataCollectionTestCaseEventHandler: Test case starting.
TpTrace Information: 0 : 110024, 8, 2022/10/27, 14:24:57.864, 12295677140374, datacollector.dll, BlameCollector.EventsTestCaseStart: Test Case Start
TpTrace Verbose: 0 : 110024, 8, 2022/10/27, 14:24:57.864, 12295677140801, datacollector.dll, MulticastDelegateUtilities.SafeInvoke: DataCollectionEvents.TestCaseStart: Invoking callback 1/1 for Microsoft.TestPlatform.Extensions.BlameDataCollector.BlameCollector.EventsTestCaseStart, took 0 ms.
TpTrace Information: 0 : 110024, 8, 2022/10/27, 14:24:57.864, 12295677141433, datacollector.dll, DataCollectionTestCaseEventHandler: Test case 'Trader.Api.UnitTests.ItemTransferTests.ShouldGetAll - 4c496c0b-393b-0b02-02cb-ea740103c54b' started.
TpTrace Information: 0 : 110024, 8, 2022/10/27, 14:24:57.864, 12295677144440, datacollector.dll, DataCollectionTestCaseEventHandler: Test case completing.
TpTrace Information: 0 : 110024, 8, 2022/10/27, 14:24:57.864, 12295677147246, datacollector.dll, BlameCollector.EventsTestCaseEnd: Test Case End
TpTrace Verbose: 0 : 110024, 8, 2022/10/27, 14:24:57.864, 12295677147623, datacollector.dll, MulticastDelegateUtilities.SafeInvoke: DataCollectionEvents.TestCaseEnd: Invoking callback 1/1 for Microsoft.TestPlatform.Extensions.BlameDataCollector.BlameCollector.EventsTestCaseEnd, took 0 ms.
TpTrace Information: 0 : 110024, 8, 2022/10/27, 14:24:57.864, 12295677148268, datacollector.dll, DataCollectionTestCaseEventHandler: Test case 'Trader.Api.UnitTests.PersonTests.ShouldGetAll - b4e8b10a-b18f-8ef4-2d2d-5f3cbe0c5aba' completed
TpTrace Information: 0 : 110024, 8, 2022/10/27, 14:24:57.865, 12295677152472, datacollector.dll, DataCollectionTestCaseEventHandler: Test case starting.
TpTrace Information: 0 : 110024, 8, 2022/10/27, 14:24:57.865, 12295677155306, datacollector.dll, BlameCollector.EventsTestCaseStart: Test Case Start
TpTrace Verbose: 0 : 110024, 8, 2022/10/27, 14:24:57.865, 12295677155693, datacollector.dll, MulticastDelegateUtilities.SafeInvoke: DataCollectionEvents.TestCaseStart: Invoking callback 1/1 for Microsoft.TestPlatform.Extensions.BlameDataCollector.BlameCollector.EventsTestCaseStart, took 0 ms.
TpTrace Information: 0 : 110024, 8, 2022/10/27, 14:24:57.865, 12295677156313, datacollector.dll, DataCollectionTestCaseEventHandler: Test case 'Trader.Api.UnitTests.PersonTests.ShouldNotUpdatePersonNameAlreadyExists(PersonId: 1, Name: "Marcos") - cee9b1ba-9867-55d6-a2e9-fdf330699f5b' started.
TpTrace Information: 0 : 110024, 8, 2022/10/27, 14:24:57.866, 12295677159113, datacollector.dll, DataCollectionTestCaseEventHandler: Test case completing.
TpTrace Information: 0 : 110024, 8, 2022/10/27, 14:24:57.866, 12295677161902, datacollector.dll, BlameCollector.EventsTestCaseEnd: Test Case End
TpTrace Verbose: 0 : 110024, 8, 2022/10/27, 14:24:57.866, 12295677162513, datacollector.dll, MulticastDelegateUtilities.SafeInvoke: DataCollectionEvents.TestCaseEnd: Invoking callback 1/1 for Microsoft.TestPlatform.Extensions.BlameDataCollector.BlameCollector.EventsTestCaseEnd, took 0 ms.
TpTrace Information: 0 : 110024, 8, 2022/10/27, 14:24:57.866, 12295677163132, datacollector.dll, DataCollectionTestCaseEventHandler: Test case 'Trader.Api.UnitTests.ItemTransferTests.ShouldGetAll - 4c496c0b-393b-0b02-02cb-ea740103c54b' completed
TpTrace Information: 0 : 110024, 8, 2022/10/27, 14:24:57.876, 12295677264449, datacollector.dll, DataCollectionTestCaseEventHandler: Test case starting.
TpTrace Information: 0 : 110024, 8, 2022/10/27, 14:24:57.877, 12295677269632, datacollector.dll, BlameCollector.EventsTestCaseStart: Test Case Start
TpTrace Verbose: 0 : 110024, 8, 2022/10/27, 14:24:57.877, 12295677270148, datacollector.dll, MulticastDelegateUtilities.SafeInvoke: DataCollectionEvents.TestCaseStart: Invoking callback 1/1 for Microsoft.TestPlatform.Extensions.BlameDataCollector.BlameCollector.EventsTestCaseStart, took 0 ms.
TpTrace Information: 0 : 110024, 8, 2022/10/27, 14:24:57.877, 12295677270824, datacollector.dll, DataCollectionTestCaseEventHandler: Test case 'Trader.Api.UnitTests.ItemTransferTests.ShouldNotTransferItemItemInactive - 8c98ec49-93d9-9807-ca98-8263032bc4f6' started.
TpTrace Information: 0 : 110024, 8, 2022/10/27, 14:24:57.877, 12295677275072, datacollector.dll, DataCollectionTestCaseEventHandler: Test case completing.
TpTrace Information: 0 : 110024, 8, 2022/10/27, 14:24:57.877, 12295677277871, datacollector.dll, BlameCollector.EventsTestCaseEnd: Test Case End
TpTrace Verbose: 0 : 110024, 8, 2022/10/27, 14:24:57.877, 12295677278245, datacollector.dll, MulticastDelegateUtilities.SafeInvoke: DataCollectionEvents.TestCaseEnd: Invoking callback 1/1 for Microsoft.TestPlatform.Extensions.BlameDataCollector.BlameCollector.EventsTestCaseEnd, took 0 ms.
TpTrace Information: 0 : 110024, 8, 2022/10/27, 14:24:57.878, 12295677278898, datacollector.dll, DataCollectionTestCaseEventHandler: Test case 'Trader.Api.UnitTests.ItemTests.ShouldInativateItens - 29873739-1656-a110-6513-04c1e2ba7f56' completed
TpTrace Information: 0 : 110024, 8, 2022/10/27, 14:24:57.878, 12295677286561, datacollector.dll, DataCollectionTestCaseEventHandler: Test case starting.
TpTrace Information: 0 : 110024, 8, 2022/10/27, 14:24:57.879, 12295677290153, datacollector.dll, BlameCollector.EventsTestCaseStart: Test Case Start
TpTrace Verbose: 0 : 110024, 8, 2022/10/27, 14:24:57.879, 12295677290652, datacollector.dll, MulticastDelegateUtilities.SafeInvoke: DataCollectionEvents.TestCaseStart: Invoking callback 1/1 for Microsoft.TestPlatform.Extensions.BlameDataCollector.BlameCollector.EventsTestCaseStart, took 0 ms.
TpTrace Information: 0 : 110024, 8, 2022/10/27, 14:24:57.879, 12295677291232, datacollector.dll, DataCollectionTestCaseEventHandler: Test case 'Trader.Api.UnitTests.ItemTests.ShouldNotUpdateItemAlreadyExists - 42e06b69-9770-9c1e-eaf2-bd45dfac8b86' started.
TpTrace Information: 0 : 110024, 8, 2022/10/27, 14:24:57.879, 12295677295728, datacollector.dll, DataCollectionTestCaseEventHandler: Test case completing.
TpTrace Information: 0 : 110024, 8, 2022/10/27, 14:24:57.879, 12295677298372, datacollector.dll, BlameCollector.EventsTestCaseEnd: Test Case End
TpTrace Verbose: 0 : 110024, 8, 2022/10/27, 14:24:57.880, 12295677298727, datacollector.dll, MulticastDelegateUtilities.SafeInvoke: DataCollectionEvents.TestCaseEnd: Invoking callback 1/1 for Microsoft.TestPlatform.Extensions.BlameDataCollector.BlameCollector.EventsTestCaseEnd, took 0 ms.
TpTrace Information: 0 : 110024, 8, 2022/10/27, 14:24:57.880, 12295677299384, datacollector.dll, DataCollectionTestCaseEventHandler: Test case 'Trader.Api.UnitTests.PersonTests.ShouldNotUpdatePersonNameAlreadyExists(PersonId: 1, Name: "Marcos") - cee9b1ba-9867-55d6-a2e9-fdf330699f5b' completed
TpTrace Information: 0 : 110024, 8, 2022/10/27, 14:24:57.880, 12295677304433, datacollector.dll, DataCollectionTestCaseEventHandler: Test case starting.
TpTrace Information: 0 : 110024, 8, 2022/10/27, 14:24:57.880, 12295677307113, datacollector.dll, BlameCollector.EventsTestCaseStart: Test Case Start
TpTrace Verbose: 0 : 110024, 8, 2022/10/27, 14:24:57.880, 12295677307474, datacollector.dll, MulticastDelegateUtilities.SafeInvoke: DataCollectionEvents.TestCaseStart: Invoking callback 1/1 for Microsoft.TestPlatform.Extensions.BlameDataCollector.BlameCollector.EventsTestCaseStart, took 0 ms.
TpTrace Information: 0 : 110024, 8, 2022/10/27, 14:24:57.880, 12295677308010, datacollector.dll, DataCollectionTestCaseEventHandler: Test case 'Trader.Api.UnitTests.PersonTests.ShouldUpdatePerson(PersonId: 2, Name: "Luis") - f74a5041-180c-2644-594a-d74e76759b56' started.
TpTrace Information: 0 : 110024, 8, 2022/10/27, 14:24:57.881, 12295677312335, datacollector.dll, DataCollectionTestCaseEventHandler: Test case completing.
TpTrace Information: 0 : 110024, 8, 2022/10/27, 14:24:57.881, 12295677315428, datacollector.dll, BlameCollector.EventsTestCaseEnd: Test Case End
TpTrace Verbose: 0 : 110024, 8, 2022/10/27, 14:24:57.881, 12295677315851, datacollector.dll, MulticastDelegateUtilities.SafeInvoke: DataCollectionEvents.TestCaseEnd: Invoking callback 1/1 for Microsoft.TestPlatform.Extensions.BlameDataCollector.BlameCollector.EventsTestCaseEnd, took 0 ms.
TpTrace Information: 0 : 110024, 8, 2022/10/27, 14:24:57.881, 12295677316419, datacollector.dll, DataCollectionTestCaseEventHandler: Test case 'Trader.Api.UnitTests.ItemTests.ShouldNotUpdateItemAlreadyExists - 42e06b69-9770-9c1e-eaf2-bd45dfac8b86' completed
TpTrace Information: 0 : 110024, 8, 2022/10/27, 14:24:57.882, 12295677322455, datacollector.dll, DataCollectionTestCaseEventHandler: Test case starting.
TpTrace Information: 0 : 110024, 8, 2022/10/27, 14:24:57.882, 12295677325074, datacollector.dll, BlameCollector.EventsTestCaseStart: Test Case Start
TpTrace Verbose: 0 : 110024, 8, 2022/10/27, 14:24:57.882, 12295677325469, datacollector.dll, MulticastDelegateUtilities.SafeInvoke: DataCollectionEvents.TestCaseStart: Invoking callback 1/1 for Microsoft.TestPlatform.Extensions.BlameDataCollector.BlameCollector.EventsTestCaseStart, took 0 ms.
TpTrace Information: 0 : 110024, 8, 2022/10/27, 14:24:57.882, 12295677326011, datacollector.dll, DataCollectionTestCaseEventHandler: Test case 'Trader.Api.UnitTests.ItemTests.ShouldDeleteItem - 485a2e86-1106-f427-5a4f-46fb5a3293a5' started.
TpTrace Information: 0 : 110024, 8, 2022/10/27, 14:24:57.883, 12295677330218, datacollector.dll, DataCollectionTestCaseEventHandler: Test case completing.
TpTrace Information: 0 : 110024, 8, 2022/10/27, 14:24:57.883, 12295677332835, datacollector.dll, BlameCollector.EventsTestCaseEnd: Test Case End
TpTrace Verbose: 0 : 110024, 8, 2022/10/27, 14:24:57.883, 12295677333189, datacollector.dll, MulticastDelegateUtilities.SafeInvoke: DataCollectionEvents.TestCaseEnd: Invoking callback 1/1 for Microsoft.TestPlatform.Extensions.BlameDataCollector.BlameCollector.EventsTestCaseEnd, took 0 ms.
TpTrace Information: 0 : 110024, 8, 2022/10/27, 14:24:57.883, 12295677333845, datacollector.dll, DataCollectionTestCaseEventHandler: Test case 'Trader.Api.UnitTests.ItemTransferTests.ShouldNotTransferItemItemInactive - 8c98ec49-93d9-9807-ca98-8263032bc4f6' completed
TpTrace Information: 0 : 110024, 8, 2022/10/27, 14:24:57.883, 12295677338562, datacollector.dll, DataCollectionTestCaseEventHandler: Test case starting.
TpTrace Information: 0 : 110024, 8, 2022/10/27, 14:24:57.884, 12295677342604, datacollector.dll, BlameCollector.EventsTestCaseStart: Test Case Start
TpTrace Verbose: 0 : 110024, 8, 2022/10/27, 14:24:57.884, 12295677343169, datacollector.dll, MulticastDelegateUtilities.SafeInvoke: DataCollectionEvents.TestCaseStart: Invoking callback 1/1 for Microsoft.TestPlatform.Extensions.BlameDataCollector.BlameCollector.EventsTestCaseStart, took 0 ms.
TpTrace Information: 0 : 110024, 8, 2022/10/27, 14:24:57.884, 12295677343783, datacollector.dll, DataCollectionTestCaseEventHandler: Test case 'Trader.Api.UnitTests.ItemTransferTests.ShouldTransferItem - 98d16d27-d554-9a4d-d37e-2b4619ec7484' started.
TpTrace Information: 0 : 110024, 8, 2022/10/27, 14:24:57.884, 12295677347114, datacollector.dll, DataCollectionTestCaseEventHandler: Test case completing.
TpTrace Information: 0 : 110024, 8, 2022/10/27, 14:24:57.885, 12295677351267, datacollector.dll, BlameCollector.EventsTestCaseEnd: Test Case End
TpTrace Verbose: 0 : 110024, 8, 2022/10/27, 14:24:57.885, 12295677351793, datacollector.dll, MulticastDelegateUtilities.SafeInvoke: DataCollectionEvents.TestCaseEnd: Invoking callback 1/1 for Microsoft.TestPlatform.Extensions.BlameDataCollector.BlameCollector.EventsTestCaseEnd, took 0 ms.
TpTrace Information: 0 : 110024, 8, 2022/10/27, 14:24:57.885, 12295677352675, datacollector.dll, DataCollectionTestCaseEventHandler: Test case 'Trader.Api.UnitTests.PersonTests.ShouldUpdatePerson(PersonId: 2, Name: "Luis") - f74a5041-180c-2644-594a-d74e76759b56' completed
TpTrace Information: 0 : 110024, 8, 2022/10/27, 14:24:57.937, 12295677876417, datacollector.dll, DataCollectionTestCaseEventHandler: Test case starting.
TpTrace Information: 0 : 110024, 8, 2022/10/27, 14:24:57.938, 12295677880769, datacollector.dll, BlameCollector.EventsTestCaseStart: Test Case Start
TpTrace Verbose: 0 : 110024, 8, 2022/10/27, 14:24:57.938, 12295677881310, datacollector.dll, MulticastDelegateUtilities.SafeInvoke: DataCollectionEvents.TestCaseStart: Invoking callback 1/1 for Microsoft.TestPlatform.Extensions.BlameDataCollector.BlameCollector.EventsTestCaseStart, took 0 ms.
TpTrace Information: 0 : 110024, 8, 2022/10/27, 14:24:57.938, 12295677882473, datacollector.dll, DataCollectionTestCaseEventHandler: Test case 'Trader.Api.UnitTests.PersonTests.ShouldUpdatePerson(PersonId: 1, Name: "Marcos") - 9266db0b-c73c-95bf-6f43-ac9510416a02' started.
TpTrace Information: 0 : 110024, 8, 2022/10/27, 14:24:57.938, 12295677886241, datacollector.dll, DataCollectionTestCaseEventHandler: Test case completing.
TpTrace Information: 0 : 110024, 8, 2022/10/27, 14:24:57.939, 12295677889335, datacollector.dll, BlameCollector.EventsTestCaseEnd: Test Case End
TpTrace Verbose: 0 : 110024, 8, 2022/10/27, 14:24:57.939, 12295677889729, datacollector.dll, MulticastDelegateUtilities.SafeInvoke: DataCollectionEvents.TestCaseEnd: Invoking callback 1/1 for Microsoft.TestPlatform.Extensions.BlameDataCollector.BlameCollector.EventsTestCaseEnd, took 0 ms.
TpTrace Information: 0 : 110024, 8, 2022/10/27, 14:24:57.939, 12295677890431, datacollector.dll, DataCollectionTestCaseEventHandler: Test case 'Trader.Api.UnitTests.ItemTests.ShouldDeleteItem - 485a2e86-1106-f427-5a4f-46fb5a3293a5' completed
TpTrace Information: 0 : 110024, 8, 2022/10/27, 14:24:57.939, 12295677895210, datacollector.dll, DataCollectionTestCaseEventHandler: Test case starting.
TpTrace Information: 0 : 110024, 8, 2022/10/27, 14:24:57.939, 12295677897731, datacollector.dll, BlameCollector.EventsTestCaseStart: Test Case Start
TpTrace Verbose: 0 : 110024, 8, 2022/10/27, 14:24:57.939, 12295677898075, datacollector.dll, MulticastDelegateUtilities.SafeInvoke: DataCollectionEvents.TestCaseStart: Invoking callback 1/1 for Microsoft.TestPlatform.Extensions.BlameDataCollector.BlameCollector.EventsTestCaseStart, took 0 ms.
TpTrace Information: 0 : 110024, 8, 2022/10/27, 14:24:57.940, 12295677898615, datacollector.dll, DataCollectionTestCaseEventHandler: Test case 'Trader.Api.UnitTests.ItemTests.ShouldNotFound - 6ae10191-6a44-c5eb-25bc-509a3325e101' started.
TpTrace Information: 0 : 110024, 8, 2022/10/27, 14:24:57.940, 12295677900924, datacollector.dll, DataCollectionTestCaseEventHandler: Test case completing.
TpTrace Information: 0 : 110024, 8, 2022/10/27, 14:24:57.940, 12295677903672, datacollector.dll, BlameCollector.EventsTestCaseEnd: Test Case End
TpTrace Verbose: 0 : 110024, 8, 2022/10/27, 14:24:57.940, 12295677904100, datacollector.dll, MulticastDelegateUtilities.SafeInvoke: DataCollectionEvents.TestCaseEnd: Invoking callback 1/1 for Microsoft.TestPlatform.Extensions.BlameDataCollector.BlameCollector.EventsTestCaseEnd, took 0 ms.
TpTrace Information: 0 : 110024, 8, 2022/10/27, 14:24:57.940, 12295677904814, datacollector.dll, DataCollectionTestCaseEventHandler: Test case 'Trader.Api.UnitTests.PersonTests.ShouldUpdatePerson(PersonId: 1, Name: "Marcos") - 9266db0b-c73c-95bf-6f43-ac9510416a02' completed
TpTrace Information: 0 : 110024, 8, 2022/10/27, 14:24:57.942, 12295677923420, datacollector.dll, DataCollectionTestCaseEventHandler: Test case starting.
TpTrace Information: 0 : 110024, 8, 2022/10/27, 14:24:57.942, 12295677925669, datacollector.dll, BlameCollector.EventsTestCaseStart: Test Case Start
TpTrace Verbose: 0 : 110024, 8, 2022/10/27, 14:24:57.942, 12295677925969, datacollector.dll, MulticastDelegateUtilities.SafeInvoke: DataCollectionEvents.TestCaseStart: Invoking callback 1/1 for Microsoft.TestPlatform.Extensions.BlameDataCollector.BlameCollector.EventsTestCaseStart, took 0 ms.
TpTrace Information: 0 : 110024, 8, 2022/10/27, 14:24:57.942, 12295677926427, datacollector.dll, DataCollectionTestCaseEventHandler: Test case 'Trader.Api.UnitTests.PersonTests.ShouldUpdatePerson(PersonId: 2, Name: "Jonas") - e68bc14e-7cb0-0b09-27c8-8a68c35bf540' started.
TpTrace Information: 0 : 110024, 8, 2022/10/27, 14:24:57.943, 12295677929329, datacollector.dll, DataCollectionTestCaseEventHandler: Test case completing.
TpTrace Information: 0 : 110024, 8, 2022/10/27, 14:24:57.943, 12295677931336, datacollector.dll, BlameCollector.EventsTestCaseEnd: Test Case End
TpTrace Verbose: 0 : 110024, 8, 2022/10/27, 14:24:57.943, 12295677931934, datacollector.dll, MulticastDelegateUtilities.SafeInvoke: DataCollectionEvents.TestCaseEnd: Invoking callback 1/1 for Microsoft.TestPlatform.Extensions.BlameDataCollector.BlameCollector.EventsTestCaseEnd, took 0 ms.
TpTrace Information: 0 : 110024, 8, 2022/10/27, 14:24:57.943, 12295677932629, datacollector.dll, DataCollectionTestCaseEventHandler: Test case 'Trader.Api.UnitTests.PersonTests.ShouldUpdatePerson(PersonId: 2, Name: "Jonas") - e68bc14e-7cb0-0b09-27c8-8a68c35bf540' completed
TpTrace Information: 0 : 110024, 8, 2022/10/27, 14:24:57.943, 12295677936544, datacollector.dll, DataCollectionTestCaseEventHandler: Test case starting.
TpTrace Information: 0 : 110024, 8, 2022/10/27, 14:24:57.944, 12295677938612, datacollector.dll, BlameCollector.EventsTestCaseStart: Test Case Start
TpTrace Verbose: 0 : 110024, 8, 2022/10/27, 14:24:57.944, 12295677938896, datacollector.dll, MulticastDelegateUtilities.SafeInvoke: DataCollectionEvents.TestCaseStart: Invoking callback 1/1 for Microsoft.TestPlatform.Extensions.BlameDataCollector.BlameCollector.EventsTestCaseStart, took 0 ms.
TpTrace Information: 0 : 110024, 8, 2022/10/27, 14:24:57.944, 12295677939391, datacollector.dll, DataCollectionTestCaseEventHandler: Test case 'Trader.Api.UnitTests.PersonTests.ShouldInsertPerson - bf4adaef-80ef-1107-b15d-8d260dae19cb' started.
TpTrace Information: 0 : 110024, 8, 2022/10/27, 14:24:57.944, 12295677941525, datacollector.dll, DataCollectionTestCaseEventHandler: Test case completing.
TpTrace Information: 0 : 110024, 8, 2022/10/27, 14:24:57.944, 12295677943852, datacollector.dll, BlameCollector.EventsTestCaseEnd: Test Case End
TpTrace Verbose: 0 : 110024, 8, 2022/10/27, 14:24:57.944, 12295677944152, datacollector.dll, MulticastDelegateUtilities.SafeInvoke: DataCollectionEvents.TestCaseEnd: Invoking callback 1/1 for Microsoft.TestPlatform.Extensions.BlameDataCollector.BlameCollector.EventsTestCaseEnd, took 0 ms.
TpTrace Information: 0 : 110024, 8, 2022/10/27, 14:24:57.944, 12295677944672, datacollector.dll, DataCollectionTestCaseEventHandler: Test case 'Trader.Api.UnitTests.ItemTests.ShouldNotFound - 6ae10191-6a44-c5eb-25bc-509a3325e101' completed
TpTrace Information: 0 : 110024, 8, 2022/10/27, 14:24:57.945, 12295677949382, datacollector.dll, DataCollectionTestCaseEventHandler: Test case starting.
TpTrace Information: 0 : 110024, 8, 2022/10/27, 14:24:57.945, 12295677956230, datacollector.dll, BlameCollector.EventsTestCaseStart: Test Case Start
TpTrace Verbose: 0 : 110024, 8, 2022/10/27, 14:24:57.945, 12295677956725, datacollector.dll, MulticastDelegateUtilities.SafeInvoke: DataCollectionEvents.TestCaseStart: Invoking callback 1/1 for Microsoft.TestPlatform.Extensions.BlameDataCollector.BlameCollector.EventsTestCaseStart, took 0 ms.
TpTrace Information: 0 : 110024, 8, 2022/10/27, 14:24:57.945, 12295677957490, datacollector.dll, DataCollectionTestCaseEventHandler: Test case 'Trader.Api.UnitTests.ItemTests.ShouldChangeOwnerItem - 994965c7-89c0-ed41-ae22-8bb8bb87de59' started.
TpTrace Information: 0 : 110024, 8, 2022/10/27, 14:24:57.946, 12295677960662, datacollector.dll, DataCollectionTestCaseEventHandler: Test case completing.
TpTrace Information: 0 : 110024, 8, 2022/10/27, 14:24:57.946, 12295677962834, datacollector.dll, BlameCollector.EventsTestCaseEnd: Test Case End
TpTrace Verbose: 0 : 110024, 8, 2022/10/27, 14:24:57.946, 12295677963123, datacollector.dll, MulticastDelegateUtilities.SafeInvoke: DataCollectionEvents.TestCaseEnd: Invoking callback 1/1 for Microsoft.TestPlatform.Extensions.BlameDataCollector.BlameCollector.EventsTestCaseEnd, took 0 ms.
TpTrace Information: 0 : 110024, 8, 2022/10/27, 14:24:57.946, 12295677963659, datacollector.dll, DataCollectionTestCaseEventHandler: Test case 'Trader.Api.UnitTests.ItemTransferTests.ShouldTransferItem - 98d16d27-d554-9a4d-d37e-2b4619ec7484' completed
TpTrace Information: 0 : 110024, 8, 2022/10/27, 14:24:57.946, 12295677968254, datacollector.dll, DataCollectionTestCaseEventHandler: Test case completing.
TpTrace Information: 0 : 110024, 8, 2022/10/27, 14:24:57.947, 12295677970193, datacollector.dll, BlameCollector.EventsTestCaseEnd: Test Case End
TpTrace Verbose: 0 : 110024, 8, 2022/10/27, 14:24:57.947, 12295677970499, datacollector.dll, MulticastDelegateUtilities.SafeInvoke: DataCollectionEvents.TestCaseEnd: Invoking callback 1/1 for Microsoft.TestPlatform.Extensions.BlameDataCollector.BlameCollector.EventsTestCaseEnd, took 0 ms.
TpTrace Information: 0 : 110024, 8, 2022/10/27, 14:24:57.947, 12295677970927, datacollector.dll, DataCollectionTestCaseEventHandler: Test case 'Trader.Api.UnitTests.PersonTests.ShouldInsertPerson - bf4adaef-80ef-1107-b15d-8d260dae19cb' completed
TpTrace Information: 0 : 110024, 8, 2022/10/27, 14:24:57.947, 12295677975178, datacollector.dll, DataCollectionTestCaseEventHandler: Test case starting.
TpTrace Information: 0 : 110024, 8, 2022/10/27, 14:24:57.947, 12295677977256, datacollector.dll, BlameCollector.EventsTestCaseStart: Test Case Start
TpTrace Verbose: 0 : 110024, 8, 2022/10/27, 14:24:57.947, 12295677977521, datacollector.dll, MulticastDelegateUtilities.SafeInvoke: DataCollectionEvents.TestCaseStart: Invoking callback 1/1 for Microsoft.TestPlatform.Extensions.BlameDataCollector.BlameCollector.EventsTestCaseStart, took 0 ms.
TpTrace Information: 0 : 110024, 8, 2022/10/27, 14:24:57.947, 12295677977955, datacollector.dll, DataCollectionTestCaseEventHandler: Test case 'Trader.Api.UnitTests.PersonTests.ShouldNotInsertPersonWithSameName - c3b5d27a-9a01-fed3-5aaa-98a6fb9e222b' started.
TpTrace Information: 0 : 110024, 8, 2022/10/27, 14:24:57.948, 12295677981290, datacollector.dll, DataCollectionTestCaseEventHandler: Test case completing.
TpTrace Information: 0 : 110024, 8, 2022/10/27, 14:24:57.948, 12295677984699, datacollector.dll, BlameCollector.EventsTestCaseEnd: Test Case End
TpTrace Verbose: 0 : 110024, 8, 2022/10/27, 14:24:57.948, 12295677985131, datacollector.dll, MulticastDelegateUtilities.SafeInvoke: DataCollectionEvents.TestCaseEnd: Invoking callback 1/1 for Microsoft.TestPlatform.Extensions.BlameDataCollector.BlameCollector.EventsTestCaseEnd, took 0 ms.
TpTrace Information: 0 : 110024, 8, 2022/10/27, 14:24:57.948, 12295677985773, datacollector.dll, DataCollectionTestCaseEventHandler: Test case 'Trader.Api.UnitTests.ItemTests.ShouldChangeOwnerItem - 994965c7-89c0-ed41-ae22-8bb8bb87de59' completed
TpTrace Information: 0 : 110024, 8, 2022/10/27, 14:24:57.949, 12295677988712, datacollector.dll, DataCollectionTestCaseEventHandler: Test case starting.
TpTrace Information: 0 : 110024, 8, 2022/10/27, 14:24:57.949, 12295677991835, datacollector.dll, BlameCollector.EventsTestCaseStart: Test Case Start
TpTrace Verbose: 0 : 110024, 8, 2022/10/27, 14:24:57.949, 12295677992219, datacollector.dll, MulticastDelegateUtilities.SafeInvoke: DataCollectionEvents.TestCaseStart: Invoking callback 1/1 for Microsoft.TestPlatform.Extensions.BlameDataCollector.BlameCollector.EventsTestCaseStart, took 0 ms.
TpTrace Information: 0 : 110024, 8, 2022/10/27, 14:24:57.949, 12295677992847, datacollector.dll, DataCollectionTestCaseEventHandler: Test case 'Trader.Api.UnitTests.ItemTests.ShouldNotInserItemInactivePerson - 35d5ce86-70ab-063d-e226-1e0ba3b2533d' started.
TpTrace Information: 0 : 110024, 8, 2022/10/27, 14:24:57.949, 12295677997963, datacollector.dll, DataCollectionTestCaseEventHandler: Test case completing.
TpTrace Information: 0 : 110024, 8, 2022/10/27, 14:24:57.950, 12295678003019, datacollector.dll, BlameCollector.EventsTestCaseEnd: Test Case End
TpTrace Verbose: 0 : 110024, 8, 2022/10/27, 14:24:57.950, 12295678003715, datacollector.dll, MulticastDelegateUtilities.SafeInvoke: DataCollectionEvents.TestCaseEnd: Invoking callback 1/1 for Microsoft.TestPlatform.Extensions.BlameDataCollector.BlameCollector.EventsTestCaseEnd, took 0 ms.
TpTrace Information: 0 : 110024, 8, 2022/10/27, 14:24:57.950, 12295678004602, datacollector.dll, DataCollectionTestCaseEventHandler: Test case 'Trader.Api.UnitTests.PersonTests.ShouldNotInsertPersonWithSameName - c3b5d27a-9a01-fed3-5aaa-98a6fb9e222b' completed
TpTrace Information: 0 : 110024, 8, 2022/10/27, 14:24:57.951, 12295678010443, datacollector.dll, DataCollectionTestCaseEventHandler: Test case starting.
TpTrace Information: 0 : 110024, 8, 2022/10/27, 14:24:57.951, 12295678012945, datacollector.dll, BlameCollector.EventsTestCaseStart: Test Case Start
TpTrace Verbose: 0 : 110024, 8, 2022/10/27, 14:24:57.951, 12295678013311, datacollector.dll, MulticastDelegateUtilities.SafeInvoke: DataCollectionEvents.TestCaseStart: Invoking callback 1/1 for Microsoft.TestPlatform.Extensions.BlameDataCollector.BlameCollector.EventsTestCaseStart, took 0 ms.
TpTrace Information: 0 : 110024, 8, 2022/10/27, 14:24:57.951, 12295678013770, datacollector.dll, DataCollectionTestCaseEventHandler: Test case 'Trader.Api.UnitTests.PersonTests.ShouldNotFindUser - e2c40763-36d8-75e6-99f3-fe390a6e5eac' started.
TpTrace Information: 0 : 110024, 8, 2022/10/27, 14:24:57.951, 12295678017629, datacollector.dll, DataCollectionTestCaseEventHandler: Test case completing.
TpTrace Information: 0 : 110024, 8, 2022/10/27, 14:24:57.952, 12295678023263, datacollector.dll, BlameCollector.EventsTestCaseEnd: Test Case End
TpTrace Verbose: 0 : 110024, 8, 2022/10/27, 14:24:57.952, 12295678023613, datacollector.dll, MulticastDelegateUtilities.SafeInvoke: DataCollectionEvents.TestCaseEnd: Invoking callback 1/1 for Microsoft.TestPlatform.Extensions.BlameDataCollector.BlameCollector.EventsTestCaseEnd, took 0 ms.
TpTrace Information: 0 : 110024, 8, 2022/10/27, 14:24:57.952, 12295678024205, datacollector.dll, DataCollectionTestCaseEventHandler: Test case 'Trader.Api.UnitTests.PersonTests.ShouldNotFindUser - e2c40763-36d8-75e6-99f3-fe390a6e5eac' completed
TpTrace Information: 0 : 110024, 8, 2022/10/27, 14:24:57.953, 12295678029650, datacollector.dll, DataCollectionTestCaseEventHandler: Test case completing.
TpTrace Information: 0 : 110024, 8, 2022/10/27, 14:24:57.953, 12295678031643, datacollector.dll, BlameCollector.EventsTestCaseEnd: Test Case End
TpTrace Verbose: 0 : 110024, 8, 2022/10/27, 14:24:57.953, 12295678031905, datacollector.dll, MulticastDelegateUtilities.SafeInvoke: DataCollectionEvents.TestCaseEnd: Invoking callback 1/1 for Microsoft.TestPlatform.Extensions.BlameDataCollector.BlameCollector.EventsTestCaseEnd, took 0 ms.
TpTrace Information: 0 : 110024, 8, 2022/10/27, 14:24:57.953, 12295678032359, datacollector.dll, DataCollectionTestCaseEventHandler: Test case 'Trader.Api.UnitTests.ItemTests.ShouldNotInserItemInactivePerson - 35d5ce86-70ab-063d-e226-1e0ba3b2533d' completed
TpTrace Information: 0 : 110024, 8, 2022/10/27, 14:24:57.953, 12295678037468, datacollector.dll, DataCollectionTestCaseEventHandler: Test case starting.
TpTrace Information: 0 : 110024, 8, 2022/10/27, 14:24:57.954, 12295678039439, datacollector.dll, BlameCollector.EventsTestCaseStart: Test Case Start
TpTrace Verbose: 0 : 110024, 8, 2022/10/27, 14:24:57.954, 12295678039707, datacollector.dll, MulticastDelegateUtilities.SafeInvoke: DataCollectionEvents.TestCaseStart: Invoking callback 1/1 for Microsoft.TestPlatform.Extensions.BlameDataCollector.BlameCollector.EventsTestCaseStart, took 0 ms.
TpTrace Information: 0 : 110024, 8, 2022/10/27, 14:24:57.954, 12295678040121, datacollector.dll, DataCollectionTestCaseEventHandler: Test case 'Trader.Api.UnitTests.ItemTests.ShouldInserItem - 49286f2a-6ece-3052-f29b-75966931b147' started.
TpTrace Information: 0 : 110024, 8, 2022/10/27, 14:24:57.954, 12295678043830, datacollector.dll, DataCollectionTestCaseEventHandler: Test case completing.
TpTrace Information: 0 : 110024, 8, 2022/10/27, 14:24:57.954, 12295678046307, datacollector.dll, BlameCollector.EventsTestCaseEnd: Test Case End
TpTrace Verbose: 0 : 110024, 8, 2022/10/27, 14:24:57.954, 12295678046642, datacollector.dll, MulticastDelegateUtilities.SafeInvoke: DataCollectionEvents.TestCaseEnd: Invoking callback 1/1 for Microsoft.TestPlatform.Extensions.BlameDataCollector.BlameCollector.EventsTestCaseEnd, took 0 ms.
TpTrace Information: 0 : 110024, 8, 2022/10/27, 14:24:57.954, 12295678047251, datacollector.dll, DataCollectionTestCaseEventHandler: Test case 'Trader.Api.UnitTests.ItemTests.ShouldInserItem - 49286f2a-6ece-3052-f29b-75966931b147' completed
TpTrace Information: 0 : 110024, 8, 2022/10/27, 14:24:57.955, 12295678054318, datacollector.dll, DataCollectionTestCaseEventHandler: Test case starting.
TpTrace Information: 0 : 110024, 8, 2022/10/27, 14:24:57.955, 12295678056665, datacollector.dll, BlameCollector.EventsTestCaseStart: Test Case Start
TpTrace Verbose: 0 : 110024, 8, 2022/10/27, 14:24:57.955, 12295678056996, datacollector.dll, MulticastDelegateUtilities.SafeInvoke: DataCollectionEvents.TestCaseStart: Invoking callback 1/1 for Microsoft.TestPlatform.Extensions.BlameDataCollector.BlameCollector.EventsTestCaseStart, took 0 ms.
TpTrace Information: 0 : 110024, 8, 2022/10/27, 14:24:57.955, 12295678057542, datacollector.dll, DataCollectionTestCaseEventHandler: Test case 'Trader.Api.UnitTests.ItemTests.ShouldNotChangeOwnerItemChanceItemName - 4929d299-9459-c2c0-6cca-9a39f1c70a00' started.
TpTrace Information: 0 : 110024, 8, 2022/10/27, 14:24:57.956, 12295678060230, datacollector.dll, DataCollectionTestCaseEventHandler: Test case completing.
TpTrace Information: 0 : 110024, 8, 2022/10/27, 14:24:57.956, 12295678066588, datacollector.dll, BlameCollector.EventsTestCaseEnd: Test Case End
TpTrace Verbose: 0 : 110024, 8, 2022/10/27, 14:24:57.956, 12295678067052, datacollector.dll, MulticastDelegateUtilities.SafeInvoke: DataCollectionEvents.TestCaseEnd: Invoking callback 1/1 for Microsoft.TestPlatform.Extensions.BlameDataCollector.BlameCollector.EventsTestCaseEnd, took 0 ms.
TpTrace Information: 0 : 110024, 8, 2022/10/27, 14:24:57.956, 12295678067798, datacollector.dll, DataCollectionTestCaseEventHandler: Test case 'Trader.Api.UnitTests.ItemTests.ShouldNotChangeOwnerItemChanceItemName - 4929d299-9459-c2c0-6cca-9a39f1c70a00' completed
TpTrace Information: 0 : 110024, 8, 2022/10/27, 14:24:57.957, 12295678072172, datacollector.dll, DataCollectionTestCaseEventHandler: Test case starting.
TpTrace Information: 0 : 110024, 8, 2022/10/27, 14:24:57.957, 12295678074158, datacollector.dll, BlameCollector.EventsTestCaseStart: Test Case Start
TpTrace Verbose: 0 : 110024, 8, 2022/10/27, 14:24:57.957, 12295678074446, datacollector.dll, MulticastDelegateUtilities.SafeInvoke: DataCollectionEvents.TestCaseStart: Invoking callback 1/1 for Microsoft.TestPlatform.Extensions.BlameDataCollector.BlameCollector.EventsTestCaseStart, took 0 ms.
TpTrace Information: 0 : 110024, 8, 2022/10/27, 14:24:57.957, 12295678074854, datacollector.dll, DataCollectionTestCaseEventHandler: Test case 'Trader.Api.UnitTests.ItemTests.ShouldGetItemById - 88981672-7399-1c7c-d6e1-0ef556bd90aa' started.
TpTrace Information: 0 : 110024, 8, 2022/10/27, 14:24:57.957, 12295678077464, datacollector.dll, DataCollectionTestCaseEventHandler: Test case completing.
TpTrace Information: 0 : 110024, 8, 2022/10/27, 14:24:57.958, 12295678079308, datacollector.dll, BlameCollector.EventsTestCaseEnd: Test Case End
TpTrace Verbose: 0 : 110024, 8, 2022/10/27, 14:24:57.958, 12295678079556, datacollector.dll, MulticastDelegateUtilities.SafeInvoke: DataCollectionEvents.TestCaseEnd: Invoking callback 1/1 for Microsoft.TestPlatform.Extensions.BlameDataCollector.BlameCollector.EventsTestCaseEnd, took 0 ms.
TpTrace Information: 0 : 110024, 8, 2022/10/27, 14:24:57.958, 12295678080029, datacollector.dll, DataCollectionTestCaseEventHandler: Test case 'Trader.Api.UnitTests.ItemTests.ShouldGetItemById - 88981672-7399-1c7c-d6e1-0ef556bd90aa' completed
TpTrace Information: 0 : 110024, 8, 2022/10/27, 14:24:57.962, 12295678128517, datacollector.dll, DataCollectionTestCaseEventHandler: Test session ended
TpTrace Information: 0 : 110024, 1, 2022/10/27, 14:24:58.029, 12295678796132, datacollector.dll, DataCollectionRequestHandler.ProcessRequests: Datacollector received message: (DataCollection.AfterTestRunEnd) -> {"MessageType":"DataCollection.AfterTestRunEnd","Payload":false}
TpTrace Information: 0 : 110024, 1, 2022/10/27, 14:24:58.030, 12295678804598, datacollector.dll, Blame Collector: Session End
TpTrace Information: 0 : 110024, 1, 2022/10/27, 14:24:58.030, 12295678805072, datacollector.dll, BlameCollector.CollectDumpAndAbortTesthost: Custom path to dump directory was provided via VSTEST_DUMP_PATH. Skipping attachment upload, the caller is responsible for collecting and uploading the dumps themselves.
TpTrace Verbose: 0 : 110024, 1, 2022/10/27, 14:24:58.030, 12295678805531, datacollector.dll, MulticastDelegateUtilities.SafeInvoke: DataCollectionEvents.SessionEnd: Invoking callback 1/1 for Microsoft.TestPlatform.Extensions.BlameDataCollector.BlameCollector.SessionEndedHandler, took 0 ms.
TpTrace Information: 0 : 110024, 1, 2022/10/27, 14:24:58.031, 12295678809148, datacollector.dll, DataCollectionManager.CleanupPlugins: CleanupPlugins called
TpTrace Verbose: 0 : 110024, 1, 2022/10/27, 14:24:58.031, 12295678809434, datacollector.dll, DataCollectionManager.CleanupPlugins: Cleaning up 1 plugins
TpTrace Verbose: 0 : 110024, 1, 2022/10/27, 14:24:58.031, 12295678809918, datacollector.dll, dataCollectorInfo.DisposeDataCollector: calling Dispose() on Microsoft.TestPlatform.Extensions.BlameDataCollector.BlameCollector
TpTrace Information: 0 : 110024, 1, 2022/10/27, 14:24:58.031, 12295678810245, datacollector.dll, DataCollectionManager.CleanupPlugins: CleanupPlugins finished
TpTrace Information: 0 : 110024, 1, 2022/10/27, 14:24:58.036, 12295678863393, datacollector.dll, DataCollectionRequestHandler.ProcessRequests : Session End message received from server. Closing the connection.
TpTrace Information: 0 : 110024, 1, 2022/10/27, 14:24:58.036, 12295678864681, datacollector.dll, Closing the connection !
TpTrace Information: 0 : 110024, 1, 2022/10/27, 14:24:58.036, 12295678864911, datacollector.dll, DataCollectionRequestHandler.ProcessRequests : DataCollection completed
TpTrace Information: 0 : 110024, 1, 2022/10/27, 14:24:58.036, 12295678865075, datacollector.dll, Program.Main: exiting datacollector process.
