TpTrace Verbose: 0 : 16316, 1, 2022/10/26, 22:25:29.792, 110075997862, datacollector.dll, Version: 17.3.1
TpTrace Information: 0 : 16316, 1, 2022/10/26, 22:25:29.795, 110076024554, datacollector.dll, DataCollectorMain.Run: Starting data collector run with args: --port,55937,--parentprocessid,26420,--diag,C:\Users\icaro\Documents\Projetos\Indg\Trader\bin\Debug\net6.0\fine-code-coverage\coverage-tool-output\diagnostics.datacollector.22-10-26_22-25-29_72693_1.log,--tracelevel,4
TpTrace Information: 0 : 16316, 1, 2022/10/26, 22:25:29.795, 110076025262, datacollector.dll, DataCollector: Monitoring parent process with id: '26420'
TpTrace Information: 0 : 16316, 1, 2022/10/26, 22:25:29.797, 110076053718, datacollector.dll, Trying to connect to server on socket : 127.0.0.1:55937 
TpTrace Verbose: 0 : 16316, 1, 2022/10/26, 22:25:29.802, 110076095153, datacollector.dll, SocketCommunicationManager : SetupClientAsync : Attempting to connect to the server.
TpTrace Information: 0 : 16316, 8, 2022/10/26, 22:25:29.806, 110076138365, datacollector.dll, Connected to the server successfully 
TpTrace Information: 0 : 16316, 8, 2022/10/26, 22:25:29.806, 110076138707, datacollector.dll, Using the buffer size of 16384 bytes
TpTrace Information: 0 : 16316, 1, 2022/10/26, 22:25:29.842, 110076498871, datacollector.dll, DataCollector: Start Request Processing.
TpTrace Verbose: 0 : 16316, 1, 2022/10/26, 22:25:29.842, 110076500490, datacollector.dll, SocketCommunicationManager.WaitForServerConnection took: 0 ms, with 90000 ms timeout, and finished with True.
TpTrace Information: 0 : 16316, 1, 2022/10/26, 22:25:29.842, 110076502212, datacollector.dll, DataCollectionRequestHandler.ProcessRequests: Datacollector received message: (DataCollection.BeforeTestRunStart) -> {"MessageType":"DataCollection.BeforeTestRunStart","Payload":{"SettingsXml":"<RunSettings><RunConfiguration><ResultsDirectory>C:\\Users\\icaro\\Documents\\Projetos\\Indg\\Trader\\bin\\Debug\\net6.0\\fine-code-coverage\\coverage-tool-output</ResultsDirectory><TargetPlatform>X64</TargetPlatform><TargetFrameworkVersion>.NETCoreApp,Version=v6.0</TargetFrameworkVersion><DesignMode>False</DesignMode><CollectSourceInformation>False</CollectSourceInformation><TestAdaptersPaths>C:\\Program Files\\dotnet\\sdk\\6.0.402\\Extensions</TestAdaptersPaths></RunConfiguration><LoggerRunSettings><Loggers><Logger friendlyName=\"blame\" enabled=\"True\" /><Logger friendlyName=\"Console\" uri=\"logger://microsoft/TestPlatform/ConsoleLogger/v1\" assemblyQualifiedName=\"Microsoft.VisualStudio.TestPlatform.CommandLine.Internal.ConsoleLogger, vstest.console, Version=15.0.0.0, Culture=neutral, PublicKeyToken=b03f5f7f11d50a3a\" codeBase=\"C:\\Program Files\\dotnet\\sdk\\6.0.402\\vstest.console.dll\" enabled=\"True\" /></Loggers></LoggerRunSettings><DataCollectionRunSettings><DataCollectors><DataCollector friendlyName=\"blame\" enabled=\"True\"><Configuration><ResultsDirectory>C:\\Users\\icaro\\Documents\\Projetos\\Indg\\Trader\\bin\\Debug\\net6.0\\fine-code-coverage\\coverage-tool-output</ResultsDirectory></Configuration></DataCollector></DataCollectors></DataCollectionRunSettings></RunSettings>","Sources":["C:\\Users\\icaro\\Documents\\Projetos\\Indg\\Trader\\bin\\Debug\\net6.0\\fine-code-coverage\\build-output\\Trader.Api.dll"],"IsTelemetryOptedIn":false}}
TpTrace Verbose: 0 : 16316, 1, 2022/10/26, 22:25:29.863, 110076712793, datacollector.dll, TestPluginCache: Update extensions started. Skip filter = False
TpTrace Verbose: 0 : 16316, 1, 2022/10/26, 22:25:29.864, 110076716869, datacollector.dll, TestPluginCache: Using directories for assembly resolution 'C:\Program Files\dotnet\sdk\6.0.402\Extensions'.
TpTrace Verbose: 0 : 16316, 1, 2022/10/26, 22:25:29.864, 110076717262, datacollector.dll, TestPluginCache: Updated the available extensions to 'C:\Program Files\dotnet\sdk\6.0.402\Extensions\Microsoft.TestPlatform.Extensions.BlameDataCollector.dll,C:\Program Files\dotnet\sdk\6.0.402\Extensions\Microsoft.TestPlatform.Extensions.EventLogCollector.dll'.
TpTrace Verbose: 0 : 16316, 1, 2022/10/26, 22:25:29.867, 110076752933, datacollector.dll, TestPluginCache.DiscoverTestExtensions: finding test extensions in assemblies ends with: Collector.dll TPluginInfo: Microsoft.VisualStudio.TestPlatform.Common.DataCollector.DataCollectorConfig TExtension: Microsoft.VisualStudio.TestPlatform.ObjectModel.DataCollection.DataCollector
TpTrace Verbose: 0 : 16316, 1, 2022/10/26, 22:25:29.867, 110076754177, datacollector.dll, TestPluginCache.GetExtensionPaths: Filtered extension paths: C:\Program Files\dotnet\sdk\6.0.402\Extensions\Microsoft.TestPlatform.Extensions.BlameDataCollector.dll
C:\Program Files\dotnet\sdk\6.0.402\Extensions\Microsoft.TestPlatform.Extensions.EventLogCollector.dll
TpTrace Verbose: 0 : 16316, 1, 2022/10/26, 22:25:29.868, 110076754446, datacollector.dll, TestPluginCache.GetExtensionPaths: Added default extension paths: 
TpTrace Verbose: 0 : 16316, 1, 2022/10/26, 22:25:29.868, 110076754589, datacollector.dll, TestPluginCache.GetExtensionPaths: Added unfilterableExtensionPaths: 
TpTrace Information: 0 : 16316, 1, 2022/10/26, 22:25:29.868, 110076757815, datacollector.dll, AssemblyResolver.ctor: Creating AssemblyResolver with searchDirectories C:\Program Files\dotnet\sdk\6.0.402\Extensions,C:\Program Files\dotnet\sdk\6.0.402
TpTrace Verbose: 0 : 16316, 1, 2022/10/26, 22:25:29.868, 110076763778, datacollector.dll, TestPluginCache.DiscoverTestExtensions: Discovering the extensions using extension path.
TpTrace Verbose: 0 : 16316, 1, 2022/10/26, 22:25:29.869, 110076764529, datacollector.dll, TestPluginCache.GetExtensionPaths: Filtered extension paths: C:\Program Files\dotnet\sdk\6.0.402\Extensions\Microsoft.TestPlatform.Extensions.BlameDataCollector.dll
C:\Program Files\dotnet\sdk\6.0.402\Extensions\Microsoft.TestPlatform.Extensions.EventLogCollector.dll
TpTrace Verbose: 0 : 16316, 1, 2022/10/26, 22:25:29.869, 110076764801, datacollector.dll, TestPluginCache.GetExtensionPaths: Added default extension paths: 
TpTrace Verbose: 0 : 16316, 1, 2022/10/26, 22:25:29.869, 110076764937, datacollector.dll, TestPluginCache.GetExtensionPaths: Added unfilterableExtensionPaths: 
TpTrace Verbose: 0 : 16316, 1, 2022/10/26, 22:25:29.869, 110076765173, datacollector.dll, TestPluginCache.DiscoverTestExtensions: Discovering the extensions using allExtensionPaths: C:\Program Files\dotnet\sdk\6.0.402\Extensions\Microsoft.TestPlatform.Extensions.BlameDataCollector.dll
C:\Program Files\dotnet\sdk\6.0.402\Extensions\Microsoft.TestPlatform.Extensions.EventLogCollector.dll
TpTrace Information: 0 : 16316, 1, 2022/10/26, 22:25:29.869, 110076765776, datacollector.dll, AssemblyResolver.AddSearchDirectories: Adding more searchDirectories C:\Program Files\dotnet\sdk\6.0.402\Extensions,C:\Program Files\dotnet\sdk\6.0.402
TpTrace Information: 0 : 16316, 1, 2022/10/26, 22:25:29.869, 110076766077, datacollector.dll, AssemblyResolver.AddSearchDirectories: Adding more searchDirectories C:\Program Files\dotnet\sdk\6.0.402\Extensions,C:\Program Files\dotnet\sdk\6.0.402
TpTrace Information: 0 : 16316, 1, 2022/10/26, 22:25:29.869, 110076768021, datacollector.dll, AssemblyResolver.OnResolve: Microsoft.TestPlatform.Extensions.BlameDataCollector: Resolving assembly.
TpTrace Information: 0 : 16316, 1, 2022/10/26, 22:25:29.869, 110076768477, datacollector.dll, AssemblyResolver.OnResolve: Microsoft.TestPlatform.Extensions.BlameDataCollector: Searching in: 'C:\Program Files\dotnet\sdk\6.0.402\Extensions'.
TpTrace Information: 0 : 16316, 1, 2022/10/26, 22:25:29.869, 110076772136, datacollector.dll, AssemblyResolver.OnResolve: Microsoft.TestPlatform.Extensions.BlameDataCollector: Loading assembly 'C:\Program Files\dotnet\sdk\6.0.402\Extensions\Microsoft.TestPlatform.Extensions.BlameDataCollector.dll'.
TpTrace Information: 0 : 16316, 1, 2022/10/26, 22:25:29.870, 110076775537, datacollector.dll, AssemblyResolver.OnResolve: Resolved assembly: Microsoft.TestPlatform.Extensions.BlameDataCollector, from path: C:\Program Files\dotnet\sdk\6.0.402\Extensions\Microsoft.TestPlatform.Extensions.BlameDataCollector.dll
TpTrace Verbose: 0 : 16316, 1, 2022/10/26, 22:25:29.872, 110076801126, datacollector.dll, MetadataReaderExtensionsHelper: Discovering extensions inside assembly 'Microsoft.TestPlatform.Extensions.BlameDataCollector, Version=15.0.0.0, Culture=neutral, PublicKeyToken=b03f5f7f11d50a3a' file path 'C:\Program Files\dotnet\sdk\6.0.402\Extensions\Microsoft.TestPlatform.Extensions.BlameDataCollector.dll'
TpTrace Error: 0 : 16316, 1, 2022/10/26, 22:25:29.877, 110076852413, datacollector.dll, The type "Microsoft.TestPlatform.Extensions.BlameDataCollector.BlameCollector" defined in "Microsoft.TestPlatform.Extensions.BlameDataCollector.dll" does not have ExtensionUri attribute.
TpTrace Information: 0 : 16316, 1, 2022/10/26, 22:25:29.878, 110076858242, datacollector.dll, GetTestExtensionFromType: Register extension with identifier data 'datacollector://microsoft/TestPlatform/Extensions/Blame/v1' and type 'Microsoft.TestPlatform.Extensions.BlameDataCollector.BlameCollector, Microsoft.TestPlatform.Extensions.BlameDataCollector, Version=15.0.0.0, Culture=neutral, PublicKeyToken=b03f5f7f11d50a3a' inside file 'C:\Program Files\dotnet\sdk\6.0.402\Extensions\Microsoft.TestPlatform.Extensions.BlameDataCollector.dll'
TpTrace Information: 0 : 16316, 1, 2022/10/26, 22:25:29.878, 110076858878, datacollector.dll, AssemblyResolver.OnResolve: Microsoft.TestPlatform.Extensions.EventLogCollector: Resolving assembly.
TpTrace Information: 0 : 16316, 1, 2022/10/26, 22:25:29.878, 110076859107, datacollector.dll, AssemblyResolver.OnResolve: Microsoft.TestPlatform.Extensions.EventLogCollector: Searching in: 'C:\Program Files\dotnet\sdk\6.0.402\Extensions'.
TpTrace Information: 0 : 16316, 1, 2022/10/26, 22:25:29.878, 110076861859, datacollector.dll, AssemblyResolver.OnResolve: Microsoft.TestPlatform.Extensions.EventLogCollector: Loading assembly 'C:\Program Files\dotnet\sdk\6.0.402\Extensions\Microsoft.TestPlatform.Extensions.EventLogCollector.dll'.
TpTrace Information: 0 : 16316, 1, 2022/10/26, 22:25:29.879, 110076865373, datacollector.dll, AssemblyResolver.OnResolve: Resolved assembly: Microsoft.TestPlatform.Extensions.EventLogCollector, from path: C:\Program Files\dotnet\sdk\6.0.402\Extensions\Microsoft.TestPlatform.Extensions.EventLogCollector.dll
TpTrace Verbose: 0 : 16316, 1, 2022/10/26, 22:25:29.879, 110076865843, datacollector.dll, MetadataReaderExtensionsHelper: Discovering extensions inside assembly 'Microsoft.TestPlatform.Extensions.EventLogCollector, Version=15.0.0.0, Culture=neutral, PublicKeyToken=b03f5f7f11d50a3a' file path 'C:\Program Files\dotnet\sdk\6.0.402\Extensions\Microsoft.TestPlatform.Extensions.EventLogCollector.dll'
TpTrace Error: 0 : 16316, 1, 2022/10/26, 22:25:29.880, 110076876687, datacollector.dll, The type "Microsoft.TestPlatform.Extensions.EventLogCollector.EventLogDataCollector" defined in "Microsoft.TestPlatform.Extensions.EventLogCollector.dll" does not have ExtensionUri attribute.
TpTrace Information: 0 : 16316, 1, 2022/10/26, 22:25:29.880, 110076877447, datacollector.dll, GetTestExtensionFromType: Register extension with identifier data 'datacollector://microsoft/EventLog/2.0' and type 'Microsoft.TestPlatform.Extensions.EventLogCollector.EventLogDataCollector, Microsoft.TestPlatform.Extensions.EventLogCollector, Version=15.0.0.0, Culture=neutral, PublicKeyToken=b03f5f7f11d50a3a' inside file 'C:\Program Files\dotnet\sdk\6.0.402\Extensions\Microsoft.TestPlatform.Extensions.EventLogCollector.dll'
TpTrace Verbose: 0 : 16316, 1, 2022/10/26, 22:25:29.880, 110076878606, datacollector.dll, TestPluginCache: Discovered the extensions using extension path 'C:\Program Files\dotnet\sdk\6.0.402\Extensions\Microsoft.TestPlatform.Extensions.BlameDataCollector.dll,C:\Program Files\dotnet\sdk\6.0.402\Extensions\Microsoft.TestPlatform.Extensions.EventLogCollector.dll'.
TpTrace Verbose: 0 : 16316, 1, 2022/10/26, 22:25:29.880, 110076878928, datacollector.dll, TestPluginCache: Discoverers are ''.
TpTrace Verbose: 0 : 16316, 1, 2022/10/26, 22:25:29.880, 110076879067, datacollector.dll, TestPluginCache: Executors are ''.
TpTrace Verbose: 0 : 16316, 1, 2022/10/26, 22:25:29.880, 110076879188, datacollector.dll, TestPluginCache: Executors2 are ''.
TpTrace Verbose: 0 : 16316, 1, 2022/10/26, 22:25:29.880, 110076879326, datacollector.dll, TestPluginCache: Setting providers are ''.
TpTrace Verbose: 0 : 16316, 1, 2022/10/26, 22:25:29.880, 110076879459, datacollector.dll, TestPluginCache: Loggers are ''.
TpTrace Verbose: 0 : 16316, 1, 2022/10/26, 22:25:29.880, 110076879579, datacollector.dll, TestPluginCache: TestHosts are ''.
TpTrace Verbose: 0 : 16316, 1, 2022/10/26, 22:25:29.880, 110076880681, datacollector.dll, TestPluginCache: DataCollectors are 'datacollector://microsoft/TestPlatform/Extensions/Blame/v1,datacollector://microsoft/EventLog/2.0'.
TpTrace Information: 0 : 16316, 1, 2022/10/26, 22:25:29.881, 110076886503, datacollector.dll, TestPluginManager.CreateTestExtension: Attempting to load test extension: Microsoft.TestPlatform.Extensions.BlameDataCollector.BlameCollector
TpTrace Verbose: 0 : 16316, 1, 2022/10/26, 22:25:29.883, 110076908774, datacollector.dll, MulticastDelegateUtilities.SafeInvoke: DataCollectionEvents.SessionStart: Invoking callbacks was skipped because there are no subscribers.
TpTrace Information: 0 : 16316, 1, 2022/10/26, 22:25:29.883, 110076914328, datacollector.dll, Listening on Endpoint : 127.0.0.1:55939
TpTrace Information: 0 : 16316, 1, 2022/10/26, 22:25:29.888, 110076958003, datacollector.dll, DataCollectionRequestHandler.ProcessRequests : DataCollection started.
TpTrace Information: 0 : 16316, 1, 2022/10/26, 22:25:29.896, 110077042997, datacollector.dll, DataCollectionRequestHandler.ProcessRequests: Datacollector received message: (DataCollection.TestHostLaunched) -> {"MessageType":"DataCollection.TestHostLaunched","Payload":{"ProcessId":24108}}
TpTrace Verbose: 0 : 16316, 1, 2022/10/26, 22:25:29.897, 110077050015, datacollector.dll, MulticastDelegateUtilities.SafeInvoke: DataCollectionEvents.TestHostLaunched: Invoking callback 1/1 for Microsoft.TestPlatform.Extensions.BlameDataCollector.BlameCollector.TestHostLaunchedHandler, took 0 ms.
TpTrace Information: 0 : 16316, 5, 2022/10/26, 22:25:29.997, 110078053930, datacollector.dll, Using the buffer size of 16384 bytes
TpTrace Verbose: 0 : 16316, 8, 2022/10/26, 22:25:29.997, 110078053984, datacollector.dll, SocketCommunicationManager.WaitForClientConnection took: 111 ms, with 90000 ms timeout, and finished with True.
TpTrace Information: 0 : 16316, 5, 2022/10/26, 22:25:29.998, 110078054443, datacollector.dll, Accepted Client request and set the flag
TpTrace Information: 0 : 16316, 8, 2022/10/26, 22:25:31.262, 110090698801, datacollector.dll, DataCollectionTestCaseEventHandler: Test case starting.
TpTrace Information: 0 : 16316, 8, 2022/10/26, 22:25:31.268, 110090755269, datacollector.dll, BlameCollector.EventsTestCaseStart: Test Case Start
TpTrace Verbose: 0 : 16316, 8, 2022/10/26, 22:25:31.268, 110090756585, datacollector.dll, MulticastDelegateUtilities.SafeInvoke: DataCollectionEvents.TestCaseStart: Invoking callback 1/1 for Microsoft.TestPlatform.Extensions.BlameDataCollector.BlameCollector.EventsTestCaseStart, took 0 ms.
TpTrace Information: 0 : 16316, 8, 2022/10/26, 22:25:31.268, 110090757724, datacollector.dll, DataCollectionTestCaseEventHandler: Test case 'Trader.Api.UnitTests.ItemTransferTests.ShouldNotTransferItemPersonInactive - 36810320-b9d5-3b60-0dd2-e39b7a45025e' started.
TpTrace Information: 0 : 16316, 8, 2022/10/26, 22:25:31.268, 110090761670, datacollector.dll, DataCollectionTestCaseEventHandler: Test case starting.
TpTrace Information: 0 : 16316, 8, 2022/10/26, 22:25:31.268, 110090764323, datacollector.dll, BlameCollector.EventsTestCaseStart: Test Case Start
TpTrace Verbose: 0 : 16316, 8, 2022/10/26, 22:25:31.269, 110090764770, datacollector.dll, MulticastDelegateUtilities.SafeInvoke: DataCollectionEvents.TestCaseStart: Invoking callback 1/1 for Microsoft.TestPlatform.Extensions.BlameDataCollector.BlameCollector.EventsTestCaseStart, took 0 ms.
TpTrace Information: 0 : 16316, 8, 2022/10/26, 22:25:31.269, 110090765429, datacollector.dll, DataCollectionTestCaseEventHandler: Test case 'Trader.Api.UnitTests.ItemTests.ShouldGetAll - 4b39d05c-9341-9317-f8b6-5fdf46579d49' started.
TpTrace Information: 0 : 16316, 8, 2022/10/26, 22:25:31.269, 110090767750, datacollector.dll, DataCollectionTestCaseEventHandler: Test case starting.
TpTrace Information: 0 : 16316, 8, 2022/10/26, 22:25:31.269, 110090769709, datacollector.dll, BlameCollector.EventsTestCaseStart: Test Case Start
TpTrace Verbose: 0 : 16316, 8, 2022/10/26, 22:25:31.269, 110090770049, datacollector.dll, MulticastDelegateUtilities.SafeInvoke: DataCollectionEvents.TestCaseStart: Invoking callback 1/1 for Microsoft.TestPlatform.Extensions.BlameDataCollector.BlameCollector.EventsTestCaseStart, took 0 ms.
TpTrace Information: 0 : 16316, 8, 2022/10/26, 22:25:31.269, 110090770489, datacollector.dll, DataCollectionTestCaseEventHandler: Test case 'Trader.Api.UnitTests.PersonTests.ShouldGetPersonById - d531989f-2d18-3438-7512-83256678e189' started.
TpTrace Information: 0 : 16316, 8, 2022/10/26, 22:25:31.312, 110091197998, datacollector.dll, DataCollectionTestCaseEventHandler: Test case completing.
TpTrace Information: 0 : 16316, 8, 2022/10/26, 22:25:31.314, 110091223403, datacollector.dll, BlameCollector.EventsTestCaseEnd: Test Case End
TpTrace Verbose: 0 : 16316, 8, 2022/10/26, 22:25:31.315, 110091224723, datacollector.dll, MulticastDelegateUtilities.SafeInvoke: DataCollectionEvents.TestCaseEnd: Invoking callback 1/1 for Microsoft.TestPlatform.Extensions.BlameDataCollector.BlameCollector.EventsTestCaseEnd, took 0 ms.
TpTrace Information: 0 : 16316, 8, 2022/10/26, 22:25:31.316, 110091238253, datacollector.dll, DataCollectionTestCaseEventHandler: Test case 'Trader.Api.UnitTests.PersonTests.ShouldGetPersonById - d531989f-2d18-3438-7512-83256678e189' completed
TpTrace Information: 0 : 16316, 8, 2022/10/26, 22:25:31.321, 110091289861, datacollector.dll, DataCollectionTestCaseEventHandler: Test case completing.
TpTrace Information: 0 : 16316, 8, 2022/10/26, 22:25:31.321, 110091292432, datacollector.dll, BlameCollector.EventsTestCaseEnd: Test Case End
TpTrace Verbose: 0 : 16316, 8, 2022/10/26, 22:25:31.321, 110091292870, datacollector.dll, MulticastDelegateUtilities.SafeInvoke: DataCollectionEvents.TestCaseEnd: Invoking callback 1/1 for Microsoft.TestPlatform.Extensions.BlameDataCollector.BlameCollector.EventsTestCaseEnd, took 0 ms.
TpTrace Information: 0 : 16316, 8, 2022/10/26, 22:25:31.321, 110091293588, datacollector.dll, DataCollectionTestCaseEventHandler: Test case 'Trader.Api.UnitTests.ItemTests.ShouldGetAll - 4b39d05c-9341-9317-f8b6-5fdf46579d49' completed
TpTrace Information: 0 : 16316, 8, 2022/10/26, 22:25:31.322, 110091301483, datacollector.dll, DataCollectionTestCaseEventHandler: Test case starting.
TpTrace Information: 0 : 16316, 8, 2022/10/26, 22:25:31.322, 110091303510, datacollector.dll, BlameCollector.EventsTestCaseStart: Test Case Start
TpTrace Verbose: 0 : 16316, 8, 2022/10/26, 22:25:31.322, 110091303896, datacollector.dll, MulticastDelegateUtilities.SafeInvoke: DataCollectionEvents.TestCaseStart: Invoking callback 1/1 for Microsoft.TestPlatform.Extensions.BlameDataCollector.BlameCollector.EventsTestCaseStart, took 0 ms.
TpTrace Information: 0 : 16316, 8, 2022/10/26, 22:25:31.323, 110091304429, datacollector.dll, DataCollectionTestCaseEventHandler: Test case 'Trader.Api.UnitTests.PersonTests.ShouldDeletePerson - d20e8e6f-130c-0c46-8d32-6d55fe3ba93a' started.
TpTrace Information: 0 : 16316, 8, 2022/10/26, 22:25:31.323, 110091306434, datacollector.dll, DataCollectionTestCaseEventHandler: Test case starting.
TpTrace Information: 0 : 16316, 8, 2022/10/26, 22:25:31.323, 110091308252, datacollector.dll, BlameCollector.EventsTestCaseStart: Test Case Start
TpTrace Verbose: 0 : 16316, 8, 2022/10/26, 22:25:31.323, 110091308585, datacollector.dll, MulticastDelegateUtilities.SafeInvoke: DataCollectionEvents.TestCaseStart: Invoking callback 1/1 for Microsoft.TestPlatform.Extensions.BlameDataCollector.BlameCollector.EventsTestCaseStart, took 0 ms.
TpTrace Information: 0 : 16316, 8, 2022/10/26, 22:25:31.323, 110091308977, datacollector.dll, DataCollectionTestCaseEventHandler: Test case 'Trader.Api.UnitTests.ItemTests.ShouldUpdateItem - 58cd12ad-117f-ffef-2ad8-20d28a0e00db' started.
TpTrace Information: 0 : 16316, 8, 2022/10/26, 22:25:31.323, 110091311171, datacollector.dll, DataCollectionTestCaseEventHandler: Test case completing.
TpTrace Information: 0 : 16316, 8, 2022/10/26, 22:25:31.323, 110091313630, datacollector.dll, BlameCollector.EventsTestCaseEnd: Test Case End
TpTrace Verbose: 0 : 16316, 8, 2022/10/26, 22:25:31.323, 110091314263, datacollector.dll, MulticastDelegateUtilities.SafeInvoke: DataCollectionEvents.TestCaseEnd: Invoking callback 1/1 for Microsoft.TestPlatform.Extensions.BlameDataCollector.BlameCollector.EventsTestCaseEnd, took 0 ms.
TpTrace Information: 0 : 16316, 8, 2022/10/26, 22:25:31.324, 110091314912, datacollector.dll, DataCollectionTestCaseEventHandler: Test case 'Trader.Api.UnitTests.ItemTests.ShouldUpdateItem - 58cd12ad-117f-ffef-2ad8-20d28a0e00db' completed
TpTrace Information: 0 : 16316, 8, 2022/10/26, 22:25:31.324, 110091317878, datacollector.dll, DataCollectionTestCaseEventHandler: Test case completing.
TpTrace Information: 0 : 16316, 8, 2022/10/26, 22:25:31.324, 110091319985, datacollector.dll, BlameCollector.EventsTestCaseEnd: Test Case End
TpTrace Verbose: 0 : 16316, 8, 2022/10/26, 22:25:31.324, 110091320302, datacollector.dll, MulticastDelegateUtilities.SafeInvoke: DataCollectionEvents.TestCaseEnd: Invoking callback 1/1 for Microsoft.TestPlatform.Extensions.BlameDataCollector.BlameCollector.EventsTestCaseEnd, took 0 ms.
TpTrace Information: 0 : 16316, 8, 2022/10/26, 22:25:31.324, 110091320798, datacollector.dll, DataCollectionTestCaseEventHandler: Test case 'Trader.Api.UnitTests.PersonTests.ShouldDeletePerson - d20e8e6f-130c-0c46-8d32-6d55fe3ba93a' completed
TpTrace Information: 0 : 16316, 8, 2022/10/26, 22:25:31.324, 110091324092, datacollector.dll, DataCollectionTestCaseEventHandler: Test case starting.
TpTrace Information: 0 : 16316, 8, 2022/10/26, 22:25:31.325, 110091325938, datacollector.dll, BlameCollector.EventsTestCaseStart: Test Case Start
TpTrace Verbose: 0 : 16316, 8, 2022/10/26, 22:25:31.325, 110091326269, datacollector.dll, MulticastDelegateUtilities.SafeInvoke: DataCollectionEvents.TestCaseStart: Invoking callback 1/1 for Microsoft.TestPlatform.Extensions.BlameDataCollector.BlameCollector.EventsTestCaseStart, took 0 ms.
TpTrace Information: 0 : 16316, 8, 2022/10/26, 22:25:31.325, 110091326709, datacollector.dll, DataCollectionTestCaseEventHandler: Test case 'Trader.Api.UnitTests.ItemTests.ShouldInativateItens - 29873739-1656-a110-6513-04c1e2ba7f56' started.
TpTrace Information: 0 : 16316, 8, 2022/10/26, 22:25:31.325, 110091328796, datacollector.dll, DataCollectionTestCaseEventHandler: Test case starting.
TpTrace Information: 0 : 16316, 8, 2022/10/26, 22:25:31.325, 110091330801, datacollector.dll, BlameCollector.EventsTestCaseStart: Test Case Start
TpTrace Verbose: 0 : 16316, 8, 2022/10/26, 22:25:31.325, 110091331108, datacollector.dll, MulticastDelegateUtilities.SafeInvoke: DataCollectionEvents.TestCaseStart: Invoking callback 1/1 for Microsoft.TestPlatform.Extensions.BlameDataCollector.BlameCollector.EventsTestCaseStart, took 0 ms.
TpTrace Information: 0 : 16316, 8, 2022/10/26, 22:25:31.325, 110091331503, datacollector.dll, DataCollectionTestCaseEventHandler: Test case 'Trader.Api.UnitTests.PersonTests.ShouldGetAll - b4e8b10a-b18f-8ef4-2d2d-5f3cbe0c5aba' started.
TpTrace Information: 0 : 16316, 8, 2022/10/26, 22:25:31.325, 110091333680, datacollector.dll, DataCollectionTestCaseEventHandler: Test case completing.
TpTrace Information: 0 : 16316, 8, 2022/10/26, 22:25:31.326, 110091335525, datacollector.dll, BlameCollector.EventsTestCaseEnd: Test Case End
TpTrace Verbose: 0 : 16316, 8, 2022/10/26, 22:25:31.326, 110091335848, datacollector.dll, MulticastDelegateUtilities.SafeInvoke: DataCollectionEvents.TestCaseEnd: Invoking callback 1/1 for Microsoft.TestPlatform.Extensions.BlameDataCollector.BlameCollector.EventsTestCaseEnd, took 0 ms.
TpTrace Information: 0 : 16316, 8, 2022/10/26, 22:25:31.326, 110091336292, datacollector.dll, DataCollectionTestCaseEventHandler: Test case 'Trader.Api.UnitTests.ItemTransferTests.ShouldNotTransferItemPersonInactive - 36810320-b9d5-3b60-0dd2-e39b7a45025e' completed
TpTrace Information: 0 : 16316, 8, 2022/10/26, 22:25:31.326, 110091338911, datacollector.dll, DataCollectionTestCaseEventHandler: Test case starting.
TpTrace Information: 0 : 16316, 8, 2022/10/26, 22:25:31.326, 110091340712, datacollector.dll, BlameCollector.EventsTestCaseStart: Test Case Start
TpTrace Verbose: 0 : 16316, 8, 2022/10/26, 22:25:31.326, 110091341033, datacollector.dll, MulticastDelegateUtilities.SafeInvoke: DataCollectionEvents.TestCaseStart: Invoking callback 1/1 for Microsoft.TestPlatform.Extensions.BlameDataCollector.BlameCollector.EventsTestCaseStart, took 0 ms.
TpTrace Information: 0 : 16316, 8, 2022/10/26, 22:25:31.326, 110091341445, datacollector.dll, DataCollectionTestCaseEventHandler: Test case 'Trader.Api.UnitTests.ItemTransferTests.ShouldGetAll - 4c496c0b-393b-0b02-02cb-ea740103c54b' started.
TpTrace Information: 0 : 16316, 8, 2022/10/26, 22:25:31.326, 110091343360, datacollector.dll, DataCollectionTestCaseEventHandler: Test case completing.
TpTrace Information: 0 : 16316, 8, 2022/10/26, 22:25:31.327, 110091345593, datacollector.dll, BlameCollector.EventsTestCaseEnd: Test Case End
TpTrace Verbose: 0 : 16316, 8, 2022/10/26, 22:25:31.327, 110091345914, datacollector.dll, MulticastDelegateUtilities.SafeInvoke: DataCollectionEvents.TestCaseEnd: Invoking callback 1/1 for Microsoft.TestPlatform.Extensions.BlameDataCollector.BlameCollector.EventsTestCaseEnd, took 0 ms.
TpTrace Information: 0 : 16316, 8, 2022/10/26, 22:25:31.327, 110091346357, datacollector.dll, DataCollectionTestCaseEventHandler: Test case 'Trader.Api.UnitTests.PersonTests.ShouldGetAll - b4e8b10a-b18f-8ef4-2d2d-5f3cbe0c5aba' completed
TpTrace Information: 0 : 16316, 8, 2022/10/26, 22:25:31.327, 110091349061, datacollector.dll, DataCollectionTestCaseEventHandler: Test case starting.
TpTrace Information: 0 : 16316, 8, 2022/10/26, 22:25:31.327, 110091350792, datacollector.dll, BlameCollector.EventsTestCaseStart: Test Case Start
TpTrace Verbose: 0 : 16316, 8, 2022/10/26, 22:25:31.327, 110091351099, datacollector.dll, MulticastDelegateUtilities.SafeInvoke: DataCollectionEvents.TestCaseStart: Invoking callback 1/1 for Microsoft.TestPlatform.Extensions.BlameDataCollector.BlameCollector.EventsTestCaseStart, took 0 ms.
TpTrace Information: 0 : 16316, 8, 2022/10/26, 22:25:31.327, 110091351510, datacollector.dll, DataCollectionTestCaseEventHandler: Test case 'Trader.Api.UnitTests.PersonTests.ShouldNotUpdatePersonNameAlreadyExists(PersonId: 1, Name: "Marcos") - cee9b1ba-9867-55d6-a2e9-fdf330699f5b' started.
TpTrace Information: 0 : 16316, 8, 2022/10/26, 22:25:31.327, 110091353461, datacollector.dll, DataCollectionTestCaseEventHandler: Test case completing.
TpTrace Information: 0 : 16316, 8, 2022/10/26, 22:25:31.328, 110091355490, datacollector.dll, BlameCollector.EventsTestCaseEnd: Test Case End
TpTrace Verbose: 0 : 16316, 8, 2022/10/26, 22:25:31.328, 110091355808, datacollector.dll, MulticastDelegateUtilities.SafeInvoke: DataCollectionEvents.TestCaseEnd: Invoking callback 1/1 for Microsoft.TestPlatform.Extensions.BlameDataCollector.BlameCollector.EventsTestCaseEnd, took 0 ms.
TpTrace Information: 0 : 16316, 8, 2022/10/26, 22:25:31.328, 110091356369, datacollector.dll, DataCollectionTestCaseEventHandler: Test case 'Trader.Api.UnitTests.ItemTests.ShouldInativateItens - 29873739-1656-a110-6513-04c1e2ba7f56' completed
TpTrace Information: 0 : 16316, 8, 2022/10/26, 22:25:31.346, 110091535679, datacollector.dll, DataCollectionTestCaseEventHandler: Test case starting.
TpTrace Information: 0 : 16316, 8, 2022/10/26, 22:25:31.346, 110091539096, datacollector.dll, BlameCollector.EventsTestCaseStart: Test Case Start
TpTrace Verbose: 0 : 16316, 8, 2022/10/26, 22:25:31.346, 110091539515, datacollector.dll, MulticastDelegateUtilities.SafeInvoke: DataCollectionEvents.TestCaseStart: Invoking callback 1/1 for Microsoft.TestPlatform.Extensions.BlameDataCollector.BlameCollector.EventsTestCaseStart, took 0 ms.
TpTrace Information: 0 : 16316, 8, 2022/10/26, 22:25:31.346, 110091540172, datacollector.dll, DataCollectionTestCaseEventHandler: Test case 'Trader.Api.UnitTests.ItemTests.ShouldNotUpdateItemAlreadyExists - 42e06b69-9770-9c1e-eaf2-bd45dfac8b86' started.
TpTrace Information: 0 : 16316, 8, 2022/10/26, 22:25:31.346, 110091542574, datacollector.dll, DataCollectionTestCaseEventHandler: Test case completing.
TpTrace Information: 0 : 16316, 8, 2022/10/26, 22:25:31.347, 110091545265, datacollector.dll, BlameCollector.EventsTestCaseEnd: Test Case End
TpTrace Verbose: 0 : 16316, 8, 2022/10/26, 22:25:31.347, 110091545739, datacollector.dll, MulticastDelegateUtilities.SafeInvoke: DataCollectionEvents.TestCaseEnd: Invoking callback 1/1 for Microsoft.TestPlatform.Extensions.BlameDataCollector.BlameCollector.EventsTestCaseEnd, took 0 ms.
TpTrace Information: 0 : 16316, 8, 2022/10/26, 22:25:31.347, 110091546466, datacollector.dll, DataCollectionTestCaseEventHandler: Test case 'Trader.Api.UnitTests.ItemTransferTests.ShouldGetAll - 4c496c0b-393b-0b02-02cb-ea740103c54b' completed
TpTrace Information: 0 : 16316, 8, 2022/10/26, 22:25:31.347, 110091551097, datacollector.dll, DataCollectionTestCaseEventHandler: Test case starting.
TpTrace Information: 0 : 16316, 8, 2022/10/26, 22:25:31.347, 110091553081, datacollector.dll, BlameCollector.EventsTestCaseStart: Test Case Start
TpTrace Verbose: 0 : 16316, 8, 2022/10/26, 22:25:31.347, 110091553395, datacollector.dll, MulticastDelegateUtilities.SafeInvoke: DataCollectionEvents.TestCaseStart: Invoking callback 1/1 for Microsoft.TestPlatform.Extensions.BlameDataCollector.BlameCollector.EventsTestCaseStart, took 0 ms.
TpTrace Information: 0 : 16316, 8, 2022/10/26, 22:25:31.347, 110091553802, datacollector.dll, DataCollectionTestCaseEventHandler: Test case 'Trader.Api.UnitTests.ItemTransferTests.ShouldNotTransferItemItemInactive - 8c98ec49-93d9-9807-ca98-8263032bc4f6' started.
TpTrace Information: 0 : 16316, 8, 2022/10/26, 22:25:31.348, 110091556092, datacollector.dll, DataCollectionTestCaseEventHandler: Test case completing.
TpTrace Information: 0 : 16316, 8, 2022/10/26, 22:25:31.348, 110091559283, datacollector.dll, BlameCollector.EventsTestCaseEnd: Test Case End
TpTrace Verbose: 0 : 16316, 8, 2022/10/26, 22:25:31.348, 110091559735, datacollector.dll, MulticastDelegateUtilities.SafeInvoke: DataCollectionEvents.TestCaseEnd: Invoking callback 1/1 for Microsoft.TestPlatform.Extensions.BlameDataCollector.BlameCollector.EventsTestCaseEnd, took 0 ms.
TpTrace Information: 0 : 16316, 8, 2022/10/26, 22:25:31.348, 110091560499, datacollector.dll, DataCollectionTestCaseEventHandler: Test case 'Trader.Api.UnitTests.ItemTests.ShouldNotUpdateItemAlreadyExists - 42e06b69-9770-9c1e-eaf2-bd45dfac8b86' completed
TpTrace Information: 0 : 16316, 8, 2022/10/26, 22:25:31.348, 110091563401, datacollector.dll, DataCollectionTestCaseEventHandler: Test case starting.
TpTrace Information: 0 : 16316, 8, 2022/10/26, 22:25:31.349, 110091565533, datacollector.dll, BlameCollector.EventsTestCaseStart: Test Case Start
TpTrace Verbose: 0 : 16316, 8, 2022/10/26, 22:25:31.349, 110091565893, datacollector.dll, MulticastDelegateUtilities.SafeInvoke: DataCollectionEvents.TestCaseStart: Invoking callback 1/1 for Microsoft.TestPlatform.Extensions.BlameDataCollector.BlameCollector.EventsTestCaseStart, took 0 ms.
TpTrace Information: 0 : 16316, 8, 2022/10/26, 22:25:31.349, 110091566324, datacollector.dll, DataCollectionTestCaseEventHandler: Test case 'Trader.Api.UnitTests.ItemTests.ShouldDeleteItem - 485a2e86-1106-f427-5a4f-46fb5a3293a5' started.
TpTrace Information: 0 : 16316, 8, 2022/10/26, 22:25:31.349, 110091568303, datacollector.dll, DataCollectionTestCaseEventHandler: Test case completing.
TpTrace Information: 0 : 16316, 8, 2022/10/26, 22:25:31.349, 110091570103, datacollector.dll, BlameCollector.EventsTestCaseEnd: Test Case End
TpTrace Verbose: 0 : 16316, 8, 2022/10/26, 22:25:31.349, 110091570416, datacollector.dll, MulticastDelegateUtilities.SafeInvoke: DataCollectionEvents.TestCaseEnd: Invoking callback 1/1 for Microsoft.TestPlatform.Extensions.BlameDataCollector.BlameCollector.EventsTestCaseEnd, took 0 ms.
TpTrace Information: 0 : 16316, 8, 2022/10/26, 22:25:31.349, 110091571308, datacollector.dll, DataCollectionTestCaseEventHandler: Test case 'Trader.Api.UnitTests.PersonTests.ShouldNotUpdatePersonNameAlreadyExists(PersonId: 1, Name: "Marcos") - cee9b1ba-9867-55d6-a2e9-fdf330699f5b' completed
TpTrace Information: 0 : 16316, 8, 2022/10/26, 22:25:31.349, 110091574262, datacollector.dll, DataCollectionTestCaseEventHandler: Test case starting.
TpTrace Information: 0 : 16316, 8, 2022/10/26, 22:25:31.350, 110091576097, datacollector.dll, BlameCollector.EventsTestCaseStart: Test Case Start
TpTrace Verbose: 0 : 16316, 8, 2022/10/26, 22:25:31.350, 110091576383, datacollector.dll, MulticastDelegateUtilities.SafeInvoke: DataCollectionEvents.TestCaseStart: Invoking callback 1/1 for Microsoft.TestPlatform.Extensions.BlameDataCollector.BlameCollector.EventsTestCaseStart, took 0 ms.
TpTrace Information: 0 : 16316, 8, 2022/10/26, 22:25:31.350, 110091576796, datacollector.dll, DataCollectionTestCaseEventHandler: Test case 'Trader.Api.UnitTests.PersonTests.ShouldInsertPerson - bf4adaef-80ef-1107-b15d-8d260dae19cb' started.
TpTrace Information: 0 : 16316, 8, 2022/10/26, 22:25:31.350, 110091578767, datacollector.dll, DataCollectionTestCaseEventHandler: Test case completing.
TpTrace Information: 0 : 16316, 8, 2022/10/26, 22:25:31.350, 110091580580, datacollector.dll, BlameCollector.EventsTestCaseEnd: Test Case End
TpTrace Verbose: 0 : 16316, 8, 2022/10/26, 22:25:31.350, 110091580891, datacollector.dll, MulticastDelegateUtilities.SafeInvoke: DataCollectionEvents.TestCaseEnd: Invoking callback 1/1 for Microsoft.TestPlatform.Extensions.BlameDataCollector.BlameCollector.EventsTestCaseEnd, took 0 ms.
TpTrace Information: 0 : 16316, 8, 2022/10/26, 22:25:31.350, 110091581386, datacollector.dll, DataCollectionTestCaseEventHandler: Test case 'Trader.Api.UnitTests.ItemTransferTests.ShouldNotTransferItemItemInactive - 8c98ec49-93d9-9807-ca98-8263032bc4f6' completed
TpTrace Information: 0 : 16316, 8, 2022/10/26, 22:25:31.350, 110091584028, datacollector.dll, DataCollectionTestCaseEventHandler: Test case starting.
TpTrace Information: 0 : 16316, 8, 2022/10/26, 22:25:31.351, 110091585982, datacollector.dll, BlameCollector.EventsTestCaseStart: Test Case Start
TpTrace Verbose: 0 : 16316, 8, 2022/10/26, 22:25:31.351, 110091586275, datacollector.dll, MulticastDelegateUtilities.SafeInvoke: DataCollectionEvents.TestCaseStart: Invoking callback 1/1 for Microsoft.TestPlatform.Extensions.BlameDataCollector.BlameCollector.EventsTestCaseStart, took 0 ms.
TpTrace Information: 0 : 16316, 8, 2022/10/26, 22:25:31.351, 110091586689, datacollector.dll, DataCollectionTestCaseEventHandler: Test case 'Trader.Api.UnitTests.ItemTransferTests.ShouldTransferItem - 98d16d27-d554-9a4d-d37e-2b4619ec7484' started.
TpTrace Information: 0 : 16316, 8, 2022/10/26, 22:25:31.351, 110091588752, datacollector.dll, DataCollectionTestCaseEventHandler: Test case completing.
TpTrace Information: 0 : 16316, 8, 2022/10/26, 22:25:31.351, 110091590547, datacollector.dll, BlameCollector.EventsTestCaseEnd: Test Case End
TpTrace Verbose: 0 : 16316, 8, 2022/10/26, 22:25:31.351, 110091590834, datacollector.dll, MulticastDelegateUtilities.SafeInvoke: DataCollectionEvents.TestCaseEnd: Invoking callback 1/1 for Microsoft.TestPlatform.Extensions.BlameDataCollector.BlameCollector.EventsTestCaseEnd, took 0 ms.
TpTrace Information: 0 : 16316, 8, 2022/10/26, 22:25:31.351, 110091591259, datacollector.dll, DataCollectionTestCaseEventHandler: Test case 'Trader.Api.UnitTests.ItemTests.ShouldDeleteItem - 485a2e86-1106-f427-5a4f-46fb5a3293a5' completed
TpTrace Information: 0 : 16316, 8, 2022/10/26, 22:25:31.351, 110091593854, datacollector.dll, DataCollectionTestCaseEventHandler: Test case starting.
TpTrace Information: 0 : 16316, 8, 2022/10/26, 22:25:31.352, 110091595660, datacollector.dll, BlameCollector.EventsTestCaseStart: Test Case Start
TpTrace Verbose: 0 : 16316, 8, 2022/10/26, 22:25:31.352, 110091595980, datacollector.dll, MulticastDelegateUtilities.SafeInvoke: DataCollectionEvents.TestCaseStart: Invoking callback 1/1 for Microsoft.TestPlatform.Extensions.BlameDataCollector.BlameCollector.EventsTestCaseStart, took 0 ms.
TpTrace Information: 0 : 16316, 8, 2022/10/26, 22:25:31.352, 110091596661, datacollector.dll, DataCollectionTestCaseEventHandler: Test case 'Trader.Api.UnitTests.ItemTests.ShouldNotFound - 6ae10191-6a44-c5eb-25bc-509a3325e101' started.
TpTrace Information: 0 : 16316, 8, 2022/10/26, 22:25:31.352, 110091598528, datacollector.dll, DataCollectionTestCaseEventHandler: Test case completing.
TpTrace Information: 0 : 16316, 8, 2022/10/26, 22:25:31.352, 110091600282, datacollector.dll, BlameCollector.EventsTestCaseEnd: Test Case End
TpTrace Verbose: 0 : 16316, 8, 2022/10/26, 22:25:31.352, 110091600562, datacollector.dll, MulticastDelegateUtilities.SafeInvoke: DataCollectionEvents.TestCaseEnd: Invoking callback 1/1 for Microsoft.TestPlatform.Extensions.BlameDataCollector.BlameCollector.EventsTestCaseEnd, took 0 ms.
TpTrace Information: 0 : 16316, 8, 2022/10/26, 22:25:31.352, 110091601023, datacollector.dll, DataCollectionTestCaseEventHandler: Test case 'Trader.Api.UnitTests.ItemTests.ShouldNotFound - 6ae10191-6a44-c5eb-25bc-509a3325e101' completed
TpTrace Information: 0 : 16316, 8, 2022/10/26, 22:25:31.352, 110091603531, datacollector.dll, DataCollectionTestCaseEventHandler: Test case starting.
TpTrace Information: 0 : 16316, 8, 2022/10/26, 22:25:31.353, 110091605305, datacollector.dll, BlameCollector.EventsTestCaseStart: Test Case Start
TpTrace Verbose: 0 : 16316, 8, 2022/10/26, 22:25:31.353, 110091605590, datacollector.dll, MulticastDelegateUtilities.SafeInvoke: DataCollectionEvents.TestCaseStart: Invoking callback 1/1 for Microsoft.TestPlatform.Extensions.BlameDataCollector.BlameCollector.EventsTestCaseStart, took 0 ms.
TpTrace Information: 0 : 16316, 8, 2022/10/26, 22:25:31.353, 110091605963, datacollector.dll, DataCollectionTestCaseEventHandler: Test case 'Trader.Api.UnitTests.ItemTests.ShouldChangeOwnerItem - 994965c7-89c0-ed41-ae22-8bb8bb87de59' started.
TpTrace Information: 0 : 16316, 8, 2022/10/26, 22:25:31.353, 110091607921, datacollector.dll, DataCollectionTestCaseEventHandler: Test case completing.
TpTrace Information: 0 : 16316, 8, 2022/10/26, 22:25:31.353, 110091609877, datacollector.dll, BlameCollector.EventsTestCaseEnd: Test Case End
TpTrace Verbose: 0 : 16316, 8, 2022/10/26, 22:25:31.353, 110091610198, datacollector.dll, MulticastDelegateUtilities.SafeInvoke: DataCollectionEvents.TestCaseEnd: Invoking callback 1/1 for Microsoft.TestPlatform.Extensions.BlameDataCollector.BlameCollector.EventsTestCaseEnd, took 0 ms.
TpTrace Information: 0 : 16316, 8, 2022/10/26, 22:25:31.353, 110091610757, datacollector.dll, DataCollectionTestCaseEventHandler: Test case 'Trader.Api.UnitTests.ItemTransferTests.ShouldTransferItem - 98d16d27-d554-9a4d-d37e-2b4619ec7484' completed
TpTrace Information: 0 : 16316, 8, 2022/10/26, 22:25:31.353, 110091613284, datacollector.dll, DataCollectionTestCaseEventHandler: Test case completing.
TpTrace Information: 0 : 16316, 8, 2022/10/26, 22:25:31.354, 110091615650, datacollector.dll, BlameCollector.EventsTestCaseEnd: Test Case End
TpTrace Verbose: 0 : 16316, 8, 2022/10/26, 22:25:31.354, 110091616032, datacollector.dll, MulticastDelegateUtilities.SafeInvoke: DataCollectionEvents.TestCaseEnd: Invoking callback 1/1 for Microsoft.TestPlatform.Extensions.BlameDataCollector.BlameCollector.EventsTestCaseEnd, took 0 ms.
TpTrace Information: 0 : 16316, 8, 2022/10/26, 22:25:31.354, 110091616644, datacollector.dll, DataCollectionTestCaseEventHandler: Test case 'Trader.Api.UnitTests.PersonTests.ShouldInsertPerson - bf4adaef-80ef-1107-b15d-8d260dae19cb' completed
TpTrace Information: 0 : 16316, 8, 2022/10/26, 22:25:31.355, 110091629863, datacollector.dll, DataCollectionTestCaseEventHandler: Test case starting.
TpTrace Information: 0 : 16316, 8, 2022/10/26, 22:25:31.355, 110091631738, datacollector.dll, BlameCollector.EventsTestCaseStart: Test Case Start
TpTrace Verbose: 0 : 16316, 8, 2022/10/26, 22:25:31.355, 110091632350, datacollector.dll, MulticastDelegateUtilities.SafeInvoke: DataCollectionEvents.TestCaseStart: Invoking callback 1/1 for Microsoft.TestPlatform.Extensions.BlameDataCollector.BlameCollector.EventsTestCaseStart, took 0 ms.
TpTrace Information: 0 : 16316, 8, 2022/10/26, 22:25:31.355, 110091632814, datacollector.dll, DataCollectionTestCaseEventHandler: Test case 'Trader.Api.UnitTests.PersonTests.ShouldNotInsertPersonWithSameName - c3b5d27a-9a01-fed3-5aaa-98a6fb9e222b' started.
TpTrace Information: 0 : 16316, 8, 2022/10/26, 22:25:31.356, 110091634802, datacollector.dll, DataCollectionTestCaseEventHandler: Test case completing.
TpTrace Information: 0 : 16316, 8, 2022/10/26, 22:25:31.356, 110091636851, datacollector.dll, BlameCollector.EventsTestCaseEnd: Test Case End
TpTrace Verbose: 0 : 16316, 8, 2022/10/26, 22:25:31.356, 110091637207, datacollector.dll, MulticastDelegateUtilities.SafeInvoke: DataCollectionEvents.TestCaseEnd: Invoking callback 1/1 for Microsoft.TestPlatform.Extensions.BlameDataCollector.BlameCollector.EventsTestCaseEnd, took 0 ms.
TpTrace Information: 0 : 16316, 8, 2022/10/26, 22:25:31.356, 110091637800, datacollector.dll, DataCollectionTestCaseEventHandler: Test case 'Trader.Api.UnitTests.ItemTests.ShouldChangeOwnerItem - 994965c7-89c0-ed41-ae22-8bb8bb87de59' completed
TpTrace Information: 0 : 16316, 8, 2022/10/26, 22:25:31.356, 110091640735, datacollector.dll, DataCollectionTestCaseEventHandler: Test case starting.
TpTrace Information: 0 : 16316, 8, 2022/10/26, 22:25:31.356, 110091642536, datacollector.dll, BlameCollector.EventsTestCaseStart: Test Case Start
TpTrace Verbose: 0 : 16316, 8, 2022/10/26, 22:25:31.356, 110091642827, datacollector.dll, MulticastDelegateUtilities.SafeInvoke: DataCollectionEvents.TestCaseStart: Invoking callback 1/1 for Microsoft.TestPlatform.Extensions.BlameDataCollector.BlameCollector.EventsTestCaseStart, took 0 ms.
TpTrace Information: 0 : 16316, 8, 2022/10/26, 22:25:31.356, 110091643210, datacollector.dll, DataCollectionTestCaseEventHandler: Test case 'Trader.Api.UnitTests.ItemTests.ShouldNotInserItemInactivePerson - 35d5ce86-70ab-063d-e226-1e0ba3b2533d' started.
TpTrace Information: 0 : 16316, 8, 2022/10/26, 22:25:31.357, 110091645503, datacollector.dll, DataCollectionTestCaseEventHandler: Test case completing.
TpTrace Information: 0 : 16316, 8, 2022/10/26, 22:25:31.357, 110091647402, datacollector.dll, BlameCollector.EventsTestCaseEnd: Test Case End
TpTrace Verbose: 0 : 16316, 8, 2022/10/26, 22:25:31.357, 110091647696, datacollector.dll, MulticastDelegateUtilities.SafeInvoke: DataCollectionEvents.TestCaseEnd: Invoking callback 1/1 for Microsoft.TestPlatform.Extensions.BlameDataCollector.BlameCollector.EventsTestCaseEnd, took 0 ms.
TpTrace Information: 0 : 16316, 8, 2022/10/26, 22:25:31.357, 110091648182, datacollector.dll, DataCollectionTestCaseEventHandler: Test case 'Trader.Api.UnitTests.PersonTests.ShouldNotInsertPersonWithSameName - c3b5d27a-9a01-fed3-5aaa-98a6fb9e222b' completed
TpTrace Information: 0 : 16316, 8, 2022/10/26, 22:25:31.357, 110091650826, datacollector.dll, DataCollectionTestCaseEventHandler: Test case starting.
TpTrace Information: 0 : 16316, 8, 2022/10/26, 22:25:31.357, 110091652612, datacollector.dll, BlameCollector.EventsTestCaseStart: Test Case Start
TpTrace Verbose: 0 : 16316, 8, 2022/10/26, 22:25:31.357, 110091652902, datacollector.dll, MulticastDelegateUtilities.SafeInvoke: DataCollectionEvents.TestCaseStart: Invoking callback 1/1 for Microsoft.TestPlatform.Extensions.BlameDataCollector.BlameCollector.EventsTestCaseStart, took 0 ms.
TpTrace Information: 0 : 16316, 8, 2022/10/26, 22:25:31.357, 110091653274, datacollector.dll, DataCollectionTestCaseEventHandler: Test case 'Trader.Api.UnitTests.PersonTests.ShouldNotFindUser - e2c40763-36d8-75e6-99f3-fe390a6e5eac' started.
TpTrace Information: 0 : 16316, 8, 2022/10/26, 22:25:31.358, 110091655492, datacollector.dll, DataCollectionTestCaseEventHandler: Test case completing.
TpTrace Information: 0 : 16316, 8, 2022/10/26, 22:25:31.358, 110091657635, datacollector.dll, BlameCollector.EventsTestCaseEnd: Test Case End
TpTrace Verbose: 0 : 16316, 8, 2022/10/26, 22:25:31.358, 110091657977, datacollector.dll, MulticastDelegateUtilities.SafeInvoke: DataCollectionEvents.TestCaseEnd: Invoking callback 1/1 for Microsoft.TestPlatform.Extensions.BlameDataCollector.BlameCollector.EventsTestCaseEnd, took 0 ms.
TpTrace Information: 0 : 16316, 8, 2022/10/26, 22:25:31.358, 110091658422, datacollector.dll, DataCollectionTestCaseEventHandler: Test case 'Trader.Api.UnitTests.PersonTests.ShouldNotFindUser - e2c40763-36d8-75e6-99f3-fe390a6e5eac' completed
TpTrace Information: 0 : 16316, 8, 2022/10/26, 22:25:31.358, 110091660985, datacollector.dll, DataCollectionTestCaseEventHandler: Test case starting.
TpTrace Information: 0 : 16316, 8, 2022/10/26, 22:25:31.358, 110091662711, datacollector.dll, BlameCollector.EventsTestCaseStart: Test Case Start
TpTrace Verbose: 0 : 16316, 8, 2022/10/26, 22:25:31.358, 110091662993, datacollector.dll, MulticastDelegateUtilities.SafeInvoke: DataCollectionEvents.TestCaseStart: Invoking callback 1/1 for Microsoft.TestPlatform.Extensions.BlameDataCollector.BlameCollector.EventsTestCaseStart, took 0 ms.
TpTrace Information: 0 : 16316, 8, 2022/10/26, 22:25:31.358, 110091663418, datacollector.dll, DataCollectionTestCaseEventHandler: Test case 'Trader.Api.UnitTests.PersonTests.ShouldUpdatePerson(PersonId: 1, Name: "Marcos") - 9266db0b-c73c-95bf-6f43-ac9510416a02' started.
TpTrace Information: 0 : 16316, 8, 2022/10/26, 22:25:31.359, 110091665352, datacollector.dll, DataCollectionTestCaseEventHandler: Test case completing.
TpTrace Information: 0 : 16316, 8, 2022/10/26, 22:25:31.359, 110091667134, datacollector.dll, BlameCollector.EventsTestCaseEnd: Test Case End
TpTrace Verbose: 0 : 16316, 8, 2022/10/26, 22:25:31.359, 110091667414, datacollector.dll, MulticastDelegateUtilities.SafeInvoke: DataCollectionEvents.TestCaseEnd: Invoking callback 1/1 for Microsoft.TestPlatform.Extensions.BlameDataCollector.BlameCollector.EventsTestCaseEnd, took 0 ms.
TpTrace Information: 0 : 16316, 8, 2022/10/26, 22:25:31.359, 110091667839, datacollector.dll, DataCollectionTestCaseEventHandler: Test case 'Trader.Api.UnitTests.PersonTests.ShouldUpdatePerson(PersonId: 1, Name: "Marcos") - 9266db0b-c73c-95bf-6f43-ac9510416a02' completed
TpTrace Information: 0 : 16316, 8, 2022/10/26, 22:25:31.359, 110091670877, datacollector.dll, DataCollectionTestCaseEventHandler: Test case completing.
TpTrace Information: 0 : 16316, 8, 2022/10/26, 22:25:31.359, 110091672633, datacollector.dll, BlameCollector.EventsTestCaseEnd: Test Case End
TpTrace Verbose: 0 : 16316, 8, 2022/10/26, 22:25:31.359, 110091672940, datacollector.dll, MulticastDelegateUtilities.SafeInvoke: DataCollectionEvents.TestCaseEnd: Invoking callback 1/1 for Microsoft.TestPlatform.Extensions.BlameDataCollector.BlameCollector.EventsTestCaseEnd, took 0 ms.
TpTrace Information: 0 : 16316, 8, 2022/10/26, 22:25:31.359, 110091673391, datacollector.dll, DataCollectionTestCaseEventHandler: Test case 'Trader.Api.UnitTests.ItemTests.ShouldNotInserItemInactivePerson - 35d5ce86-70ab-063d-e226-1e0ba3b2533d' completed
TpTrace Information: 0 : 16316, 8, 2022/10/26, 22:25:31.360, 110091676117, datacollector.dll, DataCollectionTestCaseEventHandler: Test case starting.
TpTrace Information: 0 : 16316, 8, 2022/10/26, 22:25:31.360, 110091678004, datacollector.dll, BlameCollector.EventsTestCaseStart: Test Case Start
TpTrace Verbose: 0 : 16316, 8, 2022/10/26, 22:25:31.360, 110091678301, datacollector.dll, MulticastDelegateUtilities.SafeInvoke: DataCollectionEvents.TestCaseStart: Invoking callback 1/1 for Microsoft.TestPlatform.Extensions.BlameDataCollector.BlameCollector.EventsTestCaseStart, took 0 ms.
TpTrace Information: 0 : 16316, 8, 2022/10/26, 22:25:31.360, 110091678700, datacollector.dll, DataCollectionTestCaseEventHandler: Test case 'Trader.Api.UnitTests.ItemTests.ShouldInserItem - 49286f2a-6ece-3052-f29b-75966931b147' started.
TpTrace Information: 0 : 16316, 8, 2022/10/26, 22:25:31.360, 110091680746, datacollector.dll, DataCollectionTestCaseEventHandler: Test case completing.
TpTrace Information: 0 : 16316, 8, 2022/10/26, 22:25:31.360, 110091682492, datacollector.dll, BlameCollector.EventsTestCaseEnd: Test Case End
TpTrace Verbose: 0 : 16316, 8, 2022/10/26, 22:25:31.360, 110091682814, datacollector.dll, MulticastDelegateUtilities.SafeInvoke: DataCollectionEvents.TestCaseEnd: Invoking callback 1/1 for Microsoft.TestPlatform.Extensions.BlameDataCollector.BlameCollector.EventsTestCaseEnd, took 0 ms.
TpTrace Information: 0 : 16316, 8, 2022/10/26, 22:25:31.360, 110091683246, datacollector.dll, DataCollectionTestCaseEventHandler: Test case 'Trader.Api.UnitTests.ItemTests.ShouldInserItem - 49286f2a-6ece-3052-f29b-75966931b147' completed
TpTrace Information: 0 : 16316, 8, 2022/10/26, 22:25:31.361, 110091686063, datacollector.dll, DataCollectionTestCaseEventHandler: Test case starting.
TpTrace Information: 0 : 16316, 8, 2022/10/26, 22:25:31.361, 110091688065, datacollector.dll, BlameCollector.EventsTestCaseStart: Test Case Start
TpTrace Verbose: 0 : 16316, 8, 2022/10/26, 22:25:31.361, 110091688391, datacollector.dll, MulticastDelegateUtilities.SafeInvoke: DataCollectionEvents.TestCaseStart: Invoking callback 1/1 for Microsoft.TestPlatform.Extensions.BlameDataCollector.BlameCollector.EventsTestCaseStart, took 0 ms.
TpTrace Information: 0 : 16316, 8, 2022/10/26, 22:25:31.361, 110091688858, datacollector.dll, DataCollectionTestCaseEventHandler: Test case 'Trader.Api.UnitTests.ItemTests.ShouldNotChangeOwnerItemChanceItemName - 4929d299-9459-c2c0-6cca-9a39f1c70a00' started.
TpTrace Information: 0 : 16316, 8, 2022/10/26, 22:25:31.361, 110091690841, datacollector.dll, DataCollectionTestCaseEventHandler: Test case completing.
TpTrace Information: 0 : 16316, 8, 2022/10/26, 22:25:31.361, 110091692672, datacollector.dll, BlameCollector.EventsTestCaseEnd: Test Case End
TpTrace Verbose: 0 : 16316, 8, 2022/10/26, 22:25:31.361, 110091692956, datacollector.dll, MulticastDelegateUtilities.SafeInvoke: DataCollectionEvents.TestCaseEnd: Invoking callback 1/1 for Microsoft.TestPlatform.Extensions.BlameDataCollector.BlameCollector.EventsTestCaseEnd, took 0 ms.
TpTrace Information: 0 : 16316, 8, 2022/10/26, 22:25:31.361, 110091693384, datacollector.dll, DataCollectionTestCaseEventHandler: Test case 'Trader.Api.UnitTests.ItemTests.ShouldNotChangeOwnerItemChanceItemName - 4929d299-9459-c2c0-6cca-9a39f1c70a00' completed
TpTrace Information: 0 : 16316, 8, 2022/10/26, 22:25:31.362, 110091696359, datacollector.dll, DataCollectionTestCaseEventHandler: Test case starting.
TpTrace Information: 0 : 16316, 8, 2022/10/26, 22:25:31.362, 110091698193, datacollector.dll, BlameCollector.EventsTestCaseStart: Test Case Start
TpTrace Verbose: 0 : 16316, 8, 2022/10/26, 22:25:31.362, 110091698481, datacollector.dll, MulticastDelegateUtilities.SafeInvoke: DataCollectionEvents.TestCaseStart: Invoking callback 1/1 for Microsoft.TestPlatform.Extensions.BlameDataCollector.BlameCollector.EventsTestCaseStart, took 0 ms.
TpTrace Information: 0 : 16316, 8, 2022/10/26, 22:25:31.362, 110091698908, datacollector.dll, DataCollectionTestCaseEventHandler: Test case 'Trader.Api.UnitTests.ItemTests.ShouldGetItemById - 88981672-7399-1c7c-d6e1-0ef556bd90aa' started.
TpTrace Information: 0 : 16316, 8, 2022/10/26, 22:25:31.362, 110091700711, datacollector.dll, DataCollectionTestCaseEventHandler: Test case completing.
TpTrace Information: 0 : 16316, 8, 2022/10/26, 22:25:31.362, 110091702471, datacollector.dll, BlameCollector.EventsTestCaseEnd: Test Case End
TpTrace Verbose: 0 : 16316, 8, 2022/10/26, 22:25:31.362, 110091702754, datacollector.dll, MulticastDelegateUtilities.SafeInvoke: DataCollectionEvents.TestCaseEnd: Invoking callback 1/1 for Microsoft.TestPlatform.Extensions.BlameDataCollector.BlameCollector.EventsTestCaseEnd, took 0 ms.
TpTrace Information: 0 : 16316, 8, 2022/10/26, 22:25:31.362, 110091703178, datacollector.dll, DataCollectionTestCaseEventHandler: Test case 'Trader.Api.UnitTests.ItemTests.ShouldGetItemById - 88981672-7399-1c7c-d6e1-0ef556bd90aa' completed
TpTrace Information: 0 : 16316, 8, 2022/10/26, 22:25:31.366, 110091741353, datacollector.dll, DataCollectionTestCaseEventHandler: Test session ended
TpTrace Information: 0 : 16316, 1, 2022/10/26, 22:25:31.402, 110092099228, datacollector.dll, DataCollectionRequestHandler.ProcessRequests: Datacollector received message: (DataCollection.AfterTestRunEnd) -> {"MessageType":"DataCollection.AfterTestRunEnd","Payload":false}
TpTrace Information: 0 : 16316, 1, 2022/10/26, 22:25:31.403, 110092105107, datacollector.dll, Blame Collector: Session End
TpTrace Information: 0 : 16316, 1, 2022/10/26, 22:25:31.403, 110092105447, datacollector.dll, BlameCollector.CollectDumpAndAbortTesthost: Custom path to dump directory was provided via VSTEST_DUMP_PATH. Skipping attachment upload, the caller is responsible for collecting and uploading the dumps themselves.
TpTrace Verbose: 0 : 16316, 1, 2022/10/26, 22:25:31.403, 110092105935, datacollector.dll, MulticastDelegateUtilities.SafeInvoke: DataCollectionEvents.SessionEnd: Invoking callback 1/1 for Microsoft.TestPlatform.Extensions.BlameDataCollector.BlameCollector.SessionEndedHandler, took 0 ms.
TpTrace Information: 0 : 16316, 1, 2022/10/26, 22:25:31.403, 110092109521, datacollector.dll, DataCollectionManager.CleanupPlugins: CleanupPlugins called
TpTrace Verbose: 0 : 16316, 1, 2022/10/26, 22:25:31.403, 110092109840, datacollector.dll, DataCollectionManager.CleanupPlugins: Cleaning up 1 plugins
TpTrace Verbose: 0 : 16316, 1, 2022/10/26, 22:25:31.403, 110092110321, datacollector.dll, dataCollectorInfo.DisposeDataCollector: calling Dispose() on Microsoft.TestPlatform.Extensions.BlameDataCollector.BlameCollector
TpTrace Information: 0 : 16316, 1, 2022/10/26, 22:25:31.403, 110092110702, datacollector.dll, DataCollectionManager.CleanupPlugins: CleanupPlugins finished
TpTrace Information: 0 : 16316, 1, 2022/10/26, 22:25:31.406, 110092143447, datacollector.dll, DataCollectionRequestHandler.ProcessRequests : Session End message received from server. Closing the connection.
TpTrace Information: 0 : 16316, 1, 2022/10/26, 22:25:31.407, 110092144450, datacollector.dll, Closing the connection !
TpTrace Information: 0 : 16316, 1, 2022/10/26, 22:25:31.407, 110092144797, datacollector.dll, DataCollectionRequestHandler.ProcessRequests : DataCollection completed
TpTrace Information: 0 : 16316, 1, 2022/10/26, 22:25:31.407, 110092145216, datacollector.dll, Program.Main: exiting datacollector process.
