TpTrace Verbose: 0 : 97544, 1, 2022/10/26, 15:40:54.502, 11477164255444, vstest.console.dll, Version: 17.3.0-release-20220708-01 Current process architecture: X64
TpTrace Verbose: 0 : 97544, 1, 2022/10/26, 15:40:54.503, 11477164269556, vstest.console.dll, Runtime location: C:\Program Files\dotnet\shared\Microsoft.NETCore.App\6.0.8
TpTrace Information: 0 : 97544, 1, 2022/10/26, 15:40:54.508, 11477164319530, vstest.console.dll, FilePatternParser: The given file C:\Users\icaro.carvalho\source\repos\IndgTestCase\WebApplication1\bin\Debug\net6.0\fine-code-coverage\build-output\Trader.Api.dll is a full path.
TpTrace Verbose: 0 : 97544, 1, 2022/10/26, 15:40:54.517, 11477164404700, vstest.console.dll, TestPluginCache.DiscoverTestExtensions: finding test extensions in assemblies ends with: RuntimeProvider.dll TPluginInfo: Microsoft.VisualStudio.TestPlatform.Common.ExtensionFramework.Utilities.TestRuntimePluginInformation TExtension: Microsoft.VisualStudio.TestPlatform.ObjectModel.Host.ITestRuntimeProvider
TpTrace Verbose: 0 : 97544, 1, 2022/10/26, 15:40:54.517, 11477164406253, vstest.console.dll, TestPluginCache.GetExtensionPaths: Filtered extension paths: 
TpTrace Verbose: 0 : 97544, 1, 2022/10/26, 15:40:54.517, 11477164406740, vstest.console.dll, TestPluginCache.GetExtensionPaths: Added default extension paths: C:\Program Files\dotnet\sdk\6.0.400\Extensions\Microsoft.Diagnostics.NETCore.Client.dll
C:\Program Files\dotnet\sdk\6.0.400\Extensions\Microsoft.TestPlatform.Extensions.BlameDataCollector.dll
C:\Program Files\dotnet\sdk\6.0.400\Extensions\Microsoft.TestPlatform.Extensions.EventLogCollector.dll
C:\Program Files\dotnet\sdk\6.0.400\Extensions\Microsoft.TestPlatform.TestHostRuntimeProvider.dll
C:\Program Files\dotnet\sdk\6.0.400\Extensions\Microsoft.VisualStudio.TestPlatform.Extensions.Html.TestLogger.dll
C:\Program Files\dotnet\sdk\6.0.400\Extensions\Microsoft.VisualStudio.TestPlatform.Extensions.Trx.TestLogger.dll
TpTrace Verbose: 0 : 97544, 1, 2022/10/26, 15:40:54.517, 11477164406921, vstest.console.dll, TestPluginCache.GetExtensionPaths: Added unfilterableExtensionPaths: 
TpTrace Information: 0 : 97544, 1, 2022/10/26, 15:40:54.517, 11477164411469, vstest.console.dll, AssemblyResolver.ctor: Creating AssemblyResolver with searchDirectories C:\Program Files\dotnet\sdk\6.0.400\Extensions,C:\Program Files\dotnet\sdk\6.0.400
TpTrace Verbose: 0 : 97544, 1, 2022/10/26, 15:40:54.518, 11477164417569, vstest.console.dll, TestPluginCache.DiscoverTestExtensions: Discovering the extensions using extension path.
TpTrace Verbose: 0 : 97544, 1, 2022/10/26, 15:40:54.518, 11477164418412, vstest.console.dll, TestPluginCache.GetExtensionPaths: Filtered extension paths: 
TpTrace Verbose: 0 : 97544, 1, 2022/10/26, 15:40:54.518, 11477164418665, vstest.console.dll, TestPluginCache.GetExtensionPaths: Added default extension paths: C:\Program Files\dotnet\sdk\6.0.400\Extensions\Microsoft.Diagnostics.NETCore.Client.dll
C:\Program Files\dotnet\sdk\6.0.400\Extensions\Microsoft.TestPlatform.Extensions.BlameDataCollector.dll
C:\Program Files\dotnet\sdk\6.0.400\Extensions\Microsoft.TestPlatform.Extensions.EventLogCollector.dll
C:\Program Files\dotnet\sdk\6.0.400\Extensions\Microsoft.TestPlatform.TestHostRuntimeProvider.dll
C:\Program Files\dotnet\sdk\6.0.400\Extensions\Microsoft.VisualStudio.TestPlatform.Extensions.Html.TestLogger.dll
C:\Program Files\dotnet\sdk\6.0.400\Extensions\Microsoft.VisualStudio.TestPlatform.Extensions.Trx.TestLogger.dll
TpTrace Verbose: 0 : 97544, 1, 2022/10/26, 15:40:54.518, 11477164418820, vstest.console.dll, TestPluginCache.GetExtensionPaths: Added unfilterableExtensionPaths: 
TpTrace Verbose: 0 : 97544, 1, 2022/10/26, 15:40:54.518, 11477164419154, vstest.console.dll, TestPluginCache.DiscoverTestExtensions: Discovering the extensions using allExtensionPaths: C:\Program Files\dotnet\sdk\6.0.400\Extensions\Microsoft.Diagnostics.NETCore.Client.dll
C:\Program Files\dotnet\sdk\6.0.400\Extensions\Microsoft.TestPlatform.Extensions.BlameDataCollector.dll
C:\Program Files\dotnet\sdk\6.0.400\Extensions\Microsoft.TestPlatform.Extensions.EventLogCollector.dll
C:\Program Files\dotnet\sdk\6.0.400\Extensions\Microsoft.TestPlatform.TestHostRuntimeProvider.dll
C:\Program Files\dotnet\sdk\6.0.400\Extensions\Microsoft.VisualStudio.TestPlatform.Extensions.Html.TestLogger.dll
C:\Program Files\dotnet\sdk\6.0.400\Extensions\Microsoft.VisualStudio.TestPlatform.Extensions.Trx.TestLogger.dll
TpTrace Information: 0 : 97544, 1, 2022/10/26, 15:40:54.518, 11477164420348, vstest.console.dll, AssemblyResolver.AddSearchDirectories: Adding more searchDirectories C:\Program Files\dotnet\sdk\6.0.400\Extensions,C:\Program Files\dotnet\sdk\6.0.400
TpTrace Information: 0 : 97544, 1, 2022/10/26, 15:40:54.518, 11477164420708, vstest.console.dll, AssemblyResolver.AddSearchDirectories: Adding more searchDirectories C:\Program Files\dotnet\sdk\6.0.400\Extensions,C:\Program Files\dotnet\sdk\6.0.400
TpTrace Information: 0 : 97544, 1, 2022/10/26, 15:40:54.518, 11477164420874, vstest.console.dll, AssemblyResolver.AddSearchDirectories: Adding more searchDirectories C:\Program Files\dotnet\sdk\6.0.400\Extensions,C:\Program Files\dotnet\sdk\6.0.400
TpTrace Information: 0 : 97544, 1, 2022/10/26, 15:40:54.518, 11477164421016, vstest.console.dll, AssemblyResolver.AddSearchDirectories: Adding more searchDirectories C:\Program Files\dotnet\sdk\6.0.400\Extensions,C:\Program Files\dotnet\sdk\6.0.400
TpTrace Information: 0 : 97544, 1, 2022/10/26, 15:40:54.518, 11477164421181, vstest.console.dll, AssemblyResolver.AddSearchDirectories: Adding more searchDirectories C:\Program Files\dotnet\sdk\6.0.400\Extensions,C:\Program Files\dotnet\sdk\6.0.400
TpTrace Information: 0 : 97544, 1, 2022/10/26, 15:40:54.518, 11477164421325, vstest.console.dll, AssemblyResolver.AddSearchDirectories: Adding more searchDirectories C:\Program Files\dotnet\sdk\6.0.400\Extensions,C:\Program Files\dotnet\sdk\6.0.400
TpTrace Information: 0 : 97544, 1, 2022/10/26, 15:40:54.519, 11477164423429, vstest.console.dll, AssemblyResolver.OnResolve: Microsoft.Diagnostics.NETCore.Client: Resolving assembly.
TpTrace Information: 0 : 97544, 1, 2022/10/26, 15:40:54.519, 11477164423884, vstest.console.dll, AssemblyResolver.OnResolve: Microsoft.Diagnostics.NETCore.Client: Searching in: 'C:\Program Files\dotnet\sdk\6.0.400\Extensions'.
TpTrace Information: 0 : 97544, 1, 2022/10/26, 15:40:54.519, 11477164428311, vstest.console.dll, AssemblyResolver.OnResolve: Microsoft.Diagnostics.NETCore.Client: Loading assembly 'C:\Program Files\dotnet\sdk\6.0.400\Extensions\Microsoft.Diagnostics.NETCore.Client.dll'.
TpTrace Information: 0 : 97544, 1, 2022/10/26, 15:40:54.519, 11477164432685, vstest.console.dll, AssemblyResolver.OnResolve: Resolved assembly: Microsoft.Diagnostics.NETCore.Client, from path: C:\Program Files\dotnet\sdk\6.0.400\Extensions\Microsoft.Diagnostics.NETCore.Client.dll
TpTrace Verbose: 0 : 97544, 1, 2022/10/26, 15:40:54.523, 11477164468999, vstest.console.dll, MetadataReaderExtensionsHelper: Discovering extensions inside assembly 'Microsoft.Diagnostics.NETCore.Client, Version=0.2.5.801, Culture=neutral, PublicKeyToken=31bf3856ad364e35' file path 'C:\Program Files\dotnet\sdk\6.0.400\Extensions\Microsoft.Diagnostics.NETCore.Client.dll'
TpTrace Information: 0 : 97544, 1, 2022/10/26, 15:40:54.531, 11477164543489, vstest.console.dll, AssemblyResolver.OnResolve: Microsoft.Bcl.AsyncInterfaces: Resolving assembly.
TpTrace Information: 0 : 97544, 1, 2022/10/26, 15:40:54.531, 11477164544469, vstest.console.dll, AssemblyResolver.OnResolve: Microsoft.Bcl.AsyncInterfaces: Searching in: 'C:\Program Files\dotnet\sdk\6.0.400\Extensions'.
TpTrace Information: 0 : 97544, 1, 2022/10/26, 15:40:54.531, 11477164545455, vstest.console.dll, AssemblyResolver.OnResolve: Microsoft.Bcl.AsyncInterfaces: Assembly path does not exist: 'C:\Program Files\dotnet\sdk\6.0.400\Extensions\Microsoft.Bcl.AsyncInterfaces.dll', returning.
TpTrace Information: 0 : 97544, 1, 2022/10/26, 15:40:54.531, 11477164546090, vstest.console.dll, AssemblyResolver.OnResolve: Microsoft.Bcl.AsyncInterfaces: Assembly path does not exist: 'C:\Program Files\dotnet\sdk\6.0.400\Extensions\Microsoft.Bcl.AsyncInterfaces.exe', returning.
TpTrace Information: 0 : 97544, 1, 2022/10/26, 15:40:54.531, 11477164546724, vstest.console.dll, AssemblyResolver.OnResolve: Microsoft.Bcl.AsyncInterfaces: Searching in: 'C:\Program Files\dotnet\sdk\6.0.400'.
TpTrace Information: 0 : 97544, 1, 2022/10/26, 15:40:54.531, 11477164547445, vstest.console.dll, AssemblyResolver.OnResolve: Microsoft.Bcl.AsyncInterfaces: Assembly path does not exist: 'C:\Program Files\dotnet\sdk\6.0.400\Microsoft.Bcl.AsyncInterfaces.dll', returning.
TpTrace Information: 0 : 97544, 1, 2022/10/26, 15:40:54.531, 11477164548039, vstest.console.dll, AssemblyResolver.OnResolve: Microsoft.Bcl.AsyncInterfaces: Assembly path does not exist: 'C:\Program Files\dotnet\sdk\6.0.400\Microsoft.Bcl.AsyncInterfaces.exe', returning.
TpTrace Information: 0 : 97544, 1, 2022/10/26, 15:40:54.531, 11477164548240, vstest.console.dll, AssemblyResolver.OnResolve: Microsoft.Bcl.AsyncInterfaces: Failed to load assembly.
TpTrace Verbose: 0 : 97544, 1, 2022/10/26, 15:40:54.531, 11477164548493, vstest.console.dll, CurrentDomainAssemblyResolve: Resolving assembly 'Microsoft.Bcl.AsyncInterfaces'.
TpTrace Information: 0 : 97544, 1, 2022/10/26, 15:40:54.531, 11477164548909, vstest.console.dll, AssemblyResolver.OnResolve: Microsoft.Bcl.AsyncInterfaces: Resolving assembly.
TpTrace Information: 0 : 97544, 1, 2022/10/26, 15:40:54.531, 11477164549127, vstest.console.dll, AssemblyResolver.OnResolve: Microsoft.Bcl.AsyncInterfaces: Resolved from cache.
TpTrace Verbose: 0 : 97544, 1, 2022/10/26, 15:40:54.531, 11477164549287, vstest.console.dll, CurrentDomainAssemblyResolve: Resolving assembly 'Microsoft.Bcl.AsyncInterfaces'.
TpTrace Verbose: 0 : 97544, 1, 2022/10/26, 15:40:54.531, 11477164549481, vstest.console.dll, CurrentDomainAssemblyResolve: Failed to resolve assembly 'Microsoft.Bcl.AsyncInterfaces'.
TpTrace Verbose: 0 : 97544, 1, 2022/10/26, 15:40:54.531, 11477164552597, vstest.console.dll, CurrentDomainAssemblyResolve: Failed to resolve assembly 'Microsoft.Bcl.AsyncInterfaces'.
TpTrace Warning: 0 : 97544, 1, 2022/10/26, 15:40:54.540, 11477164641091, vstest.console.dll, TestPluginDiscoverer: Failed to get types from assembly 'Microsoft.Diagnostics.NETCore.Client, Version=0.2.5.801, Culture=neutral, PublicKeyToken=31bf3856ad364e35'. Error: System.Reflection.ReflectionTypeLoadException: Unable to load one or more of the requested types.
Could not load file or assembly 'Microsoft.Bcl.AsyncInterfaces, Version=1.0.0.0, Culture=neutral, PublicKeyToken=cc7b13ffcd2ddd51'. O sistema não pode encontrar o arquivo especificado.
   at System.Reflection.RuntimeModule.GetTypes(RuntimeModule module)
   at System.Reflection.Assembly.GetTypes()
   at Microsoft.VisualStudio.TestPlatform.Common.ExtensionFramework.TestPluginDiscoverer.GetTestExtensionsFromAssembly[TPluginInfo,TExtension](Assembly assembly, Dictionary`2 pluginInfos, String filePath)
System.IO.FileNotFoundException: Could not load file or assembly 'Microsoft.Bcl.AsyncInterfaces, Version=1.0.0.0, Culture=neutral, PublicKeyToken=cc7b13ffcd2ddd51'. O sistema não pode encontrar o arquivo especificado.
File name: 'Microsoft.Bcl.AsyncInterfaces, Version=1.0.0.0, Culture=neutral, PublicKeyToken=cc7b13ffcd2ddd51'
 ---> System.IO.FileNotFoundException: Could not load file or assembly 'Microsoft.Bcl.AsyncInterfaces, Culture=neutral, PublicKeyToken=null'. O sistema não pode encontrar o arquivo especificado.
File name: 'Microsoft.Bcl.AsyncInterfaces, Culture=neutral, PublicKeyToken=null'
   at System.Reflection.RuntimeAssembly.InternalLoad(ObjectHandleOnStack assemblyName, ObjectHandleOnStack requestingAssembly, StackCrawlMarkHandle stackMark, Boolean throwOnFileNotFound, ObjectHandleOnStack assemblyLoadContext, ObjectHandleOnStack retAssembly)
   at System.Reflection.RuntimeAssembly.InternalLoad(AssemblyName assemblyName, RuntimeAssembly requestingAssembly, StackCrawlMark& stackMark, Boolean throwOnFileNotFound, AssemblyLoadContext assemblyLoadContext)
   at System.Reflection.Assembly.Load(AssemblyName assemblyRef)
   at Microsoft.VisualStudio.TestPlatform.Common.ExtensionFramework.TestPluginCache.CurrentDomainAssemblyResolve(Object sender, AssemblyResolveEventArgs args)
   at Microsoft.VisualStudio.TestPlatform.PlatformAbstractions.PlatformAssemblyResolver.AssemblyResolverEvent(Object sender, Object eventArgs)
   at System.Runtime.Loader.AssemblyLoadContext.GetFirstResolvedAssemblyFromResolvingEvent(AssemblyName assemblyName)
   at System.Runtime.Loader.AssemblyLoadContext.ResolveUsingEvent(AssemblyName assemblyName)
   at System.Runtime.Loader.AssemblyLoadContext.ResolveUsingResolvingEvent(IntPtr gchManagedAssemblyLoadContext, AssemblyName assemblyName)
TpTrace Warning: 0 : 97544, 1, 2022/10/26, 15:40:54.541, 11477164644349, vstest.console.dll, LoaderExceptions: System.IO.FileNotFoundException: Could not load file or assembly 'Microsoft.Bcl.AsyncInterfaces, Version=1.0.0.0, Culture=neutral, PublicKeyToken=cc7b13ffcd2ddd51'. O sistema não pode encontrar o arquivo especificado.
File name: 'Microsoft.Bcl.AsyncInterfaces, Version=1.0.0.0, Culture=neutral, PublicKeyToken=cc7b13ffcd2ddd51'
 ---> System.IO.FileNotFoundException: Could not load file or assembly 'Microsoft.Bcl.AsyncInterfaces, Culture=neutral, PublicKeyToken=null'. O sistema não pode encontrar o arquivo especificado.
File name: 'Microsoft.Bcl.AsyncInterfaces, Culture=neutral, PublicKeyToken=null'
   at System.Reflection.RuntimeAssembly.InternalLoad(ObjectHandleOnStack assemblyName, ObjectHandleOnStack requestingAssembly, StackCrawlMarkHandle stackMark, Boolean throwOnFileNotFound, ObjectHandleOnStack assemblyLoadContext, ObjectHandleOnStack retAssembly)
   at System.Reflection.RuntimeAssembly.InternalLoad(AssemblyName assemblyName, RuntimeAssembly requestingAssembly, StackCrawlMark& stackMark, Boolean throwOnFileNotFound, AssemblyLoadContext assemblyLoadContext)
   at System.Reflection.Assembly.Load(AssemblyName assemblyRef)
   at Microsoft.VisualStudio.TestPlatform.Common.ExtensionFramework.TestPluginCache.CurrentDomainAssemblyResolve(Object sender, AssemblyResolveEventArgs args)
   at Microsoft.VisualStudio.TestPlatform.PlatformAbstractions.PlatformAssemblyResolver.AssemblyResolverEvent(Object sender, Object eventArgs)
   at System.Runtime.Loader.AssemblyLoadContext.GetFirstResolvedAssemblyFromResolvingEvent(AssemblyName assemblyName)
   at System.Runtime.Loader.AssemblyLoadContext.ResolveUsingEvent(AssemblyName assemblyName)
   at System.Runtime.Loader.AssemblyLoadContext.ResolveUsingResolvingEvent(IntPtr gchManagedAssemblyLoadContext, AssemblyName assemblyName)
TpTrace Information: 0 : 97544, 1, 2022/10/26, 15:40:54.541, 11477164645676, vstest.console.dll, AssemblyResolver.OnResolve: Microsoft.TestPlatform.Extensions.BlameDataCollector: Resolving assembly.
TpTrace Information: 0 : 97544, 1, 2022/10/26, 15:40:54.541, 11477164645943, vstest.console.dll, AssemblyResolver.OnResolve: Microsoft.TestPlatform.Extensions.BlameDataCollector: Searching in: 'C:\Program Files\dotnet\sdk\6.0.400\Extensions'.
TpTrace Information: 0 : 97544, 1, 2022/10/26, 15:40:54.541, 11477164649298, vstest.console.dll, AssemblyResolver.OnResolve: Microsoft.TestPlatform.Extensions.BlameDataCollector: Loading assembly 'C:\Program Files\dotnet\sdk\6.0.400\Extensions\Microsoft.TestPlatform.Extensions.BlameDataCollector.dll'.
TpTrace Information: 0 : 97544, 1, 2022/10/26, 15:40:54.542, 11477164653414, vstest.console.dll, AssemblyResolver.OnResolve: Resolved assembly: Microsoft.TestPlatform.Extensions.BlameDataCollector, from path: C:\Program Files\dotnet\sdk\6.0.400\Extensions\Microsoft.TestPlatform.Extensions.BlameDataCollector.dll
TpTrace Verbose: 0 : 97544, 1, 2022/10/26, 15:40:54.542, 11477164653985, vstest.console.dll, MetadataReaderExtensionsHelper: Discovering extensions inside assembly 'Microsoft.TestPlatform.Extensions.BlameDataCollector, Version=15.0.0.0, Culture=neutral, PublicKeyToken=b03f5f7f11d50a3a' file path 'C:\Program Files\dotnet\sdk\6.0.400\Extensions\Microsoft.TestPlatform.Extensions.BlameDataCollector.dll'
TpTrace Information: 0 : 97544, 1, 2022/10/26, 15:40:54.543, 11477164664793, vstest.console.dll, AssemblyResolver.OnResolve: Microsoft.TestPlatform.Extensions.EventLogCollector: Resolving assembly.
TpTrace Information: 0 : 97544, 1, 2022/10/26, 15:40:54.543, 11477164665723, vstest.console.dll, AssemblyResolver.OnResolve: Microsoft.TestPlatform.Extensions.EventLogCollector: Searching in: 'C:\Program Files\dotnet\sdk\6.0.400\Extensions'.
TpTrace Information: 0 : 97544, 1, 2022/10/26, 15:40:54.543, 11477164669645, vstest.console.dll, AssemblyResolver.OnResolve: Microsoft.TestPlatform.Extensions.EventLogCollector: Loading assembly 'C:\Program Files\dotnet\sdk\6.0.400\Extensions\Microsoft.TestPlatform.Extensions.EventLogCollector.dll'.
TpTrace Information: 0 : 97544, 1, 2022/10/26, 15:40:54.544, 11477164672829, vstest.console.dll, AssemblyResolver.OnResolve: Resolved assembly: Microsoft.TestPlatform.Extensions.EventLogCollector, from path: C:\Program Files\dotnet\sdk\6.0.400\Extensions\Microsoft.TestPlatform.Extensions.EventLogCollector.dll
TpTrace Verbose: 0 : 97544, 1, 2022/10/26, 15:40:54.544, 11477164673270, vstest.console.dll, MetadataReaderExtensionsHelper: Discovering extensions inside assembly 'Microsoft.TestPlatform.Extensions.EventLogCollector, Version=15.0.0.0, Culture=neutral, PublicKeyToken=b03f5f7f11d50a3a' file path 'C:\Program Files\dotnet\sdk\6.0.400\Extensions\Microsoft.TestPlatform.Extensions.EventLogCollector.dll'
TpTrace Information: 0 : 97544, 1, 2022/10/26, 15:40:54.545, 11477164686813, vstest.console.dll, AssemblyResolver.OnResolve: Microsoft.TestPlatform.TestHostRuntimeProvider: Resolving assembly.
TpTrace Information: 0 : 97544, 1, 2022/10/26, 15:40:54.545, 11477164687408, vstest.console.dll, AssemblyResolver.OnResolve: Microsoft.TestPlatform.TestHostRuntimeProvider: Searching in: 'C:\Program Files\dotnet\sdk\6.0.400\Extensions'.
TpTrace Information: 0 : 97544, 1, 2022/10/26, 15:40:54.545, 11477164692506, vstest.console.dll, AssemblyResolver.OnResolve: Microsoft.TestPlatform.TestHostRuntimeProvider: Loading assembly 'C:\Program Files\dotnet\sdk\6.0.400\Extensions\Microsoft.TestPlatform.TestHostRuntimeProvider.dll'.
TpTrace Information: 0 : 97544, 1, 2022/10/26, 15:40:54.546, 11477164697630, vstest.console.dll, AssemblyResolver.OnResolve: Resolved assembly: Microsoft.TestPlatform.TestHostRuntimeProvider, from path: C:\Program Files\dotnet\sdk\6.0.400\Extensions\Microsoft.TestPlatform.TestHostRuntimeProvider.dll
TpTrace Verbose: 0 : 97544, 1, 2022/10/26, 15:40:54.546, 11477164698159, vstest.console.dll, MetadataReaderExtensionsHelper: Discovering extensions inside assembly 'Microsoft.TestPlatform.TestHostRuntimeProvider, Version=15.0.0.0, Culture=neutral, PublicKeyToken=b03f5f7f11d50a3a' file path 'C:\Program Files\dotnet\sdk\6.0.400\Extensions\Microsoft.TestPlatform.TestHostRuntimeProvider.dll'
TpTrace Information: 0 : 97544, 1, 2022/10/26, 15:40:54.547, 11477164711855, vstest.console.dll, GetTestExtensionFromType: Register extension with identifier data 'HostProvider://DefaultTestHost' and type 'Microsoft.VisualStudio.TestPlatform.CrossPlatEngine.Hosting.DefaultTestHostManager, Microsoft.TestPlatform.TestHostRuntimeProvider, Version=15.0.0.0, Culture=neutral, PublicKeyToken=b03f5f7f11d50a3a' inside file 'C:\Program Files\dotnet\sdk\6.0.400\Extensions\Microsoft.TestPlatform.TestHostRuntimeProvider.dll'
TpTrace Information: 0 : 97544, 1, 2022/10/26, 15:40:54.547, 11477164712429, vstest.console.dll, GetTestExtensionFromType: Register extension with identifier data 'HostProvider://DotnetTestHost' and type 'Microsoft.VisualStudio.TestPlatform.CrossPlatEngine.Hosting.DotnetTestHostManager, Microsoft.TestPlatform.TestHostRuntimeProvider, Version=15.0.0.0, Culture=neutral, PublicKeyToken=b03f5f7f11d50a3a' inside file 'C:\Program Files\dotnet\sdk\6.0.400\Extensions\Microsoft.TestPlatform.TestHostRuntimeProvider.dll'
TpTrace Information: 0 : 97544, 1, 2022/10/26, 15:40:54.548, 11477164712952, vstest.console.dll, AssemblyResolver.OnResolve: Microsoft.VisualStudio.TestPlatform.Extensions.Html.TestLogger: Resolving assembly.
TpTrace Information: 0 : 97544, 1, 2022/10/26, 15:40:54.548, 11477164713144, vstest.console.dll, AssemblyResolver.OnResolve: Microsoft.VisualStudio.TestPlatform.Extensions.Html.TestLogger: Searching in: 'C:\Program Files\dotnet\sdk\6.0.400\Extensions'.
TpTrace Information: 0 : 97544, 1, 2022/10/26, 15:40:54.548, 11477164716918, vstest.console.dll, AssemblyResolver.OnResolve: Microsoft.VisualStudio.TestPlatform.Extensions.Html.TestLogger: Loading assembly 'C:\Program Files\dotnet\sdk\6.0.400\Extensions\Microsoft.VisualStudio.TestPlatform.Extensions.Html.TestLogger.dll'.
TpTrace Information: 0 : 97544, 1, 2022/10/26, 15:40:54.548, 11477164720548, vstest.console.dll, AssemblyResolver.OnResolve: Resolved assembly: Microsoft.VisualStudio.TestPlatform.Extensions.Html.TestLogger, from path: C:\Program Files\dotnet\sdk\6.0.400\Extensions\Microsoft.VisualStudio.TestPlatform.Extensions.Html.TestLogger.dll
TpTrace Verbose: 0 : 97544, 1, 2022/10/26, 15:40:54.548, 11477164721009, vstest.console.dll, MetadataReaderExtensionsHelper: Discovering extensions inside assembly 'Microsoft.VisualStudio.TestPlatform.Extensions.Html.TestLogger, Version=15.0.0.0, Culture=neutral, PublicKeyToken=b03f5f7f11d50a3a' file path 'C:\Program Files\dotnet\sdk\6.0.400\Extensions\Microsoft.VisualStudio.TestPlatform.Extensions.Html.TestLogger.dll'
TpTrace Information: 0 : 97544, 1, 2022/10/26, 15:40:54.549, 11477164726397, vstest.console.dll, AssemblyResolver.OnResolve: Microsoft.VisualStudio.TestPlatform.Extensions.Trx.TestLogger: Resolving assembly.
TpTrace Information: 0 : 97544, 1, 2022/10/26, 15:40:54.549, 11477164726818, vstest.console.dll, AssemblyResolver.OnResolve: Microsoft.VisualStudio.TestPlatform.Extensions.Trx.TestLogger: Searching in: 'C:\Program Files\dotnet\sdk\6.0.400\Extensions'.
TpTrace Information: 0 : 97544, 1, 2022/10/26, 15:40:54.549, 11477164729901, vstest.console.dll, AssemblyResolver.OnResolve: Microsoft.VisualStudio.TestPlatform.Extensions.Trx.TestLogger: Loading assembly 'C:\Program Files\dotnet\sdk\6.0.400\Extensions\Microsoft.VisualStudio.TestPlatform.Extensions.Trx.TestLogger.dll'.
TpTrace Information: 0 : 97544, 1, 2022/10/26, 15:40:54.550, 11477164733638, vstest.console.dll, AssemblyResolver.OnResolve: Resolved assembly: Microsoft.VisualStudio.TestPlatform.Extensions.Trx.TestLogger, from path: C:\Program Files\dotnet\sdk\6.0.400\Extensions\Microsoft.VisualStudio.TestPlatform.Extensions.Trx.TestLogger.dll
TpTrace Verbose: 0 : 97544, 1, 2022/10/26, 15:40:54.550, 11477164734095, vstest.console.dll, MetadataReaderExtensionsHelper: Discovering extensions inside assembly 'Microsoft.VisualStudio.TestPlatform.Extensions.Trx.TestLogger, Version=15.0.0.0, Culture=neutral, PublicKeyToken=b03f5f7f11d50a3a' file path 'C:\Program Files\dotnet\sdk\6.0.400\Extensions\Microsoft.VisualStudio.TestPlatform.Extensions.Trx.TestLogger.dll'
TpTrace Verbose: 0 : 97544, 1, 2022/10/26, 15:40:54.551, 11477164748082, vstest.console.dll, TestPluginCache: Discovered the extensions using extension path ''.
TpTrace Verbose: 0 : 97544, 1, 2022/10/26, 15:40:54.551, 11477164748470, vstest.console.dll, TestPluginCache: Discoverers are ''.
TpTrace Verbose: 0 : 97544, 1, 2022/10/26, 15:40:54.551, 11477164748617, vstest.console.dll, TestPluginCache: Executors are ''.
TpTrace Verbose: 0 : 97544, 1, 2022/10/26, 15:40:54.551, 11477164748751, vstest.console.dll, TestPluginCache: Executors2 are ''.
TpTrace Verbose: 0 : 97544, 1, 2022/10/26, 15:40:54.551, 11477164748884, vstest.console.dll, TestPluginCache: Setting providers are ''.
TpTrace Verbose: 0 : 97544, 1, 2022/10/26, 15:40:54.551, 11477164749015, vstest.console.dll, TestPluginCache: Loggers are ''.
TpTrace Verbose: 0 : 97544, 1, 2022/10/26, 15:40:54.551, 11477164749990, vstest.console.dll, TestPluginCache: TestHosts are 'HostProvider://DefaultTestHost,HostProvider://DotnetTestHost'.
TpTrace Verbose: 0 : 97544, 1, 2022/10/26, 15:40:54.551, 11477164750193, vstest.console.dll, TestPluginCache: DataCollectors are ''.
TpTrace Information: 0 : 97544, 1, 2022/10/26, 15:40:54.559, 11477164823933, vstest.console.dll, RunTestsArgumentProcessor:Execute: Test run is starting.
TpTrace Verbose: 0 : 97544, 1, 2022/10/26, 15:40:54.559, 11477164824781, vstest.console.dll, RunTestsArgumentProcessor:Execute: Queuing Test run.
TpTrace Information: 0 : 97544, 1, 2022/10/26, 15:40:54.559, 11477164826427, vstest.console.dll, TestRequestManager.RunTests: run tests started.
TpTrace Information: 0 : 97544, 1, 2022/10/26, 15:40:54.560, 11477164839383, vstest.console.dll, AssemblyMetadataProvider.GetFrameworkName: Determined framework:'.NETCoreApp,Version=v6.0' for source: 'C:\Users\icaro.carvalho\source\repos\IndgTestCase\WebApplication1\bin\Debug\net6.0\fine-code-coverage\build-output\Trader.Api.dll'
TpTrace Information: 0 : 97544, 1, 2022/10/26, 15:40:54.560, 11477164840700, vstest.console.dll, Determined framework for all sources: .NETCoreApp,Version=v6.0
TpTrace Verbose: 0 : 97544, 1, 2022/10/26, 15:40:54.561, 11477164846853, vstest.console.dll, TestRequestManager.UpdateRunSettingsIfRequired: Default architecture: X64 IsDefaultTargetArchitecture: True, Current process architecture: X64 OperatingSystem: Windows.
TpTrace Information: 0 : 97544, 1, 2022/10/26, 15:40:54.563, 11477164865157, vstest.console.dll, AssemblyMetadataProvider.GetArchitecture: Determined architecture:AnyCPU info for assembly: C:\Users\icaro.carvalho\source\repos\IndgTestCase\WebApplication1\bin\Debug\net6.0\fine-code-coverage\build-output\Trader.Api.dll
TpTrace Information: 0 : 97544, 1, 2022/10/26, 15:40:54.563, 11477164865629, vstest.console.dll, Determined platform for source 'C:\Users\icaro.carvalho\source\repos\IndgTestCase\WebApplication1\bin\Debug\net6.0\fine-code-coverage\build-output\Trader.Api.dll' was AnyCPU and it will use the default plaform X64.
TpTrace Information: 0 : 97544, 1, 2022/10/26, 15:40:54.563, 11477164865794, vstest.console.dll, None of the sources provided any runnable platform, using the default platform: X64
TpTrace Information: 0 : 97544, 1, 2022/10/26, 15:40:54.563, 11477164866318, vstest.console.dll, Platform was updated to 'X64'.
TpTrace Information: 0 : 97544, 1, 2022/10/26, 15:40:54.565, 11477164891721, vstest.console.dll, InferRunSettingsHelper.IsTestSettingsEnabled: Unable to navigate to RunSettings/MSTest. Current node: RunSettings
TpTrace Information: 0 : 97544, 1, 2022/10/26, 15:40:54.566, 11477164896291, vstest.console.dll, AssemblyResolver.OnResolve: Microsoft.VisualStudio.TestPlatform.Fakes: Resolving assembly.
TpTrace Information: 0 : 97544, 1, 2022/10/26, 15:40:54.566, 11477164896683, vstest.console.dll, AssemblyResolver.OnResolve: Microsoft.VisualStudio.TestPlatform.Fakes: Searching in: 'C:\Program Files\dotnet\sdk\6.0.400\Extensions'.
TpTrace Information: 0 : 97544, 1, 2022/10/26, 15:40:54.566, 11477164898224, vstest.console.dll, AssemblyResolver.OnResolve: Microsoft.VisualStudio.TestPlatform.Fakes: Assembly path does not exist: 'C:\Program Files\dotnet\sdk\6.0.400\Extensions\Microsoft.VisualStudio.TestPlatform.Fakes.dll', returning.
TpTrace Information: 0 : 97544, 1, 2022/10/26, 15:40:54.566, 11477164899740, vstest.console.dll, AssemblyResolver.OnResolve: Microsoft.VisualStudio.TestPlatform.Fakes: Assembly path does not exist: 'C:\Program Files\dotnet\sdk\6.0.400\Extensions\Microsoft.VisualStudio.TestPlatform.Fakes.exe', returning.
TpTrace Information: 0 : 97544, 1, 2022/10/26, 15:40:54.566, 11477164900128, vstest.console.dll, AssemblyResolver.OnResolve: Microsoft.VisualStudio.TestPlatform.Fakes: Searching in: 'C:\Program Files\dotnet\sdk\6.0.400'.
TpTrace Information: 0 : 97544, 1, 2022/10/26, 15:40:54.566, 11477164900931, vstest.console.dll, AssemblyResolver.OnResolve: Microsoft.VisualStudio.TestPlatform.Fakes: Assembly path does not exist: 'C:\Program Files\dotnet\sdk\6.0.400\Microsoft.VisualStudio.TestPlatform.Fakes.dll', returning.
TpTrace Information: 0 : 97544, 1, 2022/10/26, 15:40:54.566, 11477164901632, vstest.console.dll, AssemblyResolver.OnResolve: Microsoft.VisualStudio.TestPlatform.Fakes: Assembly path does not exist: 'C:\Program Files\dotnet\sdk\6.0.400\Microsoft.VisualStudio.TestPlatform.Fakes.exe', returning.
TpTrace Information: 0 : 97544, 1, 2022/10/26, 15:40:54.566, 11477164901838, vstest.console.dll, AssemblyResolver.OnResolve: Microsoft.VisualStudio.TestPlatform.Fakes: Failed to load assembly.
TpTrace Information: 0 : 97544, 1, 2022/10/26, 15:40:54.567, 11477164903719, vstest.console.dll, Failed to load assembly Microsoft.VisualStudio.TestPlatform.Fakes, Version=17.0.0.0, Culture=neutral. Reason:System.IO.FileNotFoundException: Could not load file or assembly 'Microsoft.VisualStudio.TestPlatform.Fakes, Version=17.0.0.0, Culture=neutral, PublicKeyToken=null'. O sistema não pode encontrar o arquivo especificado.
File name: 'Microsoft.VisualStudio.TestPlatform.Fakes, Version=17.0.0.0, Culture=neutral, PublicKeyToken=null'
   at System.Reflection.RuntimeAssembly.InternalLoad(ObjectHandleOnStack assemblyName, ObjectHandleOnStack requestingAssembly, StackCrawlMarkHandle stackMark, Boolean throwOnFileNotFound, ObjectHandleOnStack assemblyLoadContext, ObjectHandleOnStack retAssembly)
   at System.Reflection.RuntimeAssembly.InternalLoad(AssemblyName assemblyName, RuntimeAssembly requestingAssembly, StackCrawlMark& stackMark, Boolean throwOnFileNotFound, AssemblyLoadContext assemblyLoadContext)
   at System.Reflection.Assembly.Load(AssemblyName assemblyRef)
   at Microsoft.VisualStudio.TestPlatform.Common.Utilities.FakesUtilities.LoadTestPlatformAssembly()
TpTrace Verbose: 0 : 97544, 1, 2022/10/26, 15:40:54.569, 11477164926152, vstest.console.dll, TestPluginCache.DiscoverTestExtensions: finding test extensions in assemblies ends with: TestLogger.dll TPluginInfo: Microsoft.VisualStudio.TestPlatform.Common.ExtensionFramework.Utilities.TestLoggerPluginInformation TExtension: Microsoft.VisualStudio.TestPlatform.ObjectModel.Client.ITestLogger
TpTrace Verbose: 0 : 97544, 1, 2022/10/26, 15:40:54.569, 11477164926691, vstest.console.dll, TestPluginCache.GetExtensionPaths: Filtered extension paths: 
TpTrace Verbose: 0 : 97544, 1, 2022/10/26, 15:40:54.569, 11477164926869, vstest.console.dll, TestPluginCache.GetExtensionPaths: Added default extension paths: C:\Program Files\dotnet\sdk\6.0.400\Extensions\Microsoft.Diagnostics.NETCore.Client.dll
C:\Program Files\dotnet\sdk\6.0.400\Extensions\Microsoft.TestPlatform.Extensions.BlameDataCollector.dll
C:\Program Files\dotnet\sdk\6.0.400\Extensions\Microsoft.TestPlatform.Extensions.EventLogCollector.dll
C:\Program Files\dotnet\sdk\6.0.400\Extensions\Microsoft.TestPlatform.TestHostRuntimeProvider.dll
C:\Program Files\dotnet\sdk\6.0.400\Extensions\Microsoft.VisualStudio.TestPlatform.Extensions.Html.TestLogger.dll
C:\Program Files\dotnet\sdk\6.0.400\Extensions\Microsoft.VisualStudio.TestPlatform.Extensions.Trx.TestLogger.dll
TpTrace Verbose: 0 : 97544, 1, 2022/10/26, 15:40:54.569, 11477164927047, vstest.console.dll, TestPluginCache.GetExtensionPaths: Added unfilterableExtensionPaths: 
TpTrace Information: 0 : 97544, 1, 2022/10/26, 15:40:54.569, 11477164928258, vstest.console.dll, AssemblyResolver.AddSearchDirectories: Adding more searchDirectories C:\Program Files\dotnet\sdk\6.0.400\Extensions,C:\Program Files\dotnet\sdk\6.0.400
TpTrace Verbose: 0 : 97544, 1, 2022/10/26, 15:40:54.569, 11477164928840, vstest.console.dll, TestPluginCache.DiscoverTestExtensions: Discovering the extensions using extension path.
TpTrace Verbose: 0 : 97544, 1, 2022/10/26, 15:40:54.569, 11477164929171, vstest.console.dll, TestPluginCache.GetExtensionPaths: Filtered extension paths: 
TpTrace Verbose: 0 : 97544, 1, 2022/10/26, 15:40:54.569, 11477164929330, vstest.console.dll, TestPluginCache.GetExtensionPaths: Added default extension paths: C:\Program Files\dotnet\sdk\6.0.400\Extensions\Microsoft.Diagnostics.NETCore.Client.dll
C:\Program Files\dotnet\sdk\6.0.400\Extensions\Microsoft.TestPlatform.Extensions.BlameDataCollector.dll
C:\Program Files\dotnet\sdk\6.0.400\Extensions\Microsoft.TestPlatform.Extensions.EventLogCollector.dll
C:\Program Files\dotnet\sdk\6.0.400\Extensions\Microsoft.TestPlatform.TestHostRuntimeProvider.dll
C:\Program Files\dotnet\sdk\6.0.400\Extensions\Microsoft.VisualStudio.TestPlatform.Extensions.Html.TestLogger.dll
C:\Program Files\dotnet\sdk\6.0.400\Extensions\Microsoft.VisualStudio.TestPlatform.Extensions.Trx.TestLogger.dll
TpTrace Verbose: 0 : 97544, 1, 2022/10/26, 15:40:54.569, 11477164929873, vstest.console.dll, TestPluginCache.GetExtensionPaths: Added unfilterableExtensionPaths: 
TpTrace Verbose: 0 : 97544, 1, 2022/10/26, 15:40:54.569, 11477164930114, vstest.console.dll, TestPluginCache.DiscoverTestExtensions: Discovering the extensions using allExtensionPaths: C:\Program Files\dotnet\sdk\6.0.400\Extensions\Microsoft.Diagnostics.NETCore.Client.dll
C:\Program Files\dotnet\sdk\6.0.400\Extensions\Microsoft.TestPlatform.Extensions.BlameDataCollector.dll
C:\Program Files\dotnet\sdk\6.0.400\Extensions\Microsoft.TestPlatform.Extensions.EventLogCollector.dll
C:\Program Files\dotnet\sdk\6.0.400\Extensions\Microsoft.TestPlatform.TestHostRuntimeProvider.dll
C:\Program Files\dotnet\sdk\6.0.400\Extensions\Microsoft.VisualStudio.TestPlatform.Extensions.Html.TestLogger.dll
C:\Program Files\dotnet\sdk\6.0.400\Extensions\Microsoft.VisualStudio.TestPlatform.Extensions.Trx.TestLogger.dll
TpTrace Information: 0 : 97544, 1, 2022/10/26, 15:40:54.569, 11477164930445, vstest.console.dll, AssemblyResolver.AddSearchDirectories: Adding more searchDirectories C:\Program Files\dotnet\sdk\6.0.400\Extensions,C:\Program Files\dotnet\sdk\6.0.400
TpTrace Information: 0 : 97544, 1, 2022/10/26, 15:40:54.569, 11477164930617, vstest.console.dll, AssemblyResolver.AddSearchDirectories: Adding more searchDirectories C:\Program Files\dotnet\sdk\6.0.400\Extensions,C:\Program Files\dotnet\sdk\6.0.400
TpTrace Information: 0 : 97544, 1, 2022/10/26, 15:40:54.569, 11477164930772, vstest.console.dll, AssemblyResolver.AddSearchDirectories: Adding more searchDirectories C:\Program Files\dotnet\sdk\6.0.400\Extensions,C:\Program Files\dotnet\sdk\6.0.400
TpTrace Information: 0 : 97544, 1, 2022/10/26, 15:40:54.569, 11477164930915, vstest.console.dll, AssemblyResolver.AddSearchDirectories: Adding more searchDirectories C:\Program Files\dotnet\sdk\6.0.400\Extensions,C:\Program Files\dotnet\sdk\6.0.400
TpTrace Information: 0 : 97544, 1, 2022/10/26, 15:40:54.569, 11477164931072, vstest.console.dll, AssemblyResolver.AddSearchDirectories: Adding more searchDirectories C:\Program Files\dotnet\sdk\6.0.400\Extensions,C:\Program Files\dotnet\sdk\6.0.400
TpTrace Information: 0 : 97544, 1, 2022/10/26, 15:40:54.569, 11477164931214, vstest.console.dll, AssemblyResolver.AddSearchDirectories: Adding more searchDirectories C:\Program Files\dotnet\sdk\6.0.400\Extensions,C:\Program Files\dotnet\sdk\6.0.400
TpTrace Verbose: 0 : 97544, 1, 2022/10/26, 15:40:54.569, 11477164931975, vstest.console.dll, MetadataReaderExtensionsHelper: Discovering extensions inside assembly 'Microsoft.Diagnostics.NETCore.Client, Version=0.2.5.801, Culture=neutral, PublicKeyToken=31bf3856ad364e35' file path 'C:\Program Files\dotnet\sdk\6.0.400\Extensions\Microsoft.Diagnostics.NETCore.Client.dll'
TpTrace Information: 0 : 97544, 1, 2022/10/26, 15:40:54.570, 11477164937388, vstest.console.dll, AssemblyResolver.OnResolve: Microsoft.Bcl.AsyncInterfaces: Resolving assembly.
TpTrace Information: 0 : 97544, 1, 2022/10/26, 15:40:54.570, 11477164937679, vstest.console.dll, AssemblyResolver.OnResolve: Microsoft.Bcl.AsyncInterfaces: Resolved from cache.
TpTrace Verbose: 0 : 97544, 1, 2022/10/26, 15:40:54.570, 11477164937872, vstest.console.dll, CurrentDomainAssemblyResolve: Resolving assembly 'Microsoft.Bcl.AsyncInterfaces'.
TpTrace Information: 0 : 97544, 1, 2022/10/26, 15:40:54.570, 11477164938117, vstest.console.dll, AssemblyResolver.OnResolve: Microsoft.Bcl.AsyncInterfaces: Resolving assembly.
TpTrace Information: 0 : 97544, 1, 2022/10/26, 15:40:54.570, 11477164938259, vstest.console.dll, AssemblyResolver.OnResolve: Microsoft.Bcl.AsyncInterfaces: Resolved from cache.
TpTrace Verbose: 0 : 97544, 1, 2022/10/26, 15:40:54.570, 11477164938444, vstest.console.dll, CurrentDomainAssemblyResolve: Resolving assembly 'Microsoft.Bcl.AsyncInterfaces'.
TpTrace Verbose: 0 : 97544, 1, 2022/10/26, 15:40:54.570, 11477164938576, vstest.console.dll, CurrentDomainAssemblyResolve: Failed to resolve assembly 'Microsoft.Bcl.AsyncInterfaces'.
TpTrace Verbose: 0 : 97544, 1, 2022/10/26, 15:40:54.570, 11477164939859, vstest.console.dll, CurrentDomainAssemblyResolve: Failed to resolve assembly 'Microsoft.Bcl.AsyncInterfaces'.
TpTrace Warning: 0 : 97544, 1, 2022/10/26, 15:40:54.570, 11477164942102, vstest.console.dll, TestPluginDiscoverer: Failed to get types from assembly 'Microsoft.Diagnostics.NETCore.Client, Version=0.2.5.801, Culture=neutral, PublicKeyToken=31bf3856ad364e35'. Error: System.Reflection.ReflectionTypeLoadException: Unable to load one or more of the requested types.
Could not load file or assembly 'Microsoft.Bcl.AsyncInterfaces, Version=1.0.0.0, Culture=neutral, PublicKeyToken=cc7b13ffcd2ddd51'. O sistema não pode encontrar o arquivo especificado.
   at System.Reflection.RuntimeModule.GetTypes(RuntimeModule module)
   at System.Reflection.Assembly.GetTypes()
   at Microsoft.VisualStudio.TestPlatform.Common.ExtensionFramework.TestPluginDiscoverer.GetTestExtensionsFromAssembly[TPluginInfo,TExtension](Assembly assembly, Dictionary`2 pluginInfos, String filePath)
System.IO.FileNotFoundException: Could not load file or assembly 'Microsoft.Bcl.AsyncInterfaces, Version=1.0.0.0, Culture=neutral, PublicKeyToken=cc7b13ffcd2ddd51'. O sistema não pode encontrar o arquivo especificado.
File name: 'Microsoft.Bcl.AsyncInterfaces, Version=1.0.0.0, Culture=neutral, PublicKeyToken=cc7b13ffcd2ddd51'
 ---> System.IO.FileNotFoundException: Could not load file or assembly 'Microsoft.Bcl.AsyncInterfaces, Culture=neutral, PublicKeyToken=null'. O sistema não pode encontrar o arquivo especificado.
File name: 'Microsoft.Bcl.AsyncInterfaces, Culture=neutral, PublicKeyToken=null'
   at System.Reflection.RuntimeAssembly.InternalLoad(ObjectHandleOnStack assemblyName, ObjectHandleOnStack requestingAssembly, StackCrawlMarkHandle stackMark, Boolean throwOnFileNotFound, ObjectHandleOnStack assemblyLoadContext, ObjectHandleOnStack retAssembly)
   at System.Reflection.RuntimeAssembly.InternalLoad(AssemblyName assemblyName, RuntimeAssembly requestingAssembly, StackCrawlMark& stackMark, Boolean throwOnFileNotFound, AssemblyLoadContext assemblyLoadContext)
   at System.Reflection.Assembly.Load(AssemblyName assemblyRef)
   at Microsoft.VisualStudio.TestPlatform.Common.ExtensionFramework.TestPluginCache.CurrentDomainAssemblyResolve(Object sender, AssemblyResolveEventArgs args)
   at Microsoft.VisualStudio.TestPlatform.PlatformAbstractions.PlatformAssemblyResolver.AssemblyResolverEvent(Object sender, Object eventArgs)
   at System.Runtime.Loader.AssemblyLoadContext.GetFirstResolvedAssemblyFromResolvingEvent(AssemblyName assemblyName)
   at System.Runtime.Loader.AssemblyLoadContext.ResolveUsingEvent(AssemblyName assemblyName)
   at System.Runtime.Loader.AssemblyLoadContext.ResolveUsingResolvingEvent(IntPtr gchManagedAssemblyLoadContext, AssemblyName assemblyName)
TpTrace Warning: 0 : 97544, 1, 2022/10/26, 15:40:54.571, 11477164943299, vstest.console.dll, LoaderExceptions: System.IO.FileNotFoundException: Could not load file or assembly 'Microsoft.Bcl.AsyncInterfaces, Version=1.0.0.0, Culture=neutral, PublicKeyToken=cc7b13ffcd2ddd51'. O sistema não pode encontrar o arquivo especificado.
File name: 'Microsoft.Bcl.AsyncInterfaces, Version=1.0.0.0, Culture=neutral, PublicKeyToken=cc7b13ffcd2ddd51'
 ---> System.IO.FileNotFoundException: Could not load file or assembly 'Microsoft.Bcl.AsyncInterfaces, Culture=neutral, PublicKeyToken=null'. O sistema não pode encontrar o arquivo especificado.
File name: 'Microsoft.Bcl.AsyncInterfaces, Culture=neutral, PublicKeyToken=null'
   at System.Reflection.RuntimeAssembly.InternalLoad(ObjectHandleOnStack assemblyName, ObjectHandleOnStack requestingAssembly, StackCrawlMarkHandle stackMark, Boolean throwOnFileNotFound, ObjectHandleOnStack assemblyLoadContext, ObjectHandleOnStack retAssembly)
   at System.Reflection.RuntimeAssembly.InternalLoad(AssemblyName assemblyName, RuntimeAssembly requestingAssembly, StackCrawlMark& stackMark, Boolean throwOnFileNotFound, AssemblyLoadContext assemblyLoadContext)
   at System.Reflection.Assembly.Load(AssemblyName assemblyRef)
   at Microsoft.VisualStudio.TestPlatform.Common.ExtensionFramework.TestPluginCache.CurrentDomainAssemblyResolve(Object sender, AssemblyResolveEventArgs args)
   at Microsoft.VisualStudio.TestPlatform.PlatformAbstractions.PlatformAssemblyResolver.AssemblyResolverEvent(Object sender, Object eventArgs)
   at System.Runtime.Loader.AssemblyLoadContext.GetFirstResolvedAssemblyFromResolvingEvent(AssemblyName assemblyName)
   at System.Runtime.Loader.AssemblyLoadContext.ResolveUsingEvent(AssemblyName assemblyName)
   at System.Runtime.Loader.AssemblyLoadContext.ResolveUsingResolvingEvent(IntPtr gchManagedAssemblyLoadContext, AssemblyName assemblyName)
TpTrace Verbose: 0 : 97544, 1, 2022/10/26, 15:40:54.571, 11477164943874, vstest.console.dll, MetadataReaderExtensionsHelper: Discovering extensions inside assembly 'Microsoft.TestPlatform.Extensions.BlameDataCollector, Version=15.0.0.0, Culture=neutral, PublicKeyToken=b03f5f7f11d50a3a' file path 'C:\Program Files\dotnet\sdk\6.0.400\Extensions\Microsoft.TestPlatform.Extensions.BlameDataCollector.dll'
TpTrace Information: 0 : 97544, 1, 2022/10/26, 15:40:54.571, 11477164948035, vstest.console.dll, GetTestExtensionFromType: Register extension with identifier data 'logger://Microsoft/TestPlatform/Extensions/Blame/v1' and type 'Microsoft.TestPlatform.Extensions.BlameDataCollector.BlameLogger, Microsoft.TestPlatform.Extensions.BlameDataCollector, Version=15.0.0.0, Culture=neutral, PublicKeyToken=b03f5f7f11d50a3a' inside file 'C:\Program Files\dotnet\sdk\6.0.400\Extensions\Microsoft.TestPlatform.Extensions.BlameDataCollector.dll'
TpTrace Verbose: 0 : 97544, 1, 2022/10/26, 15:40:54.571, 11477164948556, vstest.console.dll, MetadataReaderExtensionsHelper: Discovering extensions inside assembly 'Microsoft.TestPlatform.Extensions.EventLogCollector, Version=15.0.0.0, Culture=neutral, PublicKeyToken=b03f5f7f11d50a3a' file path 'C:\Program Files\dotnet\sdk\6.0.400\Extensions\Microsoft.TestPlatform.Extensions.EventLogCollector.dll'
TpTrace Verbose: 0 : 97544, 1, 2022/10/26, 15:40:54.571, 11477164951492, vstest.console.dll, MetadataReaderExtensionsHelper: Discovering extensions inside assembly 'Microsoft.TestPlatform.TestHostRuntimeProvider, Version=15.0.0.0, Culture=neutral, PublicKeyToken=b03f5f7f11d50a3a' file path 'C:\Program Files\dotnet\sdk\6.0.400\Extensions\Microsoft.TestPlatform.TestHostRuntimeProvider.dll'
TpTrace Verbose: 0 : 97544, 1, 2022/10/26, 15:40:54.572, 11477164954057, vstest.console.dll, MetadataReaderExtensionsHelper: Discovering extensions inside assembly 'Microsoft.VisualStudio.TestPlatform.Extensions.Html.TestLogger, Version=15.0.0.0, Culture=neutral, PublicKeyToken=b03f5f7f11d50a3a' file path 'C:\Program Files\dotnet\sdk\6.0.400\Extensions\Microsoft.VisualStudio.TestPlatform.Extensions.Html.TestLogger.dll'
TpTrace Information: 0 : 97544, 1, 2022/10/26, 15:40:54.572, 11477164957172, vstest.console.dll, GetTestExtensionFromType: Register extension with identifier data 'logger://Microsoft/TestPlatform/HtmlLogger/v1' and type 'Microsoft.VisualStudio.TestPlatform.Extensions.HtmlLogger.HtmlLogger, Microsoft.VisualStudio.TestPlatform.Extensions.Html.TestLogger, Version=15.0.0.0, Culture=neutral, PublicKeyToken=b03f5f7f11d50a3a' inside file 'C:\Program Files\dotnet\sdk\6.0.400\Extensions\Microsoft.VisualStudio.TestPlatform.Extensions.Html.TestLogger.dll'
TpTrace Verbose: 0 : 97544, 1, 2022/10/26, 15:40:54.572, 11477164957611, vstest.console.dll, MetadataReaderExtensionsHelper: Discovering extensions inside assembly 'Microsoft.VisualStudio.TestPlatform.Extensions.Trx.TestLogger, Version=15.0.0.0, Culture=neutral, PublicKeyToken=b03f5f7f11d50a3a' file path 'C:\Program Files\dotnet\sdk\6.0.400\Extensions\Microsoft.VisualStudio.TestPlatform.Extensions.Trx.TestLogger.dll'
TpTrace Information: 0 : 97544, 1, 2022/10/26, 15:40:54.572, 11477164960510, vstest.console.dll, GetTestExtensionFromType: Register extension with identifier data 'logger://Microsoft/TestPlatform/TrxLogger/v1' and type 'Microsoft.VisualStudio.TestPlatform.Extensions.TrxLogger.TrxLogger, Microsoft.VisualStudio.TestPlatform.Extensions.Trx.TestLogger, Version=15.0.0.0, Culture=neutral, PublicKeyToken=b03f5f7f11d50a3a' inside file 'C:\Program Files\dotnet\sdk\6.0.400\Extensions\Microsoft.VisualStudio.TestPlatform.Extensions.Trx.TestLogger.dll'
TpTrace Verbose: 0 : 97544, 1, 2022/10/26, 15:40:54.572, 11477164960957, vstest.console.dll, TestPluginCache: Discovered the extensions using extension path ''.
TpTrace Verbose: 0 : 97544, 1, 2022/10/26, 15:40:54.572, 11477164961116, vstest.console.dll, TestPluginCache: Discoverers are ''.
TpTrace Verbose: 0 : 97544, 1, 2022/10/26, 15:40:54.572, 11477164961310, vstest.console.dll, TestPluginCache: Executors are ''.
TpTrace Verbose: 0 : 97544, 1, 2022/10/26, 15:40:54.572, 11477164961434, vstest.console.dll, TestPluginCache: Executors2 are ''.
TpTrace Verbose: 0 : 97544, 1, 2022/10/26, 15:40:54.572, 11477164961556, vstest.console.dll, TestPluginCache: Setting providers are ''.
TpTrace Verbose: 0 : 97544, 1, 2022/10/26, 15:40:54.572, 11477164961950, vstest.console.dll, TestPluginCache: Loggers are 'logger://Microsoft/TestPlatform/Extensions/Blame/v1,logger://Microsoft/TestPlatform/HtmlLogger/v1,logger://Microsoft/TestPlatform/TrxLogger/v1'.
TpTrace Verbose: 0 : 97544, 1, 2022/10/26, 15:40:54.572, 11477164962177, vstest.console.dll, TestPluginCache: TestHosts are 'HostProvider://DefaultTestHost,HostProvider://DotnetTestHost'.
TpTrace Verbose: 0 : 97544, 1, 2022/10/26, 15:40:54.572, 11477164962309, vstest.console.dll, TestPluginCache: DataCollectors are ''.
TpTrace Information: 0 : 97544, 1, 2022/10/26, 15:40:54.573, 11477164966353, vstest.console.dll, TestPluginManager.CreateTestExtension: Attempting to load test extension: Microsoft.TestPlatform.Extensions.BlameDataCollector.BlameLogger
TpTrace Verbose: 0 : 97544, 1, 2022/10/26, 15:40:54.577, 11477165002953, vstest.console.dll, TestEngine: Initializing Parallel Execution as MaxCpuCount is set to: 1
TpTrace Information: 0 : 97544, 1, 2022/10/26, 15:40:54.578, 11477165013850, vstest.console.dll, TestPluginManager.CreateTestExtension: Attempting to load test extension: Microsoft.VisualStudio.TestPlatform.CrossPlatEngine.Hosting.DefaultTestHostManager
TpTrace Information: 0 : 97544, 1, 2022/10/26, 15:40:54.578, 11477165019939, vstest.console.dll, TestPluginManager.CreateTestExtension: Attempting to load test extension: Microsoft.VisualStudio.TestPlatform.CrossPlatEngine.Hosting.DotnetTestHostManager
TpTrace Information: 0 : 97544, 1, 2022/10/26, 15:40:54.579, 11477165023814, vstest.console.dll, InferRunSettingsHelper.IsTestSettingsEnabled: Unable to navigate to RunSettings/MSTest. Current node: RunSettings
TpTrace Verbose: 0 : 97544, 1, 2022/10/26, 15:40:54.582, 11477165056844, vstest.console.dll, TestEngine.GetExecutionManager: Chosen execution manager 'Microsoft.VisualStudio.TestPlatform.CrossPlatEngine.Client.Parallel.ParallelProxyExecutionManager, Microsoft.TestPlatform.CrossPlatEngine, Version=15.0.0.0, Culture=neutral, PublicKeyToken=b03f5f7f11d50a3a' ParallelLevel '1'.
TpTrace Verbose: 0 : 97544, 1, 2022/10/26, 15:40:54.582, 11477165057685, vstest.console.dll, TestRunRequest.ExecuteAsync: Creating test run request.
TpTrace Verbose: 0 : 97544, 1, 2022/10/26, 15:40:54.582, 11477165059068, vstest.console.dll, TestRunRequest.ExecuteAsync: Starting.
TpTrace Information: 0 : 97544, 1, 2022/10/26, 15:40:54.582, 11477165061041, vstest.console.dll, TestRunRequest.ExecuteAsync: Starting run with settings:TestRunCriteria:
   KeepAlive=False,FrequencyOfRunStatsChangeEvent=10,RunStatsChangeEventTimeout=00:00:01.5000000,TestCaseFilter=,TestExecutorLauncher=
   Settingsxml=<RunSettings>
  <RunConfiguration>
    <ResultsDirectory>C:\Users\icaro.carvalho\source\repos\IndgTestCase\WebApplication1\bin\Debug\net6.0\fine-code-coverage\coverage-tool-output</ResultsDirectory>
    <TargetPlatform>X64</TargetPlatform>
    <TargetFrameworkVersion>.NETCoreApp,Version=v6.0</TargetFrameworkVersion>
    <DesignMode>False</DesignMode>
    <CollectSourceInformation>False</CollectSourceInformation>
  </RunConfiguration>
  <LoggerRunSettings>
    <Loggers>
      <Logger friendlyName="blame" enabled="True" />
      <Logger friendlyName="Console" uri="logger://microsoft/TestPlatform/ConsoleLogger/v1" assemblyQualifiedName="Microsoft.VisualStudio.TestPlatform.CommandLine.Internal.ConsoleLogger, vstest.console, Version=15.0.0.0, Culture=neutral, PublicKeyToken=b03f5f7f11d50a3a" codeBase="C:\Program Files\dotnet\sdk\6.0.400\vstest.console.dll" enabled="True" />
    </Loggers>
  </LoggerRunSettings>
  <DataCollectionRunSettings>
    <DataCollectors>
      <DataCollector friendlyName="blame" enabled="True">
        <Configuration>
          <ResultsDirectory>C:\Users\icaro.carvalho\source\repos\IndgTestCase\WebApplication1\bin\Debug\net6.0\fine-code-coverage\coverage-tool-output</ResultsDirectory>
        </Configuration>
      </DataCollector>
    </DataCollectors>
  </DataCollectionRunSettings>
</RunSettings>

TpTrace Verbose: 0 : 97544, 1, 2022/10/26, 15:40:54.582, 11477165061365, vstest.console.dll, TestRunRequest.ExecuteAsync: Wait for the first run request is over.
TpTrace Verbose: 0 : 97544, 1, 2022/10/26, 15:40:54.583, 11477165063061, vstest.console.dll, MulticastDelegateUtilities.SafeInvoke: TestRun.TestRunStart: Invoking callbacks was skipped because there are no subscribers.
TpTrace Verbose: 0 : 97544, 4, 2022/10/26, 15:40:54.583, 11477165064990, vstest.console.dll, MulticastDelegateUtilities.SafeInvoke: InternalTestLoggerEvents.SendTestRunStart: Invoking callback 1/1 for Microsoft.VisualStudio.TestPlatform.CommandLine.Internal.ConsoleLogger.TestRunStartHandler, took 0 ms.
TpTrace Verbose: 0 : 97544, 1, 2022/10/26, 15:40:54.583, 11477165068888, vstest.console.dll, ParallelProxyExecutionManager: Start execution. Total sources: 1
TpTrace Verbose: 0 : 97544, 1, 2022/10/26, 15:40:54.584, 11477165077843, vstest.console.dll, TestRequestSender is acting as server.
TpTrace Verbose: 0 : 97544, 1, 2022/10/26, 15:40:54.585, 11477165085346, vstest.console.dll, DataCollectionRequestSender.InitializeCommunication : Initialize communication. 
TpTrace Information: 0 : 97544, 1, 2022/10/26, 15:40:54.589, 11477165124454, vstest.console.dll, Listening on Endpoint : 127.0.0.1:57427
TpTrace Verbose: 0 : 97544, 1, 2022/10/26, 15:40:54.595, 11477165185930, vstest.console.dll, DotnetDataCollectionLauncher: Adding  --runtimeconfig "C:\Program Files\dotnet\sdk\6.0.400\datacollector.runtimeconfig.json" in args
TpTrace Verbose: 0 : 97544, 1, 2022/10/26, 15:40:54.595, 11477165187335, vstest.console.dll, DotnetDataCollectionLauncher: Adding  --depsfile "C:\Program Files\dotnet\sdk\6.0.400\datacollector.deps.json" in args
TpTrace Verbose: 0 : 97544, 1, 2022/10/26, 15:40:54.595, 11477165188197, vstest.console.dll, DotnetDataCollectionLauncher: Full path of dotnet.exe is C:\Program Files\dotnet\dotnet.exe
TpTrace Information: 0 : 97544, 1, 2022/10/26, 15:40:54.605, 11477165285069, vstest.console.dll, ProxyDataCollectionManager.Initialize: Launched datacollector processId: 95504 port: 57427
TpTrace Information: 0 : 97544, 1, 2022/10/26, 15:40:54.605, 11477165286624, vstest.console.dll, ProxyDataCollectionManager.Initialize: waiting for connection with timeout: 90 seconds
TpTrace Verbose: 0 : 97544, 1, 2022/10/26, 15:40:54.605, 11477165287189, vstest.console.dll, DataCollectionRequestSender.WaitForRequestHandlerConnection : Waiting for connection with timeout: 90000
TpTrace Information: 0 : 97544, 5, 2022/10/26, 15:40:54.701, 11477166247975, vstest.console.dll, Using the buffer size of 16384 bytes
TpTrace Verbose: 0 : 97544, 1, 2022/10/26, 15:40:54.701, 11477166248229, vstest.console.dll, SocketCommunicationManager.WaitForClientConnection took: 96 ms, with 90000 ms timeout, and finished with True.
TpTrace Information: 0 : 97544, 5, 2022/10/26, 15:40:54.701, 11477166248800, vstest.console.dll, Accepted Client request and set the flag
TpTrace Verbose: 0 : 97544, 1, 2022/10/26, 15:40:54.701, 11477166249636, vstest.console.dll, ProxyDataCollectionManager.InvokeDataCollectionServiceAction: Starting.
TpTrace Information: 0 : 97544, 1, 2022/10/26, 15:40:54.701, 11477166250177, vstest.console.dll, ProxyDataCollectionManager.BeforeTestRunStart: Get environment variable and port for datacollector processId: 95504 port: 57427
TpTrace Verbose: 0 : 97544, 1, 2022/10/26, 15:40:54.701, 11477166250817, vstest.console.dll, DataCollectionRequestSender.SendBeforeTestRunStartAndGetResult: Send BeforeTestRunStart message with settingsXml <RunSettings><RunConfiguration><ResultsDirectory>C:\Users\icaro.carvalho\source\repos\IndgTestCase\WebApplication1\bin\Debug\net6.0\fine-code-coverage\coverage-tool-output</ResultsDirectory><TargetPlatform>X64</TargetPlatform><TargetFrameworkVersion>.NETCoreApp,Version=v6.0</TargetFrameworkVersion><DesignMode>False</DesignMode><CollectSourceInformation>False</CollectSourceInformation><TestAdaptersPaths>C:\Program Files\dotnet\sdk\6.0.400\Extensions</TestAdaptersPaths></RunConfiguration><LoggerRunSettings><Loggers><Logger friendlyName="blame" enabled="True" /><Logger friendlyName="Console" uri="logger://microsoft/TestPlatform/ConsoleLogger/v1" assemblyQualifiedName="Microsoft.VisualStudio.TestPlatform.CommandLine.Internal.ConsoleLogger, vstest.console, Version=15.0.0.0, Culture=neutral, PublicKeyToken=b03f5f7f11d50a3a" codeBase="C:\Program Files\dotnet\sdk\6.0.400\vstest.console.dll" enabled="True" /></Loggers></LoggerRunSettings><DataCollectionRunSettings><DataCollectors><DataCollector friendlyName="blame" enabled="True"><Configuration><ResultsDirectory>C:\Users\icaro.carvalho\source\repos\IndgTestCase\WebApplication1\bin\Debug\net6.0\fine-code-coverage\coverage-tool-output</ResultsDirectory></Configuration></DataCollector></DataCollectors></DataCollectionRunSettings></RunSettings> and sources System.Collections.Generic.List`1[System.String]: 
TpTrace Verbose: 0 : 97544, 1, 2022/10/26, 15:40:54.750, 11477166738800, vstest.console.dll, DataCollectionRequestSender.SendBeforeTestRunStartAndGetResult: Received message: (DataCollection.SendMessage) -> {"MessageType":"DataCollection.SendMessage","Payload":{"FriendlyName":null,"Uri":null,"TestCaseId":"00000000-0000-0000-0000-000000000000","Message":"Logging DataCollector Diagnostics in file: C:\\Users\\icaro.carvalho\\source\\repos\\IndgTestCase\\WebApplication1\\bin\\Debug\\net6.0\\fine-code-coverage\\coverage-tool-output\\diagnostics.datacollector.22-10-26_15-40-54_59505_1.log","Level":0}}
TpTrace Verbose: 0 : 97544, 1, 2022/10/26, 15:40:54.814, 11477167378417, vstest.console.dll, DataCollectionRequestSender.SendBeforeTestRunStartAndGetResult: Received message: (DataCollection.BeforeTestRunStartResult) -> {"MessageType":"DataCollection.BeforeTestRunStartResult","Payload":{"EnvironmentVariables":{},"DataCollectionEventsPort":57429}}
TpTrace Information: 0 : 97544, 1, 2022/10/26, 15:40:54.818, 11477167415777, vstest.console.dll, ProxyDataCollectionManager.BeforeTestRunStart: SendBeforeTestRunStartAndGetResult successful, env variable from datacollector:   and testhost port: 57429
TpTrace Information: 0 : 97544, 1, 2022/10/26, 15:40:54.818, 11477167416318, vstest.console.dll, ProxyDataCollectionManager.InvokeDataCollectionServiceAction: Completed.
TpTrace Verbose: 0 : 97544, 1, 2022/10/26, 15:40:54.818, 11477167417221, vstest.console.dll, ProxyParallelExecutionManager: No sources available for execution.
TpTrace Verbose: 0 : 97544, 7, 2022/10/26, 15:40:54.818, 11477167417312, vstest.console.dll, ParallelProxyExecutionManager: Execution started. Started clients: 1
TpTrace Information: 0 : 97544, 1, 2022/10/26, 15:40:54.818, 11477167417539, vstest.console.dll, TestRunRequest.ExecuteAsync: Started.
TpTrace Verbose: 0 : 97544, 7, 2022/10/26, 15:40:54.818, 11477167419398, vstest.console.dll, TestRunRequest:SendTestRunMessage: Starting.
TpTrace Verbose: 0 : 97544, 1, 2022/10/26, 15:40:54.818, 11477167419519, vstest.console.dll, TestRunRequest.WaitForCompletion: Waiting with timeout -1.
TpTrace Verbose: 0 : 97544, 4, 2022/10/26, 15:40:54.818, 11477167420455, vstest.console.dll, MulticastDelegateUtilities.SafeInvoke: InternalTestLoggerEvents.SendTestRunMessage: Invoking callback 1/1 for Microsoft.VisualStudio.TestPlatform.CommandLine.Internal.ConsoleLogger.TestMessageHandler, took 0 ms.
TpTrace Verbose: 0 : 97544, 7, 2022/10/26, 15:40:54.818, 11477167420454, vstest.console.dll, MulticastDelegateUtilities.SafeInvoke: TestRun.LogMessages: Invoking callback 1/1 for Microsoft.VisualStudio.TestPlatform.CommandLine.TestRunResultAggregator.TestRunMessageHandler, took 0 ms.
TpTrace Information: 0 : 97544, 7, 2022/10/26, 15:40:54.818, 11477167420988, vstest.console.dll, TestRunRequest:SendTestRunMessage: Completed.
TpTrace Verbose: 0 : 97544, 7, 2022/10/26, 15:40:54.818, 11477167422195, vstest.console.dll, ProxyExecutionManager: Test host is always Lazy initialize.
TpTrace Verbose: 0 : 97544, 7, 2022/10/26, 15:40:54.819, 11477167423601, vstest.console.dll, TestRequestSender.InitializeCommunication: initialize communication. 
TpTrace Information: 0 : 97544, 7, 2022/10/26, 15:40:54.819, 11477167427132, vstest.console.dll, SocketServer.Start: Listening on endpoint : 127.0.0.1:57430
TpTrace Verbose: 0 : 97544, 7, 2022/10/26, 15:40:54.819, 11477167431464, vstest.console.dll, DotnetTestHostmanager.GetTestHostProcessStartInfo: Platform environment 'X64' target architecture 'X64' framework '.NETCoreApp,Version=v6.0' OS 'Windows'
TpTrace Verbose: 0 : 97544, 7, 2022/10/26, 15:40:54.820, 11477167433592, vstest.console.dll, DotnetTestHostmanager: Adding  --runtimeconfig "C:\Users\icaro.carvalho\source\repos\IndgTestCase\WebApplication1\bin\Debug\net6.0\fine-code-coverage\build-output\Trader.Api.runtimeconfig.json" in args
TpTrace Verbose: 0 : 97544, 7, 2022/10/26, 15:40:54.820, 11477167434495, vstest.console.dll, DotnetTestHostmanager: Adding  --depsfile "C:\Users\icaro.carvalho\source\repos\IndgTestCase\WebApplication1\bin\Debug\net6.0\fine-code-coverage\build-output\Trader.Api.deps.json" in args
TpTrace Verbose: 0 : 97544, 7, 2022/10/26, 15:40:54.820, 11477167436535, vstest.console.dll, DotnetTestHostmanager.IsWinOnArm: Current PROCESSOR_ARCHITECTURE from environment variable 'AMD64'
TpTrace Verbose: 0 : 97544, 7, 2022/10/26, 15:40:54.820, 11477167436880, vstest.console.dll, DotnetTestHostmanager.IsWinOnArm: Is Windows on ARM 'False'
TpTrace Verbose: 0 : 97544, 7, 2022/10/26, 15:40:54.820, 11477167437775, vstest.console.dll, DotnetTestHostManager: testhost.exe found at path: C:\Users\icaro.carvalho\source\repos\IndgTestCase\WebApplication1\bin\Debug\net6.0\fine-code-coverage\build-output\testhost.exe
TpTrace Verbose: 0 : 97544, 7, 2022/10/26, 15:40:54.820, 11477167438056, vstest.console.dll, DotnetTestHostmanager: Full path of host exe is C:\Users\icaro.carvalho\source\repos\IndgTestCase\WebApplication1\bin\Debug\net6.0\fine-code-coverage\build-output\testhost.exe
TpTrace Verbose: 0 : 97544, 7, 2022/10/26, 15:40:54.820, 11477167438812, vstest.console.dll, DotnetTestHostmanager.LaunchTestHostAsync: Found 'VSTEST_WINAPPHOST_DOTNET_ROOT' in env variables, value 'C:\Program Files\dotnet', forwarding to 'DOTNET_ROOT'
TpTrace Verbose: 0 : 97544, 7, 2022/10/26, 15:40:54.820, 11477167439616, vstest.console.dll, DotnetTestHostManager: Starting process 'C:\Users\icaro.carvalho\source\repos\IndgTestCase\WebApplication1\bin\Debug\net6.0\fine-code-coverage\build-output\testhost.exe' with command line ' --runtimeconfig "C:\Users\icaro.carvalho\source\repos\IndgTestCase\WebApplication1\bin\Debug\net6.0\fine-code-coverage\build-output\Trader.Api.runtimeconfig.json" --depsfile "C:\Users\icaro.carvalho\source\repos\IndgTestCase\WebApplication1\bin\Debug\net6.0\fine-code-coverage\build-output\Trader.Api.deps.json" --port 57430 --endpoint 127.0.0.1:057430 --role client --parentprocessid 97544 --diag "C:\Users\icaro.carvalho\source\repos\IndgTestCase\WebApplication1\bin\Debug\net6.0\fine-code-coverage\coverage-tool-output\diagnostics.host.22-10-26_15-40-54_81966_7.log" --tracelevel 4 --datacollectionport 57429 --telemetryoptedin false'
TpTrace Verbose: 0 : 97544, 7, 2022/10/26, 15:40:54.829, 11477167528597, vstest.console.dll, MulticastDelegateUtilities.SafeInvoke: HostProviderEvents.OnHostLaunched: Invoking callback 1/2 for Microsoft.VisualStudio.TestPlatform.CrossPlatEngine.Client.ProxyExecutionManagerWithDataCollection.TestHostLaunchedHandler, took 0 ms.
TpTrace Verbose: 0 : 97544, 7, 2022/10/26, 15:40:54.829, 11477167529745, vstest.console.dll, Test Runtime launched
TpTrace Verbose: 0 : 97544, 7, 2022/10/26, 15:40:54.829, 11477167530160, vstest.console.dll, MulticastDelegateUtilities.SafeInvoke: HostProviderEvents.OnHostLaunched: Invoking callback 2/2 for Microsoft.VisualStudio.TestPlatform.CrossPlatEngine.Client.ProxyOperationManager.TestHostManagerHostLaunched, took 0 ms.
TpTrace Verbose: 0 : 97544, 7, 2022/10/26, 15:40:54.829, 11477167531137, vstest.console.dll, TestRequestSender.WaitForRequestHandlerConnection: waiting for connection with timeout: 90000.
TpTrace Verbose: 0 : 97544, 7, 2022/10/26, 15:40:54.949, 11477168726192, vstest.console.dll, TestRequestSender.WaitForRequestHandlerConnection: waiting took 119 ms, with timeout 90000 ms, and result 0, which is success.
TpTrace Verbose: 0 : 97544, 13, 2022/10/26, 15:40:54.949, 11477168726121, vstest.console.dll, MulticastDelegateUtilities.SafeInvoke: SocketServer: ClientConnected: Invoking callback 1/1 for Microsoft.VisualStudio.TestPlatform.CommunicationUtilities.TestRequestSender.<InitializeCommunication>b__24_0, took 0 ms.
TpTrace Verbose: 0 : 97544, 13, 2022/10/26, 15:40:54.949, 11477168727818, vstest.console.dll, SocketServer.OnClientConnected: Client connected for endPoint: 127.0.0.1:57430, starting MessageLoopAsync:
TpTrace Verbose: 0 : 97544, 10, 2022/10/26, 15:40:54.949, 11477168731209, vstest.console.dll, TcpClientExtensions.MessageLoopAsync: Polling on remoteEndPoint: 127.0.0.1:57431 localEndPoint: 127.0.0.1:57430
TpTrace Verbose: 0 : 97544, 7, 2022/10/26, 15:40:54.950, 11477168734465, vstest.console.dll, TestRequestSender.CheckVersionWithTestHost: Sending check version message: {"MessageType":"ProtocolVersion","Payload":7}
TpTrace Verbose: 0 : 97544, 10, 2022/10/26, 15:40:55.073, 11477169963256, vstest.console.dll, TcpClientExtensions.MessageLoopAsync: NotifyDataAvailable remoteEndPoint: 127.0.0.1:57431 localEndPoint: 127.0.0.1:57430
TpTrace Verbose: 0 : 97544, 10, 2022/10/26, 15:40:55.075, 11477169986461, vstest.console.dll, TestRequestSender.CheckVersionWithTestHost: onMessageReceived received message: (ProtocolVersion) -> {"MessageType":"ProtocolVersion","Payload":7}
TpTrace Verbose: 0 : 97544, 10, 2022/10/26, 15:40:55.076, 11477169993246, vstest.console.dll, MulticastDelegateUtilities.SafeInvoke: LengthPrefixCommunicationChannel: MessageReceived: Invoking callback 1/1 for Microsoft.VisualStudio.TestPlatform.CommunicationUtilities.TestRequestSender+<>c__DisplayClass26_0.<CheckVersionWithTestHost>b__0, took 0 ms.
TpTrace Verbose: 0 : 97544, 7, 2022/10/26, 15:40:55.076, 11477169993766, vstest.console.dll, TestPluginCache.GetExtensionPaths: Filtered extension paths: 
TpTrace Verbose: 0 : 97544, 10, 2022/10/26, 15:40:55.076, 11477169994316, vstest.console.dll, TcpClientExtensions.MessageLoopAsync: Polling on remoteEndPoint: 127.0.0.1:57431 localEndPoint: 127.0.0.1:57430
TpTrace Verbose: 0 : 97544, 7, 2022/10/26, 15:40:55.076, 11477169994892, vstest.console.dll, TestPluginCache.GetExtensionPaths: Added default extension paths: C:\Program Files\dotnet\sdk\6.0.400\Extensions\Microsoft.Diagnostics.NETCore.Client.dll
C:\Program Files\dotnet\sdk\6.0.400\Extensions\Microsoft.TestPlatform.Extensions.BlameDataCollector.dll
C:\Program Files\dotnet\sdk\6.0.400\Extensions\Microsoft.TestPlatform.Extensions.EventLogCollector.dll
C:\Program Files\dotnet\sdk\6.0.400\Extensions\Microsoft.TestPlatform.TestHostRuntimeProvider.dll
C:\Program Files\dotnet\sdk\6.0.400\Extensions\Microsoft.VisualStudio.TestPlatform.Extensions.Html.TestLogger.dll
C:\Program Files\dotnet\sdk\6.0.400\Extensions\Microsoft.VisualStudio.TestPlatform.Extensions.Trx.TestLogger.dll
TpTrace Verbose: 0 : 97544, 7, 2022/10/26, 15:40:55.076, 11477169995391, vstest.console.dll, TestPluginCache.GetExtensionPaths: Added unfilterableExtensionPaths: 
TpTrace Verbose: 0 : 97544, 7, 2022/10/26, 15:40:55.080, 11477170034671, vstest.console.dll, TestRequestSender.InitializeExecution: Sending initialize execution with message: {"Version":7,"MessageType":"TestExecution.Initialize","Payload":["C:\\Users\\icaro.carvalho\\source\\repos\\IndgTestCase\\WebApplication1\\bin\\Debug\\net6.0\\fine-code-coverage\\build-output\\xunit.runner.visualstudio.dotnetcore.testadapter.dll"]}
TpTrace Verbose: 0 : 97544, 10, 2022/10/26, 15:40:55.080, 11477170035983, vstest.console.dll, TcpClientExtensions.MessageLoopAsync: NotifyDataAvailable remoteEndPoint: 127.0.0.1:57431 localEndPoint: 127.0.0.1:57430
TpTrace Verbose: 0 : 97544, 10, 2022/10/26, 15:40:55.080, 11477170036861, vstest.console.dll, LengthPrefixCommunicationChannel.NotifyDataAvailable: New data are waiting to be received, but there is no subscriber to be notified. Not reading them from the stream.
TpTrace Verbose: 0 : 97544, 10, 2022/10/26, 15:40:55.080, 11477170037221, vstest.console.dll, TcpClientExtensions.MessageLoopAsync: Polling on remoteEndPoint: 127.0.0.1:57431 localEndPoint: 127.0.0.1:57430
TpTrace Verbose: 0 : 97544, 10, 2022/10/26, 15:40:55.080, 11477170037567, vstest.console.dll, TcpClientExtensions.MessageLoopAsync: NotifyDataAvailable remoteEndPoint: 127.0.0.1:57431 localEndPoint: 127.0.0.1:57430
TpTrace Verbose: 0 : 97544, 10, 2022/10/26, 15:40:55.080, 11477170037779, vstest.console.dll, LengthPrefixCommunicationChannel.NotifyDataAvailable: New data are waiting to be received, but there is no subscriber to be notified. Not reading them from the stream.
TpTrace Verbose: 0 : 97544, 10, 2022/10/26, 15:40:55.080, 11477170038038, vstest.console.dll, TcpClientExtensions.MessageLoopAsync: Polling on remoteEndPoint: 127.0.0.1:57431 localEndPoint: 127.0.0.1:57430
TpTrace Warning: 0 : 97544, 7, 2022/10/26, 15:40:55.080, 11477170038166, vstest.console.dll, InferRunSettingsHelper.MakeRunsettingsCompatible: Removing the following settings: TargetPlatform from RunSettings file. To use those settings please move to latest version of Microsoft.NET.Test.Sdk
TpTrace Verbose: 0 : 97544, 10, 2022/10/26, 15:40:55.080, 11477170038259, vstest.console.dll, TcpClientExtensions.MessageLoopAsync: NotifyDataAvailable remoteEndPoint: 127.0.0.1:57431 localEndPoint: 127.0.0.1:57430
TpTrace Verbose: 0 : 97544, 10, 2022/10/26, 15:40:55.080, 11477170038984, vstest.console.dll, LengthPrefixCommunicationChannel.NotifyDataAvailable: New data are waiting to be received, but there is no subscriber to be notified. Not reading them from the stream.
TpTrace Verbose: 0 : 97544, 10, 2022/10/26, 15:40:55.080, 11477170039236, vstest.console.dll, TcpClientExtensions.MessageLoopAsync: Polling on remoteEndPoint: 127.0.0.1:57431 localEndPoint: 127.0.0.1:57430
TpTrace Verbose: 0 : 97544, 10, 2022/10/26, 15:40:55.080, 11477170039531, vstest.console.dll, TcpClientExtensions.MessageLoopAsync: NotifyDataAvailable remoteEndPoint: 127.0.0.1:57431 localEndPoint: 127.0.0.1:57430
TpTrace Verbose: 0 : 97544, 10, 2022/10/26, 15:40:55.080, 11477170039721, vstest.console.dll, LengthPrefixCommunicationChannel.NotifyDataAvailable: New data are waiting to be received, but there is no subscriber to be notified. Not reading them from the stream.
TpTrace Verbose: 0 : 97544, 10, 2022/10/26, 15:40:55.080, 11477170039913, vstest.console.dll, TcpClientExtensions.MessageLoopAsync: Polling on remoteEndPoint: 127.0.0.1:57431 localEndPoint: 127.0.0.1:57430
TpTrace Verbose: 0 : 97544, 10, 2022/10/26, 15:40:55.080, 11477170040121, vstest.console.dll, TcpClientExtensions.MessageLoopAsync: NotifyDataAvailable remoteEndPoint: 127.0.0.1:57431 localEndPoint: 127.0.0.1:57430
TpTrace Verbose: 0 : 97544, 10, 2022/10/26, 15:40:55.080, 11477170040334, vstest.console.dll, LengthPrefixCommunicationChannel.NotifyDataAvailable: New data are waiting to be received, but there is no subscriber to be notified. Not reading them from the stream.
TpTrace Verbose: 0 : 97544, 10, 2022/10/26, 15:40:55.080, 11477170040522, vstest.console.dll, TcpClientExtensions.MessageLoopAsync: Polling on remoteEndPoint: 127.0.0.1:57431 localEndPoint: 127.0.0.1:57430
TpTrace Verbose: 0 : 97544, 10, 2022/10/26, 15:40:55.080, 11477170040766, vstest.console.dll, TcpClientExtensions.MessageLoopAsync: NotifyDataAvailable remoteEndPoint: 127.0.0.1:57431 localEndPoint: 127.0.0.1:57430
TpTrace Verbose: 0 : 97544, 10, 2022/10/26, 15:40:55.080, 11477170041054, vstest.console.dll, LengthPrefixCommunicationChannel.NotifyDataAvailable: New data are waiting to be received, but there is no subscriber to be notified. Not reading them from the stream.
TpTrace Verbose: 0 : 97544, 10, 2022/10/26, 15:40:55.080, 11477170041285, vstest.console.dll, TcpClientExtensions.MessageLoopAsync: Polling on remoteEndPoint: 127.0.0.1:57431 localEndPoint: 127.0.0.1:57430
TpTrace Verbose: 0 : 97544, 10, 2022/10/26, 15:40:55.080, 11477170041498, vstest.console.dll, TcpClientExtensions.MessageLoopAsync: NotifyDataAvailable remoteEndPoint: 127.0.0.1:57431 localEndPoint: 127.0.0.1:57430
TpTrace Verbose: 0 : 97544, 10, 2022/10/26, 15:40:55.080, 11477170042151, vstest.console.dll, TestRequestSender.OnExecutionMessageReceived: Received message: {"Version":7,"MessageType":"TestSession.Message","Payload":{"MessageLevel":0,"Message":"Logging TestHost Diagnostics in file: C:\\Users\\icaro.carvalho\\source\\repos\\IndgTestCase\\WebApplication1\\bin\\Debug\\net6.0\\fine-code-coverage\\coverage-tool-output\\diagnostics.host.22-10-26_15-40-54_81966_7.log"}}
TpTrace Verbose: 0 : 97544, 10, 2022/10/26, 15:40:55.083, 11477170067456, vstest.console.dll, TestRunRequest:SendTestRunMessage: Starting.
TpTrace Verbose: 0 : 97544, 10, 2022/10/26, 15:40:55.083, 11477170068879, vstest.console.dll, MulticastDelegateUtilities.SafeInvoke: TestRun.LogMessages: Invoking callback 1/1 for Microsoft.VisualStudio.TestPlatform.CommandLine.TestRunResultAggregator.TestRunMessageHandler, took 0 ms.
TpTrace Verbose: 0 : 97544, 4, 2022/10/26, 15:40:55.083, 11477170069018, vstest.console.dll, MulticastDelegateUtilities.SafeInvoke: InternalTestLoggerEvents.SendTestRunMessage: Invoking callback 1/1 for Microsoft.VisualStudio.TestPlatform.CommandLine.Internal.ConsoleLogger.TestMessageHandler, took 0 ms.
TpTrace Information: 0 : 97544, 10, 2022/10/26, 15:40:55.083, 11477170069466, vstest.console.dll, TestRunRequest:SendTestRunMessage: Completed.
TpTrace Verbose: 0 : 97544, 10, 2022/10/26, 15:40:55.083, 11477170070761, vstest.console.dll, MulticastDelegateUtilities.SafeInvoke: LengthPrefixCommunicationChannel: MessageReceived: Invoking callback 1/1 for Microsoft.VisualStudio.TestPlatform.CommunicationUtilities.TestRequestSender+<>c__DisplayClass31_0.<StartTestRun>b__1, took 2 ms.
TpTrace Verbose: 0 : 97544, 10, 2022/10/26, 15:40:55.083, 11477170071230, vstest.console.dll, TcpClientExtensions.MessageLoopAsync: Polling on remoteEndPoint: 127.0.0.1:57431 localEndPoint: 127.0.0.1:57430
TpTrace Verbose: 0 : 97544, 7, 2022/10/26, 15:40:55.090, 11477170132900, vstest.console.dll, TestRequestSender.StartTestRun: Sending test run with message: {"Version":7,"MessageType":"TestExecution.StartWithSources","Payload":{"AdapterSourceMap":{"_none_":["C:\\Users\\icaro.carvalho\\source\\repos\\IndgTestCase\\WebApplication1\\bin\\Debug\\net6.0\\fine-code-coverage\\build-output\\Trader.Api.dll"]},"RunSettings":"<RunSettings>\r\n  <RunConfiguration>\r\n    <ResultsDirectory>C:\\Users\\icaro.carvalho\\source\\repos\\IndgTestCase\\WebApplication1\\bin\\Debug\\net6.0\\fine-code-coverage\\coverage-tool-output</ResultsDirectory>\r\n    <TargetFrameworkVersion>.NETCoreApp,Version=v6.0</TargetFrameworkVersion>\r\n    <DesignMode>False</DesignMode>\r\n    <CollectSourceInformation>False</CollectSourceInformation>\r\n  </RunConfiguration>\r\n  <LoggerRunSettings>\r\n    <Loggers>\r\n      <Logger friendlyName=\"blame\" enabled=\"True\" />\r\n      <Logger friendlyName=\"Console\" uri=\"logger://microsoft/TestPlatform/ConsoleLogger/v1\" assemblyQualifiedName=\"Microsoft.VisualStudio.TestPlatform.CommandLine.Internal.ConsoleLogger, vstest.console, Version=15.0.0.0, Culture=neutral, PublicKeyToken=b03f5f7f11d50a3a\" codeBase=\"C:\\Program Files\\dotnet\\sdk\\6.0.400\\vstest.console.dll\" enabled=\"True\" />\r\n    </Loggers>\r\n  </LoggerRunSettings>\r\n  <DataCollectionRunSettings>\r\n    <DataCollectors>\r\n      <DataCollector friendlyName=\"blame\" enabled=\"True\">\r\n        <Configuration>\r\n          <ResultsDirectory>C:\\Users\\icaro.carvalho\\source\\repos\\IndgTestCase\\WebApplication1\\bin\\Debug\\net6.0\\fine-code-coverage\\coverage-tool-output</ResultsDirectory>\r\n        </Configuration>\r\n      </DataCollector>\r\n    </DataCollectors>\r\n  </DataCollectionRunSettings>\r\n</RunSettings>","TestExecutionContext":{"FrequencyOfRunStatsChangeEvent":10,"RunStatsChangeEventTimeout":"00:00:01.5000000","InIsolation":false,"KeepAlive":false,"AreTestCaseLevelEventsRequired":false,"IsDebug":false,"TestCaseFilter":null,"FilterOptions":null},"Package":null}}
TpTrace Verbose: 0 : 97544, 10, 2022/10/26, 15:40:55.273, 11477171963184, vstest.console.dll, TcpClientExtensions.MessageLoopAsync: NotifyDataAvailable remoteEndPoint: 127.0.0.1:57431 localEndPoint: 127.0.0.1:57430
TpTrace Verbose: 0 : 97544, 10, 2022/10/26, 15:40:55.273, 11477171964699, vstest.console.dll, TestRequestSender.OnExecutionMessageReceived: Received message: {"Version":7,"MessageType":"TestSession.Message","Payload":{"MessageLevel":0,"Message":"[xUnit.net 00:00:00.00] xUnit.net VSTest Adapter v2.4.5+1caef2f33e (64-bit .NET 6.0.8)"}}
TpTrace Verbose: 0 : 97544, 10, 2022/10/26, 15:40:55.273, 11477171966459, vstest.console.dll, TestRunRequest:SendTestRunMessage: Starting.
TpTrace Verbose: 0 : 97544, 10, 2022/10/26, 15:40:55.273, 11477171966925, vstest.console.dll, MulticastDelegateUtilities.SafeInvoke: TestRun.LogMessages: Invoking callback 1/1 for Microsoft.VisualStudio.TestPlatform.CommandLine.TestRunResultAggregator.TestRunMessageHandler, took 0 ms.
TpTrace Information: 0 : 97544, 10, 2022/10/26, 15:40:55.273, 11477171967125, vstest.console.dll, TestRunRequest:SendTestRunMessage: Completed.
TpTrace Verbose: 0 : 97544, 10, 2022/10/26, 15:40:55.273, 11477171967325, vstest.console.dll, MulticastDelegateUtilities.SafeInvoke: LengthPrefixCommunicationChannel: MessageReceived: Invoking callback 1/1 for Microsoft.VisualStudio.TestPlatform.CommunicationUtilities.TestRequestSender+<>c__DisplayClass31_0.<StartTestRun>b__1, took 0 ms.
TpTrace Verbose: 0 : 97544, 4, 2022/10/26, 15:40:55.273, 11477171967295, vstest.console.dll, MulticastDelegateUtilities.SafeInvoke: InternalTestLoggerEvents.SendTestRunMessage: Invoking callback 1/1 for Microsoft.VisualStudio.TestPlatform.CommandLine.Internal.ConsoleLogger.TestMessageHandler, took 0 ms.
TpTrace Verbose: 0 : 97544, 10, 2022/10/26, 15:40:55.273, 11477171967603, vstest.console.dll, TcpClientExtensions.MessageLoopAsync: Polling on remoteEndPoint: 127.0.0.1:57431 localEndPoint: 127.0.0.1:57430
TpTrace Verbose: 0 : 97544, 10, 2022/10/26, 15:40:55.921, 11477178447931, vstest.console.dll, TcpClientExtensions.MessageLoopAsync: NotifyDataAvailable remoteEndPoint: 127.0.0.1:57431 localEndPoint: 127.0.0.1:57430
TpTrace Verbose: 0 : 97544, 10, 2022/10/26, 15:40:55.921, 11477178449172, vstest.console.dll, TestRequestSender.OnExecutionMessageReceived: Received message: {"Version":7,"MessageType":"TestSession.Message","Payload":{"MessageLevel":0,"Message":"[xUnit.net 00:00:00.65]   Discovering: Trader.Api"}}
TpTrace Verbose: 0 : 97544, 10, 2022/10/26, 15:40:55.921, 11477178450307, vstest.console.dll, TestRunRequest:SendTestRunMessage: Starting.
TpTrace Verbose: 0 : 97544, 10, 2022/10/26, 15:40:55.921, 11477178450662, vstest.console.dll, MulticastDelegateUtilities.SafeInvoke: TestRun.LogMessages: Invoking callback 1/1 for Microsoft.VisualStudio.TestPlatform.CommandLine.TestRunResultAggregator.TestRunMessageHandler, took 0 ms.
TpTrace Information: 0 : 97544, 10, 2022/10/26, 15:40:55.921, 11477178450813, vstest.console.dll, TestRunRequest:SendTestRunMessage: Completed.
TpTrace Verbose: 0 : 97544, 10, 2022/10/26, 15:40:55.921, 11477178450994, vstest.console.dll, MulticastDelegateUtilities.SafeInvoke: LengthPrefixCommunicationChannel: MessageReceived: Invoking callback 1/1 for Microsoft.VisualStudio.TestPlatform.CommunicationUtilities.TestRequestSender+<>c__DisplayClass31_0.<StartTestRun>b__1, took 0 ms.
TpTrace Verbose: 0 : 97544, 10, 2022/10/26, 15:40:55.921, 11477178451250, vstest.console.dll, TcpClientExtensions.MessageLoopAsync: Polling on remoteEndPoint: 127.0.0.1:57431 localEndPoint: 127.0.0.1:57430
TpTrace Verbose: 0 : 97544, 4, 2022/10/26, 15:40:55.921, 11477178451285, vstest.console.dll, MulticastDelegateUtilities.SafeInvoke: InternalTestLoggerEvents.SendTestRunMessage: Invoking callback 1/1 for Microsoft.VisualStudio.TestPlatform.CommandLine.Internal.ConsoleLogger.TestMessageHandler, took 0 ms.
TpTrace Verbose: 0 : 97544, 10, 2022/10/26, 15:40:55.952, 11477178761798, vstest.console.dll, TcpClientExtensions.MessageLoopAsync: NotifyDataAvailable remoteEndPoint: 127.0.0.1:57431 localEndPoint: 127.0.0.1:57430
TpTrace Verbose: 0 : 97544, 10, 2022/10/26, 15:40:55.953, 11477178762893, vstest.console.dll, TestRequestSender.OnExecutionMessageReceived: Received message: {"Version":7,"MessageType":"TestSession.Message","Payload":{"MessageLevel":0,"Message":"[xUnit.net 00:00:00.68]   Discovered:  Trader.Api"}}
TpTrace Verbose: 0 : 97544, 10, 2022/10/26, 15:40:55.953, 11477178763932, vstest.console.dll, TestRunRequest:SendTestRunMessage: Starting.
TpTrace Verbose: 0 : 97544, 10, 2022/10/26, 15:40:55.953, 11477178764283, vstest.console.dll, MulticastDelegateUtilities.SafeInvoke: TestRun.LogMessages: Invoking callback 1/1 for Microsoft.VisualStudio.TestPlatform.CommandLine.TestRunResultAggregator.TestRunMessageHandler, took 0 ms.
TpTrace Information: 0 : 97544, 10, 2022/10/26, 15:40:55.953, 11477178764427, vstest.console.dll, TestRunRequest:SendTestRunMessage: Completed.
TpTrace Verbose: 0 : 97544, 10, 2022/10/26, 15:40:55.953, 11477178764590, vstest.console.dll, MulticastDelegateUtilities.SafeInvoke: LengthPrefixCommunicationChannel: MessageReceived: Invoking callback 1/1 for Microsoft.VisualStudio.TestPlatform.CommunicationUtilities.TestRequestSender+<>c__DisplayClass31_0.<StartTestRun>b__1, took 0 ms.
TpTrace Verbose: 0 : 97544, 4, 2022/10/26, 15:40:55.953, 11477178764701, vstest.console.dll, MulticastDelegateUtilities.SafeInvoke: InternalTestLoggerEvents.SendTestRunMessage: Invoking callback 1/1 for Microsoft.VisualStudio.TestPlatform.CommandLine.Internal.ConsoleLogger.TestMessageHandler, took 0 ms.
TpTrace Verbose: 0 : 97544, 10, 2022/10/26, 15:40:55.953, 11477178764790, vstest.console.dll, TcpClientExtensions.MessageLoopAsync: Polling on remoteEndPoint: 127.0.0.1:57431 localEndPoint: 127.0.0.1:57430
TpTrace Verbose: 0 : 97544, 10, 2022/10/26, 15:40:55.954, 11477178778157, vstest.console.dll, TcpClientExtensions.MessageLoopAsync: NotifyDataAvailable remoteEndPoint: 127.0.0.1:57431 localEndPoint: 127.0.0.1:57430
TpTrace Verbose: 0 : 97544, 10, 2022/10/26, 15:40:55.954, 11477178778554, vstest.console.dll, TestRequestSender.OnExecutionMessageReceived: Received message: {"Version":7,"MessageType":"TestSession.Message","Payload":{"MessageLevel":0,"Message":"[xUnit.net 00:00:00.68]   Starting:    Trader.Api"}}
TpTrace Verbose: 0 : 97544, 10, 2022/10/26, 15:40:55.954, 11477178778907, vstest.console.dll, TestRunRequest:SendTestRunMessage: Starting.
TpTrace Verbose: 0 : 97544, 10, 2022/10/26, 15:40:55.954, 11477178779117, vstest.console.dll, MulticastDelegateUtilities.SafeInvoke: TestRun.LogMessages: Invoking callback 1/1 for Microsoft.VisualStudio.TestPlatform.CommandLine.TestRunResultAggregator.TestRunMessageHandler, took 0 ms.
TpTrace Verbose: 0 : 97544, 4, 2022/10/26, 15:40:55.954, 11477178779172, vstest.console.dll, MulticastDelegateUtilities.SafeInvoke: InternalTestLoggerEvents.SendTestRunMessage: Invoking callback 1/1 for Microsoft.VisualStudio.TestPlatform.CommandLine.Internal.ConsoleLogger.TestMessageHandler, took 0 ms.
TpTrace Information: 0 : 97544, 10, 2022/10/26, 15:40:55.954, 11477178779254, vstest.console.dll, TestRunRequest:SendTestRunMessage: Completed.
TpTrace Verbose: 0 : 97544, 10, 2022/10/26, 15:40:55.954, 11477178779630, vstest.console.dll, MulticastDelegateUtilities.SafeInvoke: LengthPrefixCommunicationChannel: MessageReceived: Invoking callback 1/1 for Microsoft.VisualStudio.TestPlatform.CommunicationUtilities.TestRequestSender+<>c__DisplayClass31_0.<StartTestRun>b__1, took 0 ms.
TpTrace Verbose: 0 : 97544, 10, 2022/10/26, 15:40:55.954, 11477178779843, vstest.console.dll, TcpClientExtensions.MessageLoopAsync: Polling on remoteEndPoint: 127.0.0.1:57431 localEndPoint: 127.0.0.1:57430
TpTrace Verbose: 0 : 97544, 10, 2022/10/26, 15:40:56.109, 11477180328965, vstest.console.dll, TcpClientExtensions.MessageLoopAsync: NotifyDataAvailable remoteEndPoint: 127.0.0.1:57431 localEndPoint: 127.0.0.1:57430
TpTrace Verbose: 0 : 97544, 10, 2022/10/26, 15:40:56.109, 11477180330062, vstest.console.dll, TestRequestSender.OnExecutionMessageReceived: Received message: {"Version":7,"MessageType":"TestSession.Message","Payload":{"MessageLevel":0,"Message":"[xUnit.net 00:00:00.84]   Finished:    Trader.Api"}}
TpTrace Verbose: 0 : 97544, 10, 2022/10/26, 15:40:56.109, 11477180331164, vstest.console.dll, TestRunRequest:SendTestRunMessage: Starting.
TpTrace Verbose: 0 : 97544, 10, 2022/10/26, 15:40:56.109, 11477180331614, vstest.console.dll, MulticastDelegateUtilities.SafeInvoke: TestRun.LogMessages: Invoking callback 1/1 for Microsoft.VisualStudio.TestPlatform.CommandLine.TestRunResultAggregator.TestRunMessageHandler, took 0 ms.
TpTrace Information: 0 : 97544, 10, 2022/10/26, 15:40:56.109, 11477180331791, vstest.console.dll, TestRunRequest:SendTestRunMessage: Completed.
TpTrace Verbose: 0 : 97544, 4, 2022/10/26, 15:40:56.109, 11477180331881, vstest.console.dll, MulticastDelegateUtilities.SafeInvoke: InternalTestLoggerEvents.SendTestRunMessage: Invoking callback 1/1 for Microsoft.VisualStudio.TestPlatform.CommandLine.Internal.ConsoleLogger.TestMessageHandler, took 0 ms.
TpTrace Verbose: 0 : 97544, 10, 2022/10/26, 15:40:56.109, 11477180331995, vstest.console.dll, MulticastDelegateUtilities.SafeInvoke: LengthPrefixCommunicationChannel: MessageReceived: Invoking callback 1/1 for Microsoft.VisualStudio.TestPlatform.CommunicationUtilities.TestRequestSender+<>c__DisplayClass31_0.<StartTestRun>b__1, took 0 ms.
TpTrace Verbose: 0 : 97544, 10, 2022/10/26, 15:40:56.110, 11477180332986, vstest.console.dll, TcpClientExtensions.MessageLoopAsync: Polling on remoteEndPoint: 127.0.0.1:57431 localEndPoint: 127.0.0.1:57430
TpTrace Verbose: 0 : 97544, 10, 2022/10/26, 15:40:56.150, 11477180738411, vstest.console.dll, TcpClientExtensions.MessageLoopAsync: NotifyDataAvailable remoteEndPoint: 127.0.0.1:57431 localEndPoint: 127.0.0.1:57430
TpTrace Verbose: 0 : 97544, 10, 2022/10/26, 15:40:56.150, 11477180740171, vstest.console.dll, TestRequestSender.OnExecutionMessageReceived: Received message: {"Version":7,"MessageType":"TestExecution.Completed","Payload":{"TestRunCompleteArgs":{"TestRunStatistics":{"ExecutedTests":3,"Stats":{"Passed":3}},"IsCanceled":false,"IsAborted":false,"Error":null,"AttachmentSets":[],"InvokedDataCollectors":[],"ElapsedTimeInRunningTests":"00:00:00.8493105","Metrics":{},"DiscoveredExtensions":{"TestDiscoverers":["Xunit.Runner.VisualStudio.VsTestRunner, xunit.runner.visualstudio.dotnetcore.testadapter, Version=2.4.0.0, Culture=neutral, PublicKeyToken=8d05b1bb7a6fdb6c"],"TestExecutors":["executor://xunit/VsTestRunner2/netcoreapp"],"TestExecutors2":[],"TestSettingsProviders":[]}},"LastRunTests":{"NewTestResults":[{"TestCase":{"Id":"64723396-52c3-11bf-72ad-8186ae6d806a","FullyQualifiedName":"Trader.Api.UnitTests.PersonUseCasesTests.ShouldNotInsertPersonWithSameName","DisplayName":"Trader.Api.UnitTests.PersonUseCasesTests.ShouldNotInsertPersonWithSameName","ExecutorUri":"executor://xunit/VsTestRunner2/netcoreapp","Source":"C:\\Users\\icaro.carvalho\\source\\repos\\IndgTestCase\\WebApplication1\\bin\\Debug\\net6.0\\fine-code-coverage\\build-output\\Trader.Api.dll","CodeFilePath":null,"LineNumber":0,"Properties":[]},"Attachments":[],"Outcome":1,"ErrorMessage":null,"ErrorStackTrace":null,"DisplayName":"Trader.Api.UnitTests.PersonUseCasesTests.ShouldNotInsertPersonWithSameName","Messages":[],"ComputerName":"FITCARD-A00734","Duration":"00:00:00.0830278","StartTime":"2022-10-26T18:40:56.0856814+00:00","EndTime":"2022-10-26T18:40:56.0857096+00:00","Properties":[]},{"TestCase":{"Id":"305e8fed-6ced-886f-855f-a52d7c3bdb1c","FullyQualifiedName":"Trader.Api.UnitTests.PersonUseCasesTests.ShouldGetPersonById","DisplayName":"Trader.Api.UnitTests.PersonUseCasesTests.ShouldGetPersonById","ExecutorUri":"executor://xunit/VsTestRunner2/netcoreapp","Source":"C:\\Users\\icaro.carvalho\\source\\repos\\IndgTestCase\\WebApplication1\\bin\\Debug\\net6.0\\fine-code-coverage\\build-output\\Trader.Api.dll","CodeFilePath":null,"LineNumber":0,"Properties":[]},"Attachments":[],"Outcome":1,"ErrorMessage":null,"ErrorStackTrace":null,"DisplayName":"Trader.Api.UnitTests.PersonUseCasesTests.ShouldGetPersonById","Messages":[],"ComputerName":"FITCARD-A00734","Duration":"00:00:00.0042938","StartTime":"2022-10-26T18:40:56.1054858+00:00","EndTime":"2022-10-26T18:40:56.1054858+00:00","Properties":[]},{"TestCase":{"Id":"08c374ec-ebb6-af7e-f7ad-f69e9c3b9bb5","FullyQualifiedName":"Trader.Api.UnitTests.PersonUseCasesTests.ShouldInsertPerson","DisplayName":"Trader.Api.UnitTests.PersonUseCasesTests.ShouldInsertPerson","ExecutorUri":"executor://xunit/VsTestRunner2/netcoreapp","Source":"C:\\Users\\icaro.carvalho\\source\\repos\\IndgTestCase\\WebApplication1\\bin\\Debug\\net6.0\\fine-code-coverage\\build-output\\Trader.Api.dll","CodeFilePath":null,"LineNumber":0,"Properties":[]},"Attachments":[],"Outcome":1,"ErrorMessage":null,"ErrorStackTrace":null,"DisplayName":"Trader.Api.UnitTests.PersonUseCasesTests.ShouldInsertPerson","Messages":[],"ComputerName":"FITCARD-A00734","Duration":"00:00:00.0096086","StartTime":"2022-10-26T18:40:56.107729+00:00","EndTime":"2022-10-26T18:40:56.107729+00:00","Properties":[]}],"TestRunStatistics":{"ExecutedTests":3,"Stats":{"Passed":3}},"ActiveTests":[]},"RunAttachments":[],"ExecutorUris":["executor://xunit/VsTestRunner2/netcoreapp"]}}
TpTrace Verbose: 0 : 97544, 10, 2022/10/26, 15:40:56.150, 11477180741315, vstest.console.dll, TestRequestSender.EndSession: Sending end session.
TpTrace Verbose: 0 : 97544, 10, 2022/10/26, 15:40:56.151, 11477180743367, vstest.console.dll, ProxyOperationManager.Close: waiting for test host to exit for 100 ms
TpTrace Warning: 0 : 97544, 12, 2022/10/26, 15:40:56.185, 11477181083166, vstest.console.dll, TestHostManagerCallbacks.ErrorReceivedCallback Test host standard error line: 
TpTrace Verbose: 0 : 97544, 12, 2022/10/26, 15:40:56.204, 11477181275977, vstest.console.dll, TestHostProvider.ExitCallBack: Host exited starting callback.
TpTrace Information: 0 : 97544, 12, 2022/10/26, 15:40:56.204, 11477181280158, vstest.console.dll, TestHostManagerCallbacks.ExitCallBack: Testhost processId: 58380 exited with exitcode: 0 error: ''
TpTrace Verbose: 0 : 97544, 12, 2022/10/26, 15:40:56.204, 11477181280640, vstest.console.dll, DotnetTestHostManager.OnHostExited: invoking OnHostExited callback
TpTrace Verbose: 0 : 97544, 12, 2022/10/26, 15:40:56.204, 11477181281099, vstest.console.dll, CrossPlatEngine.TestHostManagerHostExited: calling on client process exit callback.
TpTrace Information: 0 : 97544, 12, 2022/10/26, 15:40:56.204, 11477181281458, vstest.console.dll, TestRequestSender.OnClientProcessExit: Test host process exited. Standard error: 
TpTrace Information: 0 : 97544, 12, 2022/10/26, 15:40:56.204, 11477181281697, vstest.console.dll, SocketServer.Stop: Stop server endPoint: 127.0.0.1:57430
TpTrace Information: 0 : 97544, 10, 2022/10/26, 15:40:56.204, 11477181281752, vstest.console.dll, SocketServer.Stop: Stop server endPoint: 127.0.0.1:57430
TpTrace Information: 0 : 97544, 12, 2022/10/26, 15:40:56.204, 11477181281913, vstest.console.dll, SocketServer.Stop: Cancellation requested. Stopping message loop.
TpTrace Information: 0 : 97544, 10, 2022/10/26, 15:40:56.204, 11477181282434, vstest.console.dll, SocketServer.Stop: Cancellation requested. Stopping message loop.
TpTrace Information: 0 : 97544, 10, 2022/10/26, 15:40:56.205, 11477181283238, vstest.console.dll, Closing the connection
TpTrace Verbose: 0 : 97544, 12, 2022/10/26, 15:40:56.205, 11477181283741, vstest.console.dll, MulticastDelegateUtilities.SafeInvoke: HostProviderEvents.OnHostExited: Invoking callback 1/1 for Microsoft.VisualStudio.TestPlatform.CrossPlatEngine.Client.ProxyOperationManager.TestHostManagerHostExited, took 0 ms.
TpTrace Verbose: 0 : 97544, 10, 2022/10/26, 15:40:56.205, 11477181285809, vstest.console.dll, ProxyDataCollectionManager.InvokeDataCollectionServiceAction: Starting.
TpTrace Information: 0 : 97544, 10, 2022/10/26, 15:40:56.205, 11477181286265, vstest.console.dll, ProxyDataCollectionManager.AfterTestRunEnd: Get attachment set and invoked data collectors processId: 95504 port: 57427
TpTrace Verbose: 0 : 97544, 10, 2022/10/26, 15:40:56.205, 11477181286807, vstest.console.dll, DataCollectionRequestSender.SendAfterTestRunStartAndGetResult: Send AfterTestRunEnd message with isCancelled: False
TpTrace Verbose: 0 : 97544, 10, 2022/10/26, 15:40:56.212, 11477181362247, vstest.console.dll, DataCollectionRequestSender.SendAfterTestRunStartAndGetResult: Received message: (DataCollection.AfterTestRunEndResult) -> {"MessageType":"DataCollection.AfterTestRunEndResult","Payload":{"AttachmentSets":[],"InvokedDataCollectors":[{"Uri":"datacollector://Microsoft/TestPlatform/Extensions/Blame/v1","FriendlyName":"Blame","AssemblyQualifiedName":"Microsoft.TestPlatform.Extensions.BlameDataCollector.BlameCollector, Microsoft.TestPlatform.Extensions.BlameDataCollector, Version=15.0.0.0, Culture=neutral, PublicKeyToken=b03f5f7f11d50a3a","FilePath":"C:\\Program Files\\dotnet\\sdk\\6.0.400\\Extensions\\Microsoft.TestPlatform.Extensions.BlameDataCollector.dll","HasAttachmentProcessor":false}],"Metrics":{}}}
TpTrace Information: 0 : 97544, 10, 2022/10/26, 15:40:56.218, 11477181416339, vstest.console.dll, ProxyDataCollectionManager.InvokeDataCollectionServiceAction: Completed.
TpTrace Warning: 0 : 97544, 9, 2022/10/26, 15:40:56.238, 11477181617345, vstest.console.dll, DataCollectionLauncher.ErrorReceivedCallback datacollector standard error line: 
TpTrace Information: 0 : 97544, 12, 2022/10/26, 15:40:56.244, 11477181677335, vstest.console.dll, DataCollectionLauncher.ExitCallBack: Data collector exited with exitcode: 0 error: ''
TpTrace Verbose: 0 : 97544, 10, 2022/10/26, 15:40:56.283, 11477182069954, vstest.console.dll, TestRunRequest:SendTestRunStatsChange: Starting.
TpTrace Verbose: 0 : 97544, 10, 2022/10/26, 15:40:56.284, 11477182073039, vstest.console.dll, MulticastDelegateUtilities.SafeInvoke: TestRun.RunStatsChanged: Invoking callbacks was skipped because there are no subscribers.
TpTrace Information: 0 : 97544, 10, 2022/10/26, 15:40:56.284, 11477182073541, vstest.console.dll, TestRunRequest:SendTestRunStatsChange: Completed.
TpTrace Verbose: 0 : 97544, 10, 2022/10/26, 15:40:56.284, 11477182077383, vstest.console.dll, ParallelProxyExecutionManager: HandlePartialRunComplete: Total completed clients = 1, Run complete = True, Run canceled: False.
TpTrace Verbose: 0 : 97544, 4, 2022/10/26, 15:40:56.287, 11477182104640, vstest.console.dll, MulticastDelegateUtilities.SafeInvoke: InternalTestLoggerEvents.SendTestResult: Invoking callback 1/1 for Microsoft.VisualStudio.TestPlatform.CommandLine.Internal.ConsoleLogger.TestResultHandler, took 3 ms.
TpTrace Verbose: 0 : 97544, 4, 2022/10/26, 15:40:56.287, 11477182106232, vstest.console.dll, MulticastDelegateUtilities.SafeInvoke: InternalTestLoggerEvents.SendTestResult: Invoking callback 1/1 for Microsoft.VisualStudio.TestPlatform.CommandLine.Internal.ConsoleLogger.TestResultHandler, took 0 ms.
TpTrace Verbose: 0 : 97544, 4, 2022/10/26, 15:40:56.287, 11477182106723, vstest.console.dll, MulticastDelegateUtilities.SafeInvoke: InternalTestLoggerEvents.SendTestResult: Invoking callback 1/1 for Microsoft.VisualStudio.TestPlatform.CommandLine.Internal.ConsoleLogger.TestResultHandler, took 0 ms.
TpTrace Verbose: 0 : 97544, 4, 2022/10/26, 15:40:56.298, 11477182220918, vstest.console.dll, MulticastDelegateUtilities.SafeInvoke: InternalTestLoggerEvents.SendTestRunComplete: Invoking callback 1/2 for Microsoft.TestPlatform.Extensions.BlameDataCollector.BlameLogger.TestRunCompleteHandler, took 0 ms.
TpTrace Verbose: 0 : 97544, 4, 2022/10/26, 15:40:56.306, 11477182297829, vstest.console.dll, MulticastDelegateUtilities.SafeInvoke: InternalTestLoggerEvents.SendTestRunComplete: Invoking callback 2/2 for Microsoft.VisualStudio.TestPlatform.CommandLine.Internal.ConsoleLogger.TestRunCompleteHandler, took 7 ms.
TpTrace Verbose: 0 : 97544, 10, 2022/10/26, 15:40:56.306, 11477182301916, vstest.console.dll, TestRunRequest:TestRunComplete: Starting. IsAborted:False IsCanceled:False.
TpTrace Verbose: 0 : 97544, 10, 2022/10/26, 15:40:56.308, 11477182315243, vstest.console.dll, TestLoggerManager.HandleTestRunComplete: Ignoring as the object is disposed.
TpTrace Verbose: 0 : 97544, 10, 2022/10/26, 15:40:56.308, 11477182317434, vstest.console.dll, MulticastDelegateUtilities.SafeInvoke: TestRun.TestRunComplete: Invoking callback 1/2 for Microsoft.VisualStudio.TestPlatform.CommandLine.TestRunResultAggregator.TestRunCompletionHandler, took 0 ms.
TpTrace Verbose: 0 : 97544, 10, 2022/10/26, 15:40:56.308, 11477182318192, vstest.console.dll, MulticastDelegateUtilities.SafeInvoke: TestRun.TestRunComplete: Invoking callback 2/2 for Microsoft.VisualStudio.TestPlatform.CommandLine.Processors.RunTestsArgumentExecutor+TestRunRequestEventsRegistrar.TestRunRequest_OnRunCompletion, took 0 ms.
TpTrace Information: 0 : 97544, 10, 2022/10/26, 15:40:56.308, 11477182319103, vstest.console.dll, TestRunRequest:TestRunComplete: Completed.
TpTrace Verbose: 0 : 97544, 10, 2022/10/26, 15:40:56.308, 11477182319402, vstest.console.dll, TestRequestSender.SetOperationComplete: Setting operation complete.
TpTrace Verbose: 0 : 97544, 1, 2022/10/26, 15:40:56.308, 11477182319504, vstest.console.dll, TestRunRequest.Dispose: Starting.
TpTrace Information: 0 : 97544, 10, 2022/10/26, 15:40:56.308, 11477182319606, vstest.console.dll, SocketServer.Stop: Stop server endPoint: 127.0.0.1:57430
TpTrace Information: 0 : 97544, 1, 2022/10/26, 15:40:56.308, 11477182320159, vstest.console.dll, TestRunRequest.Dispose: Completed.
TpTrace Information: 0 : 97544, 10, 2022/10/26, 15:40:56.308, 11477182320258, vstest.console.dll, SocketServer.Stop: Cancellation requested. Stopping message loop.
TpTrace Information: 0 : 97544, 1, 2022/10/26, 15:40:56.308, 11477182320574, vstest.console.dll, TestRequestManager.RunTests: run tests completed.
TpTrace Verbose: 0 : 97544, 10, 2022/10/26, 15:40:56.308, 11477182320693, vstest.console.dll, MulticastDelegateUtilities.SafeInvoke: LengthPrefixCommunicationChannel: MessageReceived: Invoking callback 1/1 for Microsoft.VisualStudio.TestPlatform.CommunicationUtilities.TestRequestSender+<>c__DisplayClass31_0.<StartTestRun>b__1, took 158 ms.
TpTrace Information: 0 : 97544, 10, 2022/10/26, 15:40:56.308, 11477182321110, vstest.console.dll, SocketServer.PrivateStop: Stopping server endPoint: 127.0.0.1:57430 error: 
TpTrace Information: 0 : 97544, 1, 2022/10/26, 15:40:56.308, 11477182321257, vstest.console.dll, RunTestsArgumentProcessor:Execute: Test run is completed.
TpTrace Verbose: 0 : 97544, 1, 2022/10/26, 15:40:56.309, 11477182323144, vstest.console.dll, Executor.Execute: Exiting with exit code of 0
TpTrace Verbose: 0 : 97544, 10, 2022/10/26, 15:40:56.309, 11477182325033, vstest.console.dll, LengthPrefixCommunicationChannel.Dispose: Dispose reader and writer.
TpTrace Information: 0 : 97544, 10, 2022/10/26, 15:40:56.309, 11477182325647, vstest.console.dll, SocketServer.Stop: Raise disconnected event endPoint: 127.0.0.1:57430 error: 
TpTrace Verbose: 0 : 97544, 10, 2022/10/26, 15:40:56.309, 11477182326129, vstest.console.dll, TestRequestSender: OnTestRunAbort: Operation is already complete. Skip error message.
TpTrace Verbose: 0 : 97544, 10, 2022/10/26, 15:40:56.309, 11477182326397, vstest.console.dll, MulticastDelegateUtilities.SafeInvoke: SocketServer: ClientDisconnected: Invoking callback 1/1 for Microsoft.VisualStudio.TestPlatform.CommunicationUtilities.TestRequestSender.<InitializeCommunication>b__24_1, took 0 ms.
TpTrace Verbose: 0 : 97544, 10, 2022/10/26, 15:40:56.309, 11477182326660, vstest.console.dll, TcpClientExtensions.MessageLoopAsync: exiting MessageLoopAsync remoteEndPoint: 127.0.0.1:57431 localEndPoint: 127.0.0.1:57430
