TpTrace Verbose: 0 : 3412, 1, 2022/10/26, 22:11:59.439, 101972468870, testhost.dll, Version: 17.3.2 Current process architecture: X64
TpTrace Verbose: 0 : 3412, 1, 2022/10/26, 22:11:59.441, 101972489263, testhost.dll, Runtime location: C:\Program Files\dotnet\shared\Microsoft.NETCore.App\6.0.10
TpTrace Information: 0 : 3412, 1, 2022/10/26, 22:11:59.443, 101972505463, testhost.dll, DefaultEngineInvoker.Invoke: Testhost process started with args :[--port, 56739],[--endpoint, 127.0.0.1:056739],[--role, client],[--parentprocessid, 19040],[--diag, C:\Users\icaro\Documents\Projetos\Indg\Trader\bin\Debug\net6.0\fine-code-coverage\coverage-tool-output\diagnostics.host.22-10-26_22-11-59_32822_7.log],[--tracelevel, 4],[--datacollectionport, 56738],[--telemetryoptedin, false]
TpTrace Information: 0 : 3412, 1, 2022/10/26, 22:11:59.444, 101972516318, testhost.dll, Setting up debug trace listener.
TpTrace Verbose: 0 : 3412, 1, 2022/10/26, 22:11:59.444, 101972517363, testhost.dll, TestPlatformTraceListener.Setup: Replacing listener System.Diagnostics.DefaultTraceListener with TestHostTraceListener.
TpTrace Verbose: 0 : 3412, 1, 2022/10/26, 22:11:59.444, 101972517633, testhost.dll, TestPlatformTraceListener.Setup: Added test platform trace listener.
TpTrace Information: 0 : 3412, 1, 2022/10/26, 22:11:59.444, 101972521026, testhost.dll, DefaultEngineInvoker.SetParentProcessExitCallback: Monitoring parent process with id: '19040'
TpTrace Information: 0 : 3412, 1, 2022/10/26, 22:11:59.447, 101972544860, testhost.dll, DefaultEngineInvoker.GetConnectionInfo: Initialize communication on endpoint address: '127.0.0.1:056739'
TpTrace Information: 0 : 3412, 1, 2022/10/26, 22:11:59.452, 101972597724, testhost.dll, SocketClient.Start: connecting to server endpoint: 127.0.0.1:056739
TpTrace Information: 0 : 3412, 1, 2022/10/26, 22:11:59.456, 101972638456, testhost.dll, DefaultEngineInvoker.ConnectToDatacollector: Connecting to datacollector, port: 56738
TpTrace Information: 0 : 3412, 10, 2022/10/26, 22:11:59.457, 101972644429, testhost.dll, SocketClient.OnServerConnected: connected to server endpoint: 127.0.0.1:056739
TpTrace Information: 0 : 3412, 1, 2022/10/26, 22:11:59.458, 101972659857, testhost.dll, Trying to connect to server on socket : 127.0.0.1:56738 
TpTrace Verbose: 0 : 3412, 1, 2022/10/26, 22:11:59.458, 101972661346, testhost.dll, SocketCommunicationManager : SetupClientAsync : Attempting to connect to the server.
TpTrace Verbose: 0 : 3412, 10, 2022/10/26, 22:11:59.458, 101972662045, testhost.dll, MulticastDelegateUtilities.SafeInvoke: SocketClient: ServerConnected: Invoking callback 1/1 for Microsoft.VisualStudio.TestPlatform.CommunicationUtilities.TestRequestHandler.<InitializeCommunication>b__31_0, took 0 ms.
TpTrace Verbose: 0 : 3412, 10, 2022/10/26, 22:11:59.458, 101972662445, testhost.dll, Connected to server, and starting MessageLoopAsync
TpTrace Information: 0 : 3412, 11, 2022/10/26, 22:11:59.459, 101972668817, testhost.dll, Connected to the server successfully 
TpTrace Information: 0 : 3412, 11, 2022/10/26, 22:11:59.459, 101972669131, testhost.dll, Using the buffer size of 16384 bytes
TpTrace Verbose: 0 : 3412, 1, 2022/10/26, 22:11:59.459, 101972669955, testhost.dll, SocketCommunicationManager.WaitForServerConnection took: 0 ms, with 90000 ms timeout, and finished with True.
TpTrace Information: 0 : 3412, 1, 2022/10/26, 22:11:59.459, 101972670676, testhost.dll, DefaultEngineInvoker.Invoke: Start Request Processing.
TpTrace Information: 0 : 3412, 12, 2022/10/26, 22:11:59.459, 101972673922, testhost.dll, DefaultEngineInvoker.StartProcessingAsync: Connected to vstest.console, Starting process requests.
TpTrace Verbose: 0 : 3412, 9, 2022/10/26, 22:11:59.460, 101972680094, testhost.dll, TcpClientExtensions.MessageLoopAsync: Polling on remoteEndPoint: [::ffff:127.0.0.1]:56739 localEndPoint: [::ffff:127.0.0.1]:56740
TpTrace Verbose: 0 : 3412, 9, 2022/10/26, 22:11:59.460, 101972681896, testhost.dll, TcpClientExtensions.MessageLoopAsync: NotifyDataAvailable remoteEndPoint: [::ffff:127.0.0.1]:56739 localEndPoint: [::ffff:127.0.0.1]:56740
TpTrace Information: 0 : 3412, 9, 2022/10/26, 22:11:59.462, 101972703676, testhost.dll, TestRequestHandler.OnMessageReceived: received message: (ProtocolVersion) -> {"MessageType":"ProtocolVersion","Payload":7}
TpTrace Verbose: 0 : 3412, 9, 2022/10/26, 22:11:59.544, 101973515591, testhost.dll, TestRequestHandler.SendData: sending data from testhost: {"Version":7,"MessageType":"TestSession.Message","Payload":{"MessageLevel":0,"Message":"Registro em log do diagnóstico TestHost no arquivo: C:\\Users\\icaro\\Documents\\Projetos\\Indg\\Trader\\bin\\Debug\\net6.0\\fine-code-coverage\\coverage-tool-output\\diagnostics.host.22-10-26_22-11-59_32822_7.log"}}
TpTrace Verbose: 0 : 3412, 9, 2022/10/26, 22:11:59.544, 101973516428, testhost.dll, MulticastDelegateUtilities.SafeInvoke: LengthPrefixCommunicationChannel: MessageReceived: Invoking callback 1/1 for Microsoft.VisualStudio.TestPlatform.CommunicationUtilities.TestRequestHandler.OnMessageReceived, took 82 ms.
TpTrace Verbose: 0 : 3412, 9, 2022/10/26, 22:11:59.544, 101973516802, testhost.dll, TcpClientExtensions.MessageLoopAsync: Polling on remoteEndPoint: [::ffff:127.0.0.1]:56739 localEndPoint: [::ffff:127.0.0.1]:56740
TpTrace Verbose: 0 : 3412, 9, 2022/10/26, 22:11:59.544, 101973517032, testhost.dll, TcpClientExtensions.MessageLoopAsync: NotifyDataAvailable remoteEndPoint: [::ffff:127.0.0.1]:56739 localEndPoint: [::ffff:127.0.0.1]:56740
TpTrace Information: 0 : 3412, 9, 2022/10/26, 22:11:59.544, 101973517407, testhost.dll, TestRequestHandler.OnMessageReceived: received message: (TestExecution.Initialize) -> {"Version":7,"MessageType":"TestExecution.Initialize","Payload":["C:\\Users\\icaro\\Documents\\Projetos\\Indg\\Trader\\bin\\Debug\\net6.0\\fine-code-coverage\\build-output\\xunit.runner.visualstudio.dotnetcore.testadapter.dll"]}
TpTrace Verbose: 0 : 3412, 9, 2022/10/26, 22:11:59.548, 101973564167, testhost.dll, MulticastDelegateUtilities.SafeInvoke: LengthPrefixCommunicationChannel: MessageReceived: Invoking callback 1/1 for Microsoft.VisualStudio.TestPlatform.CommunicationUtilities.TestRequestHandler.OnMessageReceived, took 4 ms.
TpTrace Verbose: 0 : 3412, 9, 2022/10/26, 22:11:59.549, 101973564492, testhost.dll, TcpClientExtensions.MessageLoopAsync: Polling on remoteEndPoint: [::ffff:127.0.0.1]:56739 localEndPoint: [::ffff:127.0.0.1]:56740
TpTrace Verbose: 0 : 3412, 9, 2022/10/26, 22:11:59.549, 101973564692, testhost.dll, TcpClientExtensions.MessageLoopAsync: NotifyDataAvailable remoteEndPoint: [::ffff:127.0.0.1]:56739 localEndPoint: [::ffff:127.0.0.1]:56740
TpTrace Information: 0 : 3412, 9, 2022/10/26, 22:11:59.549, 101973565135, testhost.dll, TestRequestHandler.OnMessageReceived: received message: (TestExecution.StartWithSources) -> {"Version":7,"MessageType":"TestExecution.StartWithSources","Payload":{"AdapterSourceMap":{"_none_":["C:\\Users\\icaro\\Documents\\Projetos\\Indg\\Trader\\bin\\Debug\\net6.0\\fine-code-coverage\\build-output\\Trader.Api.dll"]},"RunSettings":"<RunSettings>\r\n  <RunConfiguration>\r\n    <ResultsDirectory>C:\\Users\\icaro\\Documents\\Projetos\\Indg\\Trader\\bin\\Debug\\net6.0\\fine-code-coverage\\coverage-tool-output</ResultsDirectory>\r\n    <TargetFrameworkVersion>.NETCoreApp,Version=v6.0</TargetFrameworkVersion>\r\n    <DesignMode>False</DesignMode>\r\n    <CollectSourceInformation>False</CollectSourceInformation>\r\n  </RunConfiguration>\r\n  <LoggerRunSettings>\r\n    <Loggers>\r\n      <Logger friendlyName=\"blame\" enabled=\"True\" />\r\n      <Logger friendlyName=\"Console\" uri=\"logger://microsoft/TestPlatform/ConsoleLogger/v1\" assemblyQualifiedName=\"Microsoft.VisualStudio.TestPlatform.CommandLine.Internal.ConsoleLogger, vstest.console, Version=15.0.0.0, Culture=neutral, PublicKeyToken=b03f5f7f11d50a3a\" codeBase=\"C:\\Program Files\\dotnet\\sdk\\6.0.402\\vstest.console.dll\" enabled=\"True\" />\r\n    </Loggers>\r\n  </LoggerRunSettings>\r\n  <DataCollectionRunSettings>\r\n    <DataCollectors>\r\n      <DataCollector friendlyName=\"blame\" enabled=\"True\">\r\n        <Configuration>\r\n          <ResultsDirectory>C:\\Users\\icaro\\Documents\\Projetos\\Indg\\Trader\\bin\\Debug\\net6.0\\fine-code-coverage\\coverage-tool-output</ResultsDirectory>\r\n        </Configuration>\r\n      </DataCollector>\r\n    </DataCollectors>\r\n  </DataCollectionRunSettings>\r\n</RunSettings>","TestExecutionContext":{"FrequencyOfRunStatsChangeEvent":10,"RunStatsChangeEventTimeout":"00:00:01.5000000","InIsolation":false,"KeepAlive":false,"AreTestCaseLevelEventsRequired":false,"IsDebug":false,"TestCaseFilter":null,"FilterOptions":null},"Package":null}}
TpTrace Information: 0 : 3412, 4, 2022/10/26, 22:11:59.549, 101973566388, testhost.dll, TestRequestHandler.OnMessageReceived: Running job 'TestExecution.Initialize'.
TpTrace Verbose: 0 : 3412, 4, 2022/10/26, 22:11:59.550, 101973578876, testhost.dll, TestExecutorService: Loading the extensions
TpTrace Verbose: 0 : 3412, 4, 2022/10/26, 22:11:59.551, 101973591682, testhost.dll, TestPluginCache.DiscoverTestExtensions: finding test extensions in assemblies ends with: TestAdapter.dll TPluginInfo: Microsoft.VisualStudio.TestPlatform.Common.ExtensionFramework.Utilities.TestExecutorPluginInformation TExtension: Microsoft.VisualStudio.TestPlatform.ObjectModel.Adapter.ITestExecutor
TpTrace Verbose: 0 : 3412, 4, 2022/10/26, 22:11:59.552, 101973599767, testhost.dll, TestPluginCache.GetExtensionPaths: Filtered extension paths: 
TpTrace Verbose: 0 : 3412, 4, 2022/10/26, 22:11:59.552, 101973602865, testhost.dll, TestPluginCache.GetExtensionPaths: Added default extension paths: C:\Users\icaro\Documents\Projetos\Indg\Trader\bin\Debug\net6.0\fine-code-coverage\build-output\xunit.runner.visualstudio.dotnetcore.testadapter.dll
TpTrace Verbose: 0 : 3412, 4, 2022/10/26, 22:11:59.552, 101973603241, testhost.dll, TestPluginCache.GetExtensionPaths: Added unfilterableExtensionPaths: 
TpTrace Information: 0 : 3412, 4, 2022/10/26, 22:11:59.553, 101973613349, testhost.dll, AssemblyResolver.ctor: Creating AssemblyResolver with searchDirectories C:\Users\icaro\Documents\Projetos\Indg\Trader\bin\Debug\net6.0\fine-code-coverage\build-output
TpTrace Verbose: 0 : 3412, 4, 2022/10/26, 22:11:59.554, 101973622043, testhost.dll, TestPluginCache.DiscoverTestExtensions: Discovering the extensions using extension path.
TpTrace Verbose: 0 : 3412, 4, 2022/10/26, 22:11:59.554, 101973622589, testhost.dll, TestPluginCache.GetExtensionPaths: Filtered extension paths: 
TpTrace Verbose: 0 : 3412, 4, 2022/10/26, 22:11:59.554, 101973622777, testhost.dll, TestPluginCache.GetExtensionPaths: Added default extension paths: C:\Users\icaro\Documents\Projetos\Indg\Trader\bin\Debug\net6.0\fine-code-coverage\build-output\xunit.runner.visualstudio.dotnetcore.testadapter.dll
TpTrace Verbose: 0 : 3412, 4, 2022/10/26, 22:11:59.554, 101973622954, testhost.dll, TestPluginCache.GetExtensionPaths: Added unfilterableExtensionPaths: 
TpTrace Verbose: 0 : 3412, 4, 2022/10/26, 22:11:59.554, 101973623218, testhost.dll, TestPluginCache.DiscoverTestExtensions: Discovering the extensions using allExtensionPaths: C:\Users\icaro\Documents\Projetos\Indg\Trader\bin\Debug\net6.0\fine-code-coverage\build-output\xunit.runner.visualstudio.dotnetcore.testadapter.dll
TpTrace Information: 0 : 3412, 4, 2022/10/26, 22:11:59.555, 101973628135, testhost.dll, AssemblyResolver.AddSearchDirectories: Adding more searchDirectories C:\Users\icaro\Documents\Projetos\Indg\Trader\bin\Debug\net6.0\fine-code-coverage\build-output
TpTrace Information: 0 : 3412, 4, 2022/10/26, 22:11:59.557, 101973650696, testhost.dll, AssemblyResolver.OnResolve: xunit.runner.visualstudio.dotnetcore.testadapter: Resolving assembly.
TpTrace Information: 0 : 3412, 4, 2022/10/26, 22:11:59.557, 101973651083, testhost.dll, AssemblyResolver.OnResolve: xunit.runner.visualstudio.dotnetcore.testadapter: Searching in: 'C:\Users\icaro\Documents\Projetos\Indg\Trader\bin\Debug\net6.0\fine-code-coverage\build-output'.
TpTrace Information: 0 : 3412, 4, 2022/10/26, 22:11:59.558, 101973657031, testhost.dll, AssemblyResolver.OnResolve: xunit.runner.visualstudio.dotnetcore.testadapter: Loading assembly 'C:\Users\icaro\Documents\Projetos\Indg\Trader\bin\Debug\net6.0\fine-code-coverage\build-output\xunit.runner.visualstudio.dotnetcore.testadapter.dll'.
TpTrace Information: 0 : 3412, 4, 2022/10/26, 22:11:59.558, 101973660722, testhost.dll, AssemblyResolver.OnResolve: Resolved assembly: xunit.runner.visualstudio.dotnetcore.testadapter, from path: C:\Users\icaro\Documents\Projetos\Indg\Trader\bin\Debug\net6.0\fine-code-coverage\build-output\xunit.runner.visualstudio.dotnetcore.testadapter.dll
TpTrace Verbose: 0 : 3412, 9, 2022/10/26, 22:11:59.566, 101973735516, testhost.dll, MulticastDelegateUtilities.SafeInvoke: LengthPrefixCommunicationChannel: MessageReceived: Invoking callback 1/1 for Microsoft.VisualStudio.TestPlatform.CommunicationUtilities.TestRequestHandler.OnMessageReceived, took 17 ms.
TpTrace Verbose: 0 : 3412, 9, 2022/10/26, 22:11:59.566, 101973735935, testhost.dll, TcpClientExtensions.MessageLoopAsync: Polling on remoteEndPoint: [::ffff:127.0.0.1]:56739 localEndPoint: [::ffff:127.0.0.1]:56740
TpTrace Verbose: 0 : 3412, 4, 2022/10/26, 22:11:59.573, 101973808696, testhost.dll, MetadataReaderExtensionsHelper: Discovering extensions inside assembly 'xunit.runner.visualstudio.dotnetcore.testadapter, Version=2.4.0.0, Culture=neutral, PublicKeyToken=8d05b1bb7a6fdb6c' file path 'C:\Users\icaro\Documents\Projetos\Indg\Trader\bin\Debug\net6.0\fine-code-coverage\build-output\xunit.runner.visualstudio.dotnetcore.testadapter.dll'
TpTrace Information: 0 : 3412, 4, 2022/10/26, 22:11:59.578, 101973857038, testhost.dll, AssemblyResolver.OnResolve: xunit.runner.utility.netcoreapp10: Resolving assembly.
TpTrace Information: 0 : 3412, 4, 2022/10/26, 22:11:59.578, 101973857413, testhost.dll, AssemblyResolver.OnResolve: xunit.runner.utility.netcoreapp10: Searching in: 'C:\Users\icaro\Documents\Projetos\Indg\Trader\bin\Debug\net6.0\fine-code-coverage\build-output'.
TpTrace Information: 0 : 3412, 4, 2022/10/26, 22:11:59.578, 101973858850, testhost.dll, AssemblyResolver.OnResolve: xunit.runner.utility.netcoreapp10: Loading assembly 'C:\Users\icaro\Documents\Projetos\Indg\Trader\bin\Debug\net6.0\fine-code-coverage\build-output\xunit.runner.utility.netcoreapp10.dll'.
TpTrace Information: 0 : 3412, 4, 2022/10/26, 22:11:59.578, 101973861875, testhost.dll, AssemblyResolver.OnResolve: Resolved assembly: xunit.runner.utility.netcoreapp10, from path: C:\Users\icaro\Documents\Projetos\Indg\Trader\bin\Debug\net6.0\fine-code-coverage\build-output\xunit.runner.utility.netcoreapp10.dll
TpTrace Information: 0 : 3412, 4, 2022/10/26, 22:11:59.580, 101973876290, testhost.dll, GetTestExtensionFromType: Register extension with identifier data 'executor://xunit/VsTestRunner2/netcoreapp' and type 'Xunit.Runner.VisualStudio.VsTestRunner, xunit.runner.visualstudio.dotnetcore.testadapter, Version=2.4.0.0, Culture=neutral, PublicKeyToken=8d05b1bb7a6fdb6c' inside file 'C:\Users\icaro\Documents\Projetos\Indg\Trader\bin\Debug\net6.0\fine-code-coverage\build-output\xunit.runner.visualstudio.dotnetcore.testadapter.dll'
TpTrace Verbose: 0 : 3412, 4, 2022/10/26, 22:11:59.581, 101973891029, testhost.dll, TestPluginCache: Discovered the extensions using extension path ''.
TpTrace Verbose: 0 : 3412, 4, 2022/10/26, 22:11:59.581, 101973893854, testhost.dll, TestPluginCache: Discoverers are ''.
TpTrace Verbose: 0 : 3412, 4, 2022/10/26, 22:11:59.581, 101973894252, testhost.dll, TestPluginCache: Executors are 'executor://xunit/VsTestRunner2/netcoreapp'.
TpTrace Verbose: 0 : 3412, 4, 2022/10/26, 22:11:59.582, 101973894576, testhost.dll, TestPluginCache: Executors2 are ''.
TpTrace Verbose: 0 : 3412, 4, 2022/10/26, 22:11:59.582, 101973894893, testhost.dll, TestPluginCache: Setting providers are ''.
TpTrace Verbose: 0 : 3412, 4, 2022/10/26, 22:11:59.582, 101973895243, testhost.dll, TestPluginCache: Loggers are ''.
TpTrace Verbose: 0 : 3412, 4, 2022/10/26, 22:11:59.582, 101973895594, testhost.dll, TestPluginCache: TestHosts are ''.
TpTrace Verbose: 0 : 3412, 4, 2022/10/26, 22:11:59.582, 101973895888, testhost.dll, TestPluginCache: DataCollectors are ''.
TpTrace Verbose: 0 : 3412, 4, 2022/10/26, 22:11:59.583, 101973911527, testhost.dll, TestPluginCache.DiscoverTestExtensions: finding test extensions in assemblies ends with: TestAdapter.dll TPluginInfo: Microsoft.VisualStudio.TestPlatform.Common.ExtensionFramework.Utilities.TestExecutorPluginInformation2 TExtension: Microsoft.VisualStudio.TestPlatform.ObjectModel.Adapter.ITestExecutor2
TpTrace Verbose: 0 : 3412, 4, 2022/10/26, 22:11:59.583, 101973913291, testhost.dll, TestPluginCache.GetExtensionPaths: Filtered extension paths: 
TpTrace Verbose: 0 : 3412, 4, 2022/10/26, 22:11:59.583, 101973913625, testhost.dll, TestPluginCache.GetExtensionPaths: Added default extension paths: C:\Users\icaro\Documents\Projetos\Indg\Trader\bin\Debug\net6.0\fine-code-coverage\build-output\xunit.runner.visualstudio.dotnetcore.testadapter.dll
TpTrace Verbose: 0 : 3412, 4, 2022/10/26, 22:11:59.583, 101973913782, testhost.dll, TestPluginCache.GetExtensionPaths: Added unfilterableExtensionPaths: 
TpTrace Information: 0 : 3412, 4, 2022/10/26, 22:11:59.584, 101973914697, testhost.dll, AssemblyResolver.AddSearchDirectories: Adding more searchDirectories C:\Users\icaro\Documents\Projetos\Indg\Trader\bin\Debug\net6.0\fine-code-coverage\build-output
TpTrace Verbose: 0 : 3412, 4, 2022/10/26, 22:11:59.584, 101973914994, testhost.dll, TestPluginCache.DiscoverTestExtensions: Discovering the extensions using extension path.
TpTrace Verbose: 0 : 3412, 4, 2022/10/26, 22:11:59.584, 101973915152, testhost.dll, TestPluginCache.GetExtensionPaths: Filtered extension paths: 
TpTrace Verbose: 0 : 3412, 4, 2022/10/26, 22:11:59.584, 101973915281, testhost.dll, TestPluginCache.GetExtensionPaths: Added default extension paths: C:\Users\icaro\Documents\Projetos\Indg\Trader\bin\Debug\net6.0\fine-code-coverage\build-output\xunit.runner.visualstudio.dotnetcore.testadapter.dll
TpTrace Verbose: 0 : 3412, 4, 2022/10/26, 22:11:59.584, 101973915410, testhost.dll, TestPluginCache.GetExtensionPaths: Added unfilterableExtensionPaths: 
TpTrace Verbose: 0 : 3412, 4, 2022/10/26, 22:11:59.584, 101973915547, testhost.dll, TestPluginCache.DiscoverTestExtensions: Discovering the extensions using allExtensionPaths: C:\Users\icaro\Documents\Projetos\Indg\Trader\bin\Debug\net6.0\fine-code-coverage\build-output\xunit.runner.visualstudio.dotnetcore.testadapter.dll
TpTrace Information: 0 : 3412, 4, 2022/10/26, 22:11:59.584, 101973915774, testhost.dll, AssemblyResolver.AddSearchDirectories: Adding more searchDirectories C:\Users\icaro\Documents\Projetos\Indg\Trader\bin\Debug\net6.0\fine-code-coverage\build-output
TpTrace Verbose: 0 : 3412, 4, 2022/10/26, 22:11:59.584, 101973916114, testhost.dll, MetadataReaderExtensionsHelper: Discovering extensions inside assembly 'xunit.runner.visualstudio.dotnetcore.testadapter, Version=2.4.0.0, Culture=neutral, PublicKeyToken=8d05b1bb7a6fdb6c' file path 'C:\Users\icaro\Documents\Projetos\Indg\Trader\bin\Debug\net6.0\fine-code-coverage\build-output\xunit.runner.visualstudio.dotnetcore.testadapter.dll'
TpTrace Verbose: 0 : 3412, 4, 2022/10/26, 22:11:59.584, 101973918887, testhost.dll, TestPluginCache: Discovered the extensions using extension path ''.
TpTrace Verbose: 0 : 3412, 4, 2022/10/26, 22:11:59.584, 101973919183, testhost.dll, TestPluginCache: Discoverers are ''.
TpTrace Verbose: 0 : 3412, 4, 2022/10/26, 22:11:59.584, 101973919368, testhost.dll, TestPluginCache: Executors are 'executor://xunit/VsTestRunner2/netcoreapp'.
TpTrace Verbose: 0 : 3412, 4, 2022/10/26, 22:11:59.584, 101973919659, testhost.dll, TestPluginCache: Executors2 are ''.
TpTrace Verbose: 0 : 3412, 4, 2022/10/26, 22:11:59.584, 101973919842, testhost.dll, TestPluginCache: Setting providers are ''.
TpTrace Verbose: 0 : 3412, 4, 2022/10/26, 22:11:59.584, 101973919966, testhost.dll, TestPluginCache: Loggers are ''.
TpTrace Verbose: 0 : 3412, 4, 2022/10/26, 22:11:59.584, 101973920084, testhost.dll, TestPluginCache: TestHosts are ''.
TpTrace Verbose: 0 : 3412, 4, 2022/10/26, 22:11:59.584, 101973920201, testhost.dll, TestPluginCache: DataCollectors are ''.
TpTrace Information: 0 : 3412, 4, 2022/10/26, 22:11:59.587, 101973951338, testhost.dll, TestPluginManager.CreateTestExtension: Attempting to load test extension: Xunit.Runner.VisualStudio.VsTestRunner
TpTrace Verbose: 0 : 3412, 4, 2022/10/26, 22:11:59.587, 101973952816, testhost.dll, TestExecutorExtensionManager: Loading executor Xunit.Runner.VisualStudio.VsTestRunner
TpTrace Verbose: 0 : 3412, 4, 2022/10/26, 22:11:59.587, 101973953091, testhost.dll, TestExecutorService: Loaded the executors
TpTrace Verbose: 0 : 3412, 4, 2022/10/26, 22:11:59.588, 101973959399, testhost.dll, TestPluginCache.DiscoverTestExtensions: finding test extensions in assemblies ends with: TestAdapter.dll TPluginInfo: Microsoft.VisualStudio.TestPlatform.Common.ExtensionFramework.Utilities.TestSettingsProviderPluginInformation TExtension: Microsoft.VisualStudio.TestPlatform.ObjectModel.Adapter.ISettingsProvider
TpTrace Verbose: 0 : 3412, 4, 2022/10/26, 22:11:59.588, 101973959929, testhost.dll, TestPluginCache.GetExtensionPaths: Filtered extension paths: 
TpTrace Verbose: 0 : 3412, 4, 2022/10/26, 22:11:59.588, 101973960146, testhost.dll, TestPluginCache.GetExtensionPaths: Added default extension paths: C:\Users\icaro\Documents\Projetos\Indg\Trader\bin\Debug\net6.0\fine-code-coverage\build-output\xunit.runner.visualstudio.dotnetcore.testadapter.dll
TpTrace Verbose: 0 : 3412, 4, 2022/10/26, 22:11:59.588, 101973960289, testhost.dll, TestPluginCache.GetExtensionPaths: Added unfilterableExtensionPaths: 
TpTrace Information: 0 : 3412, 4, 2022/10/26, 22:11:59.588, 101973961197, testhost.dll, AssemblyResolver.AddSearchDirectories: Adding more searchDirectories C:\Users\icaro\Documents\Projetos\Indg\Trader\bin\Debug\net6.0\fine-code-coverage\build-output
TpTrace Verbose: 0 : 3412, 4, 2022/10/26, 22:11:59.588, 101973961413, testhost.dll, TestPluginCache.DiscoverTestExtensions: Discovering the extensions using extension path.
TpTrace Verbose: 0 : 3412, 4, 2022/10/26, 22:11:59.588, 101973961566, testhost.dll, TestPluginCache.GetExtensionPaths: Filtered extension paths: 
TpTrace Verbose: 0 : 3412, 4, 2022/10/26, 22:11:59.588, 101973961724, testhost.dll, TestPluginCache.GetExtensionPaths: Added default extension paths: C:\Users\icaro\Documents\Projetos\Indg\Trader\bin\Debug\net6.0\fine-code-coverage\build-output\xunit.runner.visualstudio.dotnetcore.testadapter.dll
TpTrace Verbose: 0 : 3412, 4, 2022/10/26, 22:11:59.588, 101973961877, testhost.dll, TestPluginCache.GetExtensionPaths: Added unfilterableExtensionPaths: 
TpTrace Verbose: 0 : 3412, 4, 2022/10/26, 22:11:59.588, 101973962040, testhost.dll, TestPluginCache.DiscoverTestExtensions: Discovering the extensions using allExtensionPaths: C:\Users\icaro\Documents\Projetos\Indg\Trader\bin\Debug\net6.0\fine-code-coverage\build-output\xunit.runner.visualstudio.dotnetcore.testadapter.dll
TpTrace Information: 0 : 3412, 4, 2022/10/26, 22:11:59.588, 101973962238, testhost.dll, AssemblyResolver.AddSearchDirectories: Adding more searchDirectories C:\Users\icaro\Documents\Projetos\Indg\Trader\bin\Debug\net6.0\fine-code-coverage\build-output
TpTrace Verbose: 0 : 3412, 4, 2022/10/26, 22:11:59.588, 101973962626, testhost.dll, MetadataReaderExtensionsHelper: Discovering extensions inside assembly 'xunit.runner.visualstudio.dotnetcore.testadapter, Version=2.4.0.0, Culture=neutral, PublicKeyToken=8d05b1bb7a6fdb6c' file path 'C:\Users\icaro\Documents\Projetos\Indg\Trader\bin\Debug\net6.0\fine-code-coverage\build-output\xunit.runner.visualstudio.dotnetcore.testadapter.dll'
TpTrace Verbose: 0 : 3412, 4, 2022/10/26, 22:11:59.589, 101973965506, testhost.dll, TestPluginCache: Discovered the extensions using extension path ''.
TpTrace Verbose: 0 : 3412, 4, 2022/10/26, 22:11:59.589, 101973965798, testhost.dll, TestPluginCache: Discoverers are ''.
TpTrace Verbose: 0 : 3412, 4, 2022/10/26, 22:11:59.589, 101973965952, testhost.dll, TestPluginCache: Executors are 'executor://xunit/VsTestRunner2/netcoreapp'.
TpTrace Verbose: 0 : 3412, 4, 2022/10/26, 22:11:59.589, 101973966084, testhost.dll, TestPluginCache: Executors2 are ''.
TpTrace Verbose: 0 : 3412, 4, 2022/10/26, 22:11:59.589, 101973966288, testhost.dll, TestPluginCache: Setting providers are ''.
TpTrace Verbose: 0 : 3412, 4, 2022/10/26, 22:11:59.589, 101973966444, testhost.dll, TestPluginCache: Loggers are ''.
TpTrace Verbose: 0 : 3412, 4, 2022/10/26, 22:11:59.589, 101973966582, testhost.dll, TestPluginCache: TestHosts are ''.
TpTrace Verbose: 0 : 3412, 4, 2022/10/26, 22:11:59.589, 101973966702, testhost.dll, TestPluginCache: DataCollectors are ''.
TpTrace Verbose: 0 : 3412, 4, 2022/10/26, 22:11:59.589, 101973972215, testhost.dll, TestExecutorService: Loaded the settings providers
TpTrace Information: 0 : 3412, 4, 2022/10/26, 22:11:59.589, 101973972511, testhost.dll, TestExecutorService: Loaded the extensions
TpTrace Information: 0 : 3412, 4, 2022/10/26, 22:11:59.590, 101973975356, testhost.dll, TestRequestHandler.OnMessageReceived: Running job 'TestExecution.StartWithSources'.
TpTrace Verbose: 0 : 3412, 4, 2022/10/26, 22:11:59.632, 101974399951, testhost.dll, MulticastDelegateUtilities.SafeInvoke: TestCaseEventsHandler.RaiseSessionStart: Invoking callbacks was skipped because there are no subscribers.
TpTrace Information: 0 : 3412, 4, 2022/10/26, 22:11:59.635, 101974427721, testhost.dll, TestDiscoveryManager: Discovering tests from sources C:\Users\icaro\Documents\Projetos\Indg\Trader\bin\Debug\net6.0\fine-code-coverage\build-output\Trader.Api.dll
TpTrace Verbose: 0 : 3412, 4, 2022/10/26, 22:11:59.637, 101974445264, testhost.dll, TestPluginCache.DiscoverTestExtensions: finding test extensions in assemblies ends with: TestAdapter.dll TPluginInfo: Microsoft.VisualStudio.TestPlatform.Common.ExtensionFramework.Utilities.TestDiscovererPluginInformation TExtension: Microsoft.VisualStudio.TestPlatform.ObjectModel.Adapter.ITestDiscoverer
TpTrace Verbose: 0 : 3412, 4, 2022/10/26, 22:11:59.637, 101974445900, testhost.dll, TestPluginCache.GetExtensionPaths: Filtered extension paths: 
TpTrace Verbose: 0 : 3412, 4, 2022/10/26, 22:11:59.637, 101974446132, testhost.dll, TestPluginCache.GetExtensionPaths: Added default extension paths: C:\Users\icaro\Documents\Projetos\Indg\Trader\bin\Debug\net6.0\fine-code-coverage\build-output\xunit.runner.visualstudio.dotnetcore.testadapter.dll
TpTrace Verbose: 0 : 3412, 4, 2022/10/26, 22:11:59.637, 101974446313, testhost.dll, TestPluginCache.GetExtensionPaths: Added unfilterableExtensionPaths: 
TpTrace Information: 0 : 3412, 4, 2022/10/26, 22:11:59.637, 101974446983, testhost.dll, AssemblyResolver.AddSearchDirectories: Adding more searchDirectories C:\Users\icaro\Documents\Projetos\Indg\Trader\bin\Debug\net6.0\fine-code-coverage\build-output
TpTrace Verbose: 0 : 3412, 4, 2022/10/26, 22:11:59.637, 101974447210, testhost.dll, TestPluginCache.DiscoverTestExtensions: Discovering the extensions using extension path.
TpTrace Verbose: 0 : 3412, 4, 2022/10/26, 22:11:59.637, 101974447395, testhost.dll, TestPluginCache.GetExtensionPaths: Filtered extension paths: 
TpTrace Verbose: 0 : 3412, 4, 2022/10/26, 22:11:59.637, 101974447525, testhost.dll, TestPluginCache.GetExtensionPaths: Added default extension paths: C:\Users\icaro\Documents\Projetos\Indg\Trader\bin\Debug\net6.0\fine-code-coverage\build-output\xunit.runner.visualstudio.dotnetcore.testadapter.dll
TpTrace Verbose: 0 : 3412, 4, 2022/10/26, 22:11:59.637, 101974447652, testhost.dll, TestPluginCache.GetExtensionPaths: Added unfilterableExtensionPaths: 
TpTrace Verbose: 0 : 3412, 4, 2022/10/26, 22:11:59.637, 101974447790, testhost.dll, TestPluginCache.DiscoverTestExtensions: Discovering the extensions using allExtensionPaths: C:\Users\icaro\Documents\Projetos\Indg\Trader\bin\Debug\net6.0\fine-code-coverage\build-output\xunit.runner.visualstudio.dotnetcore.testadapter.dll
TpTrace Information: 0 : 3412, 4, 2022/10/26, 22:11:59.637, 101974448021, testhost.dll, AssemblyResolver.AddSearchDirectories: Adding more searchDirectories C:\Users\icaro\Documents\Projetos\Indg\Trader\bin\Debug\net6.0\fine-code-coverage\build-output
TpTrace Verbose: 0 : 3412, 4, 2022/10/26, 22:11:59.637, 101974448448, testhost.dll, MetadataReaderExtensionsHelper: Discovering extensions inside assembly 'xunit.runner.visualstudio.dotnetcore.testadapter, Version=2.4.0.0, Culture=neutral, PublicKeyToken=8d05b1bb7a6fdb6c' file path 'C:\Users\icaro\Documents\Projetos\Indg\Trader\bin\Debug\net6.0\fine-code-coverage\build-output\xunit.runner.visualstudio.dotnetcore.testadapter.dll'
TpTrace Information: 0 : 3412, 4, 2022/10/26, 22:11:59.638, 101974462385, testhost.dll, GetTestExtensionFromType: Register extension with identifier data 'Xunit.Runner.VisualStudio.VsTestRunner, xunit.runner.visualstudio.dotnetcore.testadapter, Version=2.4.0.0, Culture=neutral, PublicKeyToken=8d05b1bb7a6fdb6c' and type 'Xunit.Runner.VisualStudio.VsTestRunner, xunit.runner.visualstudio.dotnetcore.testadapter, Version=2.4.0.0, Culture=neutral, PublicKeyToken=8d05b1bb7a6fdb6c' inside file 'C:\Users\icaro\Documents\Projetos\Indg\Trader\bin\Debug\net6.0\fine-code-coverage\build-output\xunit.runner.visualstudio.dotnetcore.testadapter.dll'
TpTrace Verbose: 0 : 3412, 4, 2022/10/26, 22:11:59.638, 101974463283, testhost.dll, TestPluginCache: Discovered the extensions using extension path ''.
TpTrace Verbose: 0 : 3412, 4, 2022/10/26, 22:11:59.638, 101974463600, testhost.dll, TestPluginCache: Discoverers are 'Xunit.Runner.VisualStudio.VsTestRunner, xunit.runner.visualstudio.dotnetcore.testadapter, Version=2.4.0.0, Culture=neutral, PublicKeyToken=8d05b1bb7a6fdb6c'.
TpTrace Verbose: 0 : 3412, 4, 2022/10/26, 22:11:59.638, 101974463768, testhost.dll, TestPluginCache: Executors are 'executor://xunit/VsTestRunner2/netcoreapp'.
TpTrace Verbose: 0 : 3412, 4, 2022/10/26, 22:11:59.638, 101974463904, testhost.dll, TestPluginCache: Executors2 are ''.
TpTrace Verbose: 0 : 3412, 4, 2022/10/26, 22:11:59.638, 101974464030, testhost.dll, TestPluginCache: Setting providers are ''.
TpTrace Verbose: 0 : 3412, 4, 2022/10/26, 22:11:59.638, 101974464205, testhost.dll, TestPluginCache: Loggers are ''.
TpTrace Verbose: 0 : 3412, 4, 2022/10/26, 22:11:59.638, 101974464328, testhost.dll, TestPluginCache: TestHosts are ''.
TpTrace Verbose: 0 : 3412, 4, 2022/10/26, 22:11:59.639, 101974464447, testhost.dll, TestPluginCache: DataCollectors are ''.
TpTrace Information: 0 : 3412, 4, 2022/10/26, 22:11:59.641, 101974484558, testhost.dll, PEReaderHelper.GetAssemblyType: Determined assemblyType:'Managed' for source: 'C:\Users\icaro\Documents\Projetos\Indg\Trader\bin\Debug\net6.0\fine-code-coverage\build-output\Trader.Api.dll'
TpTrace Verbose: 0 : 3412, 4, 2022/10/26, 22:11:59.644, 101974518987, testhost.dll, BaseRunTests.RunTestInternalWithExecutors: Running tests for executor://xunit/VsTestRunner2/netcoreapp
TpTrace Information: 0 : 3412, 4, 2022/10/26, 22:11:59.648, 101974554507, testhost.dll, [xUnit.net 00:00:00.00] xUnit.net VSTest Adapter v2.4.5+1caef2f33e (64-bit .NET 6.0.10)
TpTrace Verbose: 0 : 3412, 4, 2022/10/26, 22:11:59.648, 101974555117, testhost.dll, TestRequestHandler.SendData: sending data from testhost: {"Version":7,"MessageType":"TestSession.Message","Payload":{"MessageLevel":0,"Message":"[xUnit.net 00:00:00.00] xUnit.net VSTest Adapter v2.4.5+1caef2f33e (64-bit .NET 6.0.10)"}}
TpTrace Verbose: 0 : 3412, 4, 2022/10/26, 22:11:59.648, 101974555824, testhost.dll, MulticastDelegateUtilities.SafeInvoke: TestRunMessageLoggerProxy.SendMessage: Invoking callback 1/1 for Microsoft.VisualStudio.TestPlatform.CrossPlatEngine.Execution.RunTestsWithSources.OnTestRunMessage, took 0 ms.
TpTrace Verbose: 0 : 3412, 9, 2022/10/26, 22:12:00.580, 101983879155, testhost.dll, TcpClientExtensions.MessageLoopAsync: Polling on remoteEndPoint: [::ffff:127.0.0.1]:56739 localEndPoint: [::ffff:127.0.0.1]:56740
TpTrace Information: 0 : 3412, 4, 2022/10/26, 22:12:00.654, 101984615816, testhost.dll, AssemblyResolver.OnResolve: Core: Resolving assembly.
TpTrace Information: 0 : 3412, 4, 2022/10/26, 22:12:00.654, 101984616645, testhost.dll, AssemblyResolver.OnResolve: Core: Searching in: 'C:\Users\icaro\Documents\Projetos\Indg\Trader\bin\Debug\net6.0\fine-code-coverage\build-output'.
TpTrace Information: 0 : 3412, 4, 2022/10/26, 22:12:00.654, 101984618004, testhost.dll, AssemblyResolver.OnResolve: Core: Loading assembly 'C:\Users\icaro\Documents\Projetos\Indg\Trader\bin\Debug\net6.0\fine-code-coverage\build-output\Core.dll'.
TpTrace Information: 0 : 3412, 4, 2022/10/26, 22:12:00.654, 101984620496, testhost.dll, AssemblyResolver.OnResolve: Resolved assembly: Core, from path: C:\Users\icaro\Documents\Projetos\Indg\Trader\bin\Debug\net6.0\fine-code-coverage\build-output\Core.dll
TpTrace Information: 0 : 3412, 4, 2022/10/26, 22:12:00.661, 101984684863, testhost.dll, AssemblyResolver.OnResolve: xunit.runner.reporters.netcoreapp10: Resolving assembly.
TpTrace Information: 0 : 3412, 4, 2022/10/26, 22:12:00.661, 101984685308, testhost.dll, AssemblyResolver.OnResolve: xunit.runner.reporters.netcoreapp10: Searching in: 'C:\Users\icaro\Documents\Projetos\Indg\Trader\bin\Debug\net6.0\fine-code-coverage\build-output'.
TpTrace Information: 0 : 3412, 4, 2022/10/26, 22:12:00.661, 101984686766, testhost.dll, AssemblyResolver.OnResolve: xunit.runner.reporters.netcoreapp10: Loading assembly 'C:\Users\icaro\Documents\Projetos\Indg\Trader\bin\Debug\net6.0\fine-code-coverage\build-output\xunit.runner.reporters.netcoreapp10.dll'.
TpTrace Information: 0 : 3412, 4, 2022/10/26, 22:12:00.661, 101984689724, testhost.dll, AssemblyResolver.OnResolve: Resolved assembly: xunit.runner.reporters.netcoreapp10, from path: C:\Users\icaro\Documents\Projetos\Indg\Trader\bin\Debug\net6.0\fine-code-coverage\build-output\xunit.runner.reporters.netcoreapp10.dll
TpTrace Information: 0 : 3412, 4, 2022/10/26, 22:12:00.730, 101985377926, testhost.dll, [xUnit.net 00:00:01.08]   Discovering: Trader.Api
TpTrace Verbose: 0 : 3412, 4, 2022/10/26, 22:12:00.730, 101985379207, testhost.dll, TestRequestHandler.SendData: sending data from testhost: {"Version":7,"MessageType":"TestSession.Message","Payload":{"MessageLevel":0,"Message":"[xUnit.net 00:00:01.08]   Discovering: Trader.Api"}}
TpTrace Verbose: 0 : 3412, 4, 2022/10/26, 22:12:00.730, 101985379904, testhost.dll, MulticastDelegateUtilities.SafeInvoke: TestRunMessageLoggerProxy.SendMessage: Invoking callback 1/1 for Microsoft.VisualStudio.TestPlatform.CrossPlatEngine.Execution.RunTestsWithSources.OnTestRunMessage, took 0 ms.
TpTrace Information: 0 : 3412, 4, 2022/10/26, 22:12:00.768, 101985760345, testhost.dll, [xUnit.net 00:00:01.12]   Discovered:  Trader.Api
TpTrace Verbose: 0 : 3412, 4, 2022/10/26, 22:12:00.768, 101985761418, testhost.dll, TestRequestHandler.SendData: sending data from testhost: {"Version":7,"MessageType":"TestSession.Message","Payload":{"MessageLevel":0,"Message":"[xUnit.net 00:00:01.12]   Discovered:  Trader.Api"}}
TpTrace Verbose: 0 : 3412, 4, 2022/10/26, 22:12:00.768, 101985762102, testhost.dll, MulticastDelegateUtilities.SafeInvoke: TestRunMessageLoggerProxy.SendMessage: Invoking callback 1/1 for Microsoft.VisualStudio.TestPlatform.CrossPlatEngine.Execution.RunTestsWithSources.OnTestRunMessage, took 0 ms.
TpTrace Information: 0 : 3412, 4, 2022/10/26, 22:12:00.770, 101985774409, testhost.dll, [xUnit.net 00:00:01.12]   Starting:    Trader.Api
TpTrace Verbose: 0 : 3412, 4, 2022/10/26, 22:12:00.770, 101985774907, testhost.dll, TestRequestHandler.SendData: sending data from testhost: {"Version":7,"MessageType":"TestSession.Message","Payload":{"MessageLevel":0,"Message":"[xUnit.net 00:00:01.12]   Starting:    Trader.Api"}}
TpTrace Verbose: 0 : 3412, 4, 2022/10/26, 22:12:00.770, 101985775300, testhost.dll, MulticastDelegateUtilities.SafeInvoke: TestRunMessageLoggerProxy.SendMessage: Invoking callback 1/1 for Microsoft.VisualStudio.TestPlatform.CrossPlatEngine.Execution.RunTestsWithSources.OnTestRunMessage, took 0 ms.
TpTrace Verbose: 0 : 3412, 16, 2022/10/26, 22:12:00.798, 101986054619, testhost.dll, TestExecutionRecorder.RecordStart: Starting test: Trader.Api.UnitTests.PersonTests.ShouldGetPersonById.
TpTrace Verbose: 0 : 3412, 16, 2022/10/26, 22:12:00.815, 101986226409, testhost.dll, MulticastDelegateUtilities.SafeInvoke: TestCaseEventsHandler.RaiseTestCaseStart: Invoking callback 1/1 for Microsoft.VisualStudio.TestPlatform.CrossPlatEngine.DataCollection.ProxyOutOfProcDataCollectionManager.TriggerTestCaseStart, took 16 ms.
TpTrace Verbose: 0 : 3412, 16, 2022/10/26, 22:12:00.815, 101986227735, testhost.dll, TestExecutionRecorder.RecordStart: Starting test: Trader.Api.UnitTests.ItemTests.ShouldGetAll.
TpTrace Verbose: 0 : 3412, 16, 2022/10/26, 22:12:00.815, 101986233082, testhost.dll, MulticastDelegateUtilities.SafeInvoke: TestCaseEventsHandler.RaiseTestCaseStart: Invoking callback 1/1 for Microsoft.VisualStudio.TestPlatform.CrossPlatEngine.DataCollection.ProxyOutOfProcDataCollectionManager.TriggerTestCaseStart, took 0 ms.
TpTrace Verbose: 0 : 3412, 16, 2022/10/26, 22:12:00.860, 101986683135, testhost.dll, TestExecutionRecorder.RecordResult: Received result for test: Trader.Api.UnitTests.ItemTests.ShouldGetAll.
TpTrace Verbose: 0 : 3412, 16, 2022/10/26, 22:12:00.868, 101986756389, testhost.dll, MulticastDelegateUtilities.SafeInvoke: TestCaseEventsHandler.RaiseTestCaseEnd: Invoking callback 1/1 for Microsoft.VisualStudio.TestPlatform.CrossPlatEngine.DataCollection.ProxyOutOfProcDataCollectionManager.TriggerTestCaseEnd, took 7 ms.
TpTrace Verbose: 0 : 3412, 16, 2022/10/26, 22:12:00.869, 101986771419, testhost.dll, MulticastDelegateUtilities.SafeInvoke: TestCaseEventsHandler.RaiseTestCaseEnd: Invoking callback 1/1 for Microsoft.VisualStudio.TestPlatform.CrossPlatEngine.DataCollection.ProxyOutOfProcDataCollectionManager.TriggerSendTestResult, took 0 ms.
TpTrace Verbose: 0 : 3412, 16, 2022/10/26, 22:12:00.871, 101986790377, testhost.dll, TestExecutionRecorder.RecordResult: Received result for test: Trader.Api.UnitTests.PersonTests.ShouldGetPersonById.
TpTrace Verbose: 0 : 3412, 16, 2022/10/26, 22:12:00.872, 101986795815, testhost.dll, MulticastDelegateUtilities.SafeInvoke: TestCaseEventsHandler.RaiseTestCaseEnd: Invoking callback 1/1 for Microsoft.VisualStudio.TestPlatform.CrossPlatEngine.DataCollection.ProxyOutOfProcDataCollectionManager.TriggerTestCaseEnd, took 0 ms.
TpTrace Verbose: 0 : 3412, 16, 2022/10/26, 22:12:00.872, 101986796299, testhost.dll, MulticastDelegateUtilities.SafeInvoke: TestCaseEventsHandler.RaiseTestCaseEnd: Invoking callback 1/1 for Microsoft.VisualStudio.TestPlatform.CrossPlatEngine.DataCollection.ProxyOutOfProcDataCollectionManager.TriggerSendTestResult, took 0 ms.
TpTrace Verbose: 0 : 3412, 16, 2022/10/26, 22:12:00.872, 101986799476, testhost.dll, TestExecutionRecorder.RecordEnd: test: Trader.Api.UnitTests.ItemTests.ShouldGetAll execution completed.
TpTrace Warning: 0 : 3412, 16, 2022/10/26, 22:12:00.872, 101986800187, testhost.dll, TestRunCache: InProgressTests is null
TpTrace Verbose: 0 : 3412, 16, 2022/10/26, 22:12:00.872, 101986800843, testhost.dll, TestExecutionRecorder.RecordEnd: test: Trader.Api.UnitTests.PersonTests.ShouldGetPersonById execution completed.
TpTrace Warning: 0 : 3412, 16, 2022/10/26, 22:12:00.872, 101986801036, testhost.dll, TestRunCache: InProgressTests is null
TpTrace Verbose: 0 : 3412, 16, 2022/10/26, 22:12:00.872, 101986801434, testhost.dll, TestExecutionRecorder.RecordStart: Starting test: Trader.Api.UnitTests.PersonTests.ShouldDeletePerson.
TpTrace Verbose: 0 : 3412, 16, 2022/10/26, 22:12:00.873, 101986805786, testhost.dll, MulticastDelegateUtilities.SafeInvoke: TestCaseEventsHandler.RaiseTestCaseStart: Invoking callback 1/1 for Microsoft.VisualStudio.TestPlatform.CrossPlatEngine.DataCollection.ProxyOutOfProcDataCollectionManager.TriggerTestCaseStart, took 0 ms.
TpTrace Verbose: 0 : 3412, 16, 2022/10/26, 22:12:00.873, 101986806183, testhost.dll, TestExecutionRecorder.RecordStart: Starting test: Trader.Api.UnitTests.ItemTests.ShouldUpdateItem.
TpTrace Verbose: 0 : 3412, 16, 2022/10/26, 22:12:00.873, 101986810485, testhost.dll, MulticastDelegateUtilities.SafeInvoke: TestCaseEventsHandler.RaiseTestCaseStart: Invoking callback 1/1 for Microsoft.VisualStudio.TestPlatform.CrossPlatEngine.DataCollection.ProxyOutOfProcDataCollectionManager.TriggerTestCaseStart, took 0 ms.
TpTrace Verbose: 0 : 3412, 16, 2022/10/26, 22:12:00.873, 101986810993, testhost.dll, TestExecutionRecorder.RecordResult: Received result for test: Trader.Api.UnitTests.ItemTests.ShouldUpdateItem.
TpTrace Verbose: 0 : 3412, 16, 2022/10/26, 22:12:00.874, 101986816212, testhost.dll, MulticastDelegateUtilities.SafeInvoke: TestCaseEventsHandler.RaiseTestCaseEnd: Invoking callback 1/1 for Microsoft.VisualStudio.TestPlatform.CrossPlatEngine.DataCollection.ProxyOutOfProcDataCollectionManager.TriggerTestCaseEnd, took 0 ms.
TpTrace Verbose: 0 : 3412, 16, 2022/10/26, 22:12:00.874, 101986816768, testhost.dll, MulticastDelegateUtilities.SafeInvoke: TestCaseEventsHandler.RaiseTestCaseEnd: Invoking callback 1/1 for Microsoft.VisualStudio.TestPlatform.CrossPlatEngine.DataCollection.ProxyOutOfProcDataCollectionManager.TriggerSendTestResult, took 0 ms.
TpTrace Verbose: 0 : 3412, 16, 2022/10/26, 22:12:00.874, 101986817175, testhost.dll, TestExecutionRecorder.RecordResult: Received result for test: Trader.Api.UnitTests.PersonTests.ShouldDeletePerson.
TpTrace Verbose: 0 : 3412, 16, 2022/10/26, 22:12:00.874, 101986821977, testhost.dll, MulticastDelegateUtilities.SafeInvoke: TestCaseEventsHandler.RaiseTestCaseEnd: Invoking callback 1/1 for Microsoft.VisualStudio.TestPlatform.CrossPlatEngine.DataCollection.ProxyOutOfProcDataCollectionManager.TriggerTestCaseEnd, took 0 ms.
TpTrace Verbose: 0 : 3412, 16, 2022/10/26, 22:12:00.874, 101986822357, testhost.dll, MulticastDelegateUtilities.SafeInvoke: TestCaseEventsHandler.RaiseTestCaseEnd: Invoking callback 1/1 for Microsoft.VisualStudio.TestPlatform.CrossPlatEngine.DataCollection.ProxyOutOfProcDataCollectionManager.TriggerSendTestResult, took 0 ms.
TpTrace Verbose: 0 : 3412, 16, 2022/10/26, 22:12:00.874, 101986822702, testhost.dll, TestExecutionRecorder.RecordEnd: test: Trader.Api.UnitTests.ItemTests.ShouldUpdateItem execution completed.
TpTrace Warning: 0 : 3412, 16, 2022/10/26, 22:12:00.874, 101986822861, testhost.dll, TestRunCache: InProgressTests is null
TpTrace Verbose: 0 : 3412, 16, 2022/10/26, 22:12:00.874, 101986823033, testhost.dll, TestExecutionRecorder.RecordEnd: test: Trader.Api.UnitTests.PersonTests.ShouldDeletePerson execution completed.
TpTrace Warning: 0 : 3412, 16, 2022/10/26, 22:12:00.874, 101986823169, testhost.dll, TestRunCache: InProgressTests is null
TpTrace Verbose: 0 : 3412, 16, 2022/10/26, 22:12:00.874, 101986823397, testhost.dll, TestExecutionRecorder.RecordStart: Starting test: Trader.Api.UnitTests.PersonTests.ShouldGetAll.
TpTrace Verbose: 0 : 3412, 16, 2022/10/26, 22:12:00.875, 101986827533, testhost.dll, MulticastDelegateUtilities.SafeInvoke: TestCaseEventsHandler.RaiseTestCaseStart: Invoking callback 1/1 for Microsoft.VisualStudio.TestPlatform.CrossPlatEngine.DataCollection.ProxyOutOfProcDataCollectionManager.TriggerTestCaseStart, took 0 ms.
TpTrace Verbose: 0 : 3412, 16, 2022/10/26, 22:12:00.875, 101986827998, testhost.dll, TestExecutionRecorder.RecordStart: Starting test: Trader.Api.UnitTests.ItemTests.ShouldInativateItens.
TpTrace Verbose: 0 : 3412, 16, 2022/10/26, 22:12:00.875, 101986832202, testhost.dll, MulticastDelegateUtilities.SafeInvoke: TestCaseEventsHandler.RaiseTestCaseStart: Invoking callback 1/1 for Microsoft.VisualStudio.TestPlatform.CrossPlatEngine.DataCollection.ProxyOutOfProcDataCollectionManager.TriggerTestCaseStart, took 0 ms.
TpTrace Verbose: 0 : 3412, 16, 2022/10/26, 22:12:00.875, 101986832998, testhost.dll, TestExecutionRecorder.RecordResult: Received result for test: Trader.Api.UnitTests.PersonTests.ShouldGetAll.
TpTrace Verbose: 0 : 3412, 16, 2022/10/26, 22:12:00.876, 101986837668, testhost.dll, MulticastDelegateUtilities.SafeInvoke: TestCaseEventsHandler.RaiseTestCaseEnd: Invoking callback 1/1 for Microsoft.VisualStudio.TestPlatform.CrossPlatEngine.DataCollection.ProxyOutOfProcDataCollectionManager.TriggerTestCaseEnd, took 0 ms.
TpTrace Verbose: 0 : 3412, 16, 2022/10/26, 22:12:00.876, 101986838075, testhost.dll, MulticastDelegateUtilities.SafeInvoke: TestCaseEventsHandler.RaiseTestCaseEnd: Invoking callback 1/1 for Microsoft.VisualStudio.TestPlatform.CrossPlatEngine.DataCollection.ProxyOutOfProcDataCollectionManager.TriggerSendTestResult, took 0 ms.
TpTrace Verbose: 0 : 3412, 16, 2022/10/26, 22:12:00.876, 101986838406, testhost.dll, TestExecutionRecorder.RecordEnd: test: Trader.Api.UnitTests.PersonTests.ShouldGetAll execution completed.
TpTrace Verbose: 0 : 3412, 16, 2022/10/26, 22:12:00.876, 101986839493, testhost.dll, TestExecutionRecorder.RecordStart: Starting test: Trader.Api.UnitTests.PersonTests.ShouldNotUpdatePersonNameAlreadyExists.
TpTrace Verbose: 0 : 3412, 16, 2022/10/26, 22:12:00.876, 101986843549, testhost.dll, MulticastDelegateUtilities.SafeInvoke: TestCaseEventsHandler.RaiseTestCaseStart: Invoking callback 1/1 for Microsoft.VisualStudio.TestPlatform.CrossPlatEngine.DataCollection.ProxyOutOfProcDataCollectionManager.TriggerTestCaseStart, took 0 ms.
TpTrace Verbose: 0 : 3412, 16, 2022/10/26, 22:12:00.876, 101986844073, testhost.dll, TestExecutionRecorder.RecordResult: Received result for test: Trader.Api.UnitTests.ItemTests.ShouldInativateItens.
TpTrace Verbose: 0 : 3412, 16, 2022/10/26, 22:12:00.877, 101986848474, testhost.dll, MulticastDelegateUtilities.SafeInvoke: TestCaseEventsHandler.RaiseTestCaseEnd: Invoking callback 1/1 for Microsoft.VisualStudio.TestPlatform.CrossPlatEngine.DataCollection.ProxyOutOfProcDataCollectionManager.TriggerTestCaseEnd, took 0 ms.
TpTrace Verbose: 0 : 3412, 16, 2022/10/26, 22:12:00.877, 101986848873, testhost.dll, MulticastDelegateUtilities.SafeInvoke: TestCaseEventsHandler.RaiseTestCaseEnd: Invoking callback 1/1 for Microsoft.VisualStudio.TestPlatform.CrossPlatEngine.DataCollection.ProxyOutOfProcDataCollectionManager.TriggerSendTestResult, took 0 ms.
TpTrace Verbose: 0 : 3412, 16, 2022/10/26, 22:12:00.877, 101986849200, testhost.dll, TestExecutionRecorder.RecordEnd: test: Trader.Api.UnitTests.ItemTests.ShouldInativateItens execution completed.
TpTrace Verbose: 0 : 3412, 16, 2022/10/26, 22:12:00.877, 101986849444, testhost.dll, TestExecutionRecorder.RecordStart: Starting test: Trader.Api.UnitTests.ItemTests.ShouldNotUpdateItemAlreadyExists.
TpTrace Verbose: 0 : 3412, 16, 2022/10/26, 22:12:00.877, 101986853638, testhost.dll, MulticastDelegateUtilities.SafeInvoke: TestCaseEventsHandler.RaiseTestCaseStart: Invoking callback 1/1 for Microsoft.VisualStudio.TestPlatform.CrossPlatEngine.DataCollection.ProxyOutOfProcDataCollectionManager.TriggerTestCaseStart, took 0 ms.
TpTrace Verbose: 0 : 3412, 16, 2022/10/26, 22:12:00.878, 101986858254, testhost.dll, TestExecutionRecorder.RecordResult: Received result for test: Trader.Api.UnitTests.ItemTests.ShouldNotUpdateItemAlreadyExists.
TpTrace Verbose: 0 : 3412, 16, 2022/10/26, 22:12:00.878, 101986863005, testhost.dll, MulticastDelegateUtilities.SafeInvoke: TestCaseEventsHandler.RaiseTestCaseEnd: Invoking callback 1/1 for Microsoft.VisualStudio.TestPlatform.CrossPlatEngine.DataCollection.ProxyOutOfProcDataCollectionManager.TriggerTestCaseEnd, took 0 ms.
TpTrace Verbose: 0 : 3412, 16, 2022/10/26, 22:12:00.878, 101986863396, testhost.dll, MulticastDelegateUtilities.SafeInvoke: TestCaseEventsHandler.RaiseTestCaseEnd: Invoking callback 1/1 for Microsoft.VisualStudio.TestPlatform.CrossPlatEngine.DataCollection.ProxyOutOfProcDataCollectionManager.TriggerSendTestResult, took 0 ms.
TpTrace Verbose: 0 : 3412, 16, 2022/10/26, 22:12:00.878, 101986863738, testhost.dll, TestExecutionRecorder.RecordResult: Received result for test: Trader.Api.UnitTests.PersonTests.ShouldNotUpdatePersonNameAlreadyExists.
TpTrace Verbose: 0 : 3412, 16, 2022/10/26, 22:12:00.879, 101986867889, testhost.dll, MulticastDelegateUtilities.SafeInvoke: TestCaseEventsHandler.RaiseTestCaseEnd: Invoking callback 1/1 for Microsoft.VisualStudio.TestPlatform.CrossPlatEngine.DataCollection.ProxyOutOfProcDataCollectionManager.TriggerTestCaseEnd, took 0 ms.
TpTrace Verbose: 0 : 3412, 16, 2022/10/26, 22:12:00.879, 101986868299, testhost.dll, MulticastDelegateUtilities.SafeInvoke: TestCaseEventsHandler.RaiseTestCaseEnd: Invoking callback 1/1 for Microsoft.VisualStudio.TestPlatform.CrossPlatEngine.DataCollection.ProxyOutOfProcDataCollectionManager.TriggerSendTestResult, took 0 ms.
TpTrace Verbose: 0 : 3412, 16, 2022/10/26, 22:12:00.879, 101986868595, testhost.dll, TestExecutionRecorder.RecordEnd: test: Trader.Api.UnitTests.PersonTests.ShouldNotUpdatePersonNameAlreadyExists execution completed.
TpTrace Warning: 0 : 3412, 16, 2022/10/26, 22:12:00.879, 101986868771, testhost.dll, TestRunCache: InProgressTests is null
TpTrace Verbose: 0 : 3412, 16, 2022/10/26, 22:12:00.879, 101986868963, testhost.dll, TestExecutionRecorder.RecordEnd: test: Trader.Api.UnitTests.ItemTests.ShouldNotUpdateItemAlreadyExists execution completed.
TpTrace Warning: 0 : 3412, 16, 2022/10/26, 22:12:00.879, 101986869108, testhost.dll, TestRunCache: InProgressTests is null
TpTrace Verbose: 0 : 3412, 16, 2022/10/26, 22:12:00.879, 101986869370, testhost.dll, TestExecutionRecorder.RecordStart: Starting test: Trader.Api.UnitTests.ItemTests.ShouldDeleteItem.
TpTrace Verbose: 0 : 3412, 16, 2022/10/26, 22:12:00.879, 101986873770, testhost.dll, MulticastDelegateUtilities.SafeInvoke: TestCaseEventsHandler.RaiseTestCaseStart: Invoking callback 1/1 for Microsoft.VisualStudio.TestPlatform.CrossPlatEngine.DataCollection.ProxyOutOfProcDataCollectionManager.TriggerTestCaseStart, took 0 ms.
TpTrace Verbose: 0 : 3412, 16, 2022/10/26, 22:12:00.879, 101986874139, testhost.dll, TestExecutionRecorder.RecordStart: Starting test: Trader.Api.UnitTests.PersonTests.ShouldInsertPerson.
TpTrace Information: 0 : 3412, 16, 2022/10/26, 22:12:00.881, 101986886783, testhost.dll, Sending test run statistics
TpTrace Verbose: 0 : 3412, 16, 2022/10/26, 22:12:00.896, 101987044056, testhost.dll, TestRequestHandler.SendData: sending data from testhost: {"Version":7,"MessageType":"TestExecution.StatsChange","Payload":{"NewTestResults":[{"TestCase":{"Id":"4b39d05c-9341-9317-f8b6-5fdf46579d49","FullyQualifiedName":"Trader.Api.UnitTests.ItemTests.ShouldGetAll","DisplayName":"Trader.Api.UnitTests.ItemTests.ShouldGetAll","ExecutorUri":"executor://xunit/VsTestRunner2/netcoreapp","Source":"C:\\Users\\icaro\\Documents\\Projetos\\Indg\\Trader\\bin\\Debug\\net6.0\\fine-code-coverage\\build-output\\Trader.Api.dll","CodeFilePath":null,"LineNumber":0,"Properties":[]},"Attachments":[],"Outcome":1,"ErrorMessage":null,"ErrorStackTrace":null,"DisplayName":"Trader.Api.UnitTests.ItemTests.ShouldGetAll","Messages":[],"ComputerName":"ICAROCARVALHO","Duration":"00:00:00.0537650","StartTime":"2022-10-27T01:12:00.8606314+00:00","EndTime":"2022-10-27T01:12:00.8606464+00:00","Properties":[]},{"TestCase":{"Id":"d531989f-2d18-3438-7512-83256678e189","FullyQualifiedName":"Trader.Api.UnitTests.PersonTests.ShouldGetPersonById","DisplayName":"Trader.Api.UnitTests.PersonTests.ShouldGetPersonById","ExecutorUri":"executor://xunit/VsTestRunner2/netcoreapp","Source":"C:\\Users\\icaro\\Documents\\Projetos\\Indg\\Trader\\bin\\Debug\\net6.0\\fine-code-coverage\\build-output\\Trader.Api.dll","CodeFilePath":null,"LineNumber":0,"Properties":[]},"Attachments":[],"Outcome":1,"ErrorMessage":null,"ErrorStackTrace":null,"DisplayName":"Trader.Api.UnitTests.PersonTests.ShouldGetPersonById","Messages":[],"ComputerName":"ICAROCARVALHO","Duration":"00:00:00.0530258","StartTime":"2022-10-27T01:12:00.8715912+00:00","EndTime":"2022-10-27T01:12:00.8715913+00:00","Properties":[]},{"TestCase":{"Id":"58cd12ad-117f-ffef-2ad8-20d28a0e00db","FullyQualifiedName":"Trader.Api.UnitTests.ItemTests.ShouldUpdateItem","DisplayName":"Trader.Api.UnitTests.ItemTests.ShouldUpdateItem","ExecutorUri":"executor://xunit/VsTestRunner2/netcoreapp","Source":"C:\\Users\\icaro\\Documents\\Projetos\\Indg\\Trader\\bin\\Debug\\net6.0\\fine-code-coverage\\build-output\\Trader.Api.dll","CodeFilePath":null,"LineNumber":0,"Properties":[]},"Attachments":[],"Outcome":1,"ErrorMessage":null,"ErrorStackTrace":null,"DisplayName":"Trader.Api.UnitTests.ItemTests.ShouldUpdateItem","Messages":[],"ComputerName":"ICAROCARVALHO","Duration":"00:00:00.0066114","StartTime":"2022-10-27T01:12:00.8736613+00:00","EndTime":"2022-10-27T01:12:00.8736613+00:00","Properties":[]},{"TestCase":{"Id":"d20e8e6f-130c-0c46-8d32-6d55fe3ba93a","FullyQualifiedName":"Trader.Api.UnitTests.PersonTests.ShouldDeletePerson","DisplayName":"Trader.Api.UnitTests.PersonTests.ShouldDeletePerson","ExecutorUri":"executor://xunit/VsTestRunner2/netcoreapp","Source":"C:\\Users\\icaro\\Documents\\Projetos\\Indg\\Trader\\bin\\Debug\\net6.0\\fine-code-coverage\\build-output\\Trader.Api.dll","CodeFilePath":null,"LineNumber":0,"Properties":[]},"Attachments":[],"Outcome":1,"ErrorMessage":null,"ErrorStackTrace":null,"DisplayName":"Trader.Api.UnitTests.PersonTests.ShouldDeletePerson","Messages":[],"ComputerName":"ICAROCARVALHO","Duration":"00:00:00.0065916","StartTime":"2022-10-27T01:12:00.8742787+00:00","EndTime":"2022-10-27T01:12:00.8742788+00:00","Properties":[]},{"TestCase":{"Id":"b4e8b10a-b18f-8ef4-2d2d-5f3cbe0c5aba","FullyQualifiedName":"Trader.Api.UnitTests.PersonTests.ShouldGetAll","DisplayName":"Trader.Api.UnitTests.PersonTests.ShouldGetAll","ExecutorUri":"executor://xunit/VsTestRunner2/netcoreapp","Source":"C:\\Users\\icaro\\Documents\\Projetos\\Indg\\Trader\\bin\\Debug\\net6.0\\fine-code-coverage\\build-output\\Trader.Api.dll","CodeFilePath":null,"LineNumber":0,"Properties":[]},"Attachments":[],"Outcome":1,"ErrorMessage":null,"ErrorStackTrace":null,"DisplayName":"Trader.Api.UnitTests.PersonTests.ShouldGetAll","Messages":[],"ComputerName":"ICAROCARVALHO","Duration":"00:00:00.0009657","StartTime":"2022-10-27T01:12:00.8758604+00:00","EndTime":"2022-10-27T01:12:00.8758604+00:00","Properties":[]},{"TestCase":{"Id":"29873739-1656-a110-6513-04c1e2ba7f56","FullyQualifiedName":"Trader.Api.UnitTests.ItemTests.ShouldInativateItens","DisplayName":"Trader.Api.UnitTests.ItemTests.ShouldInativateItens","ExecutorUri":"executor://xunit/VsTestRunner2/netcoreapp","Source":"C:\\Users\\icaro\\Documents\\Projetos\\Indg\\Trader\\bin\\Debug\\net6.0\\fine-code-coverage\\build-output\\Trader.Api.dll","CodeFilePath":null,"LineNumber":0,"Properties":[]},"Attachments":[],"Outcome":1,"ErrorMessage":null,"ErrorStackTrace":null,"DisplayName":"Trader.Api.UnitTests.ItemTests.ShouldInativateItens","Messages":[],"ComputerName":"ICAROCARVALHO","Duration":"00:00:00.0011878","StartTime":"2022-10-27T01:12:00.8769694+00:00","EndTime":"2022-10-27T01:12:00.8769694+00:00","Properties":[]},{"TestCase":{"Id":"42e06b69-9770-9c1e-eaf2-bd45dfac8b86","FullyQualifiedName":"Trader.Api.UnitTests.ItemTests.ShouldNotUpdateItemAlreadyExists","DisplayName":"Trader.Api.UnitTests.ItemTests.ShouldNotUpdateItemAlreadyExists","ExecutorUri":"executor://xunit/VsTestRunner2/netcoreapp","Source":"C:\\Users\\icaro\\Documents\\Projetos\\Indg\\Trader\\bin\\Debug\\net6.0\\fine-code-coverage\\build-output\\Trader.Api.dll","CodeFilePath":null,"LineNumber":0,"Properties":[]},"Attachments":[],"Outcome":1,"ErrorMessage":null,"ErrorStackTrace":null,"DisplayName":"Trader.Api.UnitTests.ItemTests.ShouldNotUpdateItemAlreadyExists","Messages":[],"ComputerName":"ICAROCARVALHO","Duration":"00:00:00.0101606","StartTime":"2022-10-27T01:12:00.8783859+00:00","EndTime":"2022-10-27T01:12:00.8783859+00:00","Properties":[]},{"TestCase":{"Id":"cee9b1ba-9867-55d6-a2e9-fdf330699f5b","FullyQualifiedName":"Trader.Api.UnitTests.PersonTests.ShouldNotUpdatePersonNameAlreadyExists","DisplayName":"Trader.Api.UnitTests.PersonTests.ShouldNotUpdatePersonNameAlreadyExists(PersonId: 1, Name: \"Marcos\")","ExecutorUri":"executor://xunit/VsTestRunner2/netcoreapp","Source":"C:\\Users\\icaro\\Documents\\Projetos\\Indg\\Trader\\bin\\Debug\\net6.0\\fine-code-coverage\\build-output\\Trader.Api.dll","CodeFilePath":null,"LineNumber":0,"Properties":[]},"Attachments":[],"Outcome":1,"ErrorMessage":null,"ErrorStackTrace":null,"DisplayName":"Trader.Api.UnitTests.PersonTests.ShouldNotUpdatePersonNameAlreadyExists(PersonId: 1, Name: \"Marcos\")","Messages":[],"ComputerName":"ICAROCARVALHO","Duration":"00:00:00.0103733","StartTime":"2022-10-27T01:12:00.8789366+00:00","EndTime":"2022-10-27T01:12:00.8789367+00:00","Properties":[]}],"TestRunStatistics":{"ExecutedTests":8,"Stats":{"Passed":8}},"ActiveTests":[{"Id":"485a2e86-1106-f427-5a4f-46fb5a3293a5","FullyQualifiedName":"Trader.Api.UnitTests.ItemTests.ShouldDeleteItem","DisplayName":"Trader.Api.UnitTests.ItemTests.ShouldDeleteItem","ExecutorUri":"executor://xunit/VsTestRunner2/netcoreapp","Source":"C:\\Users\\icaro\\Documents\\Projetos\\Indg\\Trader\\bin\\Debug\\net6.0\\fine-code-coverage\\build-output\\Trader.Api.dll","CodeFilePath":null,"LineNumber":0,"Properties":[]},{"Id":"bf4adaef-80ef-1107-b15d-8d260dae19cb","FullyQualifiedName":"Trader.Api.UnitTests.PersonTests.ShouldInsertPerson","DisplayName":"Trader.Api.UnitTests.PersonTests.ShouldInsertPerson","ExecutorUri":"executor://xunit/VsTestRunner2/netcoreapp","Source":"C:\\Users\\icaro\\Documents\\Projetos\\Indg\\Trader\\bin\\Debug\\net6.0\\fine-code-coverage\\build-output\\Trader.Api.dll","CodeFilePath":null,"LineNumber":0,"Properties":[]}]}}
TpTrace Verbose: 0 : 3412, 16, 2022/10/26, 22:12:00.897, 101987045724, testhost.dll, TestRunCache: OnNewTestResult: Notified the onCacheHit callback.
TpTrace Verbose: 0 : 3412, 16, 2022/10/26, 22:12:00.897, 101987052126, testhost.dll, MulticastDelegateUtilities.SafeInvoke: TestCaseEventsHandler.RaiseTestCaseStart: Invoking callback 1/1 for Microsoft.VisualStudio.TestPlatform.CrossPlatEngine.DataCollection.ProxyOutOfProcDataCollectionManager.TriggerTestCaseStart, took 0 ms.
TpTrace Verbose: 0 : 3412, 16, 2022/10/26, 22:12:00.897, 101987052809, testhost.dll, TestExecutionRecorder.RecordResult: Received result for test: Trader.Api.UnitTests.ItemTests.ShouldDeleteItem.
TpTrace Verbose: 0 : 3412, 16, 2022/10/26, 22:12:00.898, 101987057795, testhost.dll, MulticastDelegateUtilities.SafeInvoke: TestCaseEventsHandler.RaiseTestCaseEnd: Invoking callback 1/1 for Microsoft.VisualStudio.TestPlatform.CrossPlatEngine.DataCollection.ProxyOutOfProcDataCollectionManager.TriggerTestCaseEnd, took 0 ms.
TpTrace Verbose: 0 : 3412, 16, 2022/10/26, 22:12:00.898, 101987058272, testhost.dll, MulticastDelegateUtilities.SafeInvoke: TestCaseEventsHandler.RaiseTestCaseEnd: Invoking callback 1/1 for Microsoft.VisualStudio.TestPlatform.CrossPlatEngine.DataCollection.ProxyOutOfProcDataCollectionManager.TriggerSendTestResult, took 0 ms.
TpTrace Warning: 0 : 3412, 16, 2022/10/26, 22:12:00.898, 101987058500, testhost.dll, TestRunCache: InProgressTests is null
TpTrace Warning: 0 : 3412, 16, 2022/10/26, 22:12:00.898, 101987059251, testhost.dll, TestRunCache: No test found corresponding to testResult 'Trader.Api.UnitTests.ItemTests.ShouldDeleteItem' in inProgress list.
TpTrace Verbose: 0 : 3412, 16, 2022/10/26, 22:12:00.898, 101987059628, testhost.dll, TestExecutionRecorder.RecordEnd: test: Trader.Api.UnitTests.ItemTests.ShouldDeleteItem execution completed.
TpTrace Warning: 0 : 3412, 16, 2022/10/26, 22:12:00.898, 101987059792, testhost.dll, TestRunCache: InProgressTests is null
TpTrace Verbose: 0 : 3412, 16, 2022/10/26, 22:12:00.898, 101987060054, testhost.dll, TestExecutionRecorder.RecordStart: Starting test: Trader.Api.UnitTests.ItemTests.ShouldNotFound.
TpTrace Verbose: 0 : 3412, 16, 2022/10/26, 22:12:00.898, 101987064144, testhost.dll, MulticastDelegateUtilities.SafeInvoke: TestCaseEventsHandler.RaiseTestCaseStart: Invoking callback 1/1 for Microsoft.VisualStudio.TestPlatform.CrossPlatEngine.DataCollection.ProxyOutOfProcDataCollectionManager.TriggerTestCaseStart, took 0 ms.
TpTrace Verbose: 0 : 3412, 16, 2022/10/26, 22:12:00.899, 101987064635, testhost.dll, TestExecutionRecorder.RecordResult: Received result for test: Trader.Api.UnitTests.ItemTests.ShouldNotFound.
TpTrace Verbose: 0 : 3412, 16, 2022/10/26, 22:12:00.899, 101987068757, testhost.dll, MulticastDelegateUtilities.SafeInvoke: TestCaseEventsHandler.RaiseTestCaseEnd: Invoking callback 1/1 for Microsoft.VisualStudio.TestPlatform.CrossPlatEngine.DataCollection.ProxyOutOfProcDataCollectionManager.TriggerTestCaseEnd, took 0 ms.
TpTrace Verbose: 0 : 3412, 16, 2022/10/26, 22:12:00.899, 101987069207, testhost.dll, MulticastDelegateUtilities.SafeInvoke: TestCaseEventsHandler.RaiseTestCaseEnd: Invoking callback 1/1 for Microsoft.VisualStudio.TestPlatform.CrossPlatEngine.DataCollection.ProxyOutOfProcDataCollectionManager.TriggerSendTestResult, took 0 ms.
TpTrace Verbose: 0 : 3412, 16, 2022/10/26, 22:12:00.899, 101987069485, testhost.dll, TestExecutionRecorder.RecordEnd: test: Trader.Api.UnitTests.ItemTests.ShouldNotFound execution completed.
TpTrace Warning: 0 : 3412, 16, 2022/10/26, 22:12:00.899, 101987069661, testhost.dll, TestRunCache: InProgressTests is null
TpTrace Verbose: 0 : 3412, 16, 2022/10/26, 22:12:00.899, 101987069893, testhost.dll, TestExecutionRecorder.RecordStart: Starting test: Trader.Api.UnitTests.ItemTests.ShouldChangeOwnerItem.
TpTrace Verbose: 0 : 3412, 16, 2022/10/26, 22:12:00.899, 101987074151, testhost.dll, MulticastDelegateUtilities.SafeInvoke: TestCaseEventsHandler.RaiseTestCaseStart: Invoking callback 1/1 for Microsoft.VisualStudio.TestPlatform.CrossPlatEngine.DataCollection.ProxyOutOfProcDataCollectionManager.TriggerTestCaseStart, took 0 ms.
TpTrace Verbose: 0 : 3412, 16, 2022/10/26, 22:12:00.900, 101987074608, testhost.dll, TestExecutionRecorder.RecordResult: Received result for test: Trader.Api.UnitTests.PersonTests.ShouldInsertPerson.
TpTrace Verbose: 0 : 3412, 16, 2022/10/26, 22:12:00.900, 101987078751, testhost.dll, MulticastDelegateUtilities.SafeInvoke: TestCaseEventsHandler.RaiseTestCaseEnd: Invoking callback 1/1 for Microsoft.VisualStudio.TestPlatform.CrossPlatEngine.DataCollection.ProxyOutOfProcDataCollectionManager.TriggerTestCaseEnd, took 0 ms.
TpTrace Verbose: 0 : 3412, 16, 2022/10/26, 22:12:00.900, 101987079133, testhost.dll, MulticastDelegateUtilities.SafeInvoke: TestCaseEventsHandler.RaiseTestCaseEnd: Invoking callback 1/1 for Microsoft.VisualStudio.TestPlatform.CrossPlatEngine.DataCollection.ProxyOutOfProcDataCollectionManager.TriggerSendTestResult, took 0 ms.
TpTrace Warning: 0 : 3412, 16, 2022/10/26, 22:12:00.900, 101987079330, testhost.dll, TestRunCache: No test found corresponding to testResult 'Trader.Api.UnitTests.PersonTests.ShouldInsertPerson' in inProgress list.
TpTrace Verbose: 0 : 3412, 16, 2022/10/26, 22:12:00.900, 101987079610, testhost.dll, TestExecutionRecorder.RecordEnd: test: Trader.Api.UnitTests.PersonTests.ShouldInsertPerson execution completed.
TpTrace Verbose: 0 : 3412, 16, 2022/10/26, 22:12:00.900, 101987079843, testhost.dll, TestExecutionRecorder.RecordStart: Starting test: Trader.Api.UnitTests.PersonTests.ShouldNotInsertPersonWithSameName.
TpTrace Verbose: 0 : 3412, 16, 2022/10/26, 22:12:00.900, 101987083617, testhost.dll, MulticastDelegateUtilities.SafeInvoke: TestCaseEventsHandler.RaiseTestCaseStart: Invoking callback 1/1 for Microsoft.VisualStudio.TestPlatform.CrossPlatEngine.DataCollection.ProxyOutOfProcDataCollectionManager.TriggerTestCaseStart, took 0 ms.
TpTrace Verbose: 0 : 3412, 16, 2022/10/26, 22:12:00.900, 101987084079, testhost.dll, TestExecutionRecorder.RecordResult: Received result for test: Trader.Api.UnitTests.ItemTests.ShouldChangeOwnerItem.
TpTrace Verbose: 0 : 3412, 16, 2022/10/26, 22:12:00.901, 101987088123, testhost.dll, MulticastDelegateUtilities.SafeInvoke: TestCaseEventsHandler.RaiseTestCaseEnd: Invoking callback 1/1 for Microsoft.VisualStudio.TestPlatform.CrossPlatEngine.DataCollection.ProxyOutOfProcDataCollectionManager.TriggerTestCaseEnd, took 0 ms.
TpTrace Verbose: 0 : 3412, 16, 2022/10/26, 22:12:00.901, 101987088509, testhost.dll, MulticastDelegateUtilities.SafeInvoke: TestCaseEventsHandler.RaiseTestCaseEnd: Invoking callback 1/1 for Microsoft.VisualStudio.TestPlatform.CrossPlatEngine.DataCollection.ProxyOutOfProcDataCollectionManager.TriggerSendTestResult, took 0 ms.
TpTrace Verbose: 0 : 3412, 16, 2022/10/26, 22:12:00.901, 101987088808, testhost.dll, TestExecutionRecorder.RecordEnd: test: Trader.Api.UnitTests.ItemTests.ShouldChangeOwnerItem execution completed.
TpTrace Verbose: 0 : 3412, 16, 2022/10/26, 22:12:00.901, 101987089054, testhost.dll, TestExecutionRecorder.RecordResult: Received result for test: Trader.Api.UnitTests.PersonTests.ShouldNotInsertPersonWithSameName.
TpTrace Verbose: 0 : 3412, 16, 2022/10/26, 22:12:00.901, 101987093132, testhost.dll, MulticastDelegateUtilities.SafeInvoke: TestCaseEventsHandler.RaiseTestCaseEnd: Invoking callback 1/1 for Microsoft.VisualStudio.TestPlatform.CrossPlatEngine.DataCollection.ProxyOutOfProcDataCollectionManager.TriggerTestCaseEnd, took 0 ms.
TpTrace Verbose: 0 : 3412, 16, 2022/10/26, 22:12:00.901, 101987093856, testhost.dll, MulticastDelegateUtilities.SafeInvoke: TestCaseEventsHandler.RaiseTestCaseEnd: Invoking callback 1/1 for Microsoft.VisualStudio.TestPlatform.CrossPlatEngine.DataCollection.ProxyOutOfProcDataCollectionManager.TriggerSendTestResult, took 0 ms.
TpTrace Verbose: 0 : 3412, 16, 2022/10/26, 22:12:00.901, 101987094212, testhost.dll, TestExecutionRecorder.RecordEnd: test: Trader.Api.UnitTests.PersonTests.ShouldNotInsertPersonWithSameName execution completed.
TpTrace Warning: 0 : 3412, 16, 2022/10/26, 22:12:00.902, 101987094379, testhost.dll, TestRunCache: InProgressTests is null
TpTrace Verbose: 0 : 3412, 16, 2022/10/26, 22:12:00.902, 101987094646, testhost.dll, TestExecutionRecorder.RecordStart: Starting test: Trader.Api.UnitTests.ItemTests.ShouldNotInserItemInactivePerson.
TpTrace Verbose: 0 : 3412, 16, 2022/10/26, 22:12:00.902, 101987098798, testhost.dll, MulticastDelegateUtilities.SafeInvoke: TestCaseEventsHandler.RaiseTestCaseStart: Invoking callback 1/1 for Microsoft.VisualStudio.TestPlatform.CrossPlatEngine.DataCollection.ProxyOutOfProcDataCollectionManager.TriggerTestCaseStart, took 0 ms.
TpTrace Verbose: 0 : 3412, 16, 2022/10/26, 22:12:00.902, 101987099158, testhost.dll, TestExecutionRecorder.RecordStart: Starting test: Trader.Api.UnitTests.PersonTests.ShouldNotFindUser.
TpTrace Verbose: 0 : 3412, 16, 2022/10/26, 22:12:00.902, 101987102965, testhost.dll, MulticastDelegateUtilities.SafeInvoke: TestCaseEventsHandler.RaiseTestCaseStart: Invoking callback 1/1 for Microsoft.VisualStudio.TestPlatform.CrossPlatEngine.DataCollection.ProxyOutOfProcDataCollectionManager.TriggerTestCaseStart, took 0 ms.
TpTrace Verbose: 0 : 3412, 16, 2022/10/26, 22:12:00.902, 101987103457, testhost.dll, TestExecutionRecorder.RecordResult: Received result for test: Trader.Api.UnitTests.PersonTests.ShouldNotFindUser.
TpTrace Verbose: 0 : 3412, 16, 2022/10/26, 22:12:00.903, 101987107377, testhost.dll, MulticastDelegateUtilities.SafeInvoke: TestCaseEventsHandler.RaiseTestCaseEnd: Invoking callback 1/1 for Microsoft.VisualStudio.TestPlatform.CrossPlatEngine.DataCollection.ProxyOutOfProcDataCollectionManager.TriggerTestCaseEnd, took 0 ms.
TpTrace Verbose: 0 : 3412, 16, 2022/10/26, 22:12:00.903, 101987107755, testhost.dll, MulticastDelegateUtilities.SafeInvoke: TestCaseEventsHandler.RaiseTestCaseEnd: Invoking callback 1/1 for Microsoft.VisualStudio.TestPlatform.CrossPlatEngine.DataCollection.ProxyOutOfProcDataCollectionManager.TriggerSendTestResult, took 0 ms.
TpTrace Verbose: 0 : 3412, 16, 2022/10/26, 22:12:00.903, 101987108080, testhost.dll, TestExecutionRecorder.RecordEnd: test: Trader.Api.UnitTests.PersonTests.ShouldNotFindUser execution completed.
TpTrace Verbose: 0 : 3412, 16, 2022/10/26, 22:12:00.903, 101987108314, testhost.dll, TestExecutionRecorder.RecordStart: Starting test: Trader.Api.UnitTests.PersonTests.ShouldUpdatePerson.
TpTrace Verbose: 0 : 3412, 16, 2022/10/26, 22:12:00.903, 101987112504, testhost.dll, MulticastDelegateUtilities.SafeInvoke: TestCaseEventsHandler.RaiseTestCaseStart: Invoking callback 1/1 for Microsoft.VisualStudio.TestPlatform.CrossPlatEngine.DataCollection.ProxyOutOfProcDataCollectionManager.TriggerTestCaseStart, took 0 ms.
TpTrace Verbose: 0 : 3412, 16, 2022/10/26, 22:12:00.903, 101987113244, testhost.dll, TestExecutionRecorder.RecordResult: Received result for test: Trader.Api.UnitTests.PersonTests.ShouldUpdatePerson.
TpTrace Verbose: 0 : 3412, 16, 2022/10/26, 22:12:00.904, 101987117687, testhost.dll, MulticastDelegateUtilities.SafeInvoke: TestCaseEventsHandler.RaiseTestCaseEnd: Invoking callback 1/1 for Microsoft.VisualStudio.TestPlatform.CrossPlatEngine.DataCollection.ProxyOutOfProcDataCollectionManager.TriggerTestCaseEnd, took 0 ms.
TpTrace Verbose: 0 : 3412, 16, 2022/10/26, 22:12:00.904, 101987118134, testhost.dll, MulticastDelegateUtilities.SafeInvoke: TestCaseEventsHandler.RaiseTestCaseEnd: Invoking callback 1/1 for Microsoft.VisualStudio.TestPlatform.CrossPlatEngine.DataCollection.ProxyOutOfProcDataCollectionManager.TriggerSendTestResult, took 0 ms.
TpTrace Verbose: 0 : 3412, 16, 2022/10/26, 22:12:00.904, 101987118679, testhost.dll, TestExecutionRecorder.RecordEnd: test: Trader.Api.UnitTests.PersonTests.ShouldUpdatePerson execution completed.
TpTrace Verbose: 0 : 3412, 16, 2022/10/26, 22:12:00.904, 101987118998, testhost.dll, TestExecutionRecorder.RecordResult: Received result for test: Trader.Api.UnitTests.ItemTests.ShouldNotInserItemInactivePerson.
TpTrace Verbose: 0 : 3412, 16, 2022/10/26, 22:12:00.904, 101987123835, testhost.dll, MulticastDelegateUtilities.SafeInvoke: TestCaseEventsHandler.RaiseTestCaseEnd: Invoking callback 1/1 for Microsoft.VisualStudio.TestPlatform.CrossPlatEngine.DataCollection.ProxyOutOfProcDataCollectionManager.TriggerTestCaseEnd, took 0 ms.
TpTrace Verbose: 0 : 3412, 16, 2022/10/26, 22:12:00.904, 101987124246, testhost.dll, MulticastDelegateUtilities.SafeInvoke: TestCaseEventsHandler.RaiseTestCaseEnd: Invoking callback 1/1 for Microsoft.VisualStudio.TestPlatform.CrossPlatEngine.DataCollection.ProxyOutOfProcDataCollectionManager.TriggerSendTestResult, took 0 ms.
TpTrace Verbose: 0 : 3412, 16, 2022/10/26, 22:12:00.905, 101987124541, testhost.dll, TestExecutionRecorder.RecordEnd: test: Trader.Api.UnitTests.ItemTests.ShouldNotInserItemInactivePerson execution completed.
TpTrace Warning: 0 : 3412, 16, 2022/10/26, 22:12:00.905, 101987124703, testhost.dll, TestRunCache: InProgressTests is null
TpTrace Verbose: 0 : 3412, 16, 2022/10/26, 22:12:00.905, 101987125065, testhost.dll, TestExecutionRecorder.RecordStart: Starting test: Trader.Api.UnitTests.ItemTests.ShouldInserItem.
TpTrace Verbose: 0 : 3412, 16, 2022/10/26, 22:12:00.905, 101987129399, testhost.dll, MulticastDelegateUtilities.SafeInvoke: TestCaseEventsHandler.RaiseTestCaseStart: Invoking callback 1/1 for Microsoft.VisualStudio.TestPlatform.CrossPlatEngine.DataCollection.ProxyOutOfProcDataCollectionManager.TriggerTestCaseStart, took 0 ms.
TpTrace Verbose: 0 : 3412, 16, 2022/10/26, 22:12:00.905, 101987130035, testhost.dll, TestExecutionRecorder.RecordResult: Received result for test: Trader.Api.UnitTests.ItemTests.ShouldInserItem.
TpTrace Verbose: 0 : 3412, 16, 2022/10/26, 22:12:00.906, 101987134767, testhost.dll, MulticastDelegateUtilities.SafeInvoke: TestCaseEventsHandler.RaiseTestCaseEnd: Invoking callback 1/1 for Microsoft.VisualStudio.TestPlatform.CrossPlatEngine.DataCollection.ProxyOutOfProcDataCollectionManager.TriggerTestCaseEnd, took 0 ms.
TpTrace Verbose: 0 : 3412, 16, 2022/10/26, 22:12:00.906, 101987135162, testhost.dll, MulticastDelegateUtilities.SafeInvoke: TestCaseEventsHandler.RaiseTestCaseEnd: Invoking callback 1/1 for Microsoft.VisualStudio.TestPlatform.CrossPlatEngine.DataCollection.ProxyOutOfProcDataCollectionManager.TriggerSendTestResult, took 0 ms.
TpTrace Verbose: 0 : 3412, 16, 2022/10/26, 22:12:00.906, 101987135475, testhost.dll, TestExecutionRecorder.RecordEnd: test: Trader.Api.UnitTests.ItemTests.ShouldInserItem execution completed.
TpTrace Warning: 0 : 3412, 16, 2022/10/26, 22:12:00.906, 101987135638, testhost.dll, TestRunCache: InProgressTests is null
TpTrace Verbose: 0 : 3412, 16, 2022/10/26, 22:12:00.906, 101987135850, testhost.dll, TestExecutionRecorder.RecordStart: Starting test: Trader.Api.UnitTests.ItemTests.ShouldNotChangeOwnerItemChanceItemName.
TpTrace Information: 0 : 3412, 16, 2022/10/26, 22:12:00.906, 101987136321, testhost.dll, Sending test run statistics
TpTrace Verbose: 0 : 3412, 16, 2022/10/26, 22:12:00.907, 101987145010, testhost.dll, TestRequestHandler.SendData: sending data from testhost: {"Version":7,"MessageType":"TestExecution.StatsChange","Payload":{"NewTestResults":[{"TestCase":{"Id":"485a2e86-1106-f427-5a4f-46fb5a3293a5","FullyQualifiedName":"Trader.Api.UnitTests.ItemTests.ShouldDeleteItem","DisplayName":"Trader.Api.UnitTests.ItemTests.ShouldDeleteItem","ExecutorUri":"executor://xunit/VsTestRunner2/netcoreapp","Source":"C:\\Users\\icaro\\Documents\\Projetos\\Indg\\Trader\\bin\\Debug\\net6.0\\fine-code-coverage\\build-output\\Trader.Api.dll","CodeFilePath":null,"LineNumber":0,"Properties":[]},"Attachments":[],"Outcome":1,"ErrorMessage":null,"ErrorStackTrace":null,"DisplayName":"Trader.Api.UnitTests.ItemTests.ShouldDeleteItem","Messages":[],"ComputerName":"ICAROCARVALHO","Duration":"00:00:00.0008668","StartTime":"2022-10-27T01:12:00.8978414+00:00","EndTime":"2022-10-27T01:12:00.8978414+00:00","Properties":[]},{"TestCase":{"Id":"6ae10191-6a44-c5eb-25bc-509a3325e101","FullyQualifiedName":"Trader.Api.UnitTests.ItemTests.ShouldNotFound","DisplayName":"Trader.Api.UnitTests.ItemTests.ShouldNotFound","ExecutorUri":"executor://xunit/VsTestRunner2/netcoreapp","Source":"C:\\Users\\icaro\\Documents\\Projetos\\Indg\\Trader\\bin\\Debug\\net6.0\\fine-code-coverage\\build-output\\Trader.Api.dll","CodeFilePath":null,"LineNumber":0,"Properties":[]},"Attachments":[],"Outcome":1,"ErrorMessage":null,"ErrorStackTrace":null,"DisplayName":"Trader.Api.UnitTests.ItemTests.ShouldNotFound","Messages":[],"ComputerName":"ICAROCARVALHO","Duration":"00:00:00.0011173","StartTime":"2022-10-27T01:12:00.8990254+00:00","EndTime":"2022-10-27T01:12:00.8990255+00:00","Properties":[]},{"TestCase":{"Id":"bf4adaef-80ef-1107-b15d-8d260dae19cb","FullyQualifiedName":"Trader.Api.UnitTests.PersonTests.ShouldInsertPerson","DisplayName":"Trader.Api.UnitTests.PersonTests.ShouldInsertPerson","ExecutorUri":"executor://xunit/VsTestRunner2/netcoreapp","Source":"C:\\Users\\icaro\\Documents\\Projetos\\Indg\\Trader\\bin\\Debug\\net6.0\\fine-code-coverage\\build-output\\Trader.Api.dll","CodeFilePath":null,"LineNumber":0,"Properties":[]},"Attachments":[],"Outcome":1,"ErrorMessage":null,"ErrorStackTrace":null,"DisplayName":"Trader.Api.UnitTests.PersonTests.ShouldInsertPerson","Messages":[],"ComputerName":"ICAROCARVALHO","Duration":"00:00:00.0021727","StartTime":"2022-10-27T01:12:00.9000233+00:00","EndTime":"2022-10-27T01:12:00.9000234+00:00","Properties":[]},{"TestCase":{"Id":"994965c7-89c0-ed41-ae22-8bb8bb87de59","FullyQualifiedName":"Trader.Api.UnitTests.ItemTests.ShouldChangeOwnerItem","DisplayName":"Trader.Api.UnitTests.ItemTests.ShouldChangeOwnerItem","ExecutorUri":"executor://xunit/VsTestRunner2/netcoreapp","Source":"C:\\Users\\icaro\\Documents\\Projetos\\Indg\\Trader\\bin\\Debug\\net6.0\\fine-code-coverage\\build-output\\Trader.Api.dll","CodeFilePath":null,"LineNumber":0,"Properties":[]},"Attachments":[],"Outcome":1,"ErrorMessage":null,"ErrorStackTrace":null,"DisplayName":"Trader.Api.UnitTests.ItemTests.ShouldChangeOwnerItem","Messages":[],"ComputerName":"ICAROCARVALHO","Duration":"00:00:00.0009252","StartTime":"2022-10-27T01:12:00.9009709+00:00","EndTime":"2022-10-27T01:12:00.900971+00:00","Properties":[]},{"TestCase":{"Id":"c3b5d27a-9a01-fed3-5aaa-98a6fb9e222b","FullyQualifiedName":"Trader.Api.UnitTests.PersonTests.ShouldNotInsertPersonWithSameName","DisplayName":"Trader.Api.UnitTests.PersonTests.ShouldNotInsertPersonWithSameName","ExecutorUri":"executor://xunit/VsTestRunner2/netcoreapp","Source":"C:\\Users\\icaro\\Documents\\Projetos\\Indg\\Trader\\bin\\Debug\\net6.0\\fine-code-coverage\\build-output\\Trader.Api.dll","CodeFilePath":null,"LineNumber":0,"Properties":[]},"Attachments":[],"Outcome":1,"ErrorMessage":null,"ErrorStackTrace":null,"DisplayName":"Trader.Api.UnitTests.PersonTests.ShouldNotInsertPersonWithSameName","Messages":[],"ComputerName":"ICAROCARVALHO","Duration":"00:00:00.0007660","StartTime":"2022-10-27T01:12:00.9014688+00:00","EndTime":"2022-10-27T01:12:00.9014688+00:00","Properties":[]},{"TestCase":{"Id":"e2c40763-36d8-75e6-99f3-fe390a6e5eac","FullyQualifiedName":"Trader.Api.UnitTests.PersonTests.ShouldNotFindUser","DisplayName":"Trader.Api.UnitTests.PersonTests.ShouldNotFindUser","ExecutorUri":"executor://xunit/VsTestRunner2/netcoreapp","Source":"C:\\Users\\icaro\\Documents\\Projetos\\Indg\\Trader\\bin\\Debug\\net6.0\\fine-code-coverage\\build-output\\Trader.Api.dll","CodeFilePath":null,"LineNumber":0,"Properties":[]},"Attachments":[],"Outcome":1,"ErrorMessage":null,"ErrorStackTrace":null,"DisplayName":"Trader.Api.UnitTests.PersonTests.ShouldNotFindUser","Messages":[],"ComputerName":"ICAROCARVALHO","Duration":"00:00:00.0007157","StartTime":"2022-10-27T01:12:00.9029088+00:00","EndTime":"2022-10-27T01:12:00.9029089+00:00","Properties":[]},{"TestCase":{"Id":"9266db0b-c73c-95bf-6f43-ac9510416a02","FullyQualifiedName":"Trader.Api.UnitTests.PersonTests.ShouldUpdatePerson","DisplayName":"Trader.Api.UnitTests.PersonTests.ShouldUpdatePerson(PersonId: 1, Name: \"Marcos\")","ExecutorUri":"executor://xunit/VsTestRunner2/netcoreapp","Source":"C:\\Users\\icaro\\Documents\\Projetos\\Indg\\Trader\\bin\\Debug\\net6.0\\fine-code-coverage\\build-output\\Trader.Api.dll","CodeFilePath":null,"LineNumber":0,"Properties":[]},"Attachments":[],"Outcome":1,"ErrorMessage":null,"ErrorStackTrace":null,"DisplayName":"Trader.Api.UnitTests.PersonTests.ShouldUpdatePerson(PersonId: 1, Name: \"Marcos\")","Messages":[],"ComputerName":"ICAROCARVALHO","Duration":"00:00:00.0006551","StartTime":"2022-10-27T01:12:00.9038763+00:00","EndTime":"2022-10-27T01:12:00.9038764+00:00","Properties":[]},{"TestCase":{"Id":"35d5ce86-70ab-063d-e226-1e0ba3b2533d","FullyQualifiedName":"Trader.Api.UnitTests.ItemTests.ShouldNotInserItemInactivePerson","DisplayName":"Trader.Api.UnitTests.ItemTests.ShouldNotInserItemInactivePerson","ExecutorUri":"executor://xunit/VsTestRunner2/netcoreapp","Source":"C:\\Users\\icaro\\Documents\\Projetos\\Indg\\Trader\\bin\\Debug\\net6.0\\fine-code-coverage\\build-output\\Trader.Api.dll","CodeFilePath":null,"LineNumber":0,"Properties":[]},"Attachments":[],"Outcome":1,"ErrorMessage":null,"ErrorStackTrace":null,"DisplayName":"Trader.Api.UnitTests.ItemTests.ShouldNotInserItemInactivePerson","Messages":[],"ComputerName":"ICAROCARVALHO","Duration":"00:00:00.0020236","StartTime":"2022-10-27T01:12:00.9044629+00:00","EndTime":"2022-10-27T01:12:00.904463+00:00","Properties":[]},{"TestCase":{"Id":"49286f2a-6ece-3052-f29b-75966931b147","FullyQualifiedName":"Trader.Api.UnitTests.ItemTests.ShouldInserItem","DisplayName":"Trader.Api.UnitTests.ItemTests.ShouldInserItem","ExecutorUri":"executor://xunit/VsTestRunner2/netcoreapp","Source":"C:\\Users\\icaro\\Documents\\Projetos\\Indg\\Trader\\bin\\Debug\\net6.0\\fine-code-coverage\\build-output\\Trader.Api.dll","CodeFilePath":null,"LineNumber":0,"Properties":[]},"Attachments":[],"Outcome":1,"ErrorMessage":null,"ErrorStackTrace":null,"DisplayName":"Trader.Api.UnitTests.ItemTests.ShouldInserItem","Messages":[],"ComputerName":"ICAROCARVALHO","Duration":"00:00:00.0013107","StartTime":"2022-10-27T01:12:00.9055656+00:00","EndTime":"2022-10-27T01:12:00.9055657+00:00","Properties":[]}],"TestRunStatistics":{"ExecutedTests":17,"Stats":{"Passed":17}},"ActiveTests":[{"Id":"4929d299-9459-c2c0-6cca-9a39f1c70a00","FullyQualifiedName":"Trader.Api.UnitTests.ItemTests.ShouldNotChangeOwnerItemChanceItemName","DisplayName":"Trader.Api.UnitTests.ItemTests.ShouldNotChangeOwnerItemChanceItemName","ExecutorUri":"executor://xunit/VsTestRunner2/netcoreapp","Source":"C:\\Users\\icaro\\Documents\\Projetos\\Indg\\Trader\\bin\\Debug\\net6.0\\fine-code-coverage\\build-output\\Trader.Api.dll","CodeFilePath":null,"LineNumber":0,"Properties":[]}]}}
TpTrace Verbose: 0 : 3412, 16, 2022/10/26, 22:12:00.907, 101987146509, testhost.dll, TestRunCache: OnNewTestResult: Notified the onCacheHit callback.
TpTrace Verbose: 0 : 3412, 16, 2022/10/26, 22:12:00.907, 101987150842, testhost.dll, MulticastDelegateUtilities.SafeInvoke: TestCaseEventsHandler.RaiseTestCaseStart: Invoking callback 1/1 for Microsoft.VisualStudio.TestPlatform.CrossPlatEngine.DataCollection.ProxyOutOfProcDataCollectionManager.TriggerTestCaseStart, took 0 ms.
TpTrace Verbose: 0 : 3412, 16, 2022/10/26, 22:12:00.907, 101987151460, testhost.dll, TestExecutionRecorder.RecordResult: Received result for test: Trader.Api.UnitTests.ItemTests.ShouldNotChangeOwnerItemChanceItemName.
TpTrace Verbose: 0 : 3412, 16, 2022/10/26, 22:12:00.908, 101987156164, testhost.dll, MulticastDelegateUtilities.SafeInvoke: TestCaseEventsHandler.RaiseTestCaseEnd: Invoking callback 1/1 for Microsoft.VisualStudio.TestPlatform.CrossPlatEngine.DataCollection.ProxyOutOfProcDataCollectionManager.TriggerTestCaseEnd, took 0 ms.
TpTrace Verbose: 0 : 3412, 16, 2022/10/26, 22:12:00.908, 101987156603, testhost.dll, MulticastDelegateUtilities.SafeInvoke: TestCaseEventsHandler.RaiseTestCaseEnd: Invoking callback 1/1 for Microsoft.VisualStudio.TestPlatform.CrossPlatEngine.DataCollection.ProxyOutOfProcDataCollectionManager.TriggerSendTestResult, took 0 ms.
TpTrace Warning: 0 : 3412, 16, 2022/10/26, 22:12:00.908, 101987156807, testhost.dll, TestRunCache: InProgressTests is null
TpTrace Warning: 0 : 3412, 16, 2022/10/26, 22:12:00.908, 101987156953, testhost.dll, TestRunCache: No test found corresponding to testResult 'Trader.Api.UnitTests.ItemTests.ShouldNotChangeOwnerItemChanceItemName' in inProgress list.
TpTrace Verbose: 0 : 3412, 16, 2022/10/26, 22:12:00.908, 101987157177, testhost.dll, TestExecutionRecorder.RecordEnd: test: Trader.Api.UnitTests.ItemTests.ShouldNotChangeOwnerItemChanceItemName execution completed.
TpTrace Warning: 0 : 3412, 16, 2022/10/26, 22:12:00.908, 101987157321, testhost.dll, TestRunCache: InProgressTests is null
TpTrace Verbose: 0 : 3412, 16, 2022/10/26, 22:12:00.908, 101987157563, testhost.dll, TestExecutionRecorder.RecordStart: Starting test: Trader.Api.UnitTests.ItemTests.ShouldGetItemById.
TpTrace Verbose: 0 : 3412, 16, 2022/10/26, 22:12:00.908, 101987161326, testhost.dll, MulticastDelegateUtilities.SafeInvoke: TestCaseEventsHandler.RaiseTestCaseStart: Invoking callback 1/1 for Microsoft.VisualStudio.TestPlatform.CrossPlatEngine.DataCollection.ProxyOutOfProcDataCollectionManager.TriggerTestCaseStart, took 0 ms.
TpTrace Verbose: 0 : 3412, 16, 2022/10/26, 22:12:00.908, 101987161781, testhost.dll, TestExecutionRecorder.RecordResult: Received result for test: Trader.Api.UnitTests.ItemTests.ShouldGetItemById.
TpTrace Verbose: 0 : 3412, 16, 2022/10/26, 22:12:00.909, 101987165844, testhost.dll, MulticastDelegateUtilities.SafeInvoke: TestCaseEventsHandler.RaiseTestCaseEnd: Invoking callback 1/1 for Microsoft.VisualStudio.TestPlatform.CrossPlatEngine.DataCollection.ProxyOutOfProcDataCollectionManager.TriggerTestCaseEnd, took 0 ms.
TpTrace Verbose: 0 : 3412, 16, 2022/10/26, 22:12:00.909, 101987166219, testhost.dll, MulticastDelegateUtilities.SafeInvoke: TestCaseEventsHandler.RaiseTestCaseEnd: Invoking callback 1/1 for Microsoft.VisualStudio.TestPlatform.CrossPlatEngine.DataCollection.ProxyOutOfProcDataCollectionManager.TriggerSendTestResult, took 0 ms.
TpTrace Verbose: 0 : 3412, 16, 2022/10/26, 22:12:00.909, 101987166492, testhost.dll, TestExecutionRecorder.RecordEnd: test: Trader.Api.UnitTests.ItemTests.ShouldGetItemById execution completed.
TpTrace Warning: 0 : 3412, 16, 2022/10/26, 22:12:00.909, 101987166678, testhost.dll, TestRunCache: InProgressTests is null
TpTrace Information: 0 : 3412, 4, 2022/10/26, 22:12:00.909, 101987171641, testhost.dll, [xUnit.net 00:00:01.26]   Finished:    Trader.Api
TpTrace Verbose: 0 : 3412, 4, 2022/10/26, 22:12:00.909, 101987172183, testhost.dll, TestRequestHandler.SendData: sending data from testhost: {"Version":7,"MessageType":"TestSession.Message","Payload":{"MessageLevel":0,"Message":"[xUnit.net 00:00:01.26]   Finished:    Trader.Api"}}
TpTrace Verbose: 0 : 3412, 4, 2022/10/26, 22:12:00.909, 101987172566, testhost.dll, MulticastDelegateUtilities.SafeInvoke: TestRunMessageLoggerProxy.SendMessage: Invoking callback 1/1 for Microsoft.VisualStudio.TestPlatform.CrossPlatEngine.Execution.RunTestsWithSources.OnTestRunMessage, took 0 ms.
TpTrace Verbose: 0 : 3412, 4, 2022/10/26, 22:12:00.912, 101987196724, testhost.dll, BaseRunTests.RunTestInternalWithExecutors: Completed running tests for executor://xunit/VsTestRunner2/netcoreapp
TpTrace Verbose: 0 : 3412, 4, 2022/10/26, 22:12:00.912, 101987202474, testhost.dll, MulticastDelegateUtilities.SafeInvoke: TestCaseEventsHandler.RaiseSessionEnd: Invoking callback 1/1 for Microsoft.VisualStudio.TestPlatform.CrossPlatEngine.DataCollection.ProxyOutOfProcDataCollectionManager.TriggerTestSessionEnd, took 0 ms.
TpTrace Information: 0 : 3412, 4, 2022/10/26, 22:12:00.914, 101987216452, testhost.dll, Sending test run complete
TpTrace Verbose: 0 : 3412, 4, 2022/10/26, 22:12:00.920, 101987283290, testhost.dll, TestRequestHandler.SendData: sending data from testhost: {"Version":7,"MessageType":"TestExecution.Completed","Payload":{"TestRunCompleteArgs":{"TestRunStatistics":{"ExecutedTests":19,"Stats":{"Passed":19}},"IsCanceled":false,"IsAborted":false,"Error":null,"AttachmentSets":[],"InvokedDataCollectors":[],"ElapsedTimeInRunningTests":"00:00:01.2704427","Metrics":{},"DiscoveredExtensions":{"TestDiscoverers":["Xunit.Runner.VisualStudio.VsTestRunner, xunit.runner.visualstudio.dotnetcore.testadapter, Version=2.4.0.0, Culture=neutral, PublicKeyToken=8d05b1bb7a6fdb6c"],"TestExecutors":["executor://xunit/VsTestRunner2/netcoreapp"],"TestExecutors2":[],"TestSettingsProviders":[]}},"LastRunTests":{"NewTestResults":[{"TestCase":{"Id":"4929d299-9459-c2c0-6cca-9a39f1c70a00","FullyQualifiedName":"Trader.Api.UnitTests.ItemTests.ShouldNotChangeOwnerItemChanceItemName","DisplayName":"Trader.Api.UnitTests.ItemTests.ShouldNotChangeOwnerItemChanceItemName","ExecutorUri":"executor://xunit/VsTestRunner2/netcoreapp","Source":"C:\\Users\\icaro\\Documents\\Projetos\\Indg\\Trader\\bin\\Debug\\net6.0\\fine-code-coverage\\build-output\\Trader.Api.dll","CodeFilePath":null,"LineNumber":0,"Properties":[]},"Attachments":[],"Outcome":1,"ErrorMessage":null,"ErrorStackTrace":null,"DisplayName":"Trader.Api.UnitTests.ItemTests.ShouldNotChangeOwnerItemChanceItemName","Messages":[],"ComputerName":"ICAROCARVALHO","Duration":"00:00:00.0013017","StartTime":"2022-10-27T01:12:00.9077078+00:00","EndTime":"2022-10-27T01:12:00.9077079+00:00","Properties":[]},{"TestCase":{"Id":"88981672-7399-1c7c-d6e1-0ef556bd90aa","FullyQualifiedName":"Trader.Api.UnitTests.ItemTests.ShouldGetItemById","DisplayName":"Trader.Api.UnitTests.ItemTests.ShouldGetItemById","ExecutorUri":"executor://xunit/VsTestRunner2/netcoreapp","Source":"C:\\Users\\icaro\\Documents\\Projetos\\Indg\\Trader\\bin\\Debug\\net6.0\\fine-code-coverage\\build-output\\Trader.Api.dll","CodeFilePath":null,"LineNumber":0,"Properties":[]},"Attachments":[],"Outcome":1,"ErrorMessage":null,"ErrorStackTrace":null,"DisplayName":"Trader.Api.UnitTests.ItemTests.ShouldGetItemById","Messages":[],"ComputerName":"ICAROCARVALHO","Duration":"00:00:00.0006192","StartTime":"2022-10-27T01:12:00.9087409+00:00","EndTime":"2022-10-27T01:12:00.908741+00:00","Properties":[]}],"TestRunStatistics":{"ExecutedTests":19,"Stats":{"Passed":19}},"ActiveTests":[]},"RunAttachments":[],"ExecutorUris":["executor://xunit/VsTestRunner2/netcoreapp"]}}
TpTrace Verbose: 0 : 3412, 4, 2022/10/26, 22:12:00.921, 101987285457, testhost.dll, BaseRunTests.RunTests: Run is complete.
TpTrace Verbose: 0 : 3412, 9, 2022/10/26, 22:12:00.921, 101987287460, testhost.dll, TcpClientExtensions.MessageLoopAsync: NotifyDataAvailable remoteEndPoint: [::ffff:127.0.0.1]:56739 localEndPoint: [::ffff:127.0.0.1]:56740
TpTrace Information: 0 : 3412, 9, 2022/10/26, 22:12:00.921, 101987287908, testhost.dll, TestRequestHandler.OnMessageReceived: received message: (TestSession.Terminate) -> {"MessageType":"TestSession.Terminate","Payload":null}
TpTrace Information: 0 : 3412, 9, 2022/10/26, 22:12:00.921, 101987288115, testhost.dll, Session End message received from server. Closing the connection.
TpTrace Information: 0 : 3412, 9, 2022/10/26, 22:12:00.921, 101987289587, testhost.dll, SocketClient.Stop: Stop communication from server endpoint: 127.0.0.1:056739
TpTrace Information: 0 : 3412, 9, 2022/10/26, 22:12:00.921, 101987289876, testhost.dll, SocketClient: Stop: Cancellation requested. Stopping message loop.
TpTrace Verbose: 0 : 3412, 9, 2022/10/26, 22:12:00.921, 101987290443, testhost.dll, LengthPrefixCommunicationChannel.Dispose: Dispose reader and writer.
TpTrace Information: 0 : 3412, 9, 2022/10/26, 22:12:00.921, 101987290747, testhost.dll, Closing the connection !
TpTrace Verbose: 0 : 3412, 9, 2022/10/26, 22:12:00.921, 101987290921, testhost.dll, MulticastDelegateUtilities.SafeInvoke: LengthPrefixCommunicationChannel: MessageReceived: Invoking callback 1/1 for Microsoft.VisualStudio.TestPlatform.CommunicationUtilities.TestRequestHandler.OnMessageReceived, took 0 ms.
TpTrace Information: 0 : 3412, 9, 2022/10/26, 22:12:00.921, 101987291997, testhost.dll, SocketClient.PrivateStop: Stop communication from server endpoint: 127.0.0.1:056739, error:
TpTrace Verbose: 0 : 3412, 9, 2022/10/26, 22:12:00.921, 101987293198, testhost.dll, LengthPrefixCommunicationChannel.Dispose: Dispose reader and writer.
TpTrace Information: 0 : 3412, 1, 2022/10/26, 22:12:00.921, 101987293217, testhost.dll, Closing the connection!
TpTrace Verbose: 0 : 3412, 9, 2022/10/26, 22:12:00.921, 101987293501, testhost.dll, TcpClientExtensions.MessageLoopAsync: exiting MessageLoopAsync remoteEndPoint: [::ffff:127.0.0.1]:56739 localEndPoint: [::ffff:127.0.0.1]:56740
TpTrace Information: 0 : 3412, 1, 2022/10/26, 22:12:00.921, 101987293864, testhost.dll, SocketClient.Stop: Stop communication from server endpoint: 127.0.0.1:056739
TpTrace Verbose: 0 : 3412, 1, 2022/10/26, 22:12:00.921, 101987294136, testhost.dll, LengthPrefixCommunicationChannel.Dispose: Dispose reader and writer.
TpTrace Information: 0 : 3412, 1, 2022/10/26, 22:12:00.922, 101987294622, testhost.dll, Testhost process exiting.
